

================================================================
== Vivado HLS Report for 'VMRouter_2_s'
================================================================
* Date:           Mon Sep 18 17:38:52 2017

* Version:        2017.2 (Build 1909853 on Thu Jun 15 18:55:24 MDT 2017)
* Project:        vmrouter_2
* Solution:       solution2-nodependencies
* Product family: virtex7
* Target device:  xc7vx690tffg1927-2


================================================================
== Performance Estimates
================================================================
+ Timing (ns): 
    * Summary: 
    +--------+-------+----------+------------+
    |  Clock | Target| Estimated| Uncertainty|
    +--------+-------+----------+------------+
    |ap_clk  |   4.00|      3.42|        0.50|
    +--------+-------+----------+------------+

+ Latency (clock cycles): 
    * Summary: 
    +-----+-----+-----+-----+---------+
    |  Latency  |  Interval | Pipeline|
    | min | max | min | max |   Type  |
    +-----+-----+-----+-----+---------+
    |    5|   68|    5|   68|   none  |
    +-----+-----+-----+-----+---------+

    + Detail: 
        * Instance: 
        N/A

        * Loop: 
        +------------+-----+-----+----------+-----------+-----------+--------+----------+
        |            |  Latency  | Iteration|  Initiation Interval  |  Trip  |          |
        |  Loop Name | min | max |  Latency |  achieved |   target  |  Count | Pipelined|
        +------------+-----+-----+----------+-----------+-----------+--------+----------+
        |- STUBLOOP  |    3|   66|         4|          1|          1| 1 ~ 64 |    yes   |
        +------------+-----+-----+----------+-----------+-----------+--------+----------+

============================================================
+ Verbose Summary: Synthesis Manager
============================================================
InlineROM: 1
ExposeGlobal: 0
============================================================
+ Verbose Summary: CDFG Model
============================================================
IsTopModel: 0
ResetActiveHigh: 1
IsCombinational: 0
IsDatapathOnly: 0
HasWiredReturn: 1
HasMFsm: 0
HasVarLatency: 1
IsPipeline: 0
IsRtlPipelined: 0
IsInstanceOverlapped: 0
IsDontTouch: 0
HasImplIP: 0
IsGatedGlobalClock: 0

+ Individual pipeline summary: 
  * Pipeline-0: initiation interval (II) = 1, depth = 4


============================================================
+ Verbose Summary: Schedule
============================================================
* Number of FSM states: 6
* Pipeline: 1
  Pipeline-0: II = 1, D = 4, States = { 2 3 4 5 }
* Dataflow Pipeline: 0

* FSM state transitions: 
1 --> 
	2  / true
2 --> 
	6  / (tmp_92) | (!tmp_92 & !tmp_s)
	3  / (!tmp_92 & tmp_s)
3 --> 
	4  / true
4 --> 
	5  / true
5 --> 
	2  / true
6 --> 
* FSM state operations: 

 <State 1>: 0.84ns
ST_1: nPH4Z2_V (110)  [1/1] 0.00ns
:0  %nPH4Z2_V = alloca i6

ST_1: nPH3Z2_V (111)  [1/1] 0.00ns
:1  %nPH3Z2_V = alloca i6

ST_1: nPH2Z2_V (112)  [1/1] 0.00ns
:2  %nPH2Z2_V = alloca i6

ST_1: nPH1Z2_V (113)  [1/1] 0.00ns
:3  %nPH1Z2_V = alloca i6

ST_1: nPH4Z1_V (114)  [1/1] 0.00ns
:4  %nPH4Z1_V = alloca i6

ST_1: nPH3Z1_V (115)  [1/1] 0.00ns
:5  %nPH3Z1_V = alloca i6

ST_1: nPH2Z1_V (116)  [1/1] 0.00ns
:6  %nPH2Z1_V = alloca i6

ST_1: nPH1Z1_V (117)  [1/1] 0.00ns
:7  %nPH1Z1_V = alloca i6

ST_1: nPH4Z2_V_read_2 (118)  [1/1] 0.00ns
:8  %nPH4Z2_V_read_2 = call i6 @_ssdm_op_Read.ap_auto.i6(i6 %nPH4Z2_V_read)

ST_1: nPH3Z2_V_read_2 (119)  [1/1] 0.00ns
:9  %nPH3Z2_V_read_2 = call i6 @_ssdm_op_Read.ap_auto.i6(i6 %nPH3Z2_V_read)

ST_1: nPH2Z2_V_read_2 (120)  [1/1] 0.00ns
:10  %nPH2Z2_V_read_2 = call i6 @_ssdm_op_Read.ap_auto.i6(i6 %nPH2Z2_V_read)

ST_1: nPH1Z2_V_read_2 (121)  [1/1] 0.00ns
:11  %nPH1Z2_V_read_2 = call i6 @_ssdm_op_Read.ap_auto.i6(i6 %nPH1Z2_V_read)

ST_1: nPH4Z1_V_read_2 (122)  [1/1] 0.00ns
:12  %nPH4Z1_V_read_2 = call i6 @_ssdm_op_Read.ap_auto.i6(i6 %nPH4Z1_V_read)

ST_1: nPH3Z1_V_read_2 (123)  [1/1] 0.00ns
:13  %nPH3Z1_V_read_2 = call i6 @_ssdm_op_Read.ap_auto.i6(i6 %nPH3Z1_V_read)

ST_1: nPH2Z1_V_read_2 (124)  [1/1] 0.00ns
:14  %nPH2Z1_V_read_2 = call i6 @_ssdm_op_Read.ap_auto.i6(i6 %nPH2Z1_V_read)

ST_1: nPH1Z1_V_read21 (125)  [1/1] 0.00ns
:15  %nPH1Z1_V_read21 = call i6 @_ssdm_op_Read.ap_auto.i6(i6 %nPH1Z1_V_read)

ST_1: nStubs_read (126)  [1/1] 0.00ns
:16  %nStubs_read = call i32 @_ssdm_op_Read.ap_auto.i32(i32 %nStubs)

ST_1: tmp_49_read (127)  [1/1] 0.00ns
:17  %tmp_49_read = call i10 @_ssdm_op_Read.ap_auto.i10(i10 %tmp_49)

ST_1: tmp_48_read (128)  [1/1] 0.00ns
:18  %tmp_48_read = call i10 @_ssdm_op_Read.ap_auto.i10(i10 %tmp_48)

ST_1: tmp_47_read (129)  [1/1] 0.00ns
:19  %tmp_47_read = call i10 @_ssdm_op_Read.ap_auto.i10(i10 %tmp_47)

ST_1: tmp_46_read (130)  [1/1] 0.00ns
:20  %tmp_46_read = call i10 @_ssdm_op_Read.ap_auto.i10(i10 %tmp_46)

ST_1: tmp_45_read (131)  [1/1] 0.00ns
:21  %tmp_45_read = call i10 @_ssdm_op_Read.ap_auto.i10(i10 %tmp_45)

ST_1: tmp_44_read (132)  [1/1] 0.00ns
:22  %tmp_44_read = call i10 @_ssdm_op_Read.ap_auto.i10(i10 %tmp_44)

ST_1: tmp_43_read (133)  [1/1] 0.00ns
:23  %tmp_43_read = call i10 @_ssdm_op_Read.ap_auto.i10(i10 %tmp_43)

ST_1: tmp_42_read (134)  [1/1] 0.00ns
:24  %tmp_42_read = call i10 @_ssdm_op_Read.ap_auto.i10(i10 %tmp_42)

ST_1: tmp_41_read (135)  [1/1] 0.00ns
:25  %tmp_41_read = call i10 @_ssdm_op_Read.ap_auto.i10(i10 %tmp_41)

ST_1: tmp_4_read (136)  [1/1] 0.00ns
:26  %tmp_4_read = call i10 @_ssdm_op_Read.ap_auto.i10(i10 %tmp_4)

ST_1: tmp (137)  [1/1] 0.00ns
:27  %tmp = trunc i10 %tmp_4_read to i6

ST_1: tmp_73 (138)  [1/1] 0.00ns
:28  %tmp_73 = trunc i10 %tmp_41_read to i6

ST_1: tmp_74 (139)  [1/1] 0.00ns
:29  %tmp_74 = trunc i10 %tmp_46_read to i6

ST_1: tmp_75 (140)  [1/1] 0.00ns
:30  %tmp_75 = trunc i10 %tmp_47_read to i6

ST_1: tmp_76 (141)  [1/1] 0.00ns
:31  %tmp_76 = trunc i10 %tmp_48_read to i6

ST_1: tmp_77 (142)  [1/1] 0.00ns
:32  %tmp_77 = trunc i10 %tmp_49_read to i6

ST_1: tmp_78 (143)  [1/1] 0.00ns
:33  %tmp_78 = trunc i10 %tmp_42_read to i6

ST_1: tmp_79 (144)  [1/1] 0.00ns
:34  %tmp_79 = trunc i10 %tmp_43_read to i6

ST_1: tmp_80 (145)  [1/1] 0.00ns
:35  %tmp_80 = trunc i10 %tmp_44_read to i6

ST_1: tmp_81 (146)  [1/1] 0.00ns
:36  %tmp_81 = trunc i10 %tmp_45_read to i6

ST_1: tmp_82 (147)  [1/1] 0.00ns
:37  %tmp_82 = trunc i10 %tmp_4_read to i9

ST_1: tmp_83 (148)  [1/1] 0.00ns
:38  %tmp_83 = trunc i10 %tmp_41_read to i9

ST_1: tmp_84 (149)  [1/1] 0.00ns
:39  %tmp_84 = trunc i10 %tmp_46_read to i9

ST_1: tmp_85 (150)  [1/1] 0.00ns
:40  %tmp_85 = trunc i10 %tmp_47_read to i9

ST_1: tmp_86 (151)  [1/1] 0.00ns
:41  %tmp_86 = trunc i10 %tmp_48_read to i9

ST_1: tmp_87 (152)  [1/1] 0.00ns
:42  %tmp_87 = trunc i10 %tmp_49_read to i9

ST_1: tmp_88 (153)  [1/1] 0.00ns
:43  %tmp_88 = trunc i10 %tmp_42_read to i9

ST_1: tmp_89 (154)  [1/1] 0.00ns
:44  %tmp_89 = trunc i10 %tmp_43_read to i9

ST_1: tmp_90 (155)  [1/1] 0.00ns
:45  %tmp_90 = trunc i10 %tmp_44_read to i9

ST_1: tmp_91 (156)  [1/1] 0.00ns
:46  %tmp_91 = trunc i10 %tmp_45_read to i9

ST_1: StgValue_54 (157)  [1/1] 0.84ns  loc: ../TrackletAlgorithm/VMRouter.hh:28
:47  store i6 %nPH1Z1_V_read21, i6* %nPH1Z1_V

ST_1: StgValue_55 (158)  [1/1] 0.84ns  loc: ../TrackletAlgorithm/VMRouter.hh:28
:48  store i6 %nPH2Z1_V_read_2, i6* %nPH2Z1_V

ST_1: StgValue_56 (159)  [1/1] 0.84ns  loc: ../TrackletAlgorithm/VMRouter.hh:29
:49  store i6 %nPH3Z1_V_read_2, i6* %nPH3Z1_V

ST_1: StgValue_57 (160)  [1/1] 0.84ns  loc: ../TrackletAlgorithm/VMRouter.hh:29
:50  store i6 %nPH4Z1_V_read_2, i6* %nPH4Z1_V

ST_1: StgValue_58 (161)  [1/1] 0.84ns  loc: ../TrackletAlgorithm/VMRouter.hh:30
:51  store i6 %nPH1Z2_V_read_2, i6* %nPH1Z2_V

ST_1: StgValue_59 (162)  [1/1] 0.84ns  loc: ../TrackletAlgorithm/VMRouter.hh:30
:52  store i6 %nPH2Z2_V_read_2, i6* %nPH2Z2_V

ST_1: StgValue_60 (163)  [1/1] 0.84ns  loc: ../TrackletAlgorithm/VMRouter.hh:31
:53  store i6 %nPH3Z2_V_read_2, i6* %nPH3Z2_V

ST_1: StgValue_61 (164)  [1/1] 0.84ns  loc: ../TrackletAlgorithm/VMRouter.hh:31
:54  store i6 %nPH4Z2_V_read_2, i6* %nPH4Z2_V

ST_1: StgValue_62 (165)  [1/1] 0.84ns  loc: ../TrackletAlgorithm/VMRouter.hh:35
:55  br label %1


 <State 2>: 3.05ns
ST_2: p_0 (167)  [1/1] 0.00ns
:0  %p_0 = phi i6 [ 0, %0 ], [ %index_V_2, %_ZrsILi12ELb0EE11ap_int_baseIXT_EXT0_EXleT_Li64EEERKS1_i.exit._crit_edge ]

ST_2: i (168)  [1/1] 0.00ns
:1  %i = phi i7 [ 0, %0 ], [ %i_2, %_ZrsILi12ELb0EE11ap_int_baseIXT_EXT0_EXleT_Li64EEERKS1_i.exit._crit_edge ]

ST_2: tmp_92 (169)  [1/1] 0.00ns  loc: ../TrackletAlgorithm/VMRouter.hh:35
:2  %tmp_92 = call i1 @_ssdm_op_BitSelect.i1.i7.i32(i7 %i, i32 6)

ST_2: i_2 (170)  [1/1] 1.36ns  loc: ../TrackletAlgorithm/VMRouter.hh:35
:3  %i_2 = add i7 %i, 1

ST_2: StgValue_67 (171)  [1/1] 0.00ns  loc: ../TrackletAlgorithm/VMRouter.hh:35
:4  br i1 %tmp_92, label %.loopexit, label %2

ST_2: i_cast4 (173)  [1/1] 0.00ns  loc: ../TrackletAlgorithm/VMRouter.hh:35
:0  %i_cast4 = zext i7 %i to i32

ST_2: empty (174)  [1/1] 0.00ns
:1  %empty = call i32 (...)* @_ssdm_op_SpecLoopTripCount(i64 1, i64 64, i64 32)

ST_2: StgValue_70 (175)  [1/1] 0.00ns  loc: ../TrackletAlgorithm/VMRouter.hh:36
:2  call void (...)* @_ssdm_op_SpecLoopName([9 x i8]* @p_str9) nounwind

ST_2: tmp_31 (176)  [1/1] 0.00ns  loc: ../TrackletAlgorithm/VMRouter.hh:36
:3  %tmp_31 = call i32 (...)* @_ssdm_op_SpecRegionBegin([9 x i8]* @p_str9)

ST_2: StgValue_72 (177)  [1/1] 0.00ns  loc: ../TrackletAlgorithm/VMRouter.hh:37
:4  call void (...)* @_ssdm_op_SpecPipeline(i32 1, i32 1, i32 1, i32 0, [1 x i8]* @p_str5) nounwind

ST_2: tmp_s (178)  [1/1] 1.69ns  loc: ../TrackletAlgorithm/VMRouter.hh:38
:5  %tmp_s = icmp slt i32 %i_cast4, %nStubs_read

ST_2: StgValue_74 (179)  [1/1] 0.00ns  loc: ../TrackletAlgorithm/VMRouter.hh:38
:6  br i1 %tmp_s, label %_ZrsILi12ELb0EE11ap_int_baseIXT_EXT0_EXleT_Li64EEERKS1_i.exit, label %.loopexit

ST_2: tmp_26_cast (181)  [1/1] 0.00ns  loc: ../TrackletAlgorithm/VMRouter.hh:35
_ZrsILi12ELb0EE11ap_int_baseIXT_EXT0_EXleT_Li64EEERKS1_i.exit:0  %tmp_26_cast = zext i7 %i to i9

ST_2: tmp_93 (182)  [1/1] 0.00ns  loc: ../TrackletAlgorithm/VMRouter.hh:35
_ZrsILi12ELb0EE11ap_int_baseIXT_EXT0_EXleT_Li64EEERKS1_i.exit:1  %tmp_93 = trunc i7 %i to i6

ST_2: sum (183)  [1/1] 1.36ns  loc: ../TrackletAlgorithm/VMRouter.hh:35
_ZrsILi12ELb0EE11ap_int_baseIXT_EXT0_EXleT_Li64EEERKS1_i.exit:2  %sum = add i9 %tmp_82, %tmp_26_cast

ST_2: arrayNo (184)  [1/1] 0.00ns  loc: ../TrackletAlgorithm/VMRouter.hh:35
_ZrsILi12ELb0EE11ap_int_baseIXT_EXT0_EXleT_Li64EEERKS1_i.exit:3  %arrayNo = call i3 @_ssdm_op_PartSelect.i3.i9.i32.i32(i9 %sum, i32 6, i32 8)

ST_2: newIndex (186)  [1/1] 1.36ns  loc: ../TrackletAlgorithm/VMRouter.hh:35
_ZrsILi12ELb0EE11ap_int_baseIXT_EXT0_EXleT_Li64EEERKS1_i.exit:5  %newIndex = add i6 %tmp, %tmp_93

ST_2: sum1 (207)  [1/1] 1.36ns  loc: ../TrackletAlgorithm/VMRouter.hh:35
_ZrsILi12ELb0EE11ap_int_baseIXT_EXT0_EXleT_Li64EEERKS1_i.exit:26  %sum1 = add i9 %tmp_83, %tmp_26_cast

ST_2: tmp_32 (208)  [1/1] 0.00ns  loc: ../TrackletAlgorithm/VMRouter.hh:35
_ZrsILi12ELb0EE11ap_int_baseIXT_EXT0_EXleT_Li64EEERKS1_i.exit:27  %tmp_32 = call i3 @_ssdm_op_PartSelect.i3.i9.i32.i32(i9 %sum1, i32 6, i32 8)

ST_2: newIndex21 (209)  [1/1] 1.36ns  loc: ../TrackletAlgorithm/VMRouter.hh:35
_ZrsILi12ELb0EE11ap_int_baseIXT_EXT0_EXleT_Li64EEERKS1_i.exit:28  %newIndex21 = add i6 %tmp_73, %tmp_93

ST_2: StgValue_83 (220)  [1/1] 1.69ns  loc: ../TrackletAlgorithm/VMRouter.hh:47
_ZrsILi12ELb0EE11ap_int_baseIXT_EXT0_EXleT_Li64EEERKS1_i.exit:39  switch i3 %tmp_32, label %branch8 [
    i3 0, label %branch0
    i3 1, label %branch1
    i3 2, label %branch2
    i3 3, label %branch3
    i3 -4, label %branch4
    i3 -3, label %branch5
    i3 -2, label %branch6
    i3 -1, label %branch7
  ]


 <State 3>: 2.27ns
ST_3: newIndex20 (187)  [1/1] 0.00ns  loc: ../TrackletAlgorithm/VMRouter.hh:35
_ZrsILi12ELb0EE11ap_int_baseIXT_EXT0_EXleT_Li64EEERKS1_i.exit:6  %newIndex20 = zext i6 %newIndex to i64

ST_3: stubsInLayer_0_data_3 (188)  [1/1] 0.00ns  loc: ../TrackletAlgorithm/VMRouter.hh:35
_ZrsILi12ELb0EE11ap_int_baseIXT_EXT0_EXleT_Li64EEERKS1_i.exit:7  %stubsInLayer_0_data_3 = getelementptr [64 x i36]* %stubsInLayer_0_data, i64 0, i64 %newIndex20

ST_3: stubsInLayer_0_data_4 (189)  [2/2] 2.27ns  loc: ../TrackletAlgorithm/VMRouter.hh:35
_ZrsILi12ELb0EE11ap_int_baseIXT_EXT0_EXleT_Li64EEERKS1_i.exit:8  %stubsInLayer_0_data_4 = load i36* %stubsInLayer_0_data_3, align 8

ST_3: stubsInLayer_1_data_3 (190)  [1/1] 0.00ns  loc: ../TrackletAlgorithm/VMRouter.hh:35
_ZrsILi12ELb0EE11ap_int_baseIXT_EXT0_EXleT_Li64EEERKS1_i.exit:9  %stubsInLayer_1_data_3 = getelementptr [64 x i36]* %stubsInLayer_1_data, i64 0, i64 %newIndex20

ST_3: stubsInLayer_1_data_4 (191)  [2/2] 2.27ns  loc: ../TrackletAlgorithm/VMRouter.hh:35
_ZrsILi12ELb0EE11ap_int_baseIXT_EXT0_EXleT_Li64EEERKS1_i.exit:10  %stubsInLayer_1_data_4 = load i36* %stubsInLayer_1_data_3, align 8

ST_3: stubsInLayer_2_data_3 (192)  [1/1] 0.00ns  loc: ../TrackletAlgorithm/VMRouter.hh:35
_ZrsILi12ELb0EE11ap_int_baseIXT_EXT0_EXleT_Li64EEERKS1_i.exit:11  %stubsInLayer_2_data_3 = getelementptr [64 x i36]* %stubsInLayer_2_data, i64 0, i64 %newIndex20

ST_3: stubsInLayer_2_data_4 (193)  [2/2] 2.27ns  loc: ../TrackletAlgorithm/VMRouter.hh:35
_ZrsILi12ELb0EE11ap_int_baseIXT_EXT0_EXleT_Li64EEERKS1_i.exit:12  %stubsInLayer_2_data_4 = load i36* %stubsInLayer_2_data_3, align 8

ST_3: stubsInLayer_3_data_3 (194)  [1/1] 0.00ns  loc: ../TrackletAlgorithm/VMRouter.hh:35
_ZrsILi12ELb0EE11ap_int_baseIXT_EXT0_EXleT_Li64EEERKS1_i.exit:13  %stubsInLayer_3_data_3 = getelementptr [64 x i36]* %stubsInLayer_3_data, i64 0, i64 %newIndex20

ST_3: stubsInLayer_3_data_4 (195)  [2/2] 2.27ns  loc: ../TrackletAlgorithm/VMRouter.hh:35
_ZrsILi12ELb0EE11ap_int_baseIXT_EXT0_EXleT_Li64EEERKS1_i.exit:14  %stubsInLayer_3_data_4 = load i36* %stubsInLayer_3_data_3, align 8

ST_3: stubsInLayer_4_data_3 (196)  [1/1] 0.00ns  loc: ../TrackletAlgorithm/VMRouter.hh:35
_ZrsILi12ELb0EE11ap_int_baseIXT_EXT0_EXleT_Li64EEERKS1_i.exit:15  %stubsInLayer_4_data_3 = getelementptr [64 x i36]* %stubsInLayer_4_data, i64 0, i64 %newIndex20

ST_3: stubsInLayer_4_data_4 (197)  [2/2] 2.27ns  loc: ../TrackletAlgorithm/VMRouter.hh:35
_ZrsILi12ELb0EE11ap_int_baseIXT_EXT0_EXleT_Li64EEERKS1_i.exit:16  %stubsInLayer_4_data_4 = load i36* %stubsInLayer_4_data_3, align 8

ST_3: stubsInLayer_5_data_3 (198)  [1/1] 0.00ns  loc: ../TrackletAlgorithm/VMRouter.hh:35
_ZrsILi12ELb0EE11ap_int_baseIXT_EXT0_EXleT_Li64EEERKS1_i.exit:17  %stubsInLayer_5_data_3 = getelementptr [64 x i36]* %stubsInLayer_5_data, i64 0, i64 %newIndex20

ST_3: stubsInLayer_5_data_4 (199)  [2/2] 2.27ns  loc: ../TrackletAlgorithm/VMRouter.hh:35
_ZrsILi12ELb0EE11ap_int_baseIXT_EXT0_EXleT_Li64EEERKS1_i.exit:18  %stubsInLayer_5_data_4 = load i36* %stubsInLayer_5_data_3, align 8

ST_3: stubsInLayer_6_data_3 (200)  [1/1] 0.00ns  loc: ../TrackletAlgorithm/VMRouter.hh:35
_ZrsILi12ELb0EE11ap_int_baseIXT_EXT0_EXleT_Li64EEERKS1_i.exit:19  %stubsInLayer_6_data_3 = getelementptr [64 x i36]* %stubsInLayer_6_data, i64 0, i64 %newIndex20

ST_3: stubsInLayer_6_data_4 (201)  [2/2] 2.27ns  loc: ../TrackletAlgorithm/VMRouter.hh:35
_ZrsILi12ELb0EE11ap_int_baseIXT_EXT0_EXleT_Li64EEERKS1_i.exit:20  %stubsInLayer_6_data_4 = load i36* %stubsInLayer_6_data_3, align 8

ST_3: stubsInLayer_7_data_3 (202)  [1/1] 0.00ns  loc: ../TrackletAlgorithm/VMRouter.hh:35
_ZrsILi12ELb0EE11ap_int_baseIXT_EXT0_EXleT_Li64EEERKS1_i.exit:21  %stubsInLayer_7_data_3 = getelementptr [64 x i36]* %stubsInLayer_7_data, i64 0, i64 %newIndex20

ST_3: stubsInLayer_7_data_4 (203)  [2/2] 2.27ns  loc: ../TrackletAlgorithm/VMRouter.hh:35
_ZrsILi12ELb0EE11ap_int_baseIXT_EXT0_EXleT_Li64EEERKS1_i.exit:22  %stubsInLayer_7_data_4 = load i36* %stubsInLayer_7_data_3, align 8

ST_3: stubsInLayer_8_data_3 (204)  [1/1] 0.00ns  loc: ../TrackletAlgorithm/VMRouter.hh:35
_ZrsILi12ELb0EE11ap_int_baseIXT_EXT0_EXleT_Li64EEERKS1_i.exit:23  %stubsInLayer_8_data_3 = getelementptr [64 x i36]* %stubsInLayer_8_data, i64 0, i64 %newIndex20

ST_3: stubsInLayer_8_data_4 (205)  [2/2] 2.27ns  loc: ../TrackletAlgorithm/VMRouter.hh:35
_ZrsILi12ELb0EE11ap_int_baseIXT_EXT0_EXleT_Li64EEERKS1_i.exit:24  %stubsInLayer_8_data_4 = load i36* %stubsInLayer_8_data_3, align 8

ST_3: StgValue_103 (223)  [1/1] 0.00ns  loc: ../TrackletAlgorithm/VMRouter.hh:47
branch7:1  br label %_ZrsILi12ELb0EE11ap_int_baseIXT_EXT0_EXleT_Li64EEERKS1_i.exit102

ST_3: StgValue_104 (226)  [1/1] 0.00ns  loc: ../TrackletAlgorithm/VMRouter.hh:47
branch6:1  br label %_ZrsILi12ELb0EE11ap_int_baseIXT_EXT0_EXleT_Li64EEERKS1_i.exit102

ST_3: StgValue_105 (229)  [1/1] 0.00ns  loc: ../TrackletAlgorithm/VMRouter.hh:47
branch5:1  br label %_ZrsILi12ELb0EE11ap_int_baseIXT_EXT0_EXleT_Li64EEERKS1_i.exit102

ST_3: StgValue_106 (232)  [1/1] 0.00ns  loc: ../TrackletAlgorithm/VMRouter.hh:47
branch4:1  br label %_ZrsILi12ELb0EE11ap_int_baseIXT_EXT0_EXleT_Li64EEERKS1_i.exit102

ST_3: StgValue_107 (235)  [1/1] 0.00ns  loc: ../TrackletAlgorithm/VMRouter.hh:47
branch3:1  br label %_ZrsILi12ELb0EE11ap_int_baseIXT_EXT0_EXleT_Li64EEERKS1_i.exit102

ST_3: StgValue_108 (238)  [1/1] 0.00ns  loc: ../TrackletAlgorithm/VMRouter.hh:47
branch2:1  br label %_ZrsILi12ELb0EE11ap_int_baseIXT_EXT0_EXleT_Li64EEERKS1_i.exit102

ST_3: StgValue_109 (241)  [1/1] 0.00ns  loc: ../TrackletAlgorithm/VMRouter.hh:47
branch1:1  br label %_ZrsILi12ELb0EE11ap_int_baseIXT_EXT0_EXleT_Li64EEERKS1_i.exit102

ST_3: StgValue_110 (244)  [1/1] 0.00ns  loc: ../TrackletAlgorithm/VMRouter.hh:47
branch0:1  br label %_ZrsILi12ELb0EE11ap_int_baseIXT_EXT0_EXleT_Li64EEERKS1_i.exit102

ST_3: StgValue_111 (247)  [1/1] 0.00ns  loc: ../TrackletAlgorithm/VMRouter.hh:47
branch8:1  br label %_ZrsILi12ELb0EE11ap_int_baseIXT_EXT0_EXleT_Li64EEERKS1_i.exit102


 <State 4>: 3.42ns
ST_4: arrayNo_cast (185)  [1/1] 0.00ns  loc: ../TrackletAlgorithm/VMRouter.hh:35
_ZrsILi12ELb0EE11ap_int_baseIXT_EXT0_EXleT_Li64EEERKS1_i.exit:4  %arrayNo_cast = zext i3 %arrayNo to i64

ST_4: stubsInLayer_0_data_4 (189)  [1/2] 2.27ns  loc: ../TrackletAlgorithm/VMRouter.hh:35
_ZrsILi12ELb0EE11ap_int_baseIXT_EXT0_EXleT_Li64EEERKS1_i.exit:8  %stubsInLayer_0_data_4 = load i36* %stubsInLayer_0_data_3, align 8

ST_4: stubsInLayer_1_data_4 (191)  [1/2] 2.27ns  loc: ../TrackletAlgorithm/VMRouter.hh:35
_ZrsILi12ELb0EE11ap_int_baseIXT_EXT0_EXleT_Li64EEERKS1_i.exit:10  %stubsInLayer_1_data_4 = load i36* %stubsInLayer_1_data_3, align 8

ST_4: stubsInLayer_2_data_4 (193)  [1/2] 2.27ns  loc: ../TrackletAlgorithm/VMRouter.hh:35
_ZrsILi12ELb0EE11ap_int_baseIXT_EXT0_EXleT_Li64EEERKS1_i.exit:12  %stubsInLayer_2_data_4 = load i36* %stubsInLayer_2_data_3, align 8

ST_4: stubsInLayer_3_data_4 (195)  [1/2] 2.27ns  loc: ../TrackletAlgorithm/VMRouter.hh:35
_ZrsILi12ELb0EE11ap_int_baseIXT_EXT0_EXleT_Li64EEERKS1_i.exit:14  %stubsInLayer_3_data_4 = load i36* %stubsInLayer_3_data_3, align 8

ST_4: stubsInLayer_4_data_4 (197)  [1/2] 2.27ns  loc: ../TrackletAlgorithm/VMRouter.hh:35
_ZrsILi12ELb0EE11ap_int_baseIXT_EXT0_EXleT_Li64EEERKS1_i.exit:16  %stubsInLayer_4_data_4 = load i36* %stubsInLayer_4_data_3, align 8

ST_4: stubsInLayer_5_data_4 (199)  [1/2] 2.27ns  loc: ../TrackletAlgorithm/VMRouter.hh:35
_ZrsILi12ELb0EE11ap_int_baseIXT_EXT0_EXleT_Li64EEERKS1_i.exit:18  %stubsInLayer_5_data_4 = load i36* %stubsInLayer_5_data_3, align 8

ST_4: stubsInLayer_6_data_4 (201)  [1/2] 2.27ns  loc: ../TrackletAlgorithm/VMRouter.hh:35
_ZrsILi12ELb0EE11ap_int_baseIXT_EXT0_EXleT_Li64EEERKS1_i.exit:20  %stubsInLayer_6_data_4 = load i36* %stubsInLayer_6_data_3, align 8

ST_4: stubsInLayer_7_data_4 (203)  [1/2] 2.27ns  loc: ../TrackletAlgorithm/VMRouter.hh:35
_ZrsILi12ELb0EE11ap_int_baseIXT_EXT0_EXleT_Li64EEERKS1_i.exit:22  %stubsInLayer_7_data_4 = load i36* %stubsInLayer_7_data_3, align 8

ST_4: stubsInLayer_8_data_4 (205)  [1/2] 2.27ns  loc: ../TrackletAlgorithm/VMRouter.hh:35
_ZrsILi12ELb0EE11ap_int_baseIXT_EXT0_EXleT_Li64EEERKS1_i.exit:24  %stubsInLayer_8_data_4 = load i36* %stubsInLayer_8_data_3, align 8

ST_4: HLSFullStubLayerPS_d (206)  [1/1] 1.15ns  loc: ../TrackletAlgorithm/VMRouter.hh:35
_ZrsILi12ELb0EE11ap_int_baseIXT_EXT0_EXleT_Li64EEERKS1_i.exit:25  %HLSFullStubLayerPS_d = call i36 @_ssdm_op_Mux.ap_auto.9i36.i64(i36 %stubsInLayer_0_data_4, i36 %stubsInLayer_1_data_4, i36 %stubsInLayer_2_data_4, i36 %stubsInLayer_3_data_4, i36 %stubsInLayer_4_data_4, i36 %stubsInLayer_5_data_4, i36 %stubsInLayer_6_data_4, i36 %stubsInLayer_7_data_4, i36 %stubsInLayer_8_data_4, i64 %arrayNo_cast)

ST_4: routePhi_V (251)  [1/1] 0.00ns  loc: ../TrackletAlgorithm/VMRouter.hh:68
_ZrsILi12ELb0EE11ap_int_baseIXT_EXT0_EXleT_Li64EEERKS1_i.exit102:2  %routePhi_V = call i2 @_ssdm_op_PartSelect.i2.i36.i32.i32(i36 %HLSFullStubLayerPS_d, i32 24, i32 25)

ST_4: routeZ_V (252)  [1/1] 0.00ns  loc: ../TrackletAlgorithm/VMRouter.hh:70
_ZrsILi12ELb0EE11ap_int_baseIXT_EXT0_EXleT_Li64EEERKS1_i.exit102:3  %routeZ_V = call i1 @_ssdm_op_BitSelect.i1.i36.i32(i36 %HLSFullStubLayerPS_d, i32 9)

ST_4: StgValue_125 (253)  [1/1] 0.00ns  loc: ../TrackletAlgorithm/VMRouter.hh:73
_ZrsILi12ELb0EE11ap_int_baseIXT_EXT0_EXleT_Li64EEERKS1_i.exit102:4  br i1 %routeZ_V, label %12, label %3

ST_4: nPH4Z1_V_load_4 (257)  [1/1] 0.00ns
:0  %nPH4Z1_V_load_4 = load i6* %nPH4Z1_V

ST_4: tmp_50_cast (258)  [1/1] 0.00ns
:1  %tmp_50_cast = zext i6 %nPH4Z1_V_load_4 to i9

ST_4: sum9 (259)  [1/1] 1.36ns
:2  %sum9 = add i9 %tmp_50_cast, %tmp_91

ST_4: tmp_65 (260)  [1/1] 0.00ns
:3  %tmp_65 = call i3 @_ssdm_op_PartSelect.i3.i9.i32.i32(i9 %sum9, i32 6, i32 8)

ST_4: newIndex37 (261)  [1/1] 1.36ns
:4  %newIndex37 = add i6 %tmp_81, %nPH4Z1_V_load_4

ST_4: StgValue_131 (274)  [1/1] 1.69ns  loc: ../TrackletAlgorithm/VMRouter.hh:91
:17  switch i3 %tmp_65, label %branch44 [
    i3 0, label %branch36
    i3 1, label %branch37
    i3 2, label %branch38
    i3 3, label %branch39
    i3 -4, label %branch40
    i3 -3, label %branch41
    i3 -2, label %branch42
    i3 -1, label %branch43
  ]

ST_4: nPH4Z1_V_load (303)  [1/1] 0.00ns  loc: ../TrackletAlgorithm/VMRouter.hh:92
:0  %nPH4Z1_V_load = load i6* %nPH4Z1_V

ST_4: tmp_61 (304)  [1/1] 1.36ns  loc: ../TrackletAlgorithm/VMRouter.hh:92
:1  %tmp_61 = add i6 %nPH4Z1_V_load, 1

ST_4: StgValue_134 (305)  [1/1] 0.84ns  loc: ../TrackletAlgorithm/VMRouter.hh:92
:2  store i6 %tmp_61, i6* %nPH4Z1_V

ST_4: StgValue_135 (306)  [1/1] 0.00ns  loc: ../TrackletAlgorithm/VMRouter.hh:93
:3  br label %_ZrsILi12ELb0EE11ap_int_baseIXT_EXT0_EXleT_Li64EEERKS1_i.exit._crit_edge

ST_4: nPH3Z1_V_load_4 (308)  [1/1] 0.00ns
:0  %nPH3Z1_V_load_4 = load i6* %nPH3Z1_V

ST_4: tmp_40_cast (309)  [1/1] 0.00ns
:1  %tmp_40_cast = zext i6 %nPH3Z1_V_load_4 to i9

ST_4: sum8 (310)  [1/1] 1.36ns
:2  %sum8 = add i9 %tmp_40_cast, %tmp_90

ST_4: tmp_63 (311)  [1/1] 0.00ns
:3  %tmp_63 = call i3 @_ssdm_op_PartSelect.i3.i9.i32.i32(i9 %sum8, i32 6, i32 8)

ST_4: newIndex35 (312)  [1/1] 1.36ns
:4  %newIndex35 = add i6 %tmp_80, %nPH3Z1_V_load_4

ST_4: StgValue_141 (325)  [1/1] 1.69ns  loc: ../TrackletAlgorithm/VMRouter.hh:87
:17  switch i3 %tmp_63, label %branch35 [
    i3 0, label %branch27
    i3 1, label %branch28
    i3 2, label %branch29
    i3 3, label %branch30
    i3 -4, label %branch31
    i3 -3, label %branch32
    i3 -2, label %branch33
    i3 -1, label %branch34
  ]

ST_4: nPH3Z1_V_load (354)  [1/1] 0.00ns  loc: ../TrackletAlgorithm/VMRouter.hh:88
:0  %nPH3Z1_V_load = load i6* %nPH3Z1_V

ST_4: tmp_60 (355)  [1/1] 1.36ns  loc: ../TrackletAlgorithm/VMRouter.hh:88
:1  %tmp_60 = add i6 %nPH3Z1_V_load, 1

ST_4: StgValue_144 (356)  [1/1] 0.84ns  loc: ../TrackletAlgorithm/VMRouter.hh:88
:2  store i6 %tmp_60, i6* %nPH3Z1_V

ST_4: StgValue_145 (357)  [1/1] 0.00ns  loc: ../TrackletAlgorithm/VMRouter.hh:89
:3  br label %_ZrsILi12ELb0EE11ap_int_baseIXT_EXT0_EXleT_Li64EEERKS1_i.exit._crit_edge

ST_4: nPH2Z1_V_load32 (359)  [1/1] 0.00ns
:0  %nPH2Z1_V_load32 = load i6* %nPH2Z1_V

ST_4: tmp_38_cast (360)  [1/1] 0.00ns
:1  %tmp_38_cast = zext i6 %nPH2Z1_V_load32 to i9

ST_4: sum7 (361)  [1/1] 1.36ns
:2  %sum7 = add i9 %tmp_38_cast, %tmp_89

ST_4: tmp_56 (362)  [1/1] 0.00ns
:3  %tmp_56 = call i3 @_ssdm_op_PartSelect.i3.i9.i32.i32(i9 %sum7, i32 6, i32 8)

ST_4: newIndex33 (363)  [1/1] 1.36ns
:4  %newIndex33 = add i6 %tmp_79, %nPH2Z1_V_load32

ST_4: StgValue_151 (376)  [1/1] 1.69ns  loc: ../TrackletAlgorithm/VMRouter.hh:83
:17  switch i3 %tmp_56, label %branch26 [
    i3 0, label %branch18
    i3 1, label %branch19
    i3 2, label %branch20
    i3 3, label %branch21
    i3 -4, label %branch22
    i3 -3, label %branch23
    i3 -2, label %branch24
    i3 -1, label %branch25
  ]

ST_4: nPH2Z1_V_load (405)  [1/1] 0.00ns  loc: ../TrackletAlgorithm/VMRouter.hh:84
:0  %nPH2Z1_V_load = load i6* %nPH2Z1_V

ST_4: tmp_39 (406)  [1/1] 1.36ns  loc: ../TrackletAlgorithm/VMRouter.hh:84
:1  %tmp_39 = add i6 %nPH2Z1_V_load, 1

ST_4: StgValue_154 (407)  [1/1] 0.84ns  loc: ../TrackletAlgorithm/VMRouter.hh:84
:2  store i6 %tmp_39, i6* %nPH2Z1_V

ST_4: StgValue_155 (408)  [1/1] 0.00ns  loc: ../TrackletAlgorithm/VMRouter.hh:85
:3  br label %_ZrsILi12ELb0EE11ap_int_baseIXT_EXT0_EXleT_Li64EEERKS1_i.exit._crit_edge

ST_4: nPH1Z1_V_load_3 (410)  [1/1] 0.00ns
:0  %nPH1Z1_V_load_3 = load i6* %nPH1Z1_V

ST_4: tmp_36_cast (411)  [1/1] 0.00ns
:1  %tmp_36_cast = zext i6 %nPH1Z1_V_load_3 to i9

ST_4: sum6 (412)  [1/1] 1.36ns
:2  %sum6 = add i9 %tmp_36_cast, %tmp_88

ST_4: tmp_54 (413)  [1/1] 0.00ns
:3  %tmp_54 = call i3 @_ssdm_op_PartSelect.i3.i9.i32.i32(i9 %sum6, i32 6, i32 8)

ST_4: newIndex31 (414)  [1/1] 1.36ns
:4  %newIndex31 = add i6 %tmp_78, %nPH1Z1_V_load_3

ST_4: StgValue_161 (427)  [1/1] 1.69ns  loc: ../TrackletAlgorithm/VMRouter.hh:79
:17  switch i3 %tmp_54, label %branch17 [
    i3 0, label %branch9
    i3 1, label %branch10
    i3 2, label %branch11
    i3 3, label %branch12
    i3 -4, label %branch13
    i3 -3, label %branch14
    i3 -2, label %branch15
    i3 -1, label %branch16
  ]

ST_4: nPH1Z1_V_load (456)  [1/1] 0.00ns  loc: ../TrackletAlgorithm/VMRouter.hh:80
:0  %nPH1Z1_V_load = load i6* %nPH1Z1_V

ST_4: tmp_37 (457)  [1/1] 1.36ns  loc: ../TrackletAlgorithm/VMRouter.hh:80
:1  %tmp_37 = add i6 %nPH1Z1_V_load, 1

ST_4: StgValue_164 (458)  [1/1] 0.84ns  loc: ../TrackletAlgorithm/VMRouter.hh:80
:2  store i6 %tmp_37, i6* %nPH1Z1_V

ST_4: StgValue_165 (459)  [1/1] 0.00ns  loc: ../TrackletAlgorithm/VMRouter.hh:81
:3  br label %_ZrsILi12ELb0EE11ap_int_baseIXT_EXT0_EXleT_Li64EEERKS1_i.exit._crit_edge

ST_4: nPH4Z2_V_load_4 (463)  [1/1] 0.00ns
:0  %nPH4Z2_V_load_4 = load i6* %nPH4Z2_V

ST_4: tmp_35_cast (464)  [1/1] 0.00ns
:1  %tmp_35_cast = zext i6 %nPH4Z2_V_load_4 to i9

ST_4: sum5 (465)  [1/1] 1.36ns
:2  %sum5 = add i9 %tmp_35_cast, %tmp_87

ST_4: tmp_50 (466)  [1/1] 0.00ns
:3  %tmp_50 = call i3 @_ssdm_op_PartSelect.i3.i9.i32.i32(i9 %sum5, i32 6, i32 8)

ST_4: newIndex29 (467)  [1/1] 1.36ns
:4  %newIndex29 = add i6 %tmp_77, %nPH4Z2_V_load_4

ST_4: StgValue_171 (480)  [1/1] 1.69ns  loc: ../TrackletAlgorithm/VMRouter.hh:112
:17  switch i3 %tmp_50, label %branch80 [
    i3 0, label %branch72
    i3 1, label %branch73
    i3 2, label %branch74
    i3 3, label %branch75
    i3 -4, label %branch76
    i3 -3, label %branch77
    i3 -2, label %branch78
    i3 -1, label %branch79
  ]

ST_4: nPH4Z2_V_load (509)  [1/1] 0.00ns  loc: ../TrackletAlgorithm/VMRouter.hh:113
:0  %nPH4Z2_V_load = load i6* %nPH4Z2_V

ST_4: tmp_51 (510)  [1/1] 1.36ns  loc: ../TrackletAlgorithm/VMRouter.hh:113
:1  %tmp_51 = add i6 %nPH4Z2_V_load, 1

ST_4: StgValue_174 (511)  [1/1] 0.84ns  loc: ../TrackletAlgorithm/VMRouter.hh:113
:2  store i6 %tmp_51, i6* %nPH4Z2_V

ST_4: StgValue_175 (512)  [1/1] 0.00ns  loc: ../TrackletAlgorithm/VMRouter.hh:114
:3  br label %_ZrsILi12ELb0EE11ap_int_baseIXT_EXT0_EXleT_Li64EEERKS1_i.exit._crit_edge

ST_4: nPH3Z2_V_load42 (514)  [1/1] 0.00ns
:0  %nPH3Z2_V_load42 = load i6* %nPH3Z2_V

ST_4: tmp_34_cast (515)  [1/1] 0.00ns
:1  %tmp_34_cast = zext i6 %nPH3Z2_V_load42 to i9

ST_4: sum4 (516)  [1/1] 1.36ns
:2  %sum4 = add i9 %tmp_34_cast, %tmp_86

ST_4: tmp_38 (517)  [1/1] 0.00ns
:3  %tmp_38 = call i3 @_ssdm_op_PartSelect.i3.i9.i32.i32(i9 %sum4, i32 6, i32 8)

ST_4: newIndex27 (518)  [1/1] 1.36ns
:4  %newIndex27 = add i6 %tmp_76, %nPH3Z2_V_load42

ST_4: StgValue_181 (531)  [1/1] 1.69ns  loc: ../TrackletAlgorithm/VMRouter.hh:108
:17  switch i3 %tmp_38, label %branch71 [
    i3 0, label %branch63
    i3 1, label %branch64
    i3 2, label %branch65
    i3 3, label %branch66
    i3 -4, label %branch67
    i3 -3, label %branch68
    i3 -2, label %branch69
    i3 -1, label %branch70
  ]

ST_4: nPH3Z2_V_load (560)  [1/1] 0.00ns  loc: ../TrackletAlgorithm/VMRouter.hh:109
:0  %nPH3Z2_V_load = load i6* %nPH3Z2_V

ST_4: tmp_59 (561)  [1/1] 1.36ns  loc: ../TrackletAlgorithm/VMRouter.hh:109
:1  %tmp_59 = add i6 %nPH3Z2_V_load, 1

ST_4: StgValue_184 (562)  [1/1] 0.84ns  loc: ../TrackletAlgorithm/VMRouter.hh:109
:2  store i6 %tmp_59, i6* %nPH3Z2_V

ST_4: StgValue_185 (563)  [1/1] 0.00ns  loc: ../TrackletAlgorithm/VMRouter.hh:110
:3  br label %_ZrsILi12ELb0EE11ap_int_baseIXT_EXT0_EXleT_Li64EEERKS1_i.exit._crit_edge

ST_4: nPH2Z2_V_load_3 (565)  [1/1] 0.00ns
:0  %nPH2Z2_V_load_3 = load i6* %nPH2Z2_V

ST_4: tmp_33_cast (566)  [1/1] 0.00ns
:1  %tmp_33_cast = zext i6 %nPH2Z2_V_load_3 to i9

ST_4: sum3 (567)  [1/1] 1.36ns
:2  %sum3 = add i9 %tmp_33_cast, %tmp_85

ST_4: tmp_35 (568)  [1/1] 0.00ns
:3  %tmp_35 = call i3 @_ssdm_op_PartSelect.i3.i9.i32.i32(i9 %sum3, i32 6, i32 8)

ST_4: newIndex25 (569)  [1/1] 1.36ns
:4  %newIndex25 = add i6 %tmp_75, %nPH2Z2_V_load_3

ST_4: StgValue_191 (582)  [1/1] 1.69ns  loc: ../TrackletAlgorithm/VMRouter.hh:104
:17  switch i3 %tmp_35, label %branch62 [
    i3 0, label %branch54
    i3 1, label %branch55
    i3 2, label %branch56
    i3 3, label %branch57
    i3 -4, label %branch58
    i3 -3, label %branch59
    i3 -2, label %branch60
    i3 -1, label %branch61
  ]

ST_4: nPH2Z2_V_load (611)  [1/1] 0.00ns  loc: ../TrackletAlgorithm/VMRouter.hh:105
:0  %nPH2Z2_V_load = load i6* %nPH2Z2_V

ST_4: tmp_58 (612)  [1/1] 1.36ns  loc: ../TrackletAlgorithm/VMRouter.hh:105
:1  %tmp_58 = add i6 %nPH2Z2_V_load, 1

ST_4: StgValue_194 (613)  [1/1] 0.84ns  loc: ../TrackletAlgorithm/VMRouter.hh:105
:2  store i6 %tmp_58, i6* %nPH2Z2_V

ST_4: StgValue_195 (614)  [1/1] 0.00ns  loc: ../TrackletAlgorithm/VMRouter.hh:106
:3  br label %_ZrsILi12ELb0EE11ap_int_baseIXT_EXT0_EXleT_Li64EEERKS1_i.exit._crit_edge

ST_4: nPH1Z2_V_load_4 (616)  [1/1] 0.00ns
:0  %nPH1Z2_V_load_4 = load i6* %nPH1Z2_V

ST_4: tmp_32_cast (617)  [1/1] 0.00ns
:1  %tmp_32_cast = zext i6 %nPH1Z2_V_load_4 to i9

ST_4: sum2 (618)  [1/1] 1.36ns
:2  %sum2 = add i9 %tmp_32_cast, %tmp_84

ST_4: tmp_33 (619)  [1/1] 0.00ns
:3  %tmp_33 = call i3 @_ssdm_op_PartSelect.i3.i9.i32.i32(i9 %sum2, i32 6, i32 8)

ST_4: newIndex23 (620)  [1/1] 1.36ns
:4  %newIndex23 = add i6 %tmp_74, %nPH1Z2_V_load_4

ST_4: StgValue_201 (633)  [1/1] 1.69ns  loc: ../TrackletAlgorithm/VMRouter.hh:100
:17  switch i3 %tmp_33, label %branch53 [
    i3 0, label %branch45
    i3 1, label %branch46
    i3 2, label %branch47
    i3 3, label %branch48
    i3 -4, label %branch49
    i3 -3, label %branch50
    i3 -2, label %branch51
    i3 -1, label %branch52
  ]

ST_4: nPH1Z2_V_load (662)  [1/1] 0.00ns  loc: ../TrackletAlgorithm/VMRouter.hh:101
:0  %nPH1Z2_V_load = load i6* %nPH1Z2_V

ST_4: tmp_57 (663)  [1/1] 1.36ns  loc: ../TrackletAlgorithm/VMRouter.hh:101
:1  %tmp_57 = add i6 %nPH1Z2_V_load, 1

ST_4: StgValue_204 (664)  [1/1] 0.84ns  loc: ../TrackletAlgorithm/VMRouter.hh:101
:2  store i6 %tmp_57, i6* %nPH1Z2_V

ST_4: StgValue_205 (665)  [1/1] 0.00ns  loc: ../TrackletAlgorithm/VMRouter.hh:102
:3  br label %_ZrsILi12ELb0EE11ap_int_baseIXT_EXT0_EXleT_Li64EEERKS1_i.exit._crit_edge


 <State 5>: 3.36ns
ST_5: newIndex22 (210)  [1/1] 0.00ns  loc: ../TrackletAlgorithm/VMRouter.hh:35
_ZrsILi12ELb0EE11ap_int_baseIXT_EXT0_EXleT_Li64EEERKS1_i.exit:29  %newIndex22 = zext i6 %newIndex21 to i64

ST_5: allStubs_0_data_V_s (211)  [1/1] 0.00ns  loc: ../TrackletAlgorithm/VMRouter.hh:47
_ZrsILi12ELb0EE11ap_int_baseIXT_EXT0_EXleT_Li64EEERKS1_i.exit:30  %allStubs_0_data_V_s = getelementptr [64 x i36]* %allStubs_0_data_V, i64 0, i64 %newIndex22

ST_5: allStubs_1_data_V_s (212)  [1/1] 0.00ns  loc: ../TrackletAlgorithm/VMRouter.hh:47
_ZrsILi12ELb0EE11ap_int_baseIXT_EXT0_EXleT_Li64EEERKS1_i.exit:31  %allStubs_1_data_V_s = getelementptr [64 x i36]* %allStubs_1_data_V, i64 0, i64 %newIndex22

ST_5: allStubs_2_data_V_s (213)  [1/1] 0.00ns  loc: ../TrackletAlgorithm/VMRouter.hh:47
_ZrsILi12ELb0EE11ap_int_baseIXT_EXT0_EXleT_Li64EEERKS1_i.exit:32  %allStubs_2_data_V_s = getelementptr [64 x i36]* %allStubs_2_data_V, i64 0, i64 %newIndex22

ST_5: allStubs_3_data_V_s (214)  [1/1] 0.00ns  loc: ../TrackletAlgorithm/VMRouter.hh:47
_ZrsILi12ELb0EE11ap_int_baseIXT_EXT0_EXleT_Li64EEERKS1_i.exit:33  %allStubs_3_data_V_s = getelementptr [64 x i36]* %allStubs_3_data_V, i64 0, i64 %newIndex22

ST_5: allStubs_4_data_V_s (215)  [1/1] 0.00ns  loc: ../TrackletAlgorithm/VMRouter.hh:47
_ZrsILi12ELb0EE11ap_int_baseIXT_EXT0_EXleT_Li64EEERKS1_i.exit:34  %allStubs_4_data_V_s = getelementptr [64 x i36]* %allStubs_4_data_V, i64 0, i64 %newIndex22

ST_5: allStubs_5_data_V_s (216)  [1/1] 0.00ns  loc: ../TrackletAlgorithm/VMRouter.hh:47
_ZrsILi12ELb0EE11ap_int_baseIXT_EXT0_EXleT_Li64EEERKS1_i.exit:35  %allStubs_5_data_V_s = getelementptr [64 x i36]* %allStubs_5_data_V, i64 0, i64 %newIndex22

ST_5: allStubs_6_data_V_s (217)  [1/1] 0.00ns  loc: ../TrackletAlgorithm/VMRouter.hh:47
_ZrsILi12ELb0EE11ap_int_baseIXT_EXT0_EXleT_Li64EEERKS1_i.exit:36  %allStubs_6_data_V_s = getelementptr [64 x i36]* %allStubs_6_data_V, i64 0, i64 %newIndex22

ST_5: allStubs_7_data_V_s (218)  [1/1] 0.00ns  loc: ../TrackletAlgorithm/VMRouter.hh:47
_ZrsILi12ELb0EE11ap_int_baseIXT_EXT0_EXleT_Li64EEERKS1_i.exit:37  %allStubs_7_data_V_s = getelementptr [64 x i36]* %allStubs_7_data_V, i64 0, i64 %newIndex22

ST_5: allStubs_8_data_V_s (219)  [1/1] 0.00ns  loc: ../TrackletAlgorithm/VMRouter.hh:47
_ZrsILi12ELb0EE11ap_int_baseIXT_EXT0_EXleT_Li64EEERKS1_i.exit:38  %allStubs_8_data_V_s = getelementptr [64 x i36]* %allStubs_8_data_V, i64 0, i64 %newIndex22

ST_5: StgValue_216 (222)  [1/1] 2.27ns  loc: ../TrackletAlgorithm/VMRouter.hh:47
branch7:0  store i36 %HLSFullStubLayerPS_d, i36* %allStubs_7_data_V_s, align 8

ST_5: StgValue_217 (225)  [1/1] 2.27ns  loc: ../TrackletAlgorithm/VMRouter.hh:47
branch6:0  store i36 %HLSFullStubLayerPS_d, i36* %allStubs_6_data_V_s, align 8

ST_5: StgValue_218 (228)  [1/1] 2.27ns  loc: ../TrackletAlgorithm/VMRouter.hh:47
branch5:0  store i36 %HLSFullStubLayerPS_d, i36* %allStubs_5_data_V_s, align 8

ST_5: StgValue_219 (231)  [1/1] 2.27ns  loc: ../TrackletAlgorithm/VMRouter.hh:47
branch4:0  store i36 %HLSFullStubLayerPS_d, i36* %allStubs_4_data_V_s, align 8

ST_5: StgValue_220 (234)  [1/1] 2.27ns  loc: ../TrackletAlgorithm/VMRouter.hh:47
branch3:0  store i36 %HLSFullStubLayerPS_d, i36* %allStubs_3_data_V_s, align 8

ST_5: StgValue_221 (237)  [1/1] 2.27ns  loc: ../TrackletAlgorithm/VMRouter.hh:47
branch2:0  store i36 %HLSFullStubLayerPS_d, i36* %allStubs_2_data_V_s, align 8

ST_5: StgValue_222 (240)  [1/1] 2.27ns  loc: ../TrackletAlgorithm/VMRouter.hh:47
branch1:0  store i36 %HLSFullStubLayerPS_d, i36* %allStubs_1_data_V_s, align 8

ST_5: StgValue_223 (243)  [1/1] 2.27ns  loc: ../TrackletAlgorithm/VMRouter.hh:47
branch0:0  store i36 %HLSFullStubLayerPS_d, i36* %allStubs_0_data_V_s, align 8

ST_5: StgValue_224 (246)  [1/1] 2.27ns  loc: ../TrackletAlgorithm/VMRouter.hh:47
branch8:0  store i36 %HLSFullStubLayerPS_d, i36* %allStubs_8_data_V_s, align 8

ST_5: redZ_V (249)  [1/1] 0.00ns  loc: ../TrackletAlgorithm/VMRouter.hh:52
_ZrsILi12ELb0EE11ap_int_baseIXT_EXT0_EXleT_Li64EEERKS1_i.exit102:0  %redZ_V = call i4 @_ssdm_op_PartSelect.i4.i36.i32.i32(i36 %HLSFullStubLayerPS_d, i32 5, i32 8)

ST_5: redPhi_V (250)  [1/1] 0.00ns  loc: ../TrackletAlgorithm/VMRouter.hh:58
_ZrsILi12ELb0EE11ap_int_baseIXT_EXT0_EXleT_Li64EEERKS1_i.exit102:1  %redPhi_V = call i3 @_ssdm_op_PartSelect.i3.i36.i32.i32(i36 %HLSFullStubLayerPS_d, i32 21, i32 23)

ST_5: StgValue_227 (255)  [1/1] 1.57ns  loc: ../TrackletAlgorithm/VMRouter.hh:76
:0  switch i2 %routePhi_V, label %_ZrsILi12ELb0EE11ap_int_baseIXT_EXT0_EXleT_Li64EEERKS1_i.exit._crit_edge [
    i2 0, label %4
    i2 1, label %6
    i2 -2, label %8
    i2 -1, label %10
  ]

ST_5: newIndex38 (262)  [1/1] 0.00ns
:5  %newIndex38 = zext i6 %newIndex37 to i64

ST_5: vmStubsPH4Z1_0_data_2 (263)  [1/1] 0.00ns  loc: ../TrackletAlgorithm/VMRouter.hh:91
:6  %vmStubsPH4Z1_0_data_2 = getelementptr [64 x i18]* %vmStubsPH4Z1_0_data, i64 0, i64 %newIndex38

ST_5: vmStubsPH4Z1_1_data_2 (264)  [1/1] 0.00ns  loc: ../TrackletAlgorithm/VMRouter.hh:91
:7  %vmStubsPH4Z1_1_data_2 = getelementptr [64 x i18]* %vmStubsPH4Z1_1_data, i64 0, i64 %newIndex38

ST_5: vmStubsPH4Z1_2_data_2 (265)  [1/1] 0.00ns  loc: ../TrackletAlgorithm/VMRouter.hh:91
:8  %vmStubsPH4Z1_2_data_2 = getelementptr [64 x i18]* %vmStubsPH4Z1_2_data, i64 0, i64 %newIndex38

ST_5: vmStubsPH4Z1_3_data_2 (266)  [1/1] 0.00ns  loc: ../TrackletAlgorithm/VMRouter.hh:91
:9  %vmStubsPH4Z1_3_data_2 = getelementptr [64 x i18]* %vmStubsPH4Z1_3_data, i64 0, i64 %newIndex38

ST_5: vmStubsPH4Z1_4_data_2 (267)  [1/1] 0.00ns  loc: ../TrackletAlgorithm/VMRouter.hh:91
:10  %vmStubsPH4Z1_4_data_2 = getelementptr [64 x i18]* %vmStubsPH4Z1_4_data, i64 0, i64 %newIndex38

ST_5: vmStubsPH4Z1_5_data_2 (268)  [1/1] 0.00ns  loc: ../TrackletAlgorithm/VMRouter.hh:91
:11  %vmStubsPH4Z1_5_data_2 = getelementptr [64 x i18]* %vmStubsPH4Z1_5_data, i64 0, i64 %newIndex38

ST_5: vmStubsPH4Z1_6_data_2 (269)  [1/1] 0.00ns  loc: ../TrackletAlgorithm/VMRouter.hh:91
:12  %vmStubsPH4Z1_6_data_2 = getelementptr [64 x i18]* %vmStubsPH4Z1_6_data, i64 0, i64 %newIndex38

ST_5: vmStubsPH4Z1_7_data_2 (270)  [1/1] 0.00ns  loc: ../TrackletAlgorithm/VMRouter.hh:91
:13  %vmStubsPH4Z1_7_data_2 = getelementptr [64 x i18]* %vmStubsPH4Z1_7_data, i64 0, i64 %newIndex38

ST_5: vmStubsPH4Z1_8_data_2 (271)  [1/1] 0.00ns  loc: ../TrackletAlgorithm/VMRouter.hh:91
:14  %vmStubsPH4Z1_8_data_2 = getelementptr [64 x i18]* %vmStubsPH4Z1_8_data, i64 0, i64 %newIndex38

ST_5: tmp_66 (272)  [1/1] 0.00ns  loc: ../TrackletAlgorithm/HLSReducedStubLayer.hh:43->../TrackletAlgorithm/VMRouter.hh:91
:15  %tmp_66 = call i5 @_ssdm_op_PartSelect.i5.i36.i32.i32(i36 %HLSFullStubLayerPS_d, i32 31, i32 35)

ST_5: HLSReducedStubLayer_4 (273)  [1/1] 0.00ns  loc: ../TrackletAlgorithm/HLSReducedStubLayer.hh:43->../TrackletAlgorithm/VMRouter.hh:91
:16  %HLSReducedStubLayer_4 = call i18 @_ssdm_op_BitConcatenate.i18.i6.i5.i3.i4(i6 %p_0, i5 %tmp_66, i3 %redPhi_V, i4 %redZ_V)

ST_5: StgValue_240 (276)  [1/1] 2.27ns  loc: ../TrackletAlgorithm/VMRouter.hh:91
branch43:0  store i18 %HLSReducedStubLayer_4, i18* %vmStubsPH4Z1_7_data_2, align 4

ST_5: StgValue_241 (277)  [1/1] 0.00ns  loc: ../TrackletAlgorithm/VMRouter.hh:91
branch43:1  br label %11

ST_5: StgValue_242 (279)  [1/1] 2.27ns  loc: ../TrackletAlgorithm/VMRouter.hh:91
branch42:0  store i18 %HLSReducedStubLayer_4, i18* %vmStubsPH4Z1_6_data_2, align 4

ST_5: StgValue_243 (280)  [1/1] 0.00ns  loc: ../TrackletAlgorithm/VMRouter.hh:91
branch42:1  br label %11

ST_5: StgValue_244 (282)  [1/1] 2.27ns  loc: ../TrackletAlgorithm/VMRouter.hh:91
branch41:0  store i18 %HLSReducedStubLayer_4, i18* %vmStubsPH4Z1_5_data_2, align 4

ST_5: StgValue_245 (283)  [1/1] 0.00ns  loc: ../TrackletAlgorithm/VMRouter.hh:91
branch41:1  br label %11

ST_5: StgValue_246 (285)  [1/1] 2.27ns  loc: ../TrackletAlgorithm/VMRouter.hh:91
branch40:0  store i18 %HLSReducedStubLayer_4, i18* %vmStubsPH4Z1_4_data_2, align 4

ST_5: StgValue_247 (286)  [1/1] 0.00ns  loc: ../TrackletAlgorithm/VMRouter.hh:91
branch40:1  br label %11

ST_5: StgValue_248 (288)  [1/1] 2.27ns  loc: ../TrackletAlgorithm/VMRouter.hh:91
branch39:0  store i18 %HLSReducedStubLayer_4, i18* %vmStubsPH4Z1_3_data_2, align 4

ST_5: StgValue_249 (289)  [1/1] 0.00ns  loc: ../TrackletAlgorithm/VMRouter.hh:91
branch39:1  br label %11

ST_5: StgValue_250 (291)  [1/1] 2.27ns  loc: ../TrackletAlgorithm/VMRouter.hh:91
branch38:0  store i18 %HLSReducedStubLayer_4, i18* %vmStubsPH4Z1_2_data_2, align 4

ST_5: StgValue_251 (292)  [1/1] 0.00ns  loc: ../TrackletAlgorithm/VMRouter.hh:91
branch38:1  br label %11

ST_5: StgValue_252 (294)  [1/1] 2.27ns  loc: ../TrackletAlgorithm/VMRouter.hh:91
branch37:0  store i18 %HLSReducedStubLayer_4, i18* %vmStubsPH4Z1_1_data_2, align 4

ST_5: StgValue_253 (295)  [1/1] 0.00ns  loc: ../TrackletAlgorithm/VMRouter.hh:91
branch37:1  br label %11

ST_5: StgValue_254 (297)  [1/1] 2.27ns  loc: ../TrackletAlgorithm/VMRouter.hh:91
branch36:0  store i18 %HLSReducedStubLayer_4, i18* %vmStubsPH4Z1_0_data_2, align 4

ST_5: StgValue_255 (298)  [1/1] 0.00ns  loc: ../TrackletAlgorithm/VMRouter.hh:91
branch36:1  br label %11

ST_5: StgValue_256 (300)  [1/1] 2.27ns  loc: ../TrackletAlgorithm/VMRouter.hh:91
branch44:0  store i18 %HLSReducedStubLayer_4, i18* %vmStubsPH4Z1_8_data_2, align 4

ST_5: StgValue_257 (301)  [1/1] 0.00ns  loc: ../TrackletAlgorithm/VMRouter.hh:91
branch44:1  br label %11

ST_5: newIndex36 (313)  [1/1] 0.00ns
:5  %newIndex36 = zext i6 %newIndex35 to i64

ST_5: vmStubsPH3Z1_0_data_2 (314)  [1/1] 0.00ns  loc: ../TrackletAlgorithm/VMRouter.hh:87
:6  %vmStubsPH3Z1_0_data_2 = getelementptr [64 x i18]* %vmStubsPH3Z1_0_data, i64 0, i64 %newIndex36

ST_5: vmStubsPH3Z1_1_data_2 (315)  [1/1] 0.00ns  loc: ../TrackletAlgorithm/VMRouter.hh:87
:7  %vmStubsPH3Z1_1_data_2 = getelementptr [64 x i18]* %vmStubsPH3Z1_1_data, i64 0, i64 %newIndex36

ST_5: vmStubsPH3Z1_2_data_2 (316)  [1/1] 0.00ns  loc: ../TrackletAlgorithm/VMRouter.hh:87
:8  %vmStubsPH3Z1_2_data_2 = getelementptr [64 x i18]* %vmStubsPH3Z1_2_data, i64 0, i64 %newIndex36

ST_5: vmStubsPH3Z1_3_data_2 (317)  [1/1] 0.00ns  loc: ../TrackletAlgorithm/VMRouter.hh:87
:9  %vmStubsPH3Z1_3_data_2 = getelementptr [64 x i18]* %vmStubsPH3Z1_3_data, i64 0, i64 %newIndex36

ST_5: vmStubsPH3Z1_4_data_2 (318)  [1/1] 0.00ns  loc: ../TrackletAlgorithm/VMRouter.hh:87
:10  %vmStubsPH3Z1_4_data_2 = getelementptr [64 x i18]* %vmStubsPH3Z1_4_data, i64 0, i64 %newIndex36

ST_5: vmStubsPH3Z1_5_data_2 (319)  [1/1] 0.00ns  loc: ../TrackletAlgorithm/VMRouter.hh:87
:11  %vmStubsPH3Z1_5_data_2 = getelementptr [64 x i18]* %vmStubsPH3Z1_5_data, i64 0, i64 %newIndex36

ST_5: vmStubsPH3Z1_6_data_2 (320)  [1/1] 0.00ns  loc: ../TrackletAlgorithm/VMRouter.hh:87
:12  %vmStubsPH3Z1_6_data_2 = getelementptr [64 x i18]* %vmStubsPH3Z1_6_data, i64 0, i64 %newIndex36

ST_5: vmStubsPH3Z1_7_data_2 (321)  [1/1] 0.00ns  loc: ../TrackletAlgorithm/VMRouter.hh:87
:13  %vmStubsPH3Z1_7_data_2 = getelementptr [64 x i18]* %vmStubsPH3Z1_7_data, i64 0, i64 %newIndex36

ST_5: vmStubsPH3Z1_8_data_2 (322)  [1/1] 0.00ns  loc: ../TrackletAlgorithm/VMRouter.hh:87
:14  %vmStubsPH3Z1_8_data_2 = getelementptr [64 x i18]* %vmStubsPH3Z1_8_data, i64 0, i64 %newIndex36

ST_5: tmp_64 (323)  [1/1] 0.00ns  loc: ../TrackletAlgorithm/HLSReducedStubLayer.hh:43->../TrackletAlgorithm/VMRouter.hh:87
:15  %tmp_64 = call i5 @_ssdm_op_PartSelect.i5.i36.i32.i32(i36 %HLSFullStubLayerPS_d, i32 31, i32 35)

ST_5: HLSReducedStubLayer_9 (324)  [1/1] 0.00ns  loc: ../TrackletAlgorithm/HLSReducedStubLayer.hh:43->../TrackletAlgorithm/VMRouter.hh:87
:16  %HLSReducedStubLayer_9 = call i18 @_ssdm_op_BitConcatenate.i18.i6.i5.i3.i4(i6 %p_0, i5 %tmp_64, i3 %redPhi_V, i4 %redZ_V)

ST_5: StgValue_270 (327)  [1/1] 2.27ns  loc: ../TrackletAlgorithm/VMRouter.hh:87
branch34:0  store i18 %HLSReducedStubLayer_9, i18* %vmStubsPH3Z1_7_data_2, align 4

ST_5: StgValue_271 (328)  [1/1] 0.00ns  loc: ../TrackletAlgorithm/VMRouter.hh:87
branch34:1  br label %9

ST_5: StgValue_272 (330)  [1/1] 2.27ns  loc: ../TrackletAlgorithm/VMRouter.hh:87
branch33:0  store i18 %HLSReducedStubLayer_9, i18* %vmStubsPH3Z1_6_data_2, align 4

ST_5: StgValue_273 (331)  [1/1] 0.00ns  loc: ../TrackletAlgorithm/VMRouter.hh:87
branch33:1  br label %9

ST_5: StgValue_274 (333)  [1/1] 2.27ns  loc: ../TrackletAlgorithm/VMRouter.hh:87
branch32:0  store i18 %HLSReducedStubLayer_9, i18* %vmStubsPH3Z1_5_data_2, align 4

ST_5: StgValue_275 (334)  [1/1] 0.00ns  loc: ../TrackletAlgorithm/VMRouter.hh:87
branch32:1  br label %9

ST_5: StgValue_276 (336)  [1/1] 2.27ns  loc: ../TrackletAlgorithm/VMRouter.hh:87
branch31:0  store i18 %HLSReducedStubLayer_9, i18* %vmStubsPH3Z1_4_data_2, align 4

ST_5: StgValue_277 (337)  [1/1] 0.00ns  loc: ../TrackletAlgorithm/VMRouter.hh:87
branch31:1  br label %9

ST_5: StgValue_278 (339)  [1/1] 2.27ns  loc: ../TrackletAlgorithm/VMRouter.hh:87
branch30:0  store i18 %HLSReducedStubLayer_9, i18* %vmStubsPH3Z1_3_data_2, align 4

ST_5: StgValue_279 (340)  [1/1] 0.00ns  loc: ../TrackletAlgorithm/VMRouter.hh:87
branch30:1  br label %9

ST_5: StgValue_280 (342)  [1/1] 2.27ns  loc: ../TrackletAlgorithm/VMRouter.hh:87
branch29:0  store i18 %HLSReducedStubLayer_9, i18* %vmStubsPH3Z1_2_data_2, align 4

ST_5: StgValue_281 (343)  [1/1] 0.00ns  loc: ../TrackletAlgorithm/VMRouter.hh:87
branch29:1  br label %9

ST_5: StgValue_282 (345)  [1/1] 2.27ns  loc: ../TrackletAlgorithm/VMRouter.hh:87
branch28:0  store i18 %HLSReducedStubLayer_9, i18* %vmStubsPH3Z1_1_data_2, align 4

ST_5: StgValue_283 (346)  [1/1] 0.00ns  loc: ../TrackletAlgorithm/VMRouter.hh:87
branch28:1  br label %9

ST_5: StgValue_284 (348)  [1/1] 2.27ns  loc: ../TrackletAlgorithm/VMRouter.hh:87
branch27:0  store i18 %HLSReducedStubLayer_9, i18* %vmStubsPH3Z1_0_data_2, align 4

ST_5: StgValue_285 (349)  [1/1] 0.00ns  loc: ../TrackletAlgorithm/VMRouter.hh:87
branch27:1  br label %9

ST_5: StgValue_286 (351)  [1/1] 2.27ns  loc: ../TrackletAlgorithm/VMRouter.hh:87
branch35:0  store i18 %HLSReducedStubLayer_9, i18* %vmStubsPH3Z1_8_data_2, align 4

ST_5: StgValue_287 (352)  [1/1] 0.00ns  loc: ../TrackletAlgorithm/VMRouter.hh:87
branch35:1  br label %9

ST_5: newIndex34 (364)  [1/1] 0.00ns
:5  %newIndex34 = zext i6 %newIndex33 to i64

ST_5: vmStubsPH2Z1_0_data_2 (365)  [1/1] 0.00ns  loc: ../TrackletAlgorithm/VMRouter.hh:83
:6  %vmStubsPH2Z1_0_data_2 = getelementptr [64 x i18]* %vmStubsPH2Z1_0_data, i64 0, i64 %newIndex34

ST_5: vmStubsPH2Z1_1_data_2 (366)  [1/1] 0.00ns  loc: ../TrackletAlgorithm/VMRouter.hh:83
:7  %vmStubsPH2Z1_1_data_2 = getelementptr [64 x i18]* %vmStubsPH2Z1_1_data, i64 0, i64 %newIndex34

ST_5: vmStubsPH2Z1_2_data_2 (367)  [1/1] 0.00ns  loc: ../TrackletAlgorithm/VMRouter.hh:83
:8  %vmStubsPH2Z1_2_data_2 = getelementptr [64 x i18]* %vmStubsPH2Z1_2_data, i64 0, i64 %newIndex34

ST_5: vmStubsPH2Z1_3_data_2 (368)  [1/1] 0.00ns  loc: ../TrackletAlgorithm/VMRouter.hh:83
:9  %vmStubsPH2Z1_3_data_2 = getelementptr [64 x i18]* %vmStubsPH2Z1_3_data, i64 0, i64 %newIndex34

ST_5: vmStubsPH2Z1_4_data_2 (369)  [1/1] 0.00ns  loc: ../TrackletAlgorithm/VMRouter.hh:83
:10  %vmStubsPH2Z1_4_data_2 = getelementptr [64 x i18]* %vmStubsPH2Z1_4_data, i64 0, i64 %newIndex34

ST_5: vmStubsPH2Z1_5_data_2 (370)  [1/1] 0.00ns  loc: ../TrackletAlgorithm/VMRouter.hh:83
:11  %vmStubsPH2Z1_5_data_2 = getelementptr [64 x i18]* %vmStubsPH2Z1_5_data, i64 0, i64 %newIndex34

ST_5: vmStubsPH2Z1_6_data_2 (371)  [1/1] 0.00ns  loc: ../TrackletAlgorithm/VMRouter.hh:83
:12  %vmStubsPH2Z1_6_data_2 = getelementptr [64 x i18]* %vmStubsPH2Z1_6_data, i64 0, i64 %newIndex34

ST_5: vmStubsPH2Z1_7_data_2 (372)  [1/1] 0.00ns  loc: ../TrackletAlgorithm/VMRouter.hh:83
:13  %vmStubsPH2Z1_7_data_2 = getelementptr [64 x i18]* %vmStubsPH2Z1_7_data, i64 0, i64 %newIndex34

ST_5: vmStubsPH2Z1_8_data_2 (373)  [1/1] 0.00ns  loc: ../TrackletAlgorithm/VMRouter.hh:83
:14  %vmStubsPH2Z1_8_data_2 = getelementptr [64 x i18]* %vmStubsPH2Z1_8_data, i64 0, i64 %newIndex34

ST_5: tmp_62 (374)  [1/1] 0.00ns  loc: ../TrackletAlgorithm/HLSReducedStubLayer.hh:43->../TrackletAlgorithm/VMRouter.hh:83
:15  %tmp_62 = call i5 @_ssdm_op_PartSelect.i5.i36.i32.i32(i36 %HLSFullStubLayerPS_d, i32 31, i32 35)

ST_5: HLSReducedStubLayer_8 (375)  [1/1] 0.00ns  loc: ../TrackletAlgorithm/HLSReducedStubLayer.hh:43->../TrackletAlgorithm/VMRouter.hh:83
:16  %HLSReducedStubLayer_8 = call i18 @_ssdm_op_BitConcatenate.i18.i6.i5.i3.i4(i6 %p_0, i5 %tmp_62, i3 %redPhi_V, i4 %redZ_V)

ST_5: StgValue_300 (378)  [1/1] 2.27ns  loc: ../TrackletAlgorithm/VMRouter.hh:83
branch25:0  store i18 %HLSReducedStubLayer_8, i18* %vmStubsPH2Z1_7_data_2, align 4

ST_5: StgValue_301 (379)  [1/1] 0.00ns  loc: ../TrackletAlgorithm/VMRouter.hh:83
branch25:1  br label %7

ST_5: StgValue_302 (381)  [1/1] 2.27ns  loc: ../TrackletAlgorithm/VMRouter.hh:83
branch24:0  store i18 %HLSReducedStubLayer_8, i18* %vmStubsPH2Z1_6_data_2, align 4

ST_5: StgValue_303 (382)  [1/1] 0.00ns  loc: ../TrackletAlgorithm/VMRouter.hh:83
branch24:1  br label %7

ST_5: StgValue_304 (384)  [1/1] 2.27ns  loc: ../TrackletAlgorithm/VMRouter.hh:83
branch23:0  store i18 %HLSReducedStubLayer_8, i18* %vmStubsPH2Z1_5_data_2, align 4

ST_5: StgValue_305 (385)  [1/1] 0.00ns  loc: ../TrackletAlgorithm/VMRouter.hh:83
branch23:1  br label %7

ST_5: StgValue_306 (387)  [1/1] 2.27ns  loc: ../TrackletAlgorithm/VMRouter.hh:83
branch22:0  store i18 %HLSReducedStubLayer_8, i18* %vmStubsPH2Z1_4_data_2, align 4

ST_5: StgValue_307 (388)  [1/1] 0.00ns  loc: ../TrackletAlgorithm/VMRouter.hh:83
branch22:1  br label %7

ST_5: StgValue_308 (390)  [1/1] 2.27ns  loc: ../TrackletAlgorithm/VMRouter.hh:83
branch21:0  store i18 %HLSReducedStubLayer_8, i18* %vmStubsPH2Z1_3_data_2, align 4

ST_5: StgValue_309 (391)  [1/1] 0.00ns  loc: ../TrackletAlgorithm/VMRouter.hh:83
branch21:1  br label %7

ST_5: StgValue_310 (393)  [1/1] 2.27ns  loc: ../TrackletAlgorithm/VMRouter.hh:83
branch20:0  store i18 %HLSReducedStubLayer_8, i18* %vmStubsPH2Z1_2_data_2, align 4

ST_5: StgValue_311 (394)  [1/1] 0.00ns  loc: ../TrackletAlgorithm/VMRouter.hh:83
branch20:1  br label %7

ST_5: StgValue_312 (396)  [1/1] 2.27ns  loc: ../TrackletAlgorithm/VMRouter.hh:83
branch19:0  store i18 %HLSReducedStubLayer_8, i18* %vmStubsPH2Z1_1_data_2, align 4

ST_5: StgValue_313 (397)  [1/1] 0.00ns  loc: ../TrackletAlgorithm/VMRouter.hh:83
branch19:1  br label %7

ST_5: StgValue_314 (399)  [1/1] 2.27ns  loc: ../TrackletAlgorithm/VMRouter.hh:83
branch18:0  store i18 %HLSReducedStubLayer_8, i18* %vmStubsPH2Z1_0_data_2, align 4

ST_5: StgValue_315 (400)  [1/1] 0.00ns  loc: ../TrackletAlgorithm/VMRouter.hh:83
branch18:1  br label %7

ST_5: StgValue_316 (402)  [1/1] 2.27ns  loc: ../TrackletAlgorithm/VMRouter.hh:83
branch26:0  store i18 %HLSReducedStubLayer_8, i18* %vmStubsPH2Z1_8_data_2, align 4

ST_5: StgValue_317 (403)  [1/1] 0.00ns  loc: ../TrackletAlgorithm/VMRouter.hh:83
branch26:1  br label %7

ST_5: newIndex32 (415)  [1/1] 0.00ns
:5  %newIndex32 = zext i6 %newIndex31 to i64

ST_5: vmStubsPH1Z1_0_data_2 (416)  [1/1] 0.00ns  loc: ../TrackletAlgorithm/VMRouter.hh:79
:6  %vmStubsPH1Z1_0_data_2 = getelementptr [64 x i18]* %vmStubsPH1Z1_0_data, i64 0, i64 %newIndex32

ST_5: vmStubsPH1Z1_1_data_2 (417)  [1/1] 0.00ns  loc: ../TrackletAlgorithm/VMRouter.hh:79
:7  %vmStubsPH1Z1_1_data_2 = getelementptr [64 x i18]* %vmStubsPH1Z1_1_data, i64 0, i64 %newIndex32

ST_5: vmStubsPH1Z1_2_data_2 (418)  [1/1] 0.00ns  loc: ../TrackletAlgorithm/VMRouter.hh:79
:8  %vmStubsPH1Z1_2_data_2 = getelementptr [64 x i18]* %vmStubsPH1Z1_2_data, i64 0, i64 %newIndex32

ST_5: vmStubsPH1Z1_3_data_2 (419)  [1/1] 0.00ns  loc: ../TrackletAlgorithm/VMRouter.hh:79
:9  %vmStubsPH1Z1_3_data_2 = getelementptr [64 x i18]* %vmStubsPH1Z1_3_data, i64 0, i64 %newIndex32

ST_5: vmStubsPH1Z1_4_data_2 (420)  [1/1] 0.00ns  loc: ../TrackletAlgorithm/VMRouter.hh:79
:10  %vmStubsPH1Z1_4_data_2 = getelementptr [64 x i18]* %vmStubsPH1Z1_4_data, i64 0, i64 %newIndex32

ST_5: vmStubsPH1Z1_5_data_2 (421)  [1/1] 0.00ns  loc: ../TrackletAlgorithm/VMRouter.hh:79
:11  %vmStubsPH1Z1_5_data_2 = getelementptr [64 x i18]* %vmStubsPH1Z1_5_data, i64 0, i64 %newIndex32

ST_5: vmStubsPH1Z1_6_data_2 (422)  [1/1] 0.00ns  loc: ../TrackletAlgorithm/VMRouter.hh:79
:12  %vmStubsPH1Z1_6_data_2 = getelementptr [64 x i18]* %vmStubsPH1Z1_6_data, i64 0, i64 %newIndex32

ST_5: vmStubsPH1Z1_7_data_2 (423)  [1/1] 0.00ns  loc: ../TrackletAlgorithm/VMRouter.hh:79
:13  %vmStubsPH1Z1_7_data_2 = getelementptr [64 x i18]* %vmStubsPH1Z1_7_data, i64 0, i64 %newIndex32

ST_5: vmStubsPH1Z1_8_data_2 (424)  [1/1] 0.00ns  loc: ../TrackletAlgorithm/VMRouter.hh:79
:14  %vmStubsPH1Z1_8_data_2 = getelementptr [64 x i18]* %vmStubsPH1Z1_8_data, i64 0, i64 %newIndex32

ST_5: tmp_55 (425)  [1/1] 0.00ns  loc: ../TrackletAlgorithm/HLSReducedStubLayer.hh:43->../TrackletAlgorithm/VMRouter.hh:79
:15  %tmp_55 = call i5 @_ssdm_op_PartSelect.i5.i36.i32.i32(i36 %HLSFullStubLayerPS_d, i32 31, i32 35)

ST_5: HLSReducedStubLayer_s (426)  [1/1] 0.00ns  loc: ../TrackletAlgorithm/HLSReducedStubLayer.hh:43->../TrackletAlgorithm/VMRouter.hh:79
:16  %HLSReducedStubLayer_s = call i18 @_ssdm_op_BitConcatenate.i18.i6.i5.i3.i4(i6 %p_0, i5 %tmp_55, i3 %redPhi_V, i4 %redZ_V)

ST_5: StgValue_330 (429)  [1/1] 2.27ns  loc: ../TrackletAlgorithm/VMRouter.hh:79
branch16:0  store i18 %HLSReducedStubLayer_s, i18* %vmStubsPH1Z1_7_data_2, align 4

ST_5: StgValue_331 (430)  [1/1] 0.00ns  loc: ../TrackletAlgorithm/VMRouter.hh:79
branch16:1  br label %5

ST_5: StgValue_332 (432)  [1/1] 2.27ns  loc: ../TrackletAlgorithm/VMRouter.hh:79
branch15:0  store i18 %HLSReducedStubLayer_s, i18* %vmStubsPH1Z1_6_data_2, align 4

ST_5: StgValue_333 (433)  [1/1] 0.00ns  loc: ../TrackletAlgorithm/VMRouter.hh:79
branch15:1  br label %5

ST_5: StgValue_334 (435)  [1/1] 2.27ns  loc: ../TrackletAlgorithm/VMRouter.hh:79
branch14:0  store i18 %HLSReducedStubLayer_s, i18* %vmStubsPH1Z1_5_data_2, align 4

ST_5: StgValue_335 (436)  [1/1] 0.00ns  loc: ../TrackletAlgorithm/VMRouter.hh:79
branch14:1  br label %5

ST_5: StgValue_336 (438)  [1/1] 2.27ns  loc: ../TrackletAlgorithm/VMRouter.hh:79
branch13:0  store i18 %HLSReducedStubLayer_s, i18* %vmStubsPH1Z1_4_data_2, align 4

ST_5: StgValue_337 (439)  [1/1] 0.00ns  loc: ../TrackletAlgorithm/VMRouter.hh:79
branch13:1  br label %5

ST_5: StgValue_338 (441)  [1/1] 2.27ns  loc: ../TrackletAlgorithm/VMRouter.hh:79
branch12:0  store i18 %HLSReducedStubLayer_s, i18* %vmStubsPH1Z1_3_data_2, align 4

ST_5: StgValue_339 (442)  [1/1] 0.00ns  loc: ../TrackletAlgorithm/VMRouter.hh:79
branch12:1  br label %5

ST_5: StgValue_340 (444)  [1/1] 2.27ns  loc: ../TrackletAlgorithm/VMRouter.hh:79
branch11:0  store i18 %HLSReducedStubLayer_s, i18* %vmStubsPH1Z1_2_data_2, align 4

ST_5: StgValue_341 (445)  [1/1] 0.00ns  loc: ../TrackletAlgorithm/VMRouter.hh:79
branch11:1  br label %5

ST_5: StgValue_342 (447)  [1/1] 2.27ns  loc: ../TrackletAlgorithm/VMRouter.hh:79
branch10:0  store i18 %HLSReducedStubLayer_s, i18* %vmStubsPH1Z1_1_data_2, align 4

ST_5: StgValue_343 (448)  [1/1] 0.00ns  loc: ../TrackletAlgorithm/VMRouter.hh:79
branch10:1  br label %5

ST_5: StgValue_344 (450)  [1/1] 2.27ns  loc: ../TrackletAlgorithm/VMRouter.hh:79
branch9:0  store i18 %HLSReducedStubLayer_s, i18* %vmStubsPH1Z1_0_data_2, align 4

ST_5: StgValue_345 (451)  [1/1] 0.00ns  loc: ../TrackletAlgorithm/VMRouter.hh:79
branch9:1  br label %5

ST_5: StgValue_346 (453)  [1/1] 2.27ns  loc: ../TrackletAlgorithm/VMRouter.hh:79
branch17:0  store i18 %HLSReducedStubLayer_s, i18* %vmStubsPH1Z1_8_data_2, align 4

ST_5: StgValue_347 (454)  [1/1] 0.00ns  loc: ../TrackletAlgorithm/VMRouter.hh:79
branch17:1  br label %5

ST_5: StgValue_348 (461)  [1/1] 1.57ns  loc: ../TrackletAlgorithm/VMRouter.hh:97
:0  switch i2 %routePhi_V, label %_ZrsILi12ELb0EE11ap_int_baseIXT_EXT0_EXleT_Li64EEERKS1_i.exit._crit_edge [
    i2 0, label %13
    i2 1, label %15
    i2 -2, label %17
    i2 -1, label %19
  ]

ST_5: newIndex30 (468)  [1/1] 0.00ns
:5  %newIndex30 = zext i6 %newIndex29 to i64

ST_5: vmStubsPH4Z2_0_data_2 (469)  [1/1] 0.00ns  loc: ../TrackletAlgorithm/VMRouter.hh:112
:6  %vmStubsPH4Z2_0_data_2 = getelementptr [64 x i18]* %vmStubsPH4Z2_0_data, i64 0, i64 %newIndex30

ST_5: vmStubsPH4Z2_1_data_2 (470)  [1/1] 0.00ns  loc: ../TrackletAlgorithm/VMRouter.hh:112
:7  %vmStubsPH4Z2_1_data_2 = getelementptr [64 x i18]* %vmStubsPH4Z2_1_data, i64 0, i64 %newIndex30

ST_5: vmStubsPH4Z2_2_data_2 (471)  [1/1] 0.00ns  loc: ../TrackletAlgorithm/VMRouter.hh:112
:8  %vmStubsPH4Z2_2_data_2 = getelementptr [64 x i18]* %vmStubsPH4Z2_2_data, i64 0, i64 %newIndex30

ST_5: vmStubsPH4Z2_3_data_2 (472)  [1/1] 0.00ns  loc: ../TrackletAlgorithm/VMRouter.hh:112
:9  %vmStubsPH4Z2_3_data_2 = getelementptr [64 x i18]* %vmStubsPH4Z2_3_data, i64 0, i64 %newIndex30

ST_5: vmStubsPH4Z2_4_data_2 (473)  [1/1] 0.00ns  loc: ../TrackletAlgorithm/VMRouter.hh:112
:10  %vmStubsPH4Z2_4_data_2 = getelementptr [64 x i18]* %vmStubsPH4Z2_4_data, i64 0, i64 %newIndex30

ST_5: vmStubsPH4Z2_5_data_2 (474)  [1/1] 0.00ns  loc: ../TrackletAlgorithm/VMRouter.hh:112
:11  %vmStubsPH4Z2_5_data_2 = getelementptr [64 x i18]* %vmStubsPH4Z2_5_data, i64 0, i64 %newIndex30

ST_5: vmStubsPH4Z2_6_data_2 (475)  [1/1] 0.00ns  loc: ../TrackletAlgorithm/VMRouter.hh:112
:12  %vmStubsPH4Z2_6_data_2 = getelementptr [64 x i18]* %vmStubsPH4Z2_6_data, i64 0, i64 %newIndex30

ST_5: vmStubsPH4Z2_7_data_2 (476)  [1/1] 0.00ns  loc: ../TrackletAlgorithm/VMRouter.hh:112
:13  %vmStubsPH4Z2_7_data_2 = getelementptr [64 x i18]* %vmStubsPH4Z2_7_data, i64 0, i64 %newIndex30

ST_5: vmStubsPH4Z2_8_data_2 (477)  [1/1] 0.00ns  loc: ../TrackletAlgorithm/VMRouter.hh:112
:14  %vmStubsPH4Z2_8_data_2 = getelementptr [64 x i18]* %vmStubsPH4Z2_8_data, i64 0, i64 %newIndex30

ST_5: tmp_53 (478)  [1/1] 0.00ns  loc: ../TrackletAlgorithm/HLSReducedStubLayer.hh:43->../TrackletAlgorithm/VMRouter.hh:112
:15  %tmp_53 = call i5 @_ssdm_op_PartSelect.i5.i36.i32.i32(i36 %HLSFullStubLayerPS_d, i32 31, i32 35)

ST_5: HLSReducedStubLayer_3 (479)  [1/1] 0.00ns  loc: ../TrackletAlgorithm/HLSReducedStubLayer.hh:43->../TrackletAlgorithm/VMRouter.hh:112
:16  %HLSReducedStubLayer_3 = call i18 @_ssdm_op_BitConcatenate.i18.i6.i5.i3.i4(i6 %p_0, i5 %tmp_53, i3 %redPhi_V, i4 %redZ_V)

ST_5: StgValue_361 (482)  [1/1] 2.27ns  loc: ../TrackletAlgorithm/VMRouter.hh:112
branch79:0  store i18 %HLSReducedStubLayer_3, i18* %vmStubsPH4Z2_7_data_2, align 4

ST_5: StgValue_362 (483)  [1/1] 0.00ns  loc: ../TrackletAlgorithm/VMRouter.hh:112
branch79:1  br label %20

ST_5: StgValue_363 (485)  [1/1] 2.27ns  loc: ../TrackletAlgorithm/VMRouter.hh:112
branch78:0  store i18 %HLSReducedStubLayer_3, i18* %vmStubsPH4Z2_6_data_2, align 4

ST_5: StgValue_364 (486)  [1/1] 0.00ns  loc: ../TrackletAlgorithm/VMRouter.hh:112
branch78:1  br label %20

ST_5: StgValue_365 (488)  [1/1] 2.27ns  loc: ../TrackletAlgorithm/VMRouter.hh:112
branch77:0  store i18 %HLSReducedStubLayer_3, i18* %vmStubsPH4Z2_5_data_2, align 4

ST_5: StgValue_366 (489)  [1/1] 0.00ns  loc: ../TrackletAlgorithm/VMRouter.hh:112
branch77:1  br label %20

ST_5: StgValue_367 (491)  [1/1] 2.27ns  loc: ../TrackletAlgorithm/VMRouter.hh:112
branch76:0  store i18 %HLSReducedStubLayer_3, i18* %vmStubsPH4Z2_4_data_2, align 4

ST_5: StgValue_368 (492)  [1/1] 0.00ns  loc: ../TrackletAlgorithm/VMRouter.hh:112
branch76:1  br label %20

ST_5: StgValue_369 (494)  [1/1] 2.27ns  loc: ../TrackletAlgorithm/VMRouter.hh:112
branch75:0  store i18 %HLSReducedStubLayer_3, i18* %vmStubsPH4Z2_3_data_2, align 4

ST_5: StgValue_370 (495)  [1/1] 0.00ns  loc: ../TrackletAlgorithm/VMRouter.hh:112
branch75:1  br label %20

ST_5: StgValue_371 (497)  [1/1] 2.27ns  loc: ../TrackletAlgorithm/VMRouter.hh:112
branch74:0  store i18 %HLSReducedStubLayer_3, i18* %vmStubsPH4Z2_2_data_2, align 4

ST_5: StgValue_372 (498)  [1/1] 0.00ns  loc: ../TrackletAlgorithm/VMRouter.hh:112
branch74:1  br label %20

ST_5: StgValue_373 (500)  [1/1] 2.27ns  loc: ../TrackletAlgorithm/VMRouter.hh:112
branch73:0  store i18 %HLSReducedStubLayer_3, i18* %vmStubsPH4Z2_1_data_2, align 4

ST_5: StgValue_374 (501)  [1/1] 0.00ns  loc: ../TrackletAlgorithm/VMRouter.hh:112
branch73:1  br label %20

ST_5: StgValue_375 (503)  [1/1] 2.27ns  loc: ../TrackletAlgorithm/VMRouter.hh:112
branch72:0  store i18 %HLSReducedStubLayer_3, i18* %vmStubsPH4Z2_0_data_2, align 4

ST_5: StgValue_376 (504)  [1/1] 0.00ns  loc: ../TrackletAlgorithm/VMRouter.hh:112
branch72:1  br label %20

ST_5: StgValue_377 (506)  [1/1] 2.27ns  loc: ../TrackletAlgorithm/VMRouter.hh:112
branch80:0  store i18 %HLSReducedStubLayer_3, i18* %vmStubsPH4Z2_8_data_2, align 4

ST_5: StgValue_378 (507)  [1/1] 0.00ns  loc: ../TrackletAlgorithm/VMRouter.hh:112
branch80:1  br label %20

ST_5: newIndex28 (519)  [1/1] 0.00ns
:5  %newIndex28 = zext i6 %newIndex27 to i64

ST_5: vmStubsPH3Z2_0_data_2 (520)  [1/1] 0.00ns  loc: ../TrackletAlgorithm/VMRouter.hh:108
:6  %vmStubsPH3Z2_0_data_2 = getelementptr [64 x i18]* %vmStubsPH3Z2_0_data, i64 0, i64 %newIndex28

ST_5: vmStubsPH3Z2_1_data_2 (521)  [1/1] 0.00ns  loc: ../TrackletAlgorithm/VMRouter.hh:108
:7  %vmStubsPH3Z2_1_data_2 = getelementptr [64 x i18]* %vmStubsPH3Z2_1_data, i64 0, i64 %newIndex28

ST_5: vmStubsPH3Z2_2_data_2 (522)  [1/1] 0.00ns  loc: ../TrackletAlgorithm/VMRouter.hh:108
:8  %vmStubsPH3Z2_2_data_2 = getelementptr [64 x i18]* %vmStubsPH3Z2_2_data, i64 0, i64 %newIndex28

ST_5: vmStubsPH3Z2_3_data_2 (523)  [1/1] 0.00ns  loc: ../TrackletAlgorithm/VMRouter.hh:108
:9  %vmStubsPH3Z2_3_data_2 = getelementptr [64 x i18]* %vmStubsPH3Z2_3_data, i64 0, i64 %newIndex28

ST_5: vmStubsPH3Z2_4_data_2 (524)  [1/1] 0.00ns  loc: ../TrackletAlgorithm/VMRouter.hh:108
:10  %vmStubsPH3Z2_4_data_2 = getelementptr [64 x i18]* %vmStubsPH3Z2_4_data, i64 0, i64 %newIndex28

ST_5: vmStubsPH3Z2_5_data_2 (525)  [1/1] 0.00ns  loc: ../TrackletAlgorithm/VMRouter.hh:108
:11  %vmStubsPH3Z2_5_data_2 = getelementptr [64 x i18]* %vmStubsPH3Z2_5_data, i64 0, i64 %newIndex28

ST_5: vmStubsPH3Z2_6_data_2 (526)  [1/1] 0.00ns  loc: ../TrackletAlgorithm/VMRouter.hh:108
:12  %vmStubsPH3Z2_6_data_2 = getelementptr [64 x i18]* %vmStubsPH3Z2_6_data, i64 0, i64 %newIndex28

ST_5: vmStubsPH3Z2_7_data_2 (527)  [1/1] 0.00ns  loc: ../TrackletAlgorithm/VMRouter.hh:108
:13  %vmStubsPH3Z2_7_data_2 = getelementptr [64 x i18]* %vmStubsPH3Z2_7_data, i64 0, i64 %newIndex28

ST_5: vmStubsPH3Z2_8_data_2 (528)  [1/1] 0.00ns  loc: ../TrackletAlgorithm/VMRouter.hh:108
:14  %vmStubsPH3Z2_8_data_2 = getelementptr [64 x i18]* %vmStubsPH3Z2_8_data, i64 0, i64 %newIndex28

ST_5: tmp_40 (529)  [1/1] 0.00ns  loc: ../TrackletAlgorithm/HLSReducedStubLayer.hh:43->../TrackletAlgorithm/VMRouter.hh:108
:15  %tmp_40 = call i5 @_ssdm_op_PartSelect.i5.i36.i32.i32(i36 %HLSFullStubLayerPS_d, i32 31, i32 35)

ST_5: HLSReducedStubLayer_2 (530)  [1/1] 0.00ns  loc: ../TrackletAlgorithm/HLSReducedStubLayer.hh:43->../TrackletAlgorithm/VMRouter.hh:108
:16  %HLSReducedStubLayer_2 = call i18 @_ssdm_op_BitConcatenate.i18.i6.i5.i3.i4(i6 %p_0, i5 %tmp_40, i3 %redPhi_V, i4 %redZ_V)

ST_5: StgValue_391 (533)  [1/1] 2.27ns  loc: ../TrackletAlgorithm/VMRouter.hh:108
branch70:0  store i18 %HLSReducedStubLayer_2, i18* %vmStubsPH3Z2_7_data_2, align 4

ST_5: StgValue_392 (534)  [1/1] 0.00ns  loc: ../TrackletAlgorithm/VMRouter.hh:108
branch70:1  br label %18

ST_5: StgValue_393 (536)  [1/1] 2.27ns  loc: ../TrackletAlgorithm/VMRouter.hh:108
branch69:0  store i18 %HLSReducedStubLayer_2, i18* %vmStubsPH3Z2_6_data_2, align 4

ST_5: StgValue_394 (537)  [1/1] 0.00ns  loc: ../TrackletAlgorithm/VMRouter.hh:108
branch69:1  br label %18

ST_5: StgValue_395 (539)  [1/1] 2.27ns  loc: ../TrackletAlgorithm/VMRouter.hh:108
branch68:0  store i18 %HLSReducedStubLayer_2, i18* %vmStubsPH3Z2_5_data_2, align 4

ST_5: StgValue_396 (540)  [1/1] 0.00ns  loc: ../TrackletAlgorithm/VMRouter.hh:108
branch68:1  br label %18

ST_5: StgValue_397 (542)  [1/1] 2.27ns  loc: ../TrackletAlgorithm/VMRouter.hh:108
branch67:0  store i18 %HLSReducedStubLayer_2, i18* %vmStubsPH3Z2_4_data_2, align 4

ST_5: StgValue_398 (543)  [1/1] 0.00ns  loc: ../TrackletAlgorithm/VMRouter.hh:108
branch67:1  br label %18

ST_5: StgValue_399 (545)  [1/1] 2.27ns  loc: ../TrackletAlgorithm/VMRouter.hh:108
branch66:0  store i18 %HLSReducedStubLayer_2, i18* %vmStubsPH3Z2_3_data_2, align 4

ST_5: StgValue_400 (546)  [1/1] 0.00ns  loc: ../TrackletAlgorithm/VMRouter.hh:108
branch66:1  br label %18

ST_5: StgValue_401 (548)  [1/1] 2.27ns  loc: ../TrackletAlgorithm/VMRouter.hh:108
branch65:0  store i18 %HLSReducedStubLayer_2, i18* %vmStubsPH3Z2_2_data_2, align 4

ST_5: StgValue_402 (549)  [1/1] 0.00ns  loc: ../TrackletAlgorithm/VMRouter.hh:108
branch65:1  br label %18

ST_5: StgValue_403 (551)  [1/1] 2.27ns  loc: ../TrackletAlgorithm/VMRouter.hh:108
branch64:0  store i18 %HLSReducedStubLayer_2, i18* %vmStubsPH3Z2_1_data_2, align 4

ST_5: StgValue_404 (552)  [1/1] 0.00ns  loc: ../TrackletAlgorithm/VMRouter.hh:108
branch64:1  br label %18

ST_5: StgValue_405 (554)  [1/1] 2.27ns  loc: ../TrackletAlgorithm/VMRouter.hh:108
branch63:0  store i18 %HLSReducedStubLayer_2, i18* %vmStubsPH3Z2_0_data_2, align 4

ST_5: StgValue_406 (555)  [1/1] 0.00ns  loc: ../TrackletAlgorithm/VMRouter.hh:108
branch63:1  br label %18

ST_5: StgValue_407 (557)  [1/1] 2.27ns  loc: ../TrackletAlgorithm/VMRouter.hh:108
branch71:0  store i18 %HLSReducedStubLayer_2, i18* %vmStubsPH3Z2_8_data_2, align 4

ST_5: StgValue_408 (558)  [1/1] 0.00ns  loc: ../TrackletAlgorithm/VMRouter.hh:108
branch71:1  br label %18

ST_5: newIndex26 (570)  [1/1] 0.00ns
:5  %newIndex26 = zext i6 %newIndex25 to i64

ST_5: vmStubsPH2Z2_0_data_2 (571)  [1/1] 0.00ns  loc: ../TrackletAlgorithm/VMRouter.hh:104
:6  %vmStubsPH2Z2_0_data_2 = getelementptr [64 x i18]* %vmStubsPH2Z2_0_data, i64 0, i64 %newIndex26

ST_5: vmStubsPH2Z2_1_data_2 (572)  [1/1] 0.00ns  loc: ../TrackletAlgorithm/VMRouter.hh:104
:7  %vmStubsPH2Z2_1_data_2 = getelementptr [64 x i18]* %vmStubsPH2Z2_1_data, i64 0, i64 %newIndex26

ST_5: vmStubsPH2Z2_2_data_2 (573)  [1/1] 0.00ns  loc: ../TrackletAlgorithm/VMRouter.hh:104
:8  %vmStubsPH2Z2_2_data_2 = getelementptr [64 x i18]* %vmStubsPH2Z2_2_data, i64 0, i64 %newIndex26

ST_5: vmStubsPH2Z2_3_data_2 (574)  [1/1] 0.00ns  loc: ../TrackletAlgorithm/VMRouter.hh:104
:9  %vmStubsPH2Z2_3_data_2 = getelementptr [64 x i18]* %vmStubsPH2Z2_3_data, i64 0, i64 %newIndex26

ST_5: vmStubsPH2Z2_4_data_2 (575)  [1/1] 0.00ns  loc: ../TrackletAlgorithm/VMRouter.hh:104
:10  %vmStubsPH2Z2_4_data_2 = getelementptr [64 x i18]* %vmStubsPH2Z2_4_data, i64 0, i64 %newIndex26

ST_5: vmStubsPH2Z2_5_data_2 (576)  [1/1] 0.00ns  loc: ../TrackletAlgorithm/VMRouter.hh:104
:11  %vmStubsPH2Z2_5_data_2 = getelementptr [64 x i18]* %vmStubsPH2Z2_5_data, i64 0, i64 %newIndex26

ST_5: vmStubsPH2Z2_6_data_2 (577)  [1/1] 0.00ns  loc: ../TrackletAlgorithm/VMRouter.hh:104
:12  %vmStubsPH2Z2_6_data_2 = getelementptr [64 x i18]* %vmStubsPH2Z2_6_data, i64 0, i64 %newIndex26

ST_5: vmStubsPH2Z2_7_data_2 (578)  [1/1] 0.00ns  loc: ../TrackletAlgorithm/VMRouter.hh:104
:13  %vmStubsPH2Z2_7_data_2 = getelementptr [64 x i18]* %vmStubsPH2Z2_7_data, i64 0, i64 %newIndex26

ST_5: vmStubsPH2Z2_8_data_2 (579)  [1/1] 0.00ns  loc: ../TrackletAlgorithm/VMRouter.hh:104
:14  %vmStubsPH2Z2_8_data_2 = getelementptr [64 x i18]* %vmStubsPH2Z2_8_data, i64 0, i64 %newIndex26

ST_5: tmp_36 (580)  [1/1] 0.00ns  loc: ../TrackletAlgorithm/HLSReducedStubLayer.hh:43->../TrackletAlgorithm/VMRouter.hh:104
:15  %tmp_36 = call i5 @_ssdm_op_PartSelect.i5.i36.i32.i32(i36 %HLSFullStubLayerPS_d, i32 31, i32 35)

ST_5: HLSReducedStubLayer_1 (581)  [1/1] 0.00ns  loc: ../TrackletAlgorithm/HLSReducedStubLayer.hh:43->../TrackletAlgorithm/VMRouter.hh:104
:16  %HLSReducedStubLayer_1 = call i18 @_ssdm_op_BitConcatenate.i18.i6.i5.i3.i4(i6 %p_0, i5 %tmp_36, i3 %redPhi_V, i4 %redZ_V)

ST_5: StgValue_421 (584)  [1/1] 2.27ns  loc: ../TrackletAlgorithm/VMRouter.hh:104
branch61:0  store i18 %HLSReducedStubLayer_1, i18* %vmStubsPH2Z2_7_data_2, align 4

ST_5: StgValue_422 (585)  [1/1] 0.00ns  loc: ../TrackletAlgorithm/VMRouter.hh:104
branch61:1  br label %16

ST_5: StgValue_423 (587)  [1/1] 2.27ns  loc: ../TrackletAlgorithm/VMRouter.hh:104
branch60:0  store i18 %HLSReducedStubLayer_1, i18* %vmStubsPH2Z2_6_data_2, align 4

ST_5: StgValue_424 (588)  [1/1] 0.00ns  loc: ../TrackletAlgorithm/VMRouter.hh:104
branch60:1  br label %16

ST_5: StgValue_425 (590)  [1/1] 2.27ns  loc: ../TrackletAlgorithm/VMRouter.hh:104
branch59:0  store i18 %HLSReducedStubLayer_1, i18* %vmStubsPH2Z2_5_data_2, align 4

ST_5: StgValue_426 (591)  [1/1] 0.00ns  loc: ../TrackletAlgorithm/VMRouter.hh:104
branch59:1  br label %16

ST_5: StgValue_427 (593)  [1/1] 2.27ns  loc: ../TrackletAlgorithm/VMRouter.hh:104
branch58:0  store i18 %HLSReducedStubLayer_1, i18* %vmStubsPH2Z2_4_data_2, align 4

ST_5: StgValue_428 (594)  [1/1] 0.00ns  loc: ../TrackletAlgorithm/VMRouter.hh:104
branch58:1  br label %16

ST_5: StgValue_429 (596)  [1/1] 2.27ns  loc: ../TrackletAlgorithm/VMRouter.hh:104
branch57:0  store i18 %HLSReducedStubLayer_1, i18* %vmStubsPH2Z2_3_data_2, align 4

ST_5: StgValue_430 (597)  [1/1] 0.00ns  loc: ../TrackletAlgorithm/VMRouter.hh:104
branch57:1  br label %16

ST_5: StgValue_431 (599)  [1/1] 2.27ns  loc: ../TrackletAlgorithm/VMRouter.hh:104
branch56:0  store i18 %HLSReducedStubLayer_1, i18* %vmStubsPH2Z2_2_data_2, align 4

ST_5: StgValue_432 (600)  [1/1] 0.00ns  loc: ../TrackletAlgorithm/VMRouter.hh:104
branch56:1  br label %16

ST_5: StgValue_433 (602)  [1/1] 2.27ns  loc: ../TrackletAlgorithm/VMRouter.hh:104
branch55:0  store i18 %HLSReducedStubLayer_1, i18* %vmStubsPH2Z2_1_data_2, align 4

ST_5: StgValue_434 (603)  [1/1] 0.00ns  loc: ../TrackletAlgorithm/VMRouter.hh:104
branch55:1  br label %16

ST_5: StgValue_435 (605)  [1/1] 2.27ns  loc: ../TrackletAlgorithm/VMRouter.hh:104
branch54:0  store i18 %HLSReducedStubLayer_1, i18* %vmStubsPH2Z2_0_data_2, align 4

ST_5: StgValue_436 (606)  [1/1] 0.00ns  loc: ../TrackletAlgorithm/VMRouter.hh:104
branch54:1  br label %16

ST_5: StgValue_437 (608)  [1/1] 2.27ns  loc: ../TrackletAlgorithm/VMRouter.hh:104
branch62:0  store i18 %HLSReducedStubLayer_1, i18* %vmStubsPH2Z2_8_data_2, align 4

ST_5: StgValue_438 (609)  [1/1] 0.00ns  loc: ../TrackletAlgorithm/VMRouter.hh:104
branch62:1  br label %16

ST_5: newIndex24 (621)  [1/1] 0.00ns
:5  %newIndex24 = zext i6 %newIndex23 to i64

ST_5: vmStubsPH1Z2_0_data_2 (622)  [1/1] 0.00ns  loc: ../TrackletAlgorithm/VMRouter.hh:100
:6  %vmStubsPH1Z2_0_data_2 = getelementptr [64 x i18]* %vmStubsPH1Z2_0_data, i64 0, i64 %newIndex24

ST_5: vmStubsPH1Z2_1_data_2 (623)  [1/1] 0.00ns  loc: ../TrackletAlgorithm/VMRouter.hh:100
:7  %vmStubsPH1Z2_1_data_2 = getelementptr [64 x i18]* %vmStubsPH1Z2_1_data, i64 0, i64 %newIndex24

ST_5: vmStubsPH1Z2_2_data_2 (624)  [1/1] 0.00ns  loc: ../TrackletAlgorithm/VMRouter.hh:100
:8  %vmStubsPH1Z2_2_data_2 = getelementptr [64 x i18]* %vmStubsPH1Z2_2_data, i64 0, i64 %newIndex24

ST_5: vmStubsPH1Z2_3_data_2 (625)  [1/1] 0.00ns  loc: ../TrackletAlgorithm/VMRouter.hh:100
:9  %vmStubsPH1Z2_3_data_2 = getelementptr [64 x i18]* %vmStubsPH1Z2_3_data, i64 0, i64 %newIndex24

ST_5: vmStubsPH1Z2_4_data_2 (626)  [1/1] 0.00ns  loc: ../TrackletAlgorithm/VMRouter.hh:100
:10  %vmStubsPH1Z2_4_data_2 = getelementptr [64 x i18]* %vmStubsPH1Z2_4_data, i64 0, i64 %newIndex24

ST_5: vmStubsPH1Z2_5_data_2 (627)  [1/1] 0.00ns  loc: ../TrackletAlgorithm/VMRouter.hh:100
:11  %vmStubsPH1Z2_5_data_2 = getelementptr [64 x i18]* %vmStubsPH1Z2_5_data, i64 0, i64 %newIndex24

ST_5: vmStubsPH1Z2_6_data_2 (628)  [1/1] 0.00ns  loc: ../TrackletAlgorithm/VMRouter.hh:100
:12  %vmStubsPH1Z2_6_data_2 = getelementptr [64 x i18]* %vmStubsPH1Z2_6_data, i64 0, i64 %newIndex24

ST_5: vmStubsPH1Z2_7_data_2 (629)  [1/1] 0.00ns  loc: ../TrackletAlgorithm/VMRouter.hh:100
:13  %vmStubsPH1Z2_7_data_2 = getelementptr [64 x i18]* %vmStubsPH1Z2_7_data, i64 0, i64 %newIndex24

ST_5: vmStubsPH1Z2_8_data_2 (630)  [1/1] 0.00ns  loc: ../TrackletAlgorithm/VMRouter.hh:100
:14  %vmStubsPH1Z2_8_data_2 = getelementptr [64 x i18]* %vmStubsPH1Z2_8_data, i64 0, i64 %newIndex24

ST_5: tmp_34 (631)  [1/1] 0.00ns  loc: ../TrackletAlgorithm/HLSReducedStubLayer.hh:43->../TrackletAlgorithm/VMRouter.hh:100
:15  %tmp_34 = call i5 @_ssdm_op_PartSelect.i5.i36.i32.i32(i36 %HLSFullStubLayerPS_d, i32 31, i32 35)

ST_5: HLSReducedStubLayer_5 (632)  [1/1] 0.00ns  loc: ../TrackletAlgorithm/HLSReducedStubLayer.hh:43->../TrackletAlgorithm/VMRouter.hh:100
:16  %HLSReducedStubLayer_5 = call i18 @_ssdm_op_BitConcatenate.i18.i6.i5.i3.i4(i6 %p_0, i5 %tmp_34, i3 %redPhi_V, i4 %redZ_V)

ST_5: StgValue_451 (635)  [1/1] 2.27ns  loc: ../TrackletAlgorithm/VMRouter.hh:100
branch52:0  store i18 %HLSReducedStubLayer_5, i18* %vmStubsPH1Z2_7_data_2, align 4

ST_5: StgValue_452 (636)  [1/1] 0.00ns  loc: ../TrackletAlgorithm/VMRouter.hh:100
branch52:1  br label %14

ST_5: StgValue_453 (638)  [1/1] 2.27ns  loc: ../TrackletAlgorithm/VMRouter.hh:100
branch51:0  store i18 %HLSReducedStubLayer_5, i18* %vmStubsPH1Z2_6_data_2, align 4

ST_5: StgValue_454 (639)  [1/1] 0.00ns  loc: ../TrackletAlgorithm/VMRouter.hh:100
branch51:1  br label %14

ST_5: StgValue_455 (641)  [1/1] 2.27ns  loc: ../TrackletAlgorithm/VMRouter.hh:100
branch50:0  store i18 %HLSReducedStubLayer_5, i18* %vmStubsPH1Z2_5_data_2, align 4

ST_5: StgValue_456 (642)  [1/1] 0.00ns  loc: ../TrackletAlgorithm/VMRouter.hh:100
branch50:1  br label %14

ST_5: StgValue_457 (644)  [1/1] 2.27ns  loc: ../TrackletAlgorithm/VMRouter.hh:100
branch49:0  store i18 %HLSReducedStubLayer_5, i18* %vmStubsPH1Z2_4_data_2, align 4

ST_5: StgValue_458 (645)  [1/1] 0.00ns  loc: ../TrackletAlgorithm/VMRouter.hh:100
branch49:1  br label %14

ST_5: StgValue_459 (647)  [1/1] 2.27ns  loc: ../TrackletAlgorithm/VMRouter.hh:100
branch48:0  store i18 %HLSReducedStubLayer_5, i18* %vmStubsPH1Z2_3_data_2, align 4

ST_5: StgValue_460 (648)  [1/1] 0.00ns  loc: ../TrackletAlgorithm/VMRouter.hh:100
branch48:1  br label %14

ST_5: StgValue_461 (650)  [1/1] 2.27ns  loc: ../TrackletAlgorithm/VMRouter.hh:100
branch47:0  store i18 %HLSReducedStubLayer_5, i18* %vmStubsPH1Z2_2_data_2, align 4

ST_5: StgValue_462 (651)  [1/1] 0.00ns  loc: ../TrackletAlgorithm/VMRouter.hh:100
branch47:1  br label %14

ST_5: StgValue_463 (653)  [1/1] 2.27ns  loc: ../TrackletAlgorithm/VMRouter.hh:100
branch46:0  store i18 %HLSReducedStubLayer_5, i18* %vmStubsPH1Z2_1_data_2, align 4

ST_5: StgValue_464 (654)  [1/1] 0.00ns  loc: ../TrackletAlgorithm/VMRouter.hh:100
branch46:1  br label %14

ST_5: StgValue_465 (656)  [1/1] 2.27ns  loc: ../TrackletAlgorithm/VMRouter.hh:100
branch45:0  store i18 %HLSReducedStubLayer_5, i18* %vmStubsPH1Z2_0_data_2, align 4

ST_5: StgValue_466 (657)  [1/1] 0.00ns  loc: ../TrackletAlgorithm/VMRouter.hh:100
branch45:1  br label %14

ST_5: StgValue_467 (659)  [1/1] 2.27ns  loc: ../TrackletAlgorithm/VMRouter.hh:100
branch53:0  store i18 %HLSReducedStubLayer_5, i18* %vmStubsPH1Z2_8_data_2, align 4

ST_5: StgValue_468 (660)  [1/1] 0.00ns  loc: ../TrackletAlgorithm/VMRouter.hh:100
branch53:1  br label %14

ST_5: tmp_52 (667)  [1/1] 2.00ns  loc: ../TrackletAlgorithm/VMRouter.hh:118
_ZrsILi12ELb0EE11ap_int_baseIXT_EXT0_EXleT_Li64EEERKS1_i.exit._crit_edge:0  %tmp_52 = icmp eq i6 %p_0, -1

ST_5: index_V (668)  [1/1] 1.36ns  loc: ../TrackletAlgorithm/VMRouter.hh:118
_ZrsILi12ELb0EE11ap_int_baseIXT_EXT0_EXleT_Li64EEERKS1_i.exit._crit_edge:1  %index_V = add i6 %p_0, -1

ST_5: p_s (669)  [1/1] 0.00ns  loc: ../TrackletAlgorithm/VMRouter.hh:118 (grouped into LUT with out node index_V_2)
_ZrsILi12ELb0EE11ap_int_baseIXT_EXT0_EXleT_Li64EEERKS1_i.exit._crit_edge:2  %p_s = select i1 %tmp_52, i6 %index_V, i6 %p_0

ST_5: index_V_2 (670)  [1/1] 1.36ns  loc: ../TrackletAlgorithm/VMRouter.hh:119 (out node of the LUT)
_ZrsILi12ELb0EE11ap_int_baseIXT_EXT0_EXleT_Li64EEERKS1_i.exit._crit_edge:3  %index_V_2 = add i6 %p_s, 1

ST_5: empty_39 (671)  [1/1] 0.00ns  loc: ../TrackletAlgorithm/VMRouter.hh:124
_ZrsILi12ELb0EE11ap_int_baseIXT_EXT0_EXleT_Li64EEERKS1_i.exit._crit_edge:4  %empty_39 = call i32 (...)* @_ssdm_op_SpecRegionEnd([9 x i8]* @p_str9, i32 %tmp_31)

ST_5: StgValue_474 (672)  [1/1] 0.00ns  loc: ../TrackletAlgorithm/VMRouter.hh:35
_ZrsILi12ELb0EE11ap_int_baseIXT_EXT0_EXleT_Li64EEERKS1_i.exit._crit_edge:5  br label %1


 <State 6>: 0.00ns
ST_6: nPH4Z2_V_load_3 (674)  [1/1] 0.00ns  loc: ../TrackletAlgorithm/VMRouter.hh:125
.loopexit:0  %nPH4Z2_V_load_3 = load i6* %nPH4Z2_V

ST_6: nPH3Z2_V_load_3 (675)  [1/1] 0.00ns  loc: ../TrackletAlgorithm/VMRouter.hh:125
.loopexit:1  %nPH3Z2_V_load_3 = load i6* %nPH3Z2_V

ST_6: nPH2Z2_V_load41 (676)  [1/1] 0.00ns  loc: ../TrackletAlgorithm/VMRouter.hh:125
.loopexit:2  %nPH2Z2_V_load41 = load i6* %nPH2Z2_V

ST_6: nPH1Z2_V_load_3 (677)  [1/1] 0.00ns  loc: ../TrackletAlgorithm/VMRouter.hh:125
.loopexit:3  %nPH1Z2_V_load_3 = load i6* %nPH1Z2_V

ST_6: nPH4Z1_V_load_3 (678)  [1/1] 0.00ns  loc: ../TrackletAlgorithm/VMRouter.hh:125
.loopexit:4  %nPH4Z1_V_load_3 = load i6* %nPH4Z1_V

ST_6: nPH3Z1_V_load_3 (679)  [1/1] 0.00ns  loc: ../TrackletAlgorithm/VMRouter.hh:125
.loopexit:5  %nPH3Z1_V_load_3 = load i6* %nPH3Z1_V

ST_6: nPH2Z1_V_load_3 (680)  [1/1] 0.00ns  loc: ../TrackletAlgorithm/VMRouter.hh:125
.loopexit:6  %nPH2Z1_V_load_3 = load i6* %nPH2Z1_V

ST_6: nPH1Z1_V_load31 (681)  [1/1] 0.00ns  loc: ../TrackletAlgorithm/VMRouter.hh:125
.loopexit:7  %nPH1Z1_V_load31 = load i6* %nPH1Z1_V

ST_6: mrv (682)  [1/1] 0.00ns  loc: ../TrackletAlgorithm/VMRouter.hh:125
.loopexit:8  %mrv = insertvalue { i6, i6, i6, i6, i6, i6, i6, i6 } undef, i6 %nPH1Z1_V_load31, 0

ST_6: mrv_1 (683)  [1/1] 0.00ns  loc: ../TrackletAlgorithm/VMRouter.hh:125
.loopexit:9  %mrv_1 = insertvalue { i6, i6, i6, i6, i6, i6, i6, i6 } %mrv, i6 %nPH2Z1_V_load_3, 1

ST_6: mrv_2 (684)  [1/1] 0.00ns  loc: ../TrackletAlgorithm/VMRouter.hh:125
.loopexit:10  %mrv_2 = insertvalue { i6, i6, i6, i6, i6, i6, i6, i6 } %mrv_1, i6 %nPH3Z1_V_load_3, 2

ST_6: mrv_3 (685)  [1/1] 0.00ns  loc: ../TrackletAlgorithm/VMRouter.hh:125
.loopexit:11  %mrv_3 = insertvalue { i6, i6, i6, i6, i6, i6, i6, i6 } %mrv_2, i6 %nPH4Z1_V_load_3, 3

ST_6: mrv_4 (686)  [1/1] 0.00ns  loc: ../TrackletAlgorithm/VMRouter.hh:125
.loopexit:12  %mrv_4 = insertvalue { i6, i6, i6, i6, i6, i6, i6, i6 } %mrv_3, i6 %nPH1Z2_V_load_3, 4

ST_6: mrv_5 (687)  [1/1] 0.00ns  loc: ../TrackletAlgorithm/VMRouter.hh:125
.loopexit:13  %mrv_5 = insertvalue { i6, i6, i6, i6, i6, i6, i6, i6 } %mrv_4, i6 %nPH2Z2_V_load41, 5

ST_6: mrv_6 (688)  [1/1] 0.00ns  loc: ../TrackletAlgorithm/VMRouter.hh:125
.loopexit:14  %mrv_6 = insertvalue { i6, i6, i6, i6, i6, i6, i6, i6 } %mrv_5, i6 %nPH3Z2_V_load_3, 6

ST_6: mrv_7 (689)  [1/1] 0.00ns  loc: ../TrackletAlgorithm/VMRouter.hh:125
.loopexit:15  %mrv_7 = insertvalue { i6, i6, i6, i6, i6, i6, i6, i6 } %mrv_6, i6 %nPH4Z2_V_load_3, 7

ST_6: StgValue_491 (690)  [1/1] 0.00ns  loc: ../TrackletAlgorithm/VMRouter.hh:125
.loopexit:16  ret { i6, i6, i6, i6, i6, i6, i6, i6 } %mrv_7



============================================================
+ Verbose Summary: Timing violations
============================================================
Target clock period: 4ns, clock uncertainty: 0.5ns.

 <State 1>: 0.844ns
The critical path consists of the following:
	'alloca' operation ('nPH4Z2.V') [110]  (0 ns)
	'store' operation (../TrackletAlgorithm/VMRouter.hh:31) of variable 'nPH4Z2.V' on local variable 'nPH4Z2.V' [164]  (0.844 ns)

 <State 2>: 3.05ns
The critical path consists of the following:
	'phi' operation ('i') with incoming values : ('i', ../TrackletAlgorithm/VMRouter.hh:35) [168]  (0 ns)
	'add' operation ('sum1', ../TrackletAlgorithm/VMRouter.hh:35) [207]  (1.36 ns)

 <State 3>: 2.27ns
The critical path consists of the following:
	'getelementptr' operation ('stubsInLayer_8_data_3', ../TrackletAlgorithm/VMRouter.hh:35) [204]  (0 ns)
	'load' operation ('stubsInLayer_8_data_4', ../TrackletAlgorithm/VMRouter.hh:35) on array 'stubsInLayer_8_data' [205]  (2.27 ns)

 <State 4>: 3.42ns
The critical path consists of the following:
	'load' operation ('stubsInLayer_0_data_4', ../TrackletAlgorithm/VMRouter.hh:35) on array 'stubsInLayer_0_data' [189]  (2.27 ns)
	'mux' operation ('HLSFullStubLayerPS.data_.V', ../TrackletAlgorithm/VMRouter.hh:35) [206]  (1.15 ns)

 <State 5>: 3.36ns
The critical path consists of the following:
	'icmp' operation ('tmp_52', ../TrackletAlgorithm/VMRouter.hh:118) [667]  (2 ns)
	'select' operation ('p_s', ../TrackletAlgorithm/VMRouter.hh:118) [669]  (0 ns)
	'add' operation ('index.V', ../TrackletAlgorithm/VMRouter.hh:119) [670]  (1.36 ns)

 <State 6>: 0ns
The critical path consists of the following:


============================================================
+ Verbose Summary: Binding
============================================================
N/A
* FSMD analyzer results:
  - Output states:
 - Input state : 
  - Chain level:
	State 1
	State 2
	State 3
	State 4
	State 5
	State 6


============================================================
+ Verbose Summary: Datapath Resource usage 
============================================================
N/A
