

================================================================
== Vivado HLS Report for 'VMRouterDispatcher'
================================================================
* Date:           Tue Sep 12 10:23:47 2017

* Version:        2017.2 (Build 1909853 on Thu Jun 15 18:55:24 MDT 2017)
* Project:        vmrouter_2
* Solution:       solution2-nodependencies
* Product family: virtex7
* Target device:  xc7vx690tffg1927-2


================================================================
== Performance Estimates
================================================================
+ Timing (ns): 
    * Summary: 
    +--------+-------+----------+------------+
    |  Clock | Target| Estimated| Uncertainty|
    +--------+-------+----------+------------+
    |ap_clk  |   4.00|      3.31|        0.50|
    +--------+-------+----------+------------+

+ Latency (clock cycles): 
    * Summary: 
    +-----+-----+-----+-----+---------+
    |  Latency  |  Interval | Pipeline|
    | min | max | min | max |   Type  |
    +-----+-----+-----+-----+---------+
    |    6|   69|    7|   70|   none  |
    +-----+-----+-----+-----+---------+

    + Detail: 
        * Instance: 
        N/A

        * Loop: 
        N/A

============================================================
+ Verbose Summary: Synthesis Manager
============================================================
InlineROM: 1
ExposeGlobal: 0
============================================================
+ Verbose Summary: CDFG Model
============================================================
IsTopModel: 1
ResetActiveHigh: 1
IsCombinational: 0
IsDatapathOnly: 0
HasWiredReturn: 1
HasMFsm: 0
HasVarLatency: 1
IsPipeline: 0
IsRtlPipelined: 0
IsInstanceOverlapped: 0
IsDontTouch: 0
HasImplIP: 0
IsGatedGlobalClock: 0


============================================================
+ Verbose Summary: Schedule
============================================================
* Number of FSM states: 2
* Pipeline: 0
* Dataflow Pipeline: 0

* FSM state transitions: 
1 --> 
	2  / true
2 --> 
* FSM state operations: 

 <State 1>: 1.89ns
ST_1: curnStubs_0_read (192)  [1/1] 0.00ns  loc: ../TrackletAlgorithm/VMRouterDispatcher.cpp:63
:96  %curnStubs_0_read = call i32 @_ssdm_op_Read.ap_auto.i32P(i32* %curnStubs_0)

ST_1: curnPH1Z1_0_V_read (193)  [1/1] 0.00ns  loc: ../TrackletAlgorithm/VMRouterDispatcher.cpp:63
:97  %curnPH1Z1_0_V_read = call i6 @_ssdm_op_Read.ap_auto.i6P(i6* %curnPH1Z1_0_V)

ST_1: curnPH2Z1_0_V_read (194)  [1/1] 0.00ns  loc: ../TrackletAlgorithm/VMRouterDispatcher.cpp:63
:98  %curnPH2Z1_0_V_read = call i6 @_ssdm_op_Read.ap_auto.i6P(i6* %curnPH2Z1_0_V)

ST_1: curnPH3Z1_0_V_read (195)  [1/1] 0.00ns  loc: ../TrackletAlgorithm/VMRouterDispatcher.cpp:63
:99  %curnPH3Z1_0_V_read = call i6 @_ssdm_op_Read.ap_auto.i6P(i6* %curnPH3Z1_0_V)

ST_1: curnPH4Z1_0_V_read (196)  [1/1] 0.00ns  loc: ../TrackletAlgorithm/VMRouterDispatcher.cpp:63
:100  %curnPH4Z1_0_V_read = call i6 @_ssdm_op_Read.ap_auto.i6P(i6* %curnPH4Z1_0_V)

ST_1: curnPH1Z2_0_V_read (197)  [1/1] 0.00ns  loc: ../TrackletAlgorithm/VMRouterDispatcher.cpp:63
:101  %curnPH1Z2_0_V_read = call i6 @_ssdm_op_Read.ap_auto.i6P(i6* %curnPH1Z2_0_V)

ST_1: curnPH2Z2_0_V_read (198)  [1/1] 0.00ns  loc: ../TrackletAlgorithm/VMRouterDispatcher.cpp:63
:102  %curnPH2Z2_0_V_read = call i6 @_ssdm_op_Read.ap_auto.i6P(i6* %curnPH2Z2_0_V)

ST_1: curnPH3Z2_0_V_read (199)  [1/1] 0.00ns  loc: ../TrackletAlgorithm/VMRouterDispatcher.cpp:63
:103  %curnPH3Z2_0_V_read = call i6 @_ssdm_op_Read.ap_auto.i6P(i6* %curnPH3Z2_0_V)

ST_1: curnPH4Z2_0_V_read (200)  [1/1] 0.00ns  loc: ../TrackletAlgorithm/VMRouterDispatcher.cpp:63
:104  %curnPH4Z2_0_V_read = call i6 @_ssdm_op_Read.ap_auto.i6P(i6* %curnPH4Z2_0_V)

ST_1: tmp (201)  [2/2] 1.89ns  loc: ../TrackletAlgorithm/VMRouterDispatcher.cpp:63
:105  %tmp = call fastcc { i6, i6, i6, i6, i6, i6, i6, i6 } @VMRouter([64 x i36]* %curStubsInLayer_0_data_V, [64 x i36]* %curStubsInLayer_1_data_V, [64 x i36]* %curStubsInLayer_2_data_V, [64 x i36]* %curStubsInLayer_3_data_V, [64 x i36]* %curStubsInLayer_4_data_V, i10 0, [64 x i36]* %curAllStubs_0_data_V, [64 x i36]* %curAllStubs_1_data_V, [64 x i36]* %curAllStubs_2_data_V, [64 x i36]* %curAllStubs_3_data_V, [64 x i36]* %curAllStubs_4_data_V, i10 0, [64 x i18]* %curvmStubsPH1Z1_0_data_V, [64 x i18]* %curvmStubsPH1Z1_1_data_V, [64 x i18]* %curvmStubsPH1Z1_2_data_V, [64 x i18]* %curvmStubsPH1Z1_3_data_V, [64 x i18]* %curvmStubsPH1Z1_4_data_V, i10 0, [64 x i18]* %curvmStubsPH2Z1_0_data_V, [64 x i18]* %curvmStubsPH2Z1_1_data_V, [64 x i18]* %curvmStubsPH2Z1_2_data_V, [64 x i18]* %curvmStubsPH2Z1_3_data_V, [64 x i18]* %curvmStubsPH2Z1_4_data_V, i10 0, [64 x i18]* %curvmStubsPH3Z1_0_data_V, [64 x i18]* %curvmStubsPH3Z1_1_data_V, [64 x i18]* %curvmStubsPH3Z1_2_data_V, [64 x i18]* %curvmStubsPH3Z1_3_data_V, [64 x i18]* %curvmStubsPH3Z1_4_data_V, i10 0, [64 x i18]* %curvmStubsPH4Z1_0_data_V, [64 x i18]* %curvmStubsPH4Z1_1_data_V, [64 x i18]* %curvmStubsPH4Z1_2_data_V, [64 x i18]* %curvmStubsPH4Z1_3_data_V, [64 x i18]* %curvmStubsPH4Z1_4_data_V, i10 0, [64 x i18]* %curvmStubsPH1Z2_0_data_V, [64 x i18]* %curvmStubsPH1Z2_1_data_V, [64 x i18]* %curvmStubsPH1Z2_2_data_V, [64 x i18]* %curvmStubsPH1Z2_3_data_V, [64 x i18]* %curvmStubsPH1Z2_4_data_V, i10 0, [64 x i18]* %curvmStubsPH2Z2_0_data_V, [64 x i18]* %curvmStubsPH2Z2_1_data_V, [64 x i18]* %curvmStubsPH2Z2_2_data_V, [64 x i18]* %curvmStubsPH2Z2_3_data_V, [64 x i18]* %curvmStubsPH2Z2_4_data_V, i10 0, [64 x i18]* %curvmStubsPH3Z2_0_data_V, [64 x i18]* %curvmStubsPH3Z2_1_data_V, [64 x i18]* %curvmStubsPH3Z2_2_data_V, [64 x i18]* %curvmStubsPH3Z2_3_data_V, [64 x i18]* %curvmStubsPH3Z2_4_data_V, i10 0, [64 x i18]* %curvmStubsPH4Z2_0_data_V, [64 x i18]* %curvmStubsPH4Z2_1_data_V, [64 x i18]* %curvmStubsPH4Z2_2_data_V, [64 x i18]* %curvmStubsPH4Z2_3_data_V, [64 x i18]* %curvmStubsPH4Z2_4_data_V, i10 0, i32 %curnStubs_0_read, i6 %curnPH1Z1_0_V_read, i6 %curnPH2Z1_0_V_read, i6 %curnPH3Z1_0_V_read, i6 %curnPH4Z1_0_V_read, i6 %curnPH1Z2_0_V_read, i6 %curnPH2Z2_0_V_read, i6 %curnPH3Z2_0_V_read, i6 %curnPH4Z2_0_V_read)

ST_1: curnStubs_1_read (218)  [1/1] 0.00ns  loc: ../TrackletAlgorithm/VMRouterDispatcher.cpp:63
:122  %curnStubs_1_read = call i32 @_ssdm_op_Read.ap_auto.i32P(i32* %curnStubs_1)

ST_1: curnPH1Z1_1_V_read (219)  [1/1] 0.00ns  loc: ../TrackletAlgorithm/VMRouterDispatcher.cpp:63
:123  %curnPH1Z1_1_V_read = call i6 @_ssdm_op_Read.ap_auto.i6P(i6* %curnPH1Z1_1_V)

ST_1: curnPH2Z1_1_V_read (220)  [1/1] 0.00ns  loc: ../TrackletAlgorithm/VMRouterDispatcher.cpp:63
:124  %curnPH2Z1_1_V_read = call i6 @_ssdm_op_Read.ap_auto.i6P(i6* %curnPH2Z1_1_V)

ST_1: curnPH3Z1_1_V_read (221)  [1/1] 0.00ns  loc: ../TrackletAlgorithm/VMRouterDispatcher.cpp:63
:125  %curnPH3Z1_1_V_read = call i6 @_ssdm_op_Read.ap_auto.i6P(i6* %curnPH3Z1_1_V)

ST_1: curnPH4Z1_1_V_read (222)  [1/1] 0.00ns  loc: ../TrackletAlgorithm/VMRouterDispatcher.cpp:63
:126  %curnPH4Z1_1_V_read = call i6 @_ssdm_op_Read.ap_auto.i6P(i6* %curnPH4Z1_1_V)

ST_1: curnPH1Z2_1_V_read (223)  [1/1] 0.00ns  loc: ../TrackletAlgorithm/VMRouterDispatcher.cpp:63
:127  %curnPH1Z2_1_V_read = call i6 @_ssdm_op_Read.ap_auto.i6P(i6* %curnPH1Z2_1_V)

ST_1: curnPH2Z2_1_V_read (224)  [1/1] 0.00ns  loc: ../TrackletAlgorithm/VMRouterDispatcher.cpp:63
:128  %curnPH2Z2_1_V_read = call i6 @_ssdm_op_Read.ap_auto.i6P(i6* %curnPH2Z2_1_V)

ST_1: curnPH3Z2_1_V_read (225)  [1/1] 0.00ns  loc: ../TrackletAlgorithm/VMRouterDispatcher.cpp:63
:129  %curnPH3Z2_1_V_read = call i6 @_ssdm_op_Read.ap_auto.i6P(i6* %curnPH3Z2_1_V)

ST_1: curnPH4Z2_1_V_read (226)  [1/1] 0.00ns  loc: ../TrackletAlgorithm/VMRouterDispatcher.cpp:63
:130  %curnPH4Z2_1_V_read = call i6 @_ssdm_op_Read.ap_auto.i6P(i6* %curnPH4Z2_1_V)

ST_1: tmp_1 (227)  [2/2] 1.89ns  loc: ../TrackletAlgorithm/VMRouterDispatcher.cpp:63
:131  %tmp_1 = call fastcc { i6, i6, i6, i6, i6, i6, i6, i6 } @VMRouter([64 x i36]* %curStubsInLayer_0_data_V, [64 x i36]* %curStubsInLayer_1_data_V, [64 x i36]* %curStubsInLayer_2_data_V, [64 x i36]* %curStubsInLayer_3_data_V, [64 x i36]* %curStubsInLayer_4_data_V, i10 64, [64 x i36]* %curAllStubs_0_data_V, [64 x i36]* %curAllStubs_1_data_V, [64 x i36]* %curAllStubs_2_data_V, [64 x i36]* %curAllStubs_3_data_V, [64 x i36]* %curAllStubs_4_data_V, i10 64, [64 x i18]* %curvmStubsPH1Z1_0_data_V, [64 x i18]* %curvmStubsPH1Z1_1_data_V, [64 x i18]* %curvmStubsPH1Z1_2_data_V, [64 x i18]* %curvmStubsPH1Z1_3_data_V, [64 x i18]* %curvmStubsPH1Z1_4_data_V, i10 64, [64 x i18]* %curvmStubsPH2Z1_0_data_V, [64 x i18]* %curvmStubsPH2Z1_1_data_V, [64 x i18]* %curvmStubsPH2Z1_2_data_V, [64 x i18]* %curvmStubsPH2Z1_3_data_V, [64 x i18]* %curvmStubsPH2Z1_4_data_V, i10 64, [64 x i18]* %curvmStubsPH3Z1_0_data_V, [64 x i18]* %curvmStubsPH3Z1_1_data_V, [64 x i18]* %curvmStubsPH3Z1_2_data_V, [64 x i18]* %curvmStubsPH3Z1_3_data_V, [64 x i18]* %curvmStubsPH3Z1_4_data_V, i10 64, [64 x i18]* %curvmStubsPH4Z1_0_data_V, [64 x i18]* %curvmStubsPH4Z1_1_data_V, [64 x i18]* %curvmStubsPH4Z1_2_data_V, [64 x i18]* %curvmStubsPH4Z1_3_data_V, [64 x i18]* %curvmStubsPH4Z1_4_data_V, i10 64, [64 x i18]* %curvmStubsPH1Z2_0_data_V, [64 x i18]* %curvmStubsPH1Z2_1_data_V, [64 x i18]* %curvmStubsPH1Z2_2_data_V, [64 x i18]* %curvmStubsPH1Z2_3_data_V, [64 x i18]* %curvmStubsPH1Z2_4_data_V, i10 64, [64 x i18]* %curvmStubsPH2Z2_0_data_V, [64 x i18]* %curvmStubsPH2Z2_1_data_V, [64 x i18]* %curvmStubsPH2Z2_2_data_V, [64 x i18]* %curvmStubsPH2Z2_3_data_V, [64 x i18]* %curvmStubsPH2Z2_4_data_V, i10 64, [64 x i18]* %curvmStubsPH3Z2_0_data_V, [64 x i18]* %curvmStubsPH3Z2_1_data_V, [64 x i18]* %curvmStubsPH3Z2_2_data_V, [64 x i18]* %curvmStubsPH3Z2_3_data_V, [64 x i18]* %curvmStubsPH3Z2_4_data_V, i10 64, [64 x i18]* %curvmStubsPH4Z2_0_data_V, [64 x i18]* %curvmStubsPH4Z2_1_data_V, [64 x i18]* %curvmStubsPH4Z2_2_data_V, [64 x i18]* %curvmStubsPH4Z2_3_data_V, [64 x i18]* %curvmStubsPH4Z2_4_data_V, i10 64, i32 %curnStubs_1_read, i6 %curnPH1Z1_1_V_read, i6 %curnPH2Z1_1_V_read, i6 %curnPH3Z1_1_V_read, i6 %curnPH4Z1_1_V_read, i6 %curnPH1Z2_1_V_read, i6 %curnPH2Z2_1_V_read, i6 %curnPH3Z2_1_V_read, i6 %curnPH4Z2_1_V_read)

ST_1: curnStubs_2_read (244)  [1/1] 0.00ns  loc: ../TrackletAlgorithm/VMRouterDispatcher.cpp:63
:148  %curnStubs_2_read = call i32 @_ssdm_op_Read.ap_auto.i32P(i32* %curnStubs_2)

ST_1: curnPH1Z1_2_V_read (245)  [1/1] 0.00ns  loc: ../TrackletAlgorithm/VMRouterDispatcher.cpp:63
:149  %curnPH1Z1_2_V_read = call i6 @_ssdm_op_Read.ap_auto.i6P(i6* %curnPH1Z1_2_V)

ST_1: curnPH2Z1_2_V_read (246)  [1/1] 0.00ns  loc: ../TrackletAlgorithm/VMRouterDispatcher.cpp:63
:150  %curnPH2Z1_2_V_read = call i6 @_ssdm_op_Read.ap_auto.i6P(i6* %curnPH2Z1_2_V)

ST_1: curnPH3Z1_2_V_read (247)  [1/1] 0.00ns  loc: ../TrackletAlgorithm/VMRouterDispatcher.cpp:63
:151  %curnPH3Z1_2_V_read = call i6 @_ssdm_op_Read.ap_auto.i6P(i6* %curnPH3Z1_2_V)

ST_1: curnPH4Z1_2_V_read (248)  [1/1] 0.00ns  loc: ../TrackletAlgorithm/VMRouterDispatcher.cpp:63
:152  %curnPH4Z1_2_V_read = call i6 @_ssdm_op_Read.ap_auto.i6P(i6* %curnPH4Z1_2_V)

ST_1: curnPH1Z2_2_V_read (249)  [1/1] 0.00ns  loc: ../TrackletAlgorithm/VMRouterDispatcher.cpp:63
:153  %curnPH1Z2_2_V_read = call i6 @_ssdm_op_Read.ap_auto.i6P(i6* %curnPH1Z2_2_V)

ST_1: curnPH2Z2_2_V_read (250)  [1/1] 0.00ns  loc: ../TrackletAlgorithm/VMRouterDispatcher.cpp:63
:154  %curnPH2Z2_2_V_read = call i6 @_ssdm_op_Read.ap_auto.i6P(i6* %curnPH2Z2_2_V)

ST_1: curnPH3Z2_2_V_read (251)  [1/1] 0.00ns  loc: ../TrackletAlgorithm/VMRouterDispatcher.cpp:63
:155  %curnPH3Z2_2_V_read = call i6 @_ssdm_op_Read.ap_auto.i6P(i6* %curnPH3Z2_2_V)

ST_1: curnPH4Z2_2_V_read (252)  [1/1] 0.00ns  loc: ../TrackletAlgorithm/VMRouterDispatcher.cpp:63
:156  %curnPH4Z2_2_V_read = call i6 @_ssdm_op_Read.ap_auto.i6P(i6* %curnPH4Z2_2_V)

ST_1: tmp_2 (253)  [2/2] 1.89ns  loc: ../TrackletAlgorithm/VMRouterDispatcher.cpp:63
:157  %tmp_2 = call fastcc { i6, i6, i6, i6, i6, i6, i6, i6 } @VMRouter([64 x i36]* %curStubsInLayer_0_data_V, [64 x i36]* %curStubsInLayer_1_data_V, [64 x i36]* %curStubsInLayer_2_data_V, [64 x i36]* %curStubsInLayer_3_data_V, [64 x i36]* %curStubsInLayer_4_data_V, i10 128, [64 x i36]* %curAllStubs_0_data_V, [64 x i36]* %curAllStubs_1_data_V, [64 x i36]* %curAllStubs_2_data_V, [64 x i36]* %curAllStubs_3_data_V, [64 x i36]* %curAllStubs_4_data_V, i10 128, [64 x i18]* %curvmStubsPH1Z1_0_data_V, [64 x i18]* %curvmStubsPH1Z1_1_data_V, [64 x i18]* %curvmStubsPH1Z1_2_data_V, [64 x i18]* %curvmStubsPH1Z1_3_data_V, [64 x i18]* %curvmStubsPH1Z1_4_data_V, i10 128, [64 x i18]* %curvmStubsPH2Z1_0_data_V, [64 x i18]* %curvmStubsPH2Z1_1_data_V, [64 x i18]* %curvmStubsPH2Z1_2_data_V, [64 x i18]* %curvmStubsPH2Z1_3_data_V, [64 x i18]* %curvmStubsPH2Z1_4_data_V, i10 128, [64 x i18]* %curvmStubsPH3Z1_0_data_V, [64 x i18]* %curvmStubsPH3Z1_1_data_V, [64 x i18]* %curvmStubsPH3Z1_2_data_V, [64 x i18]* %curvmStubsPH3Z1_3_data_V, [64 x i18]* %curvmStubsPH3Z1_4_data_V, i10 128, [64 x i18]* %curvmStubsPH4Z1_0_data_V, [64 x i18]* %curvmStubsPH4Z1_1_data_V, [64 x i18]* %curvmStubsPH4Z1_2_data_V, [64 x i18]* %curvmStubsPH4Z1_3_data_V, [64 x i18]* %curvmStubsPH4Z1_4_data_V, i10 128, [64 x i18]* %curvmStubsPH1Z2_0_data_V, [64 x i18]* %curvmStubsPH1Z2_1_data_V, [64 x i18]* %curvmStubsPH1Z2_2_data_V, [64 x i18]* %curvmStubsPH1Z2_3_data_V, [64 x i18]* %curvmStubsPH1Z2_4_data_V, i10 128, [64 x i18]* %curvmStubsPH2Z2_0_data_V, [64 x i18]* %curvmStubsPH2Z2_1_data_V, [64 x i18]* %curvmStubsPH2Z2_2_data_V, [64 x i18]* %curvmStubsPH2Z2_3_data_V, [64 x i18]* %curvmStubsPH2Z2_4_data_V, i10 128, [64 x i18]* %curvmStubsPH3Z2_0_data_V, [64 x i18]* %curvmStubsPH3Z2_1_data_V, [64 x i18]* %curvmStubsPH3Z2_2_data_V, [64 x i18]* %curvmStubsPH3Z2_3_data_V, [64 x i18]* %curvmStubsPH3Z2_4_data_V, i10 128, [64 x i18]* %curvmStubsPH4Z2_0_data_V, [64 x i18]* %curvmStubsPH4Z2_1_data_V, [64 x i18]* %curvmStubsPH4Z2_2_data_V, [64 x i18]* %curvmStubsPH4Z2_3_data_V, [64 x i18]* %curvmStubsPH4Z2_4_data_V, i10 128, i32 %curnStubs_2_read, i6 %curnPH1Z1_2_V_read, i6 %curnPH2Z1_2_V_read, i6 %curnPH3Z1_2_V_read, i6 %curnPH4Z1_2_V_read, i6 %curnPH1Z2_2_V_read, i6 %curnPH2Z2_2_V_read, i6 %curnPH3Z2_2_V_read, i6 %curnPH4Z2_2_V_read)

ST_1: curnStubs_3_read (270)  [1/1] 0.00ns  loc: ../TrackletAlgorithm/VMRouterDispatcher.cpp:63
:174  %curnStubs_3_read = call i32 @_ssdm_op_Read.ap_auto.i32P(i32* %curnStubs_3)

ST_1: curnPH1Z1_3_V_read (271)  [1/1] 0.00ns  loc: ../TrackletAlgorithm/VMRouterDispatcher.cpp:63
:175  %curnPH1Z1_3_V_read = call i6 @_ssdm_op_Read.ap_auto.i6P(i6* %curnPH1Z1_3_V)

ST_1: curnPH2Z1_3_V_read (272)  [1/1] 0.00ns  loc: ../TrackletAlgorithm/VMRouterDispatcher.cpp:63
:176  %curnPH2Z1_3_V_read = call i6 @_ssdm_op_Read.ap_auto.i6P(i6* %curnPH2Z1_3_V)

ST_1: curnPH3Z1_3_V_read (273)  [1/1] 0.00ns  loc: ../TrackletAlgorithm/VMRouterDispatcher.cpp:63
:177  %curnPH3Z1_3_V_read = call i6 @_ssdm_op_Read.ap_auto.i6P(i6* %curnPH3Z1_3_V)

ST_1: curnPH4Z1_3_V_read (274)  [1/1] 0.00ns  loc: ../TrackletAlgorithm/VMRouterDispatcher.cpp:63
:178  %curnPH4Z1_3_V_read = call i6 @_ssdm_op_Read.ap_auto.i6P(i6* %curnPH4Z1_3_V)

ST_1: curnPH1Z2_3_V_read (275)  [1/1] 0.00ns  loc: ../TrackletAlgorithm/VMRouterDispatcher.cpp:63
:179  %curnPH1Z2_3_V_read = call i6 @_ssdm_op_Read.ap_auto.i6P(i6* %curnPH1Z2_3_V)

ST_1: curnPH2Z2_3_V_read (276)  [1/1] 0.00ns  loc: ../TrackletAlgorithm/VMRouterDispatcher.cpp:63
:180  %curnPH2Z2_3_V_read = call i6 @_ssdm_op_Read.ap_auto.i6P(i6* %curnPH2Z2_3_V)

ST_1: curnPH3Z2_3_V_read (277)  [1/1] 0.00ns  loc: ../TrackletAlgorithm/VMRouterDispatcher.cpp:63
:181  %curnPH3Z2_3_V_read = call i6 @_ssdm_op_Read.ap_auto.i6P(i6* %curnPH3Z2_3_V)

ST_1: curnPH4Z2_3_V_read (278)  [1/1] 0.00ns  loc: ../TrackletAlgorithm/VMRouterDispatcher.cpp:63
:182  %curnPH4Z2_3_V_read = call i6 @_ssdm_op_Read.ap_auto.i6P(i6* %curnPH4Z2_3_V)

ST_1: tmp_3 (279)  [2/2] 1.89ns  loc: ../TrackletAlgorithm/VMRouterDispatcher.cpp:63
:183  %tmp_3 = call fastcc { i6, i6, i6, i6, i6, i6, i6, i6 } @VMRouter([64 x i36]* %curStubsInLayer_0_data_V, [64 x i36]* %curStubsInLayer_1_data_V, [64 x i36]* %curStubsInLayer_2_data_V, [64 x i36]* %curStubsInLayer_3_data_V, [64 x i36]* %curStubsInLayer_4_data_V, i10 192, [64 x i36]* %curAllStubs_0_data_V, [64 x i36]* %curAllStubs_1_data_V, [64 x i36]* %curAllStubs_2_data_V, [64 x i36]* %curAllStubs_3_data_V, [64 x i36]* %curAllStubs_4_data_V, i10 192, [64 x i18]* %curvmStubsPH1Z1_0_data_V, [64 x i18]* %curvmStubsPH1Z1_1_data_V, [64 x i18]* %curvmStubsPH1Z1_2_data_V, [64 x i18]* %curvmStubsPH1Z1_3_data_V, [64 x i18]* %curvmStubsPH1Z1_4_data_V, i10 192, [64 x i18]* %curvmStubsPH2Z1_0_data_V, [64 x i18]* %curvmStubsPH2Z1_1_data_V, [64 x i18]* %curvmStubsPH2Z1_2_data_V, [64 x i18]* %curvmStubsPH2Z1_3_data_V, [64 x i18]* %curvmStubsPH2Z1_4_data_V, i10 192, [64 x i18]* %curvmStubsPH3Z1_0_data_V, [64 x i18]* %curvmStubsPH3Z1_1_data_V, [64 x i18]* %curvmStubsPH3Z1_2_data_V, [64 x i18]* %curvmStubsPH3Z1_3_data_V, [64 x i18]* %curvmStubsPH3Z1_4_data_V, i10 192, [64 x i18]* %curvmStubsPH4Z1_0_data_V, [64 x i18]* %curvmStubsPH4Z1_1_data_V, [64 x i18]* %curvmStubsPH4Z1_2_data_V, [64 x i18]* %curvmStubsPH4Z1_3_data_V, [64 x i18]* %curvmStubsPH4Z1_4_data_V, i10 192, [64 x i18]* %curvmStubsPH1Z2_0_data_V, [64 x i18]* %curvmStubsPH1Z2_1_data_V, [64 x i18]* %curvmStubsPH1Z2_2_data_V, [64 x i18]* %curvmStubsPH1Z2_3_data_V, [64 x i18]* %curvmStubsPH1Z2_4_data_V, i10 192, [64 x i18]* %curvmStubsPH2Z2_0_data_V, [64 x i18]* %curvmStubsPH2Z2_1_data_V, [64 x i18]* %curvmStubsPH2Z2_2_data_V, [64 x i18]* %curvmStubsPH2Z2_3_data_V, [64 x i18]* %curvmStubsPH2Z2_4_data_V, i10 192, [64 x i18]* %curvmStubsPH3Z2_0_data_V, [64 x i18]* %curvmStubsPH3Z2_1_data_V, [64 x i18]* %curvmStubsPH3Z2_2_data_V, [64 x i18]* %curvmStubsPH3Z2_3_data_V, [64 x i18]* %curvmStubsPH3Z2_4_data_V, i10 192, [64 x i18]* %curvmStubsPH4Z2_0_data_V, [64 x i18]* %curvmStubsPH4Z2_1_data_V, [64 x i18]* %curvmStubsPH4Z2_2_data_V, [64 x i18]* %curvmStubsPH4Z2_3_data_V, [64 x i18]* %curvmStubsPH4Z2_4_data_V, i10 192, i32 %curnStubs_3_read, i6 %curnPH1Z1_3_V_read, i6 %curnPH2Z1_3_V_read, i6 %curnPH3Z1_3_V_read, i6 %curnPH4Z1_3_V_read, i6 %curnPH1Z2_3_V_read, i6 %curnPH2Z2_3_V_read, i6 %curnPH3Z2_3_V_read, i6 %curnPH4Z2_3_V_read)

ST_1: curnStubs_4_read (296)  [1/1] 0.00ns  loc: ../TrackletAlgorithm/VMRouterDispatcher.cpp:63
:200  %curnStubs_4_read = call i32 @_ssdm_op_Read.ap_auto.i32P(i32* %curnStubs_4)

ST_1: curnPH1Z1_4_V_read (297)  [1/1] 0.00ns  loc: ../TrackletAlgorithm/VMRouterDispatcher.cpp:63
:201  %curnPH1Z1_4_V_read = call i6 @_ssdm_op_Read.ap_auto.i6P(i6* %curnPH1Z1_4_V)

ST_1: curnPH2Z1_4_V_read (298)  [1/1] 0.00ns  loc: ../TrackletAlgorithm/VMRouterDispatcher.cpp:63
:202  %curnPH2Z1_4_V_read = call i6 @_ssdm_op_Read.ap_auto.i6P(i6* %curnPH2Z1_4_V)

ST_1: curnPH3Z1_4_V_read (299)  [1/1] 0.00ns  loc: ../TrackletAlgorithm/VMRouterDispatcher.cpp:63
:203  %curnPH3Z1_4_V_read = call i6 @_ssdm_op_Read.ap_auto.i6P(i6* %curnPH3Z1_4_V)

ST_1: curnPH4Z1_4_V_read (300)  [1/1] 0.00ns  loc: ../TrackletAlgorithm/VMRouterDispatcher.cpp:63
:204  %curnPH4Z1_4_V_read = call i6 @_ssdm_op_Read.ap_auto.i6P(i6* %curnPH4Z1_4_V)

ST_1: curnPH1Z2_4_V_read (301)  [1/1] 0.00ns  loc: ../TrackletAlgorithm/VMRouterDispatcher.cpp:63
:205  %curnPH1Z2_4_V_read = call i6 @_ssdm_op_Read.ap_auto.i6P(i6* %curnPH1Z2_4_V)

ST_1: curnPH2Z2_4_V_read (302)  [1/1] 0.00ns  loc: ../TrackletAlgorithm/VMRouterDispatcher.cpp:63
:206  %curnPH2Z2_4_V_read = call i6 @_ssdm_op_Read.ap_auto.i6P(i6* %curnPH2Z2_4_V)

ST_1: curnPH3Z2_4_V_read (303)  [1/1] 0.00ns  loc: ../TrackletAlgorithm/VMRouterDispatcher.cpp:63
:207  %curnPH3Z2_4_V_read = call i6 @_ssdm_op_Read.ap_auto.i6P(i6* %curnPH3Z2_4_V)

ST_1: curnPH4Z2_4_V_read (304)  [1/1] 0.00ns  loc: ../TrackletAlgorithm/VMRouterDispatcher.cpp:63
:208  %curnPH4Z2_4_V_read = call i6 @_ssdm_op_Read.ap_auto.i6P(i6* %curnPH4Z2_4_V)

ST_1: tmp_4 (305)  [2/2] 1.89ns  loc: ../TrackletAlgorithm/VMRouterDispatcher.cpp:63
:209  %tmp_4 = call fastcc { i6, i6, i6, i6, i6, i6, i6, i6 } @VMRouter([64 x i36]* %curStubsInLayer_0_data_V, [64 x i36]* %curStubsInLayer_1_data_V, [64 x i36]* %curStubsInLayer_2_data_V, [64 x i36]* %curStubsInLayer_3_data_V, [64 x i36]* %curStubsInLayer_4_data_V, i10 256, [64 x i36]* %curAllStubs_0_data_V, [64 x i36]* %curAllStubs_1_data_V, [64 x i36]* %curAllStubs_2_data_V, [64 x i36]* %curAllStubs_3_data_V, [64 x i36]* %curAllStubs_4_data_V, i10 256, [64 x i18]* %curvmStubsPH1Z1_0_data_V, [64 x i18]* %curvmStubsPH1Z1_1_data_V, [64 x i18]* %curvmStubsPH1Z1_2_data_V, [64 x i18]* %curvmStubsPH1Z1_3_data_V, [64 x i18]* %curvmStubsPH1Z1_4_data_V, i10 256, [64 x i18]* %curvmStubsPH2Z1_0_data_V, [64 x i18]* %curvmStubsPH2Z1_1_data_V, [64 x i18]* %curvmStubsPH2Z1_2_data_V, [64 x i18]* %curvmStubsPH2Z1_3_data_V, [64 x i18]* %curvmStubsPH2Z1_4_data_V, i10 256, [64 x i18]* %curvmStubsPH3Z1_0_data_V, [64 x i18]* %curvmStubsPH3Z1_1_data_V, [64 x i18]* %curvmStubsPH3Z1_2_data_V, [64 x i18]* %curvmStubsPH3Z1_3_data_V, [64 x i18]* %curvmStubsPH3Z1_4_data_V, i10 256, [64 x i18]* %curvmStubsPH4Z1_0_data_V, [64 x i18]* %curvmStubsPH4Z1_1_data_V, [64 x i18]* %curvmStubsPH4Z1_2_data_V, [64 x i18]* %curvmStubsPH4Z1_3_data_V, [64 x i18]* %curvmStubsPH4Z1_4_data_V, i10 256, [64 x i18]* %curvmStubsPH1Z2_0_data_V, [64 x i18]* %curvmStubsPH1Z2_1_data_V, [64 x i18]* %curvmStubsPH1Z2_2_data_V, [64 x i18]* %curvmStubsPH1Z2_3_data_V, [64 x i18]* %curvmStubsPH1Z2_4_data_V, i10 256, [64 x i18]* %curvmStubsPH2Z2_0_data_V, [64 x i18]* %curvmStubsPH2Z2_1_data_V, [64 x i18]* %curvmStubsPH2Z2_2_data_V, [64 x i18]* %curvmStubsPH2Z2_3_data_V, [64 x i18]* %curvmStubsPH2Z2_4_data_V, i10 256, [64 x i18]* %curvmStubsPH3Z2_0_data_V, [64 x i18]* %curvmStubsPH3Z2_1_data_V, [64 x i18]* %curvmStubsPH3Z2_2_data_V, [64 x i18]* %curvmStubsPH3Z2_3_data_V, [64 x i18]* %curvmStubsPH3Z2_4_data_V, i10 256, [64 x i18]* %curvmStubsPH4Z2_0_data_V, [64 x i18]* %curvmStubsPH4Z2_1_data_V, [64 x i18]* %curvmStubsPH4Z2_2_data_V, [64 x i18]* %curvmStubsPH4Z2_3_data_V, [64 x i18]* %curvmStubsPH4Z2_4_data_V, i10 256, i32 %curnStubs_4_read, i6 %curnPH1Z1_4_V_read, i6 %curnPH2Z1_4_V_read, i6 %curnPH3Z1_4_V_read, i6 %curnPH4Z1_4_V_read, i6 %curnPH1Z2_4_V_read, i6 %curnPH2Z2_4_V_read, i6 %curnPH3Z2_4_V_read, i6 %curnPH4Z2_4_V_read)


 <State 2>: 0.00ns
ST_2: StgValue_53 (96)  [1/1] 0.00ns
:0  call void (...)* @_ssdm_op_SpecBitsMap(i6* %curnPH4Z2_4_V), !map !115

ST_2: StgValue_54 (97)  [1/1] 0.00ns
:1  call void (...)* @_ssdm_op_SpecBitsMap(i6* %curnPH4Z2_3_V), !map !121

ST_2: StgValue_55 (98)  [1/1] 0.00ns
:2  call void (...)* @_ssdm_op_SpecBitsMap(i6* %curnPH4Z2_2_V), !map !127

ST_2: StgValue_56 (99)  [1/1] 0.00ns
:3  call void (...)* @_ssdm_op_SpecBitsMap(i6* %curnPH4Z2_1_V), !map !133

ST_2: StgValue_57 (100)  [1/1] 0.00ns
:4  call void (...)* @_ssdm_op_SpecBitsMap(i6* %curnPH4Z2_0_V), !map !139

ST_2: StgValue_58 (101)  [1/1] 0.00ns
:5  call void (...)* @_ssdm_op_SpecBitsMap(i6* %curnPH3Z2_4_V), !map !145

ST_2: StgValue_59 (102)  [1/1] 0.00ns
:6  call void (...)* @_ssdm_op_SpecBitsMap(i6* %curnPH3Z2_3_V), !map !149

ST_2: StgValue_60 (103)  [1/1] 0.00ns
:7  call void (...)* @_ssdm_op_SpecBitsMap(i6* %curnPH3Z2_2_V), !map !153

ST_2: StgValue_61 (104)  [1/1] 0.00ns
:8  call void (...)* @_ssdm_op_SpecBitsMap(i6* %curnPH3Z2_1_V), !map !157

ST_2: StgValue_62 (105)  [1/1] 0.00ns
:9  call void (...)* @_ssdm_op_SpecBitsMap(i6* %curnPH3Z2_0_V), !map !161

ST_2: StgValue_63 (106)  [1/1] 0.00ns
:10  call void (...)* @_ssdm_op_SpecBitsMap(i6* %curnPH2Z2_4_V), !map !165

ST_2: StgValue_64 (107)  [1/1] 0.00ns
:11  call void (...)* @_ssdm_op_SpecBitsMap(i6* %curnPH2Z2_3_V), !map !169

ST_2: StgValue_65 (108)  [1/1] 0.00ns
:12  call void (...)* @_ssdm_op_SpecBitsMap(i6* %curnPH2Z2_2_V), !map !173

ST_2: StgValue_66 (109)  [1/1] 0.00ns
:13  call void (...)* @_ssdm_op_SpecBitsMap(i6* %curnPH2Z2_1_V), !map !177

ST_2: StgValue_67 (110)  [1/1] 0.00ns
:14  call void (...)* @_ssdm_op_SpecBitsMap(i6* %curnPH2Z2_0_V), !map !181

ST_2: StgValue_68 (111)  [1/1] 0.00ns
:15  call void (...)* @_ssdm_op_SpecBitsMap(i6* %curnPH1Z2_4_V), !map !185

ST_2: StgValue_69 (112)  [1/1] 0.00ns
:16  call void (...)* @_ssdm_op_SpecBitsMap(i6* %curnPH1Z2_3_V), !map !189

ST_2: StgValue_70 (113)  [1/1] 0.00ns
:17  call void (...)* @_ssdm_op_SpecBitsMap(i6* %curnPH1Z2_2_V), !map !193

ST_2: StgValue_71 (114)  [1/1] 0.00ns
:18  call void (...)* @_ssdm_op_SpecBitsMap(i6* %curnPH1Z2_1_V), !map !197

ST_2: StgValue_72 (115)  [1/1] 0.00ns
:19  call void (...)* @_ssdm_op_SpecBitsMap(i6* %curnPH1Z2_0_V), !map !201

ST_2: StgValue_73 (116)  [1/1] 0.00ns
:20  call void (...)* @_ssdm_op_SpecBitsMap(i6* %curnPH4Z1_4_V), !map !205

ST_2: StgValue_74 (117)  [1/1] 0.00ns
:21  call void (...)* @_ssdm_op_SpecBitsMap(i6* %curnPH4Z1_3_V), !map !209

ST_2: StgValue_75 (118)  [1/1] 0.00ns
:22  call void (...)* @_ssdm_op_SpecBitsMap(i6* %curnPH4Z1_2_V), !map !213

ST_2: StgValue_76 (119)  [1/1] 0.00ns
:23  call void (...)* @_ssdm_op_SpecBitsMap(i6* %curnPH4Z1_1_V), !map !217

ST_2: StgValue_77 (120)  [1/1] 0.00ns
:24  call void (...)* @_ssdm_op_SpecBitsMap(i6* %curnPH4Z1_0_V), !map !221

ST_2: StgValue_78 (121)  [1/1] 0.00ns
:25  call void (...)* @_ssdm_op_SpecBitsMap(i6* %curnPH3Z1_4_V), !map !225

ST_2: StgValue_79 (122)  [1/1] 0.00ns
:26  call void (...)* @_ssdm_op_SpecBitsMap(i6* %curnPH3Z1_3_V), !map !229

ST_2: StgValue_80 (123)  [1/1] 0.00ns
:27  call void (...)* @_ssdm_op_SpecBitsMap(i6* %curnPH3Z1_2_V), !map !233

ST_2: StgValue_81 (124)  [1/1] 0.00ns
:28  call void (...)* @_ssdm_op_SpecBitsMap(i6* %curnPH3Z1_1_V), !map !237

ST_2: StgValue_82 (125)  [1/1] 0.00ns
:29  call void (...)* @_ssdm_op_SpecBitsMap(i6* %curnPH3Z1_0_V), !map !241

ST_2: StgValue_83 (126)  [1/1] 0.00ns
:30  call void (...)* @_ssdm_op_SpecBitsMap(i6* %curnPH2Z1_4_V), !map !245

ST_2: StgValue_84 (127)  [1/1] 0.00ns
:31  call void (...)* @_ssdm_op_SpecBitsMap(i6* %curnPH2Z1_3_V), !map !249

ST_2: StgValue_85 (128)  [1/1] 0.00ns
:32  call void (...)* @_ssdm_op_SpecBitsMap(i6* %curnPH2Z1_2_V), !map !253

ST_2: StgValue_86 (129)  [1/1] 0.00ns
:33  call void (...)* @_ssdm_op_SpecBitsMap(i6* %curnPH2Z1_1_V), !map !257

ST_2: StgValue_87 (130)  [1/1] 0.00ns
:34  call void (...)* @_ssdm_op_SpecBitsMap(i6* %curnPH2Z1_0_V), !map !261

ST_2: StgValue_88 (131)  [1/1] 0.00ns
:35  call void (...)* @_ssdm_op_SpecBitsMap(i6* %curnPH1Z1_4_V), !map !265

ST_2: StgValue_89 (132)  [1/1] 0.00ns
:36  call void (...)* @_ssdm_op_SpecBitsMap(i6* %curnPH1Z1_3_V), !map !269

ST_2: StgValue_90 (133)  [1/1] 0.00ns
:37  call void (...)* @_ssdm_op_SpecBitsMap(i6* %curnPH1Z1_2_V), !map !273

ST_2: StgValue_91 (134)  [1/1] 0.00ns
:38  call void (...)* @_ssdm_op_SpecBitsMap(i6* %curnPH1Z1_1_V), !map !277

ST_2: StgValue_92 (135)  [1/1] 0.00ns
:39  call void (...)* @_ssdm_op_SpecBitsMap(i6* %curnPH1Z1_0_V), !map !281

ST_2: StgValue_93 (136)  [1/1] 0.00ns
:40  call void (...)* @_ssdm_op_SpecBitsMap(i32* %curnStubs_4), !map !285

ST_2: StgValue_94 (137)  [1/1] 0.00ns
:41  call void (...)* @_ssdm_op_SpecBitsMap(i32* %curnStubs_3), !map !289

ST_2: StgValue_95 (138)  [1/1] 0.00ns
:42  call void (...)* @_ssdm_op_SpecBitsMap(i32* %curnStubs_2), !map !293

ST_2: StgValue_96 (139)  [1/1] 0.00ns
:43  call void (...)* @_ssdm_op_SpecBitsMap(i32* %curnStubs_1), !map !297

ST_2: StgValue_97 (140)  [1/1] 0.00ns
:44  call void (...)* @_ssdm_op_SpecBitsMap(i32* %curnStubs_0), !map !301

ST_2: StgValue_98 (141)  [1/1] 0.00ns
:45  call void (...)* @_ssdm_op_SpecBitsMap([64 x i18]* %curvmStubsPH4Z2_4_data_V), !map !305

ST_2: StgValue_99 (142)  [1/1] 0.00ns
:46  call void (...)* @_ssdm_op_SpecBitsMap([64 x i18]* %curvmStubsPH4Z2_3_data_V), !map !311

ST_2: StgValue_100 (143)  [1/1] 0.00ns
:47  call void (...)* @_ssdm_op_SpecBitsMap([64 x i18]* %curvmStubsPH4Z2_2_data_V), !map !317

ST_2: StgValue_101 (144)  [1/1] 0.00ns
:48  call void (...)* @_ssdm_op_SpecBitsMap([64 x i18]* %curvmStubsPH4Z2_1_data_V), !map !323

ST_2: StgValue_102 (145)  [1/1] 0.00ns
:49  call void (...)* @_ssdm_op_SpecBitsMap([64 x i18]* %curvmStubsPH4Z2_0_data_V), !map !329

ST_2: StgValue_103 (146)  [1/1] 0.00ns
:50  call void (...)* @_ssdm_op_SpecBitsMap([64 x i18]* %curvmStubsPH3Z2_4_data_V), !map !335

ST_2: StgValue_104 (147)  [1/1] 0.00ns
:51  call void (...)* @_ssdm_op_SpecBitsMap([64 x i18]* %curvmStubsPH3Z2_3_data_V), !map !339

ST_2: StgValue_105 (148)  [1/1] 0.00ns
:52  call void (...)* @_ssdm_op_SpecBitsMap([64 x i18]* %curvmStubsPH3Z2_2_data_V), !map !343

ST_2: StgValue_106 (149)  [1/1] 0.00ns
:53  call void (...)* @_ssdm_op_SpecBitsMap([64 x i18]* %curvmStubsPH3Z2_1_data_V), !map !347

ST_2: StgValue_107 (150)  [1/1] 0.00ns
:54  call void (...)* @_ssdm_op_SpecBitsMap([64 x i18]* %curvmStubsPH3Z2_0_data_V), !map !351

ST_2: StgValue_108 (151)  [1/1] 0.00ns
:55  call void (...)* @_ssdm_op_SpecBitsMap([64 x i18]* %curvmStubsPH2Z2_4_data_V), !map !355

ST_2: StgValue_109 (152)  [1/1] 0.00ns
:56  call void (...)* @_ssdm_op_SpecBitsMap([64 x i18]* %curvmStubsPH2Z2_3_data_V), !map !359

ST_2: StgValue_110 (153)  [1/1] 0.00ns
:57  call void (...)* @_ssdm_op_SpecBitsMap([64 x i18]* %curvmStubsPH2Z2_2_data_V), !map !363

ST_2: StgValue_111 (154)  [1/1] 0.00ns
:58  call void (...)* @_ssdm_op_SpecBitsMap([64 x i18]* %curvmStubsPH2Z2_1_data_V), !map !367

ST_2: StgValue_112 (155)  [1/1] 0.00ns
:59  call void (...)* @_ssdm_op_SpecBitsMap([64 x i18]* %curvmStubsPH2Z2_0_data_V), !map !371

ST_2: StgValue_113 (156)  [1/1] 0.00ns
:60  call void (...)* @_ssdm_op_SpecBitsMap([64 x i18]* %curvmStubsPH1Z2_4_data_V), !map !375

ST_2: StgValue_114 (157)  [1/1] 0.00ns
:61  call void (...)* @_ssdm_op_SpecBitsMap([64 x i18]* %curvmStubsPH1Z2_3_data_V), !map !379

ST_2: StgValue_115 (158)  [1/1] 0.00ns
:62  call void (...)* @_ssdm_op_SpecBitsMap([64 x i18]* %curvmStubsPH1Z2_2_data_V), !map !383

ST_2: StgValue_116 (159)  [1/1] 0.00ns
:63  call void (...)* @_ssdm_op_SpecBitsMap([64 x i18]* %curvmStubsPH1Z2_1_data_V), !map !387

ST_2: StgValue_117 (160)  [1/1] 0.00ns
:64  call void (...)* @_ssdm_op_SpecBitsMap([64 x i18]* %curvmStubsPH1Z2_0_data_V), !map !391

ST_2: StgValue_118 (161)  [1/1] 0.00ns
:65  call void (...)* @_ssdm_op_SpecBitsMap([64 x i18]* %curvmStubsPH4Z1_4_data_V), !map !395

ST_2: StgValue_119 (162)  [1/1] 0.00ns
:66  call void (...)* @_ssdm_op_SpecBitsMap([64 x i18]* %curvmStubsPH4Z1_3_data_V), !map !399

ST_2: StgValue_120 (163)  [1/1] 0.00ns
:67  call void (...)* @_ssdm_op_SpecBitsMap([64 x i18]* %curvmStubsPH4Z1_2_data_V), !map !403

ST_2: StgValue_121 (164)  [1/1] 0.00ns
:68  call void (...)* @_ssdm_op_SpecBitsMap([64 x i18]* %curvmStubsPH4Z1_1_data_V), !map !407

ST_2: StgValue_122 (165)  [1/1] 0.00ns
:69  call void (...)* @_ssdm_op_SpecBitsMap([64 x i18]* %curvmStubsPH4Z1_0_data_V), !map !411

ST_2: StgValue_123 (166)  [1/1] 0.00ns
:70  call void (...)* @_ssdm_op_SpecBitsMap([64 x i18]* %curvmStubsPH3Z1_4_data_V), !map !415

ST_2: StgValue_124 (167)  [1/1] 0.00ns
:71  call void (...)* @_ssdm_op_SpecBitsMap([64 x i18]* %curvmStubsPH3Z1_3_data_V), !map !419

ST_2: StgValue_125 (168)  [1/1] 0.00ns
:72  call void (...)* @_ssdm_op_SpecBitsMap([64 x i18]* %curvmStubsPH3Z1_2_data_V), !map !423

ST_2: StgValue_126 (169)  [1/1] 0.00ns
:73  call void (...)* @_ssdm_op_SpecBitsMap([64 x i18]* %curvmStubsPH3Z1_1_data_V), !map !427

ST_2: StgValue_127 (170)  [1/1] 0.00ns
:74  call void (...)* @_ssdm_op_SpecBitsMap([64 x i18]* %curvmStubsPH3Z1_0_data_V), !map !431

ST_2: StgValue_128 (171)  [1/1] 0.00ns
:75  call void (...)* @_ssdm_op_SpecBitsMap([64 x i18]* %curvmStubsPH2Z1_4_data_V), !map !435

ST_2: StgValue_129 (172)  [1/1] 0.00ns
:76  call void (...)* @_ssdm_op_SpecBitsMap([64 x i18]* %curvmStubsPH2Z1_3_data_V), !map !439

ST_2: StgValue_130 (173)  [1/1] 0.00ns
:77  call void (...)* @_ssdm_op_SpecBitsMap([64 x i18]* %curvmStubsPH2Z1_2_data_V), !map !443

ST_2: StgValue_131 (174)  [1/1] 0.00ns
:78  call void (...)* @_ssdm_op_SpecBitsMap([64 x i18]* %curvmStubsPH2Z1_1_data_V), !map !447

ST_2: StgValue_132 (175)  [1/1] 0.00ns
:79  call void (...)* @_ssdm_op_SpecBitsMap([64 x i18]* %curvmStubsPH2Z1_0_data_V), !map !451

ST_2: StgValue_133 (176)  [1/1] 0.00ns
:80  call void (...)* @_ssdm_op_SpecBitsMap([64 x i18]* %curvmStubsPH1Z1_4_data_V), !map !455

ST_2: StgValue_134 (177)  [1/1] 0.00ns
:81  call void (...)* @_ssdm_op_SpecBitsMap([64 x i18]* %curvmStubsPH1Z1_3_data_V), !map !459

ST_2: StgValue_135 (178)  [1/1] 0.00ns
:82  call void (...)* @_ssdm_op_SpecBitsMap([64 x i18]* %curvmStubsPH1Z1_2_data_V), !map !463

ST_2: StgValue_136 (179)  [1/1] 0.00ns
:83  call void (...)* @_ssdm_op_SpecBitsMap([64 x i18]* %curvmStubsPH1Z1_1_data_V), !map !467

ST_2: StgValue_137 (180)  [1/1] 0.00ns
:84  call void (...)* @_ssdm_op_SpecBitsMap([64 x i18]* %curvmStubsPH1Z1_0_data_V), !map !471

ST_2: StgValue_138 (181)  [1/1] 0.00ns
:85  call void (...)* @_ssdm_op_SpecBitsMap([64 x i36]* %curAllStubs_4_data_V), !map !475

ST_2: StgValue_139 (182)  [1/1] 0.00ns
:86  call void (...)* @_ssdm_op_SpecBitsMap([64 x i36]* %curAllStubs_3_data_V), !map !479

ST_2: StgValue_140 (183)  [1/1] 0.00ns
:87  call void (...)* @_ssdm_op_SpecBitsMap([64 x i36]* %curAllStubs_2_data_V), !map !483

ST_2: StgValue_141 (184)  [1/1] 0.00ns
:88  call void (...)* @_ssdm_op_SpecBitsMap([64 x i36]* %curAllStubs_1_data_V), !map !487

ST_2: StgValue_142 (185)  [1/1] 0.00ns
:89  call void (...)* @_ssdm_op_SpecBitsMap([64 x i36]* %curAllStubs_0_data_V), !map !491

ST_2: StgValue_143 (186)  [1/1] 0.00ns
:90  call void (...)* @_ssdm_op_SpecBitsMap([64 x i36]* %curStubsInLayer_4_data_V), !map !495

ST_2: StgValue_144 (187)  [1/1] 0.00ns
:91  call void (...)* @_ssdm_op_SpecBitsMap([64 x i36]* %curStubsInLayer_3_data_V), !map !499

ST_2: StgValue_145 (188)  [1/1] 0.00ns
:92  call void (...)* @_ssdm_op_SpecBitsMap([64 x i36]* %curStubsInLayer_2_data_V), !map !503

ST_2: StgValue_146 (189)  [1/1] 0.00ns
:93  call void (...)* @_ssdm_op_SpecBitsMap([64 x i36]* %curStubsInLayer_1_data_V), !map !507

ST_2: StgValue_147 (190)  [1/1] 0.00ns
:94  call void (...)* @_ssdm_op_SpecBitsMap([64 x i36]* %curStubsInLayer_0_data_V), !map !511

ST_2: StgValue_148 (191)  [1/1] 0.00ns
:95  call void (...)* @_ssdm_op_SpecTopModule([19 x i8]* @VMRouterDispatcher_s) nounwind

ST_2: tmp (201)  [1/2] 0.00ns  loc: ../TrackletAlgorithm/VMRouterDispatcher.cpp:63
:105  %tmp = call fastcc { i6, i6, i6, i6, i6, i6, i6, i6 } @VMRouter([64 x i36]* %curStubsInLayer_0_data_V, [64 x i36]* %curStubsInLayer_1_data_V, [64 x i36]* %curStubsInLayer_2_data_V, [64 x i36]* %curStubsInLayer_3_data_V, [64 x i36]* %curStubsInLayer_4_data_V, i10 0, [64 x i36]* %curAllStubs_0_data_V, [64 x i36]* %curAllStubs_1_data_V, [64 x i36]* %curAllStubs_2_data_V, [64 x i36]* %curAllStubs_3_data_V, [64 x i36]* %curAllStubs_4_data_V, i10 0, [64 x i18]* %curvmStubsPH1Z1_0_data_V, [64 x i18]* %curvmStubsPH1Z1_1_data_V, [64 x i18]* %curvmStubsPH1Z1_2_data_V, [64 x i18]* %curvmStubsPH1Z1_3_data_V, [64 x i18]* %curvmStubsPH1Z1_4_data_V, i10 0, [64 x i18]* %curvmStubsPH2Z1_0_data_V, [64 x i18]* %curvmStubsPH2Z1_1_data_V, [64 x i18]* %curvmStubsPH2Z1_2_data_V, [64 x i18]* %curvmStubsPH2Z1_3_data_V, [64 x i18]* %curvmStubsPH2Z1_4_data_V, i10 0, [64 x i18]* %curvmStubsPH3Z1_0_data_V, [64 x i18]* %curvmStubsPH3Z1_1_data_V, [64 x i18]* %curvmStubsPH3Z1_2_data_V, [64 x i18]* %curvmStubsPH3Z1_3_data_V, [64 x i18]* %curvmStubsPH3Z1_4_data_V, i10 0, [64 x i18]* %curvmStubsPH4Z1_0_data_V, [64 x i18]* %curvmStubsPH4Z1_1_data_V, [64 x i18]* %curvmStubsPH4Z1_2_data_V, [64 x i18]* %curvmStubsPH4Z1_3_data_V, [64 x i18]* %curvmStubsPH4Z1_4_data_V, i10 0, [64 x i18]* %curvmStubsPH1Z2_0_data_V, [64 x i18]* %curvmStubsPH1Z2_1_data_V, [64 x i18]* %curvmStubsPH1Z2_2_data_V, [64 x i18]* %curvmStubsPH1Z2_3_data_V, [64 x i18]* %curvmStubsPH1Z2_4_data_V, i10 0, [64 x i18]* %curvmStubsPH2Z2_0_data_V, [64 x i18]* %curvmStubsPH2Z2_1_data_V, [64 x i18]* %curvmStubsPH2Z2_2_data_V, [64 x i18]* %curvmStubsPH2Z2_3_data_V, [64 x i18]* %curvmStubsPH2Z2_4_data_V, i10 0, [64 x i18]* %curvmStubsPH3Z2_0_data_V, [64 x i18]* %curvmStubsPH3Z2_1_data_V, [64 x i18]* %curvmStubsPH3Z2_2_data_V, [64 x i18]* %curvmStubsPH3Z2_3_data_V, [64 x i18]* %curvmStubsPH3Z2_4_data_V, i10 0, [64 x i18]* %curvmStubsPH4Z2_0_data_V, [64 x i18]* %curvmStubsPH4Z2_1_data_V, [64 x i18]* %curvmStubsPH4Z2_2_data_V, [64 x i18]* %curvmStubsPH4Z2_3_data_V, [64 x i18]* %curvmStubsPH4Z2_4_data_V, i10 0, i32 %curnStubs_0_read, i6 %curnPH1Z1_0_V_read, i6 %curnPH2Z1_0_V_read, i6 %curnPH3Z1_0_V_read, i6 %curnPH4Z1_0_V_read, i6 %curnPH1Z2_0_V_read, i6 %curnPH2Z2_0_V_read, i6 %curnPH3Z2_0_V_read, i6 %curnPH4Z2_0_V_read)

ST_2: curnPH1Z1_V_addr34_r (202)  [1/1] 0.00ns  loc: ../TrackletAlgorithm/VMRouterDispatcher.cpp:63
:106  %curnPH1Z1_V_addr34_r = extractvalue { i6, i6, i6, i6, i6, i6, i6, i6 } %tmp, 0

ST_2: StgValue_151 (203)  [1/1] 0.00ns  loc: ../TrackletAlgorithm/VMRouterDispatcher.cpp:63
:107  call void @_ssdm_op_Write.ap_auto.i6P(i6* %curnPH1Z1_0_V, i6 %curnPH1Z1_V_addr34_r)

ST_2: curnPH2Z1_V_addr37_r (204)  [1/1] 0.00ns  loc: ../TrackletAlgorithm/VMRouterDispatcher.cpp:63
:108  %curnPH2Z1_V_addr37_r = extractvalue { i6, i6, i6, i6, i6, i6, i6, i6 } %tmp, 1

ST_2: StgValue_153 (205)  [1/1] 0.00ns  loc: ../TrackletAlgorithm/VMRouterDispatcher.cpp:63
:109  call void @_ssdm_op_Write.ap_auto.i6P(i6* %curnPH2Z1_0_V, i6 %curnPH2Z1_V_addr37_r)

ST_2: curnPH3Z1_V_addr40_r (206)  [1/1] 0.00ns  loc: ../TrackletAlgorithm/VMRouterDispatcher.cpp:63
:110  %curnPH3Z1_V_addr40_r = extractvalue { i6, i6, i6, i6, i6, i6, i6, i6 } %tmp, 2

ST_2: StgValue_155 (207)  [1/1] 0.00ns  loc: ../TrackletAlgorithm/VMRouterDispatcher.cpp:63
:111  call void @_ssdm_op_Write.ap_auto.i6P(i6* %curnPH3Z1_0_V, i6 %curnPH3Z1_V_addr40_r)

ST_2: curnPH4Z1_V_addr43_r (208)  [1/1] 0.00ns  loc: ../TrackletAlgorithm/VMRouterDispatcher.cpp:63
:112  %curnPH4Z1_V_addr43_r = extractvalue { i6, i6, i6, i6, i6, i6, i6, i6 } %tmp, 3

ST_2: StgValue_157 (209)  [1/1] 0.00ns  loc: ../TrackletAlgorithm/VMRouterDispatcher.cpp:63
:113  call void @_ssdm_op_Write.ap_auto.i6P(i6* %curnPH4Z1_0_V, i6 %curnPH4Z1_V_addr43_r)

ST_2: curnPH1Z2_V_addr46_r (210)  [1/1] 0.00ns  loc: ../TrackletAlgorithm/VMRouterDispatcher.cpp:63
:114  %curnPH1Z2_V_addr46_r = extractvalue { i6, i6, i6, i6, i6, i6, i6, i6 } %tmp, 4

ST_2: StgValue_159 (211)  [1/1] 0.00ns  loc: ../TrackletAlgorithm/VMRouterDispatcher.cpp:63
:115  call void @_ssdm_op_Write.ap_auto.i6P(i6* %curnPH1Z2_0_V, i6 %curnPH1Z2_V_addr46_r)

ST_2: curnPH2Z2_V_addr49_r (212)  [1/1] 0.00ns  loc: ../TrackletAlgorithm/VMRouterDispatcher.cpp:63
:116  %curnPH2Z2_V_addr49_r = extractvalue { i6, i6, i6, i6, i6, i6, i6, i6 } %tmp, 5

ST_2: StgValue_161 (213)  [1/1] 0.00ns  loc: ../TrackletAlgorithm/VMRouterDispatcher.cpp:63
:117  call void @_ssdm_op_Write.ap_auto.i6P(i6* %curnPH2Z2_0_V, i6 %curnPH2Z2_V_addr49_r)

ST_2: curnPH3Z2_V_addr52_r (214)  [1/1] 0.00ns  loc: ../TrackletAlgorithm/VMRouterDispatcher.cpp:63
:118  %curnPH3Z2_V_addr52_r = extractvalue { i6, i6, i6, i6, i6, i6, i6, i6 } %tmp, 6

ST_2: StgValue_163 (215)  [1/1] 0.00ns  loc: ../TrackletAlgorithm/VMRouterDispatcher.cpp:63
:119  call void @_ssdm_op_Write.ap_auto.i6P(i6* %curnPH3Z2_0_V, i6 %curnPH3Z2_V_addr52_r)

ST_2: curnPH4Z2_V_addr55_r (216)  [1/1] 0.00ns  loc: ../TrackletAlgorithm/VMRouterDispatcher.cpp:63
:120  %curnPH4Z2_V_addr55_r = extractvalue { i6, i6, i6, i6, i6, i6, i6, i6 } %tmp, 7

ST_2: StgValue_165 (217)  [1/1] 0.00ns  loc: ../TrackletAlgorithm/VMRouterDispatcher.cpp:63
:121  call void @_ssdm_op_Write.ap_auto.i6P(i6* %curnPH4Z2_0_V, i6 %curnPH4Z2_V_addr55_r)

ST_2: tmp_1 (227)  [1/2] 0.00ns  loc: ../TrackletAlgorithm/VMRouterDispatcher.cpp:63
:131  %tmp_1 = call fastcc { i6, i6, i6, i6, i6, i6, i6, i6 } @VMRouter([64 x i36]* %curStubsInLayer_0_data_V, [64 x i36]* %curStubsInLayer_1_data_V, [64 x i36]* %curStubsInLayer_2_data_V, [64 x i36]* %curStubsInLayer_3_data_V, [64 x i36]* %curStubsInLayer_4_data_V, i10 64, [64 x i36]* %curAllStubs_0_data_V, [64 x i36]* %curAllStubs_1_data_V, [64 x i36]* %curAllStubs_2_data_V, [64 x i36]* %curAllStubs_3_data_V, [64 x i36]* %curAllStubs_4_data_V, i10 64, [64 x i18]* %curvmStubsPH1Z1_0_data_V, [64 x i18]* %curvmStubsPH1Z1_1_data_V, [64 x i18]* %curvmStubsPH1Z1_2_data_V, [64 x i18]* %curvmStubsPH1Z1_3_data_V, [64 x i18]* %curvmStubsPH1Z1_4_data_V, i10 64, [64 x i18]* %curvmStubsPH2Z1_0_data_V, [64 x i18]* %curvmStubsPH2Z1_1_data_V, [64 x i18]* %curvmStubsPH2Z1_2_data_V, [64 x i18]* %curvmStubsPH2Z1_3_data_V, [64 x i18]* %curvmStubsPH2Z1_4_data_V, i10 64, [64 x i18]* %curvmStubsPH3Z1_0_data_V, [64 x i18]* %curvmStubsPH3Z1_1_data_V, [64 x i18]* %curvmStubsPH3Z1_2_data_V, [64 x i18]* %curvmStubsPH3Z1_3_data_V, [64 x i18]* %curvmStubsPH3Z1_4_data_V, i10 64, [64 x i18]* %curvmStubsPH4Z1_0_data_V, [64 x i18]* %curvmStubsPH4Z1_1_data_V, [64 x i18]* %curvmStubsPH4Z1_2_data_V, [64 x i18]* %curvmStubsPH4Z1_3_data_V, [64 x i18]* %curvmStubsPH4Z1_4_data_V, i10 64, [64 x i18]* %curvmStubsPH1Z2_0_data_V, [64 x i18]* %curvmStubsPH1Z2_1_data_V, [64 x i18]* %curvmStubsPH1Z2_2_data_V, [64 x i18]* %curvmStubsPH1Z2_3_data_V, [64 x i18]* %curvmStubsPH1Z2_4_data_V, i10 64, [64 x i18]* %curvmStubsPH2Z2_0_data_V, [64 x i18]* %curvmStubsPH2Z2_1_data_V, [64 x i18]* %curvmStubsPH2Z2_2_data_V, [64 x i18]* %curvmStubsPH2Z2_3_data_V, [64 x i18]* %curvmStubsPH2Z2_4_data_V, i10 64, [64 x i18]* %curvmStubsPH3Z2_0_data_V, [64 x i18]* %curvmStubsPH3Z2_1_data_V, [64 x i18]* %curvmStubsPH3Z2_2_data_V, [64 x i18]* %curvmStubsPH3Z2_3_data_V, [64 x i18]* %curvmStubsPH3Z2_4_data_V, i10 64, [64 x i18]* %curvmStubsPH4Z2_0_data_V, [64 x i18]* %curvmStubsPH4Z2_1_data_V, [64 x i18]* %curvmStubsPH4Z2_2_data_V, [64 x i18]* %curvmStubsPH4Z2_3_data_V, [64 x i18]* %curvmStubsPH4Z2_4_data_V, i10 64, i32 %curnStubs_1_read, i6 %curnPH1Z1_1_V_read, i6 %curnPH2Z1_1_V_read, i6 %curnPH3Z1_1_V_read, i6 %curnPH4Z1_1_V_read, i6 %curnPH1Z2_1_V_read, i6 %curnPH2Z2_1_V_read, i6 %curnPH3Z2_1_V_read, i6 %curnPH4Z2_1_V_read)

ST_2: curnPH1Z1_V_addr34_r_1 (228)  [1/1] 0.00ns  loc: ../TrackletAlgorithm/VMRouterDispatcher.cpp:63
:132  %curnPH1Z1_V_addr34_r_1 = extractvalue { i6, i6, i6, i6, i6, i6, i6, i6 } %tmp_1, 0

ST_2: StgValue_168 (229)  [1/1] 0.00ns  loc: ../TrackletAlgorithm/VMRouterDispatcher.cpp:63
:133  call void @_ssdm_op_Write.ap_auto.i6P(i6* %curnPH1Z1_1_V, i6 %curnPH1Z1_V_addr34_r_1)

ST_2: curnPH2Z1_V_addr37_r_1 (230)  [1/1] 0.00ns  loc: ../TrackletAlgorithm/VMRouterDispatcher.cpp:63
:134  %curnPH2Z1_V_addr37_r_1 = extractvalue { i6, i6, i6, i6, i6, i6, i6, i6 } %tmp_1, 1

ST_2: StgValue_170 (231)  [1/1] 0.00ns  loc: ../TrackletAlgorithm/VMRouterDispatcher.cpp:63
:135  call void @_ssdm_op_Write.ap_auto.i6P(i6* %curnPH2Z1_1_V, i6 %curnPH2Z1_V_addr37_r_1)

ST_2: curnPH3Z1_V_addr40_r_1 (232)  [1/1] 0.00ns  loc: ../TrackletAlgorithm/VMRouterDispatcher.cpp:63
:136  %curnPH3Z1_V_addr40_r_1 = extractvalue { i6, i6, i6, i6, i6, i6, i6, i6 } %tmp_1, 2

ST_2: StgValue_172 (233)  [1/1] 0.00ns  loc: ../TrackletAlgorithm/VMRouterDispatcher.cpp:63
:137  call void @_ssdm_op_Write.ap_auto.i6P(i6* %curnPH3Z1_1_V, i6 %curnPH3Z1_V_addr40_r_1)

ST_2: curnPH4Z1_V_addr43_r_1 (234)  [1/1] 0.00ns  loc: ../TrackletAlgorithm/VMRouterDispatcher.cpp:63
:138  %curnPH4Z1_V_addr43_r_1 = extractvalue { i6, i6, i6, i6, i6, i6, i6, i6 } %tmp_1, 3

ST_2: StgValue_174 (235)  [1/1] 0.00ns  loc: ../TrackletAlgorithm/VMRouterDispatcher.cpp:63
:139  call void @_ssdm_op_Write.ap_auto.i6P(i6* %curnPH4Z1_1_V, i6 %curnPH4Z1_V_addr43_r_1)

ST_2: curnPH1Z2_V_addr46_r_1 (236)  [1/1] 0.00ns  loc: ../TrackletAlgorithm/VMRouterDispatcher.cpp:63
:140  %curnPH1Z2_V_addr46_r_1 = extractvalue { i6, i6, i6, i6, i6, i6, i6, i6 } %tmp_1, 4

ST_2: StgValue_176 (237)  [1/1] 0.00ns  loc: ../TrackletAlgorithm/VMRouterDispatcher.cpp:63
:141  call void @_ssdm_op_Write.ap_auto.i6P(i6* %curnPH1Z2_1_V, i6 %curnPH1Z2_V_addr46_r_1)

ST_2: curnPH2Z2_V_addr49_r_1 (238)  [1/1] 0.00ns  loc: ../TrackletAlgorithm/VMRouterDispatcher.cpp:63
:142  %curnPH2Z2_V_addr49_r_1 = extractvalue { i6, i6, i6, i6, i6, i6, i6, i6 } %tmp_1, 5

ST_2: StgValue_178 (239)  [1/1] 0.00ns  loc: ../TrackletAlgorithm/VMRouterDispatcher.cpp:63
:143  call void @_ssdm_op_Write.ap_auto.i6P(i6* %curnPH2Z2_1_V, i6 %curnPH2Z2_V_addr49_r_1)

ST_2: curnPH3Z2_V_addr52_r_1 (240)  [1/1] 0.00ns  loc: ../TrackletAlgorithm/VMRouterDispatcher.cpp:63
:144  %curnPH3Z2_V_addr52_r_1 = extractvalue { i6, i6, i6, i6, i6, i6, i6, i6 } %tmp_1, 6

ST_2: StgValue_180 (241)  [1/1] 0.00ns  loc: ../TrackletAlgorithm/VMRouterDispatcher.cpp:63
:145  call void @_ssdm_op_Write.ap_auto.i6P(i6* %curnPH3Z2_1_V, i6 %curnPH3Z2_V_addr52_r_1)

ST_2: curnPH4Z2_V_addr55_r_1 (242)  [1/1] 0.00ns  loc: ../TrackletAlgorithm/VMRouterDispatcher.cpp:63
:146  %curnPH4Z2_V_addr55_r_1 = extractvalue { i6, i6, i6, i6, i6, i6, i6, i6 } %tmp_1, 7

ST_2: StgValue_182 (243)  [1/1] 0.00ns  loc: ../TrackletAlgorithm/VMRouterDispatcher.cpp:63
:147  call void @_ssdm_op_Write.ap_auto.i6P(i6* %curnPH4Z2_1_V, i6 %curnPH4Z2_V_addr55_r_1)

ST_2: tmp_2 (253)  [1/2] 0.00ns  loc: ../TrackletAlgorithm/VMRouterDispatcher.cpp:63
:157  %tmp_2 = call fastcc { i6, i6, i6, i6, i6, i6, i6, i6 } @VMRouter([64 x i36]* %curStubsInLayer_0_data_V, [64 x i36]* %curStubsInLayer_1_data_V, [64 x i36]* %curStubsInLayer_2_data_V, [64 x i36]* %curStubsInLayer_3_data_V, [64 x i36]* %curStubsInLayer_4_data_V, i10 128, [64 x i36]* %curAllStubs_0_data_V, [64 x i36]* %curAllStubs_1_data_V, [64 x i36]* %curAllStubs_2_data_V, [64 x i36]* %curAllStubs_3_data_V, [64 x i36]* %curAllStubs_4_data_V, i10 128, [64 x i18]* %curvmStubsPH1Z1_0_data_V, [64 x i18]* %curvmStubsPH1Z1_1_data_V, [64 x i18]* %curvmStubsPH1Z1_2_data_V, [64 x i18]* %curvmStubsPH1Z1_3_data_V, [64 x i18]* %curvmStubsPH1Z1_4_data_V, i10 128, [64 x i18]* %curvmStubsPH2Z1_0_data_V, [64 x i18]* %curvmStubsPH2Z1_1_data_V, [64 x i18]* %curvmStubsPH2Z1_2_data_V, [64 x i18]* %curvmStubsPH2Z1_3_data_V, [64 x i18]* %curvmStubsPH2Z1_4_data_V, i10 128, [64 x i18]* %curvmStubsPH3Z1_0_data_V, [64 x i18]* %curvmStubsPH3Z1_1_data_V, [64 x i18]* %curvmStubsPH3Z1_2_data_V, [64 x i18]* %curvmStubsPH3Z1_3_data_V, [64 x i18]* %curvmStubsPH3Z1_4_data_V, i10 128, [64 x i18]* %curvmStubsPH4Z1_0_data_V, [64 x i18]* %curvmStubsPH4Z1_1_data_V, [64 x i18]* %curvmStubsPH4Z1_2_data_V, [64 x i18]* %curvmStubsPH4Z1_3_data_V, [64 x i18]* %curvmStubsPH4Z1_4_data_V, i10 128, [64 x i18]* %curvmStubsPH1Z2_0_data_V, [64 x i18]* %curvmStubsPH1Z2_1_data_V, [64 x i18]* %curvmStubsPH1Z2_2_data_V, [64 x i18]* %curvmStubsPH1Z2_3_data_V, [64 x i18]* %curvmStubsPH1Z2_4_data_V, i10 128, [64 x i18]* %curvmStubsPH2Z2_0_data_V, [64 x i18]* %curvmStubsPH2Z2_1_data_V, [64 x i18]* %curvmStubsPH2Z2_2_data_V, [64 x i18]* %curvmStubsPH2Z2_3_data_V, [64 x i18]* %curvmStubsPH2Z2_4_data_V, i10 128, [64 x i18]* %curvmStubsPH3Z2_0_data_V, [64 x i18]* %curvmStubsPH3Z2_1_data_V, [64 x i18]* %curvmStubsPH3Z2_2_data_V, [64 x i18]* %curvmStubsPH3Z2_3_data_V, [64 x i18]* %curvmStubsPH3Z2_4_data_V, i10 128, [64 x i18]* %curvmStubsPH4Z2_0_data_V, [64 x i18]* %curvmStubsPH4Z2_1_data_V, [64 x i18]* %curvmStubsPH4Z2_2_data_V, [64 x i18]* %curvmStubsPH4Z2_3_data_V, [64 x i18]* %curvmStubsPH4Z2_4_data_V, i10 128, i32 %curnStubs_2_read, i6 %curnPH1Z1_2_V_read, i6 %curnPH2Z1_2_V_read, i6 %curnPH3Z1_2_V_read, i6 %curnPH4Z1_2_V_read, i6 %curnPH1Z2_2_V_read, i6 %curnPH2Z2_2_V_read, i6 %curnPH3Z2_2_V_read, i6 %curnPH4Z2_2_V_read)

ST_2: curnPH1Z1_V_addr34_r_2 (254)  [1/1] 0.00ns  loc: ../TrackletAlgorithm/VMRouterDispatcher.cpp:63
:158  %curnPH1Z1_V_addr34_r_2 = extractvalue { i6, i6, i6, i6, i6, i6, i6, i6 } %tmp_2, 0

ST_2: StgValue_185 (255)  [1/1] 0.00ns  loc: ../TrackletAlgorithm/VMRouterDispatcher.cpp:63
:159  call void @_ssdm_op_Write.ap_auto.i6P(i6* %curnPH1Z1_2_V, i6 %curnPH1Z1_V_addr34_r_2)

ST_2: curnPH2Z1_V_addr37_r_2 (256)  [1/1] 0.00ns  loc: ../TrackletAlgorithm/VMRouterDispatcher.cpp:63
:160  %curnPH2Z1_V_addr37_r_2 = extractvalue { i6, i6, i6, i6, i6, i6, i6, i6 } %tmp_2, 1

ST_2: StgValue_187 (257)  [1/1] 0.00ns  loc: ../TrackletAlgorithm/VMRouterDispatcher.cpp:63
:161  call void @_ssdm_op_Write.ap_auto.i6P(i6* %curnPH2Z1_2_V, i6 %curnPH2Z1_V_addr37_r_2)

ST_2: curnPH3Z1_V_addr40_r_2 (258)  [1/1] 0.00ns  loc: ../TrackletAlgorithm/VMRouterDispatcher.cpp:63
:162  %curnPH3Z1_V_addr40_r_2 = extractvalue { i6, i6, i6, i6, i6, i6, i6, i6 } %tmp_2, 2

ST_2: StgValue_189 (259)  [1/1] 0.00ns  loc: ../TrackletAlgorithm/VMRouterDispatcher.cpp:63
:163  call void @_ssdm_op_Write.ap_auto.i6P(i6* %curnPH3Z1_2_V, i6 %curnPH3Z1_V_addr40_r_2)

ST_2: curnPH4Z1_V_addr43_r_2 (260)  [1/1] 0.00ns  loc: ../TrackletAlgorithm/VMRouterDispatcher.cpp:63
:164  %curnPH4Z1_V_addr43_r_2 = extractvalue { i6, i6, i6, i6, i6, i6, i6, i6 } %tmp_2, 3

ST_2: StgValue_191 (261)  [1/1] 0.00ns  loc: ../TrackletAlgorithm/VMRouterDispatcher.cpp:63
:165  call void @_ssdm_op_Write.ap_auto.i6P(i6* %curnPH4Z1_2_V, i6 %curnPH4Z1_V_addr43_r_2)

ST_2: curnPH1Z2_V_addr46_r_2 (262)  [1/1] 0.00ns  loc: ../TrackletAlgorithm/VMRouterDispatcher.cpp:63
:166  %curnPH1Z2_V_addr46_r_2 = extractvalue { i6, i6, i6, i6, i6, i6, i6, i6 } %tmp_2, 4

ST_2: StgValue_193 (263)  [1/1] 0.00ns  loc: ../TrackletAlgorithm/VMRouterDispatcher.cpp:63
:167  call void @_ssdm_op_Write.ap_auto.i6P(i6* %curnPH1Z2_2_V, i6 %curnPH1Z2_V_addr46_r_2)

ST_2: curnPH2Z2_V_addr49_r_2 (264)  [1/1] 0.00ns  loc: ../TrackletAlgorithm/VMRouterDispatcher.cpp:63
:168  %curnPH2Z2_V_addr49_r_2 = extractvalue { i6, i6, i6, i6, i6, i6, i6, i6 } %tmp_2, 5

ST_2: StgValue_195 (265)  [1/1] 0.00ns  loc: ../TrackletAlgorithm/VMRouterDispatcher.cpp:63
:169  call void @_ssdm_op_Write.ap_auto.i6P(i6* %curnPH2Z2_2_V, i6 %curnPH2Z2_V_addr49_r_2)

ST_2: curnPH3Z2_V_addr52_r_2 (266)  [1/1] 0.00ns  loc: ../TrackletAlgorithm/VMRouterDispatcher.cpp:63
:170  %curnPH3Z2_V_addr52_r_2 = extractvalue { i6, i6, i6, i6, i6, i6, i6, i6 } %tmp_2, 6

ST_2: StgValue_197 (267)  [1/1] 0.00ns  loc: ../TrackletAlgorithm/VMRouterDispatcher.cpp:63
:171  call void @_ssdm_op_Write.ap_auto.i6P(i6* %curnPH3Z2_2_V, i6 %curnPH3Z2_V_addr52_r_2)

ST_2: curnPH4Z2_V_addr55_r_2 (268)  [1/1] 0.00ns  loc: ../TrackletAlgorithm/VMRouterDispatcher.cpp:63
:172  %curnPH4Z2_V_addr55_r_2 = extractvalue { i6, i6, i6, i6, i6, i6, i6, i6 } %tmp_2, 7

ST_2: StgValue_199 (269)  [1/1] 0.00ns  loc: ../TrackletAlgorithm/VMRouterDispatcher.cpp:63
:173  call void @_ssdm_op_Write.ap_auto.i6P(i6* %curnPH4Z2_2_V, i6 %curnPH4Z2_V_addr55_r_2)

ST_2: tmp_3 (279)  [1/2] 0.00ns  loc: ../TrackletAlgorithm/VMRouterDispatcher.cpp:63
:183  %tmp_3 = call fastcc { i6, i6, i6, i6, i6, i6, i6, i6 } @VMRouter([64 x i36]* %curStubsInLayer_0_data_V, [64 x i36]* %curStubsInLayer_1_data_V, [64 x i36]* %curStubsInLayer_2_data_V, [64 x i36]* %curStubsInLayer_3_data_V, [64 x i36]* %curStubsInLayer_4_data_V, i10 192, [64 x i36]* %curAllStubs_0_data_V, [64 x i36]* %curAllStubs_1_data_V, [64 x i36]* %curAllStubs_2_data_V, [64 x i36]* %curAllStubs_3_data_V, [64 x i36]* %curAllStubs_4_data_V, i10 192, [64 x i18]* %curvmStubsPH1Z1_0_data_V, [64 x i18]* %curvmStubsPH1Z1_1_data_V, [64 x i18]* %curvmStubsPH1Z1_2_data_V, [64 x i18]* %curvmStubsPH1Z1_3_data_V, [64 x i18]* %curvmStubsPH1Z1_4_data_V, i10 192, [64 x i18]* %curvmStubsPH2Z1_0_data_V, [64 x i18]* %curvmStubsPH2Z1_1_data_V, [64 x i18]* %curvmStubsPH2Z1_2_data_V, [64 x i18]* %curvmStubsPH2Z1_3_data_V, [64 x i18]* %curvmStubsPH2Z1_4_data_V, i10 192, [64 x i18]* %curvmStubsPH3Z1_0_data_V, [64 x i18]* %curvmStubsPH3Z1_1_data_V, [64 x i18]* %curvmStubsPH3Z1_2_data_V, [64 x i18]* %curvmStubsPH3Z1_3_data_V, [64 x i18]* %curvmStubsPH3Z1_4_data_V, i10 192, [64 x i18]* %curvmStubsPH4Z1_0_data_V, [64 x i18]* %curvmStubsPH4Z1_1_data_V, [64 x i18]* %curvmStubsPH4Z1_2_data_V, [64 x i18]* %curvmStubsPH4Z1_3_data_V, [64 x i18]* %curvmStubsPH4Z1_4_data_V, i10 192, [64 x i18]* %curvmStubsPH1Z2_0_data_V, [64 x i18]* %curvmStubsPH1Z2_1_data_V, [64 x i18]* %curvmStubsPH1Z2_2_data_V, [64 x i18]* %curvmStubsPH1Z2_3_data_V, [64 x i18]* %curvmStubsPH1Z2_4_data_V, i10 192, [64 x i18]* %curvmStubsPH2Z2_0_data_V, [64 x i18]* %curvmStubsPH2Z2_1_data_V, [64 x i18]* %curvmStubsPH2Z2_2_data_V, [64 x i18]* %curvmStubsPH2Z2_3_data_V, [64 x i18]* %curvmStubsPH2Z2_4_data_V, i10 192, [64 x i18]* %curvmStubsPH3Z2_0_data_V, [64 x i18]* %curvmStubsPH3Z2_1_data_V, [64 x i18]* %curvmStubsPH3Z2_2_data_V, [64 x i18]* %curvmStubsPH3Z2_3_data_V, [64 x i18]* %curvmStubsPH3Z2_4_data_V, i10 192, [64 x i18]* %curvmStubsPH4Z2_0_data_V, [64 x i18]* %curvmStubsPH4Z2_1_data_V, [64 x i18]* %curvmStubsPH4Z2_2_data_V, [64 x i18]* %curvmStubsPH4Z2_3_data_V, [64 x i18]* %curvmStubsPH4Z2_4_data_V, i10 192, i32 %curnStubs_3_read, i6 %curnPH1Z1_3_V_read, i6 %curnPH2Z1_3_V_read, i6 %curnPH3Z1_3_V_read, i6 %curnPH4Z1_3_V_read, i6 %curnPH1Z2_3_V_read, i6 %curnPH2Z2_3_V_read, i6 %curnPH3Z2_3_V_read, i6 %curnPH4Z2_3_V_read)

ST_2: curnPH1Z1_V_addr34_r_3 (280)  [1/1] 0.00ns  loc: ../TrackletAlgorithm/VMRouterDispatcher.cpp:63
:184  %curnPH1Z1_V_addr34_r_3 = extractvalue { i6, i6, i6, i6, i6, i6, i6, i6 } %tmp_3, 0

ST_2: StgValue_202 (281)  [1/1] 0.00ns  loc: ../TrackletAlgorithm/VMRouterDispatcher.cpp:63
:185  call void @_ssdm_op_Write.ap_auto.i6P(i6* %curnPH1Z1_3_V, i6 %curnPH1Z1_V_addr34_r_3)

ST_2: curnPH2Z1_V_addr37_r_3 (282)  [1/1] 0.00ns  loc: ../TrackletAlgorithm/VMRouterDispatcher.cpp:63
:186  %curnPH2Z1_V_addr37_r_3 = extractvalue { i6, i6, i6, i6, i6, i6, i6, i6 } %tmp_3, 1

ST_2: StgValue_204 (283)  [1/1] 0.00ns  loc: ../TrackletAlgorithm/VMRouterDispatcher.cpp:63
:187  call void @_ssdm_op_Write.ap_auto.i6P(i6* %curnPH2Z1_3_V, i6 %curnPH2Z1_V_addr37_r_3)

ST_2: curnPH3Z1_V_addr40_r_3 (284)  [1/1] 0.00ns  loc: ../TrackletAlgorithm/VMRouterDispatcher.cpp:63
:188  %curnPH3Z1_V_addr40_r_3 = extractvalue { i6, i6, i6, i6, i6, i6, i6, i6 } %tmp_3, 2

ST_2: StgValue_206 (285)  [1/1] 0.00ns  loc: ../TrackletAlgorithm/VMRouterDispatcher.cpp:63
:189  call void @_ssdm_op_Write.ap_auto.i6P(i6* %curnPH3Z1_3_V, i6 %curnPH3Z1_V_addr40_r_3)

ST_2: curnPH4Z1_V_addr43_r_3 (286)  [1/1] 0.00ns  loc: ../TrackletAlgorithm/VMRouterDispatcher.cpp:63
:190  %curnPH4Z1_V_addr43_r_3 = extractvalue { i6, i6, i6, i6, i6, i6, i6, i6 } %tmp_3, 3

ST_2: StgValue_208 (287)  [1/1] 0.00ns  loc: ../TrackletAlgorithm/VMRouterDispatcher.cpp:63
:191  call void @_ssdm_op_Write.ap_auto.i6P(i6* %curnPH4Z1_3_V, i6 %curnPH4Z1_V_addr43_r_3)

ST_2: curnPH1Z2_V_addr46_r_3 (288)  [1/1] 0.00ns  loc: ../TrackletAlgorithm/VMRouterDispatcher.cpp:63
:192  %curnPH1Z2_V_addr46_r_3 = extractvalue { i6, i6, i6, i6, i6, i6, i6, i6 } %tmp_3, 4

ST_2: StgValue_210 (289)  [1/1] 0.00ns  loc: ../TrackletAlgorithm/VMRouterDispatcher.cpp:63
:193  call void @_ssdm_op_Write.ap_auto.i6P(i6* %curnPH1Z2_3_V, i6 %curnPH1Z2_V_addr46_r_3)

ST_2: curnPH2Z2_V_addr49_r_3 (290)  [1/1] 0.00ns  loc: ../TrackletAlgorithm/VMRouterDispatcher.cpp:63
:194  %curnPH2Z2_V_addr49_r_3 = extractvalue { i6, i6, i6, i6, i6, i6, i6, i6 } %tmp_3, 5

ST_2: StgValue_212 (291)  [1/1] 0.00ns  loc: ../TrackletAlgorithm/VMRouterDispatcher.cpp:63
:195  call void @_ssdm_op_Write.ap_auto.i6P(i6* %curnPH2Z2_3_V, i6 %curnPH2Z2_V_addr49_r_3)

ST_2: curnPH3Z2_V_addr52_r_3 (292)  [1/1] 0.00ns  loc: ../TrackletAlgorithm/VMRouterDispatcher.cpp:63
:196  %curnPH3Z2_V_addr52_r_3 = extractvalue { i6, i6, i6, i6, i6, i6, i6, i6 } %tmp_3, 6

ST_2: StgValue_214 (293)  [1/1] 0.00ns  loc: ../TrackletAlgorithm/VMRouterDispatcher.cpp:63
:197  call void @_ssdm_op_Write.ap_auto.i6P(i6* %curnPH3Z2_3_V, i6 %curnPH3Z2_V_addr52_r_3)

ST_2: curnPH4Z2_V_addr55_r_3 (294)  [1/1] 0.00ns  loc: ../TrackletAlgorithm/VMRouterDispatcher.cpp:63
:198  %curnPH4Z2_V_addr55_r_3 = extractvalue { i6, i6, i6, i6, i6, i6, i6, i6 } %tmp_3, 7

ST_2: StgValue_216 (295)  [1/1] 0.00ns  loc: ../TrackletAlgorithm/VMRouterDispatcher.cpp:63
:199  call void @_ssdm_op_Write.ap_auto.i6P(i6* %curnPH4Z2_3_V, i6 %curnPH4Z2_V_addr55_r_3)

ST_2: tmp_4 (305)  [1/2] 0.00ns  loc: ../TrackletAlgorithm/VMRouterDispatcher.cpp:63
:209  %tmp_4 = call fastcc { i6, i6, i6, i6, i6, i6, i6, i6 } @VMRouter([64 x i36]* %curStubsInLayer_0_data_V, [64 x i36]* %curStubsInLayer_1_data_V, [64 x i36]* %curStubsInLayer_2_data_V, [64 x i36]* %curStubsInLayer_3_data_V, [64 x i36]* %curStubsInLayer_4_data_V, i10 256, [64 x i36]* %curAllStubs_0_data_V, [64 x i36]* %curAllStubs_1_data_V, [64 x i36]* %curAllStubs_2_data_V, [64 x i36]* %curAllStubs_3_data_V, [64 x i36]* %curAllStubs_4_data_V, i10 256, [64 x i18]* %curvmStubsPH1Z1_0_data_V, [64 x i18]* %curvmStubsPH1Z1_1_data_V, [64 x i18]* %curvmStubsPH1Z1_2_data_V, [64 x i18]* %curvmStubsPH1Z1_3_data_V, [64 x i18]* %curvmStubsPH1Z1_4_data_V, i10 256, [64 x i18]* %curvmStubsPH2Z1_0_data_V, [64 x i18]* %curvmStubsPH2Z1_1_data_V, [64 x i18]* %curvmStubsPH2Z1_2_data_V, [64 x i18]* %curvmStubsPH2Z1_3_data_V, [64 x i18]* %curvmStubsPH2Z1_4_data_V, i10 256, [64 x i18]* %curvmStubsPH3Z1_0_data_V, [64 x i18]* %curvmStubsPH3Z1_1_data_V, [64 x i18]* %curvmStubsPH3Z1_2_data_V, [64 x i18]* %curvmStubsPH3Z1_3_data_V, [64 x i18]* %curvmStubsPH3Z1_4_data_V, i10 256, [64 x i18]* %curvmStubsPH4Z1_0_data_V, [64 x i18]* %curvmStubsPH4Z1_1_data_V, [64 x i18]* %curvmStubsPH4Z1_2_data_V, [64 x i18]* %curvmStubsPH4Z1_3_data_V, [64 x i18]* %curvmStubsPH4Z1_4_data_V, i10 256, [64 x i18]* %curvmStubsPH1Z2_0_data_V, [64 x i18]* %curvmStubsPH1Z2_1_data_V, [64 x i18]* %curvmStubsPH1Z2_2_data_V, [64 x i18]* %curvmStubsPH1Z2_3_data_V, [64 x i18]* %curvmStubsPH1Z2_4_data_V, i10 256, [64 x i18]* %curvmStubsPH2Z2_0_data_V, [64 x i18]* %curvmStubsPH2Z2_1_data_V, [64 x i18]* %curvmStubsPH2Z2_2_data_V, [64 x i18]* %curvmStubsPH2Z2_3_data_V, [64 x i18]* %curvmStubsPH2Z2_4_data_V, i10 256, [64 x i18]* %curvmStubsPH3Z2_0_data_V, [64 x i18]* %curvmStubsPH3Z2_1_data_V, [64 x i18]* %curvmStubsPH3Z2_2_data_V, [64 x i18]* %curvmStubsPH3Z2_3_data_V, [64 x i18]* %curvmStubsPH3Z2_4_data_V, i10 256, [64 x i18]* %curvmStubsPH4Z2_0_data_V, [64 x i18]* %curvmStubsPH4Z2_1_data_V, [64 x i18]* %curvmStubsPH4Z2_2_data_V, [64 x i18]* %curvmStubsPH4Z2_3_data_V, [64 x i18]* %curvmStubsPH4Z2_4_data_V, i10 256, i32 %curnStubs_4_read, i6 %curnPH1Z1_4_V_read, i6 %curnPH2Z1_4_V_read, i6 %curnPH3Z1_4_V_read, i6 %curnPH4Z1_4_V_read, i6 %curnPH1Z2_4_V_read, i6 %curnPH2Z2_4_V_read, i6 %curnPH3Z2_4_V_read, i6 %curnPH4Z2_4_V_read)

ST_2: curnPH1Z1_V_addr34_r_4 (306)  [1/1] 0.00ns  loc: ../TrackletAlgorithm/VMRouterDispatcher.cpp:63
:210  %curnPH1Z1_V_addr34_r_4 = extractvalue { i6, i6, i6, i6, i6, i6, i6, i6 } %tmp_4, 0

ST_2: StgValue_219 (307)  [1/1] 0.00ns  loc: ../TrackletAlgorithm/VMRouterDispatcher.cpp:63
:211  call void @_ssdm_op_Write.ap_auto.i6P(i6* %curnPH1Z1_4_V, i6 %curnPH1Z1_V_addr34_r_4)

ST_2: curnPH2Z1_V_addr37_r_4 (308)  [1/1] 0.00ns  loc: ../TrackletAlgorithm/VMRouterDispatcher.cpp:63
:212  %curnPH2Z1_V_addr37_r_4 = extractvalue { i6, i6, i6, i6, i6, i6, i6, i6 } %tmp_4, 1

ST_2: StgValue_221 (309)  [1/1] 0.00ns  loc: ../TrackletAlgorithm/VMRouterDispatcher.cpp:63
:213  call void @_ssdm_op_Write.ap_auto.i6P(i6* %curnPH2Z1_4_V, i6 %curnPH2Z1_V_addr37_r_4)

ST_2: curnPH3Z1_V_addr40_r_4 (310)  [1/1] 0.00ns  loc: ../TrackletAlgorithm/VMRouterDispatcher.cpp:63
:214  %curnPH3Z1_V_addr40_r_4 = extractvalue { i6, i6, i6, i6, i6, i6, i6, i6 } %tmp_4, 2

ST_2: StgValue_223 (311)  [1/1] 0.00ns  loc: ../TrackletAlgorithm/VMRouterDispatcher.cpp:63
:215  call void @_ssdm_op_Write.ap_auto.i6P(i6* %curnPH3Z1_4_V, i6 %curnPH3Z1_V_addr40_r_4)

ST_2: curnPH4Z1_V_addr43_r_4 (312)  [1/1] 0.00ns  loc: ../TrackletAlgorithm/VMRouterDispatcher.cpp:63
:216  %curnPH4Z1_V_addr43_r_4 = extractvalue { i6, i6, i6, i6, i6, i6, i6, i6 } %tmp_4, 3

ST_2: StgValue_225 (313)  [1/1] 0.00ns  loc: ../TrackletAlgorithm/VMRouterDispatcher.cpp:63
:217  call void @_ssdm_op_Write.ap_auto.i6P(i6* %curnPH4Z1_4_V, i6 %curnPH4Z1_V_addr43_r_4)

ST_2: curnPH1Z2_V_addr46_r_4 (314)  [1/1] 0.00ns  loc: ../TrackletAlgorithm/VMRouterDispatcher.cpp:63
:218  %curnPH1Z2_V_addr46_r_4 = extractvalue { i6, i6, i6, i6, i6, i6, i6, i6 } %tmp_4, 4

ST_2: StgValue_227 (315)  [1/1] 0.00ns  loc: ../TrackletAlgorithm/VMRouterDispatcher.cpp:63
:219  call void @_ssdm_op_Write.ap_auto.i6P(i6* %curnPH1Z2_4_V, i6 %curnPH1Z2_V_addr46_r_4)

ST_2: curnPH2Z2_V_addr49_r_4 (316)  [1/1] 0.00ns  loc: ../TrackletAlgorithm/VMRouterDispatcher.cpp:63
:220  %curnPH2Z2_V_addr49_r_4 = extractvalue { i6, i6, i6, i6, i6, i6, i6, i6 } %tmp_4, 5

ST_2: StgValue_229 (317)  [1/1] 0.00ns  loc: ../TrackletAlgorithm/VMRouterDispatcher.cpp:63
:221  call void @_ssdm_op_Write.ap_auto.i6P(i6* %curnPH2Z2_4_V, i6 %curnPH2Z2_V_addr49_r_4)

ST_2: curnPH3Z2_V_addr52_r_4 (318)  [1/1] 0.00ns  loc: ../TrackletAlgorithm/VMRouterDispatcher.cpp:63
:222  %curnPH3Z2_V_addr52_r_4 = extractvalue { i6, i6, i6, i6, i6, i6, i6, i6 } %tmp_4, 6

ST_2: StgValue_231 (319)  [1/1] 0.00ns  loc: ../TrackletAlgorithm/VMRouterDispatcher.cpp:63
:223  call void @_ssdm_op_Write.ap_auto.i6P(i6* %curnPH3Z2_4_V, i6 %curnPH3Z2_V_addr52_r_4)

ST_2: curnPH4Z2_V_addr55_r_4 (320)  [1/1] 0.00ns  loc: ../TrackletAlgorithm/VMRouterDispatcher.cpp:63
:224  %curnPH4Z2_V_addr55_r_4 = extractvalue { i6, i6, i6, i6, i6, i6, i6, i6 } %tmp_4, 7

ST_2: StgValue_233 (321)  [1/1] 0.00ns  loc: ../TrackletAlgorithm/VMRouterDispatcher.cpp:63
:225  call void @_ssdm_op_Write.ap_auto.i6P(i6* %curnPH4Z2_4_V, i6 %curnPH4Z2_V_addr55_r_4)

ST_2: StgValue_234 (322)  [1/1] 0.00ns  loc: ../TrackletAlgorithm/VMRouterDispatcher.cpp:68
:226  ret void



============================================================
+ Verbose Summary: Timing violations
============================================================
Target clock period: 4ns, clock uncertainty: 0.5ns.

 <State 1>: 1.89ns
The critical path consists of the following:
	wire read on port 'curnStubs_0' (../TrackletAlgorithm/VMRouterDispatcher.cpp:63) [192]  (0 ns)
	'call' operation ('tmp', ../TrackletAlgorithm/VMRouterDispatcher.cpp:63) to 'VMRouter' [201]  (1.89 ns)

 <State 2>: 0ns
The critical path consists of the following:


============================================================
+ Verbose Summary: Binding
============================================================
N/A
* FSMD analyzer results:
  - Output states:
 - Input state : 
  - Chain level:
	State 1
	State 2


============================================================
+ Verbose Summary: Datapath Resource usage 
============================================================
N/A
