

================================================================
== Vivado HLS Report for 'VMRouter_3_s'
================================================================
* Date:           Mon Sep 18 17:38:53 2017

* Version:        2017.2 (Build 1909853 on Thu Jun 15 18:55:24 MDT 2017)
* Project:        vmrouter_2
* Solution:       solution2-nodependencies
* Product family: virtex7
* Target device:  xc7vx690tffg1927-2


================================================================
== Performance Estimates
================================================================
+ Timing (ns): 
    * Summary: 
    +--------+-------+----------+------------+
    |  Clock | Target| Estimated| Uncertainty|
    +--------+-------+----------+------------+
    |ap_clk  |   4.00|      3.42|        0.50|
    +--------+-------+----------+------------+

+ Latency (clock cycles): 
    * Summary: 
    +-----+-----+-----+-----+---------+
    |  Latency  |  Interval | Pipeline|
    | min | max | min | max |   Type  |
    +-----+-----+-----+-----+---------+
    |    6|   69|    6|   69|   none  |
    +-----+-----+-----+-----+---------+

    + Detail: 
        * Instance: 
        N/A

        * Loop: 
        +------------+-----+-----+----------+-----------+-----------+--------+----------+
        |            |  Latency  | Iteration|  Initiation Interval  |  Trip  |          |
        |  Loop Name | min | max |  Latency |  achieved |   target  |  Count | Pipelined|
        +------------+-----+-----+----------+-----------+-----------+--------+----------+
        |- STUBLOOP  |    4|   67|         5|          1|          1| 1 ~ 64 |    yes   |
        +------------+-----+-----+----------+-----------+-----------+--------+----------+

============================================================
+ Verbose Summary: Synthesis Manager
============================================================
InlineROM: 1
ExposeGlobal: 0
============================================================
+ Verbose Summary: CDFG Model
============================================================
IsTopModel: 0
ResetActiveHigh: 1
IsCombinational: 0
IsDatapathOnly: 0
HasWiredReturn: 1
HasMFsm: 0
HasVarLatency: 1
IsPipeline: 0
IsRtlPipelined: 0
IsInstanceOverlapped: 0
IsDontTouch: 0
HasImplIP: 0
IsGatedGlobalClock: 0

+ Individual pipeline summary: 
  * Pipeline-0: initiation interval (II) = 1, depth = 5


============================================================
+ Verbose Summary: Schedule
============================================================
* Number of FSM states: 7
* Pipeline: 1
  Pipeline-0: II = 1, D = 5, States = { 2 3 4 5 6 }
* Dataflow Pipeline: 0

* FSM state transitions: 
1 --> 
	2  / true
2 --> 
	7  / (tmp_39) | (!tmp_39 & !tmp_s)
	3  / (!tmp_39 & tmp_s)
3 --> 
	4  / true
4 --> 
	5  / true
5 --> 
	6  / true
6 --> 
	2  / true
7 --> 
* FSM state operations: 

 <State 1>: 0.84ns
ST_1: nPH4Z2_V (110)  [1/1] 0.00ns
:0  %nPH4Z2_V = alloca i6

ST_1: nPH3Z2_V (111)  [1/1] 0.00ns
:1  %nPH3Z2_V = alloca i6

ST_1: nPH2Z2_V (112)  [1/1] 0.00ns
:2  %nPH2Z2_V = alloca i6

ST_1: nPH1Z2_V (113)  [1/1] 0.00ns
:3  %nPH1Z2_V = alloca i6

ST_1: nPH4Z1_V (114)  [1/1] 0.00ns
:4  %nPH4Z1_V = alloca i6

ST_1: nPH3Z1_V (115)  [1/1] 0.00ns
:5  %nPH3Z1_V = alloca i6

ST_1: nPH2Z1_V (116)  [1/1] 0.00ns
:6  %nPH2Z1_V = alloca i6

ST_1: nPH1Z1_V (117)  [1/1] 0.00ns
:7  %nPH1Z1_V = alloca i6

ST_1: nPH4Z2_V_read_1 (118)  [1/1] 0.00ns
:8  %nPH4Z2_V_read_1 = call i6 @_ssdm_op_Read.ap_auto.i6(i6 %nPH4Z2_V_read)

ST_1: nPH3Z2_V_read_1 (119)  [1/1] 0.00ns
:9  %nPH3Z2_V_read_1 = call i6 @_ssdm_op_Read.ap_auto.i6(i6 %nPH3Z2_V_read)

ST_1: nPH2Z2_V_read_1 (120)  [1/1] 0.00ns
:10  %nPH2Z2_V_read_1 = call i6 @_ssdm_op_Read.ap_auto.i6(i6 %nPH2Z2_V_read)

ST_1: nPH1Z2_V_read_1 (121)  [1/1] 0.00ns
:11  %nPH1Z2_V_read_1 = call i6 @_ssdm_op_Read.ap_auto.i6(i6 %nPH1Z2_V_read)

ST_1: nPH4Z1_V_read_1 (122)  [1/1] 0.00ns
:12  %nPH4Z1_V_read_1 = call i6 @_ssdm_op_Read.ap_auto.i6(i6 %nPH4Z1_V_read)

ST_1: nPH3Z1_V_read_1 (123)  [1/1] 0.00ns
:13  %nPH3Z1_V_read_1 = call i6 @_ssdm_op_Read.ap_auto.i6(i6 %nPH3Z1_V_read)

ST_1: nPH2Z1_V_read_1 (124)  [1/1] 0.00ns
:14  %nPH2Z1_V_read_1 = call i6 @_ssdm_op_Read.ap_auto.i6(i6 %nPH2Z1_V_read)

ST_1: nPH1Z1_V_read_1 (125)  [1/1] 0.00ns
:15  %nPH1Z1_V_read_1 = call i6 @_ssdm_op_Read.ap_auto.i6(i6 %nPH1Z1_V_read)

ST_1: nStubs_read (126)  [1/1] 0.00ns
:16  %nStubs_read = call i32 @_ssdm_op_Read.ap_auto.i32(i32 %nStubs)

ST_1: tmp_89_read (127)  [1/1] 0.00ns
:17  %tmp_89_read = call i11 @_ssdm_op_Read.ap_auto.i11(i11 %tmp_89)

ST_1: tmp_88_read (128)  [1/1] 0.00ns
:18  %tmp_88_read = call i11 @_ssdm_op_Read.ap_auto.i11(i11 %tmp_88)

ST_1: tmp_87_read (129)  [1/1] 0.00ns
:19  %tmp_87_read = call i11 @_ssdm_op_Read.ap_auto.i11(i11 %tmp_87)

ST_1: tmp_86_read (130)  [1/1] 0.00ns
:20  %tmp_86_read = call i11 @_ssdm_op_Read.ap_auto.i11(i11 %tmp_86)

ST_1: tmp_85_read (131)  [1/1] 0.00ns
:21  %tmp_85_read = call i11 @_ssdm_op_Read.ap_auto.i11(i11 %tmp_85)

ST_1: tmp_84_read (132)  [1/1] 0.00ns
:22  %tmp_84_read = call i11 @_ssdm_op_Read.ap_auto.i11(i11 %tmp_84)

ST_1: tmp_83_read (133)  [1/1] 0.00ns
:23  %tmp_83_read = call i11 @_ssdm_op_Read.ap_auto.i11(i11 %tmp_83)

ST_1: tmp_82_read (134)  [1/1] 0.00ns
:24  %tmp_82_read = call i11 @_ssdm_op_Read.ap_auto.i11(i11 %tmp_82)

ST_1: tmp_81_read (135)  [1/1] 0.00ns
:25  %tmp_81_read = call i11 @_ssdm_op_Read.ap_auto.i11(i11 %tmp_81)

ST_1: tmp_8_read (136)  [1/1] 0.00ns
:26  %tmp_8_read = call i11 @_ssdm_op_Read.ap_auto.i11(i11 %tmp_8)

ST_1: tmp (137)  [1/1] 0.00ns
:27  %tmp = trunc i11 %tmp_8_read to i6

ST_1: tmp_1 (138)  [1/1] 0.00ns
:28  %tmp_1 = trunc i11 %tmp_81_read to i6

ST_1: tmp_2 (139)  [1/1] 0.00ns
:29  %tmp_2 = trunc i11 %tmp_86_read to i6

ST_1: tmp_3 (140)  [1/1] 0.00ns
:30  %tmp_3 = trunc i11 %tmp_87_read to i6

ST_1: tmp_4 (141)  [1/1] 0.00ns
:31  %tmp_4 = trunc i11 %tmp_88_read to i6

ST_1: tmp_5 (142)  [1/1] 0.00ns
:32  %tmp_5 = trunc i11 %tmp_89_read to i6

ST_1: tmp_6 (143)  [1/1] 0.00ns
:33  %tmp_6 = trunc i11 %tmp_82_read to i6

ST_1: tmp_7 (144)  [1/1] 0.00ns
:34  %tmp_7 = trunc i11 %tmp_83_read to i6

ST_1: tmp_10 (145)  [1/1] 0.00ns
:35  %tmp_10 = trunc i11 %tmp_84_read to i6

ST_1: tmp_12 (146)  [1/1] 0.00ns
:36  %tmp_12 = trunc i11 %tmp_85_read to i6

ST_1: tmp_14 (147)  [1/1] 0.00ns
:37  %tmp_14 = trunc i11 %tmp_8_read to i10

ST_1: tmp_16 (148)  [1/1] 0.00ns
:38  %tmp_16 = trunc i11 %tmp_81_read to i10

ST_1: tmp_31 (149)  [1/1] 0.00ns
:39  %tmp_31 = trunc i11 %tmp_86_read to i10

ST_1: tmp_32 (150)  [1/1] 0.00ns
:40  %tmp_32 = trunc i11 %tmp_87_read to i10

ST_1: tmp_33 (151)  [1/1] 0.00ns
:41  %tmp_33 = trunc i11 %tmp_88_read to i10

ST_1: tmp_34 (152)  [1/1] 0.00ns
:42  %tmp_34 = trunc i11 %tmp_89_read to i10

ST_1: tmp_35 (153)  [1/1] 0.00ns
:43  %tmp_35 = trunc i11 %tmp_82_read to i10

ST_1: tmp_36 (154)  [1/1] 0.00ns
:44  %tmp_36 = trunc i11 %tmp_83_read to i10

ST_1: tmp_37 (155)  [1/1] 0.00ns
:45  %tmp_37 = trunc i11 %tmp_84_read to i10

ST_1: tmp_38 (156)  [1/1] 0.00ns
:46  %tmp_38 = trunc i11 %tmp_85_read to i10

ST_1: StgValue_55 (157)  [1/1] 0.84ns  loc: ../TrackletAlgorithm/VMRouter.hh:28
:47  store i6 %nPH1Z1_V_read_1, i6* %nPH1Z1_V

ST_1: StgValue_56 (158)  [1/1] 0.84ns  loc: ../TrackletAlgorithm/VMRouter.hh:28
:48  store i6 %nPH2Z1_V_read_1, i6* %nPH2Z1_V

ST_1: StgValue_57 (159)  [1/1] 0.84ns  loc: ../TrackletAlgorithm/VMRouter.hh:29
:49  store i6 %nPH3Z1_V_read_1, i6* %nPH3Z1_V

ST_1: StgValue_58 (160)  [1/1] 0.84ns  loc: ../TrackletAlgorithm/VMRouter.hh:29
:50  store i6 %nPH4Z1_V_read_1, i6* %nPH4Z1_V

ST_1: StgValue_59 (161)  [1/1] 0.84ns  loc: ../TrackletAlgorithm/VMRouter.hh:30
:51  store i6 %nPH1Z2_V_read_1, i6* %nPH1Z2_V

ST_1: StgValue_60 (162)  [1/1] 0.84ns  loc: ../TrackletAlgorithm/VMRouter.hh:30
:52  store i6 %nPH2Z2_V_read_1, i6* %nPH2Z2_V

ST_1: StgValue_61 (163)  [1/1] 0.84ns  loc: ../TrackletAlgorithm/VMRouter.hh:31
:53  store i6 %nPH3Z2_V_read_1, i6* %nPH3Z2_V

ST_1: StgValue_62 (164)  [1/1] 0.84ns  loc: ../TrackletAlgorithm/VMRouter.hh:31
:54  store i6 %nPH4Z2_V_read_1, i6* %nPH4Z2_V

ST_1: StgValue_63 (165)  [1/1] 0.84ns  loc: ../TrackletAlgorithm/VMRouter.hh:35
:55  br label %1


 <State 2>: 3.05ns
ST_2: p_0 (167)  [1/1] 0.00ns
:0  %p_0 = phi i6 [ 0, %0 ], [ %index_V_1, %_ZrsILi12ELb0EE11ap_int_baseIXT_EXT0_EXleT_Li64EEERKS1_i.exit._crit_edge ]

ST_2: i (168)  [1/1] 0.00ns
:1  %i = phi i7 [ 0, %0 ], [ %i_1, %_ZrsILi12ELb0EE11ap_int_baseIXT_EXT0_EXleT_Li64EEERKS1_i.exit._crit_edge ]

ST_2: tmp_39 (169)  [1/1] 0.00ns  loc: ../TrackletAlgorithm/VMRouter.hh:35
:2  %tmp_39 = call i1 @_ssdm_op_BitSelect.i1.i7.i32(i7 %i, i32 6)

ST_2: i_1 (170)  [1/1] 1.36ns  loc: ../TrackletAlgorithm/VMRouter.hh:35
:3  %i_1 = add i7 %i, 1

ST_2: StgValue_68 (171)  [1/1] 0.00ns  loc: ../TrackletAlgorithm/VMRouter.hh:35
:4  br i1 %tmp_39, label %.loopexit, label %2

ST_2: i_cast4 (173)  [1/1] 0.00ns  loc: ../TrackletAlgorithm/VMRouter.hh:35
:0  %i_cast4 = zext i7 %i to i32

ST_2: empty (174)  [1/1] 0.00ns
:1  %empty = call i32 (...)* @_ssdm_op_SpecLoopTripCount(i64 1, i64 64, i64 32)

ST_2: StgValue_71 (175)  [1/1] 0.00ns  loc: ../TrackletAlgorithm/VMRouter.hh:36
:2  call void (...)* @_ssdm_op_SpecLoopName([9 x i8]* @p_str9) nounwind

ST_2: tmp_9 (176)  [1/1] 0.00ns  loc: ../TrackletAlgorithm/VMRouter.hh:36
:3  %tmp_9 = call i32 (...)* @_ssdm_op_SpecRegionBegin([9 x i8]* @p_str9)

ST_2: StgValue_73 (177)  [1/1] 0.00ns  loc: ../TrackletAlgorithm/VMRouter.hh:37
:4  call void (...)* @_ssdm_op_SpecPipeline(i32 1, i32 1, i32 1, i32 0, [1 x i8]* @p_str5) nounwind

ST_2: tmp_s (178)  [1/1] 1.69ns  loc: ../TrackletAlgorithm/VMRouter.hh:38
:5  %tmp_s = icmp slt i32 %i_cast4, %nStubs_read

ST_2: StgValue_75 (179)  [1/1] 0.00ns  loc: ../TrackletAlgorithm/VMRouter.hh:38
:6  br i1 %tmp_s, label %_ZrsILi12ELb0EE11ap_int_baseIXT_EXT0_EXleT_Li64EEERKS1_i.exit, label %.loopexit

ST_2: tmp_1_cast (181)  [1/1] 0.00ns  loc: ../TrackletAlgorithm/VMRouter.hh:35
_ZrsILi12ELb0EE11ap_int_baseIXT_EXT0_EXleT_Li64EEERKS1_i.exit:0  %tmp_1_cast = zext i7 %i to i10

ST_2: tmp_40 (182)  [1/1] 0.00ns  loc: ../TrackletAlgorithm/VMRouter.hh:35
_ZrsILi12ELb0EE11ap_int_baseIXT_EXT0_EXleT_Li64EEERKS1_i.exit:1  %tmp_40 = trunc i7 %i to i6

ST_2: sum (183)  [1/1] 1.37ns  loc: ../TrackletAlgorithm/VMRouter.hh:35
_ZrsILi12ELb0EE11ap_int_baseIXT_EXT0_EXleT_Li64EEERKS1_i.exit:2  %sum = add i10 %tmp_14, %tmp_1_cast

ST_2: arrayNo (184)  [1/1] 0.00ns  loc: ../TrackletAlgorithm/VMRouter.hh:35
_ZrsILi12ELb0EE11ap_int_baseIXT_EXT0_EXleT_Li64EEERKS1_i.exit:3  %arrayNo = call i4 @_ssdm_op_PartSelect.i4.i10.i32.i32(i10 %sum, i32 6, i32 9)

ST_2: newIndex (186)  [1/1] 1.36ns  loc: ../TrackletAlgorithm/VMRouter.hh:35
_ZrsILi12ELb0EE11ap_int_baseIXT_EXT0_EXleT_Li64EEERKS1_i.exit:5  %newIndex = add i6 %tmp, %tmp_40

ST_2: sum1 (207)  [1/1] 1.37ns  loc: ../TrackletAlgorithm/VMRouter.hh:35
_ZrsILi12ELb0EE11ap_int_baseIXT_EXT0_EXleT_Li64EEERKS1_i.exit:26  %sum1 = add i10 %tmp_16, %tmp_1_cast

ST_2: arrayNo1_cast_cast (208)  [1/1] 0.00ns  loc: ../TrackletAlgorithm/VMRouter.hh:35
_ZrsILi12ELb0EE11ap_int_baseIXT_EXT0_EXleT_Li64EEERKS1_i.exit:27  %arrayNo1_cast_cast = call i4 @_ssdm_op_PartSelect.i4.i10.i32.i32(i10 %sum1, i32 6, i32 9)

ST_2: newIndex2 (209)  [1/1] 1.36ns  loc: ../TrackletAlgorithm/VMRouter.hh:35
_ZrsILi12ELb0EE11ap_int_baseIXT_EXT0_EXleT_Li64EEERKS1_i.exit:28  %newIndex2 = add i6 %tmp_1, %tmp_40

ST_2: StgValue_84 (220)  [1/1] 1.69ns  loc: ../TrackletAlgorithm/VMRouter.hh:47
_ZrsILi12ELb0EE11ap_int_baseIXT_EXT0_EXleT_Li64EEERKS1_i.exit:39  switch i4 %arrayNo1_cast_cast, label %branch8 [
    i4 0, label %branch0
    i4 1, label %branch1
    i4 2, label %branch2
    i4 3, label %branch3
    i4 4, label %branch4
    i4 5, label %branch5
    i4 6, label %branch6
    i4 7, label %branch7
  ]


 <State 3>: 2.27ns
ST_3: newIndex1 (187)  [1/1] 0.00ns  loc: ../TrackletAlgorithm/VMRouter.hh:35
_ZrsILi12ELb0EE11ap_int_baseIXT_EXT0_EXleT_Li64EEERKS1_i.exit:6  %newIndex1 = zext i6 %newIndex to i64

ST_3: stubsInLayer_0_data_1 (188)  [1/1] 0.00ns  loc: ../TrackletAlgorithm/VMRouter.hh:35
_ZrsILi12ELb0EE11ap_int_baseIXT_EXT0_EXleT_Li64EEERKS1_i.exit:7  %stubsInLayer_0_data_1 = getelementptr [64 x i36]* %stubsInLayer_0_data, i64 0, i64 %newIndex1

ST_3: stubsInLayer_0_data_2 (189)  [2/2] 2.27ns  loc: ../TrackletAlgorithm/VMRouter.hh:35
_ZrsILi12ELb0EE11ap_int_baseIXT_EXT0_EXleT_Li64EEERKS1_i.exit:8  %stubsInLayer_0_data_2 = load i36* %stubsInLayer_0_data_1, align 8

ST_3: stubsInLayer_1_data_1 (190)  [1/1] 0.00ns  loc: ../TrackletAlgorithm/VMRouter.hh:35
_ZrsILi12ELb0EE11ap_int_baseIXT_EXT0_EXleT_Li64EEERKS1_i.exit:9  %stubsInLayer_1_data_1 = getelementptr [64 x i36]* %stubsInLayer_1_data, i64 0, i64 %newIndex1

ST_3: stubsInLayer_1_data_2 (191)  [2/2] 2.27ns  loc: ../TrackletAlgorithm/VMRouter.hh:35
_ZrsILi12ELb0EE11ap_int_baseIXT_EXT0_EXleT_Li64EEERKS1_i.exit:10  %stubsInLayer_1_data_2 = load i36* %stubsInLayer_1_data_1, align 8

ST_3: stubsInLayer_2_data_1 (192)  [1/1] 0.00ns  loc: ../TrackletAlgorithm/VMRouter.hh:35
_ZrsILi12ELb0EE11ap_int_baseIXT_EXT0_EXleT_Li64EEERKS1_i.exit:11  %stubsInLayer_2_data_1 = getelementptr [64 x i36]* %stubsInLayer_2_data, i64 0, i64 %newIndex1

ST_3: stubsInLayer_2_data_2 (193)  [2/2] 2.27ns  loc: ../TrackletAlgorithm/VMRouter.hh:35
_ZrsILi12ELb0EE11ap_int_baseIXT_EXT0_EXleT_Li64EEERKS1_i.exit:12  %stubsInLayer_2_data_2 = load i36* %stubsInLayer_2_data_1, align 8

ST_3: stubsInLayer_3_data_1 (194)  [1/1] 0.00ns  loc: ../TrackletAlgorithm/VMRouter.hh:35
_ZrsILi12ELb0EE11ap_int_baseIXT_EXT0_EXleT_Li64EEERKS1_i.exit:13  %stubsInLayer_3_data_1 = getelementptr [64 x i36]* %stubsInLayer_3_data, i64 0, i64 %newIndex1

ST_3: stubsInLayer_3_data_2 (195)  [2/2] 2.27ns  loc: ../TrackletAlgorithm/VMRouter.hh:35
_ZrsILi12ELb0EE11ap_int_baseIXT_EXT0_EXleT_Li64EEERKS1_i.exit:14  %stubsInLayer_3_data_2 = load i36* %stubsInLayer_3_data_1, align 8

ST_3: stubsInLayer_4_data_1 (196)  [1/1] 0.00ns  loc: ../TrackletAlgorithm/VMRouter.hh:35
_ZrsILi12ELb0EE11ap_int_baseIXT_EXT0_EXleT_Li64EEERKS1_i.exit:15  %stubsInLayer_4_data_1 = getelementptr [64 x i36]* %stubsInLayer_4_data, i64 0, i64 %newIndex1

ST_3: stubsInLayer_4_data_2 (197)  [2/2] 2.27ns  loc: ../TrackletAlgorithm/VMRouter.hh:35
_ZrsILi12ELb0EE11ap_int_baseIXT_EXT0_EXleT_Li64EEERKS1_i.exit:16  %stubsInLayer_4_data_2 = load i36* %stubsInLayer_4_data_1, align 8

ST_3: stubsInLayer_5_data_1 (198)  [1/1] 0.00ns  loc: ../TrackletAlgorithm/VMRouter.hh:35
_ZrsILi12ELb0EE11ap_int_baseIXT_EXT0_EXleT_Li64EEERKS1_i.exit:17  %stubsInLayer_5_data_1 = getelementptr [64 x i36]* %stubsInLayer_5_data, i64 0, i64 %newIndex1

ST_3: stubsInLayer_5_data_2 (199)  [2/2] 2.27ns  loc: ../TrackletAlgorithm/VMRouter.hh:35
_ZrsILi12ELb0EE11ap_int_baseIXT_EXT0_EXleT_Li64EEERKS1_i.exit:18  %stubsInLayer_5_data_2 = load i36* %stubsInLayer_5_data_1, align 8

ST_3: stubsInLayer_6_data_1 (200)  [1/1] 0.00ns  loc: ../TrackletAlgorithm/VMRouter.hh:35
_ZrsILi12ELb0EE11ap_int_baseIXT_EXT0_EXleT_Li64EEERKS1_i.exit:19  %stubsInLayer_6_data_1 = getelementptr [64 x i36]* %stubsInLayer_6_data, i64 0, i64 %newIndex1

ST_3: stubsInLayer_6_data_2 (201)  [2/2] 2.27ns  loc: ../TrackletAlgorithm/VMRouter.hh:35
_ZrsILi12ELb0EE11ap_int_baseIXT_EXT0_EXleT_Li64EEERKS1_i.exit:20  %stubsInLayer_6_data_2 = load i36* %stubsInLayer_6_data_1, align 8

ST_3: stubsInLayer_7_data_1 (202)  [1/1] 0.00ns  loc: ../TrackletAlgorithm/VMRouter.hh:35
_ZrsILi12ELb0EE11ap_int_baseIXT_EXT0_EXleT_Li64EEERKS1_i.exit:21  %stubsInLayer_7_data_1 = getelementptr [64 x i36]* %stubsInLayer_7_data, i64 0, i64 %newIndex1

ST_3: stubsInLayer_7_data_2 (203)  [2/2] 2.27ns  loc: ../TrackletAlgorithm/VMRouter.hh:35
_ZrsILi12ELb0EE11ap_int_baseIXT_EXT0_EXleT_Li64EEERKS1_i.exit:22  %stubsInLayer_7_data_2 = load i36* %stubsInLayer_7_data_1, align 8

ST_3: stubsInLayer_8_data_1 (204)  [1/1] 0.00ns  loc: ../TrackletAlgorithm/VMRouter.hh:35
_ZrsILi12ELb0EE11ap_int_baseIXT_EXT0_EXleT_Li64EEERKS1_i.exit:23  %stubsInLayer_8_data_1 = getelementptr [64 x i36]* %stubsInLayer_8_data, i64 0, i64 %newIndex1

ST_3: stubsInLayer_8_data_2 (205)  [2/2] 2.27ns  loc: ../TrackletAlgorithm/VMRouter.hh:35
_ZrsILi12ELb0EE11ap_int_baseIXT_EXT0_EXleT_Li64EEERKS1_i.exit:24  %stubsInLayer_8_data_2 = load i36* %stubsInLayer_8_data_1, align 8


 <State 4>: 3.42ns
ST_4: arrayNo_cast (185)  [1/1] 0.00ns  loc: ../TrackletAlgorithm/VMRouter.hh:35
_ZrsILi12ELb0EE11ap_int_baseIXT_EXT0_EXleT_Li64EEERKS1_i.exit:4  %arrayNo_cast = zext i4 %arrayNo to i64

ST_4: stubsInLayer_0_data_2 (189)  [1/2] 2.27ns  loc: ../TrackletAlgorithm/VMRouter.hh:35
_ZrsILi12ELb0EE11ap_int_baseIXT_EXT0_EXleT_Li64EEERKS1_i.exit:8  %stubsInLayer_0_data_2 = load i36* %stubsInLayer_0_data_1, align 8

ST_4: stubsInLayer_1_data_2 (191)  [1/2] 2.27ns  loc: ../TrackletAlgorithm/VMRouter.hh:35
_ZrsILi12ELb0EE11ap_int_baseIXT_EXT0_EXleT_Li64EEERKS1_i.exit:10  %stubsInLayer_1_data_2 = load i36* %stubsInLayer_1_data_1, align 8

ST_4: stubsInLayer_2_data_2 (193)  [1/2] 2.27ns  loc: ../TrackletAlgorithm/VMRouter.hh:35
_ZrsILi12ELb0EE11ap_int_baseIXT_EXT0_EXleT_Li64EEERKS1_i.exit:12  %stubsInLayer_2_data_2 = load i36* %stubsInLayer_2_data_1, align 8

ST_4: stubsInLayer_3_data_2 (195)  [1/2] 2.27ns  loc: ../TrackletAlgorithm/VMRouter.hh:35
_ZrsILi12ELb0EE11ap_int_baseIXT_EXT0_EXleT_Li64EEERKS1_i.exit:14  %stubsInLayer_3_data_2 = load i36* %stubsInLayer_3_data_1, align 8

ST_4: stubsInLayer_4_data_2 (197)  [1/2] 2.27ns  loc: ../TrackletAlgorithm/VMRouter.hh:35
_ZrsILi12ELb0EE11ap_int_baseIXT_EXT0_EXleT_Li64EEERKS1_i.exit:16  %stubsInLayer_4_data_2 = load i36* %stubsInLayer_4_data_1, align 8

ST_4: stubsInLayer_5_data_2 (199)  [1/2] 2.27ns  loc: ../TrackletAlgorithm/VMRouter.hh:35
_ZrsILi12ELb0EE11ap_int_baseIXT_EXT0_EXleT_Li64EEERKS1_i.exit:18  %stubsInLayer_5_data_2 = load i36* %stubsInLayer_5_data_1, align 8

ST_4: stubsInLayer_6_data_2 (201)  [1/2] 2.27ns  loc: ../TrackletAlgorithm/VMRouter.hh:35
_ZrsILi12ELb0EE11ap_int_baseIXT_EXT0_EXleT_Li64EEERKS1_i.exit:20  %stubsInLayer_6_data_2 = load i36* %stubsInLayer_6_data_1, align 8

ST_4: stubsInLayer_7_data_2 (203)  [1/2] 2.27ns  loc: ../TrackletAlgorithm/VMRouter.hh:35
_ZrsILi12ELb0EE11ap_int_baseIXT_EXT0_EXleT_Li64EEERKS1_i.exit:22  %stubsInLayer_7_data_2 = load i36* %stubsInLayer_7_data_1, align 8

ST_4: stubsInLayer_8_data_2 (205)  [1/2] 2.27ns  loc: ../TrackletAlgorithm/VMRouter.hh:35
_ZrsILi12ELb0EE11ap_int_baseIXT_EXT0_EXleT_Li64EEERKS1_i.exit:24  %stubsInLayer_8_data_2 = load i36* %stubsInLayer_8_data_1, align 8

ST_4: HLSFullStubLayerPS_d (206)  [1/1] 1.15ns  loc: ../TrackletAlgorithm/VMRouter.hh:35
_ZrsILi12ELb0EE11ap_int_baseIXT_EXT0_EXleT_Li64EEERKS1_i.exit:25  %HLSFullStubLayerPS_d = call i36 @_ssdm_op_Mux.ap_auto.9i36.i64(i36 %stubsInLayer_0_data_2, i36 %stubsInLayer_1_data_2, i36 %stubsInLayer_2_data_2, i36 %stubsInLayer_3_data_2, i36 %stubsInLayer_4_data_2, i36 %stubsInLayer_5_data_2, i36 %stubsInLayer_6_data_2, i36 %stubsInLayer_7_data_2, i36 %stubsInLayer_8_data_2, i64 %arrayNo_cast)

ST_4: StgValue_115 (223)  [1/1] 0.00ns  loc: ../TrackletAlgorithm/VMRouter.hh:47
branch7:1  br label %_ZrsILi12ELb0EE11ap_int_baseIXT_EXT0_EXleT_Li64EEERKS1_i.exit102

ST_4: StgValue_116 (226)  [1/1] 0.00ns  loc: ../TrackletAlgorithm/VMRouter.hh:47
branch6:1  br label %_ZrsILi12ELb0EE11ap_int_baseIXT_EXT0_EXleT_Li64EEERKS1_i.exit102

ST_4: StgValue_117 (229)  [1/1] 0.00ns  loc: ../TrackletAlgorithm/VMRouter.hh:47
branch5:1  br label %_ZrsILi12ELb0EE11ap_int_baseIXT_EXT0_EXleT_Li64EEERKS1_i.exit102

ST_4: StgValue_118 (232)  [1/1] 0.00ns  loc: ../TrackletAlgorithm/VMRouter.hh:47
branch4:1  br label %_ZrsILi12ELb0EE11ap_int_baseIXT_EXT0_EXleT_Li64EEERKS1_i.exit102

ST_4: StgValue_119 (235)  [1/1] 0.00ns  loc: ../TrackletAlgorithm/VMRouter.hh:47
branch3:1  br label %_ZrsILi12ELb0EE11ap_int_baseIXT_EXT0_EXleT_Li64EEERKS1_i.exit102

ST_4: StgValue_120 (238)  [1/1] 0.00ns  loc: ../TrackletAlgorithm/VMRouter.hh:47
branch2:1  br label %_ZrsILi12ELb0EE11ap_int_baseIXT_EXT0_EXleT_Li64EEERKS1_i.exit102

ST_4: StgValue_121 (241)  [1/1] 0.00ns  loc: ../TrackletAlgorithm/VMRouter.hh:47
branch1:1  br label %_ZrsILi12ELb0EE11ap_int_baseIXT_EXT0_EXleT_Li64EEERKS1_i.exit102

ST_4: StgValue_122 (244)  [1/1] 0.00ns  loc: ../TrackletAlgorithm/VMRouter.hh:47
branch0:1  br label %_ZrsILi12ELb0EE11ap_int_baseIXT_EXT0_EXleT_Li64EEERKS1_i.exit102

ST_4: StgValue_123 (247)  [1/1] 0.00ns  loc: ../TrackletAlgorithm/VMRouter.hh:47
branch8:1  br label %_ZrsILi12ELb0EE11ap_int_baseIXT_EXT0_EXleT_Li64EEERKS1_i.exit102


 <State 5>: 3.05ns
ST_5: newIndex3 (210)  [1/1] 0.00ns  loc: ../TrackletAlgorithm/VMRouter.hh:35
_ZrsILi12ELb0EE11ap_int_baseIXT_EXT0_EXleT_Li64EEERKS1_i.exit:29  %newIndex3 = zext i6 %newIndex2 to i64

ST_5: allStubs_0_data_V_s (211)  [1/1] 0.00ns  loc: ../TrackletAlgorithm/VMRouter.hh:47
_ZrsILi12ELb0EE11ap_int_baseIXT_EXT0_EXleT_Li64EEERKS1_i.exit:30  %allStubs_0_data_V_s = getelementptr [64 x i36]* %allStubs_0_data_V, i64 0, i64 %newIndex3

ST_5: allStubs_1_data_V_s (212)  [1/1] 0.00ns  loc: ../TrackletAlgorithm/VMRouter.hh:47
_ZrsILi12ELb0EE11ap_int_baseIXT_EXT0_EXleT_Li64EEERKS1_i.exit:31  %allStubs_1_data_V_s = getelementptr [64 x i36]* %allStubs_1_data_V, i64 0, i64 %newIndex3

ST_5: allStubs_2_data_V_s (213)  [1/1] 0.00ns  loc: ../TrackletAlgorithm/VMRouter.hh:47
_ZrsILi12ELb0EE11ap_int_baseIXT_EXT0_EXleT_Li64EEERKS1_i.exit:32  %allStubs_2_data_V_s = getelementptr [64 x i36]* %allStubs_2_data_V, i64 0, i64 %newIndex3

ST_5: allStubs_3_data_V_s (214)  [1/1] 0.00ns  loc: ../TrackletAlgorithm/VMRouter.hh:47
_ZrsILi12ELb0EE11ap_int_baseIXT_EXT0_EXleT_Li64EEERKS1_i.exit:33  %allStubs_3_data_V_s = getelementptr [64 x i36]* %allStubs_3_data_V, i64 0, i64 %newIndex3

ST_5: allStubs_4_data_V_s (215)  [1/1] 0.00ns  loc: ../TrackletAlgorithm/VMRouter.hh:47
_ZrsILi12ELb0EE11ap_int_baseIXT_EXT0_EXleT_Li64EEERKS1_i.exit:34  %allStubs_4_data_V_s = getelementptr [64 x i36]* %allStubs_4_data_V, i64 0, i64 %newIndex3

ST_5: allStubs_5_data_V_s (216)  [1/1] 0.00ns  loc: ../TrackletAlgorithm/VMRouter.hh:47
_ZrsILi12ELb0EE11ap_int_baseIXT_EXT0_EXleT_Li64EEERKS1_i.exit:35  %allStubs_5_data_V_s = getelementptr [64 x i36]* %allStubs_5_data_V, i64 0, i64 %newIndex3

ST_5: allStubs_6_data_V_s (217)  [1/1] 0.00ns  loc: ../TrackletAlgorithm/VMRouter.hh:47
_ZrsILi12ELb0EE11ap_int_baseIXT_EXT0_EXleT_Li64EEERKS1_i.exit:36  %allStubs_6_data_V_s = getelementptr [64 x i36]* %allStubs_6_data_V, i64 0, i64 %newIndex3

ST_5: allStubs_7_data_V_s (218)  [1/1] 0.00ns  loc: ../TrackletAlgorithm/VMRouter.hh:47
_ZrsILi12ELb0EE11ap_int_baseIXT_EXT0_EXleT_Li64EEERKS1_i.exit:37  %allStubs_7_data_V_s = getelementptr [64 x i36]* %allStubs_7_data_V, i64 0, i64 %newIndex3

ST_5: allStubs_8_data_V_s (219)  [1/1] 0.00ns  loc: ../TrackletAlgorithm/VMRouter.hh:47
_ZrsILi12ELb0EE11ap_int_baseIXT_EXT0_EXleT_Li64EEERKS1_i.exit:38  %allStubs_8_data_V_s = getelementptr [64 x i36]* %allStubs_8_data_V, i64 0, i64 %newIndex3

ST_5: StgValue_134 (222)  [1/1] 2.27ns  loc: ../TrackletAlgorithm/VMRouter.hh:47
branch7:0  store i36 %HLSFullStubLayerPS_d, i36* %allStubs_7_data_V_s, align 8

ST_5: StgValue_135 (225)  [1/1] 2.27ns  loc: ../TrackletAlgorithm/VMRouter.hh:47
branch6:0  store i36 %HLSFullStubLayerPS_d, i36* %allStubs_6_data_V_s, align 8

ST_5: StgValue_136 (228)  [1/1] 2.27ns  loc: ../TrackletAlgorithm/VMRouter.hh:47
branch5:0  store i36 %HLSFullStubLayerPS_d, i36* %allStubs_5_data_V_s, align 8

ST_5: StgValue_137 (231)  [1/1] 2.27ns  loc: ../TrackletAlgorithm/VMRouter.hh:47
branch4:0  store i36 %HLSFullStubLayerPS_d, i36* %allStubs_4_data_V_s, align 8

ST_5: StgValue_138 (234)  [1/1] 2.27ns  loc: ../TrackletAlgorithm/VMRouter.hh:47
branch3:0  store i36 %HLSFullStubLayerPS_d, i36* %allStubs_3_data_V_s, align 8

ST_5: StgValue_139 (237)  [1/1] 2.27ns  loc: ../TrackletAlgorithm/VMRouter.hh:47
branch2:0  store i36 %HLSFullStubLayerPS_d, i36* %allStubs_2_data_V_s, align 8

ST_5: StgValue_140 (240)  [1/1] 2.27ns  loc: ../TrackletAlgorithm/VMRouter.hh:47
branch1:0  store i36 %HLSFullStubLayerPS_d, i36* %allStubs_1_data_V_s, align 8

ST_5: StgValue_141 (243)  [1/1] 2.27ns  loc: ../TrackletAlgorithm/VMRouter.hh:47
branch0:0  store i36 %HLSFullStubLayerPS_d, i36* %allStubs_0_data_V_s, align 8

ST_5: StgValue_142 (246)  [1/1] 2.27ns  loc: ../TrackletAlgorithm/VMRouter.hh:47
branch8:0  store i36 %HLSFullStubLayerPS_d, i36* %allStubs_8_data_V_s, align 8

ST_5: tPhi_V_i (252)  [1/1] 0.00ns  loc: ../TrackletAlgorithm/VMRouter.hh:66
_ZrsILi12ELb0EE11ap_int_baseIXT_EXT0_EXleT_Li64EEERKS1_i.exit102:3  %tPhi_V_i = call i3 @_ssdm_op_PartSelect.i3.i36.i32.i32(i36 %HLSFullStubLayerPS_d, i32 23, i32 25)

ST_5: r_V (253)  [1/1] 1.25ns  loc: ../TrackletAlgorithm/VMRouter.hh:66
_ZrsILi12ELb0EE11ap_int_baseIXT_EXT0_EXleT_Li64EEERKS1_i.exit102:4  %r_V = add i3 %tPhi_V_i, -1

ST_5: routePhi_V (254)  [1/1] 0.00ns  loc: ../TrackletAlgorithm/VMRouter.hh:66
_ZrsILi12ELb0EE11ap_int_baseIXT_EXT0_EXleT_Li64EEERKS1_i.exit102:5  %routePhi_V = call i2 @_ssdm_op_PartSelect.i2.i3.i32.i32(i3 %r_V, i32 1, i32 2)

ST_5: routeZ_V (255)  [1/1] 0.00ns  loc: ../TrackletAlgorithm/VMRouter.hh:70
_ZrsILi12ELb0EE11ap_int_baseIXT_EXT0_EXleT_Li64EEERKS1_i.exit102:6  %routeZ_V = call i1 @_ssdm_op_BitSelect.i1.i36.i32(i36 %HLSFullStubLayerPS_d, i32 9)

ST_5: StgValue_147 (256)  [1/1] 0.00ns  loc: ../TrackletAlgorithm/VMRouter.hh:73
_ZrsILi12ELb0EE11ap_int_baseIXT_EXT0_EXleT_Li64EEERKS1_i.exit102:7  br i1 %routeZ_V, label %12, label %3

ST_5: StgValue_148 (258)  [1/1] 1.57ns  loc: ../TrackletAlgorithm/VMRouter.hh:76
:0  switch i2 %routePhi_V, label %_ZrsILi12ELb0EE11ap_int_baseIXT_EXT0_EXleT_Li64EEERKS1_i.exit._crit_edge [
    i2 0, label %4
    i2 1, label %6
    i2 -2, label %8
    i2 -1, label %10
  ]

ST_5: nPH4Z1_V_load_2 (260)  [1/1] 0.00ns
:0  %nPH4Z1_V_load_2 = load i6* %nPH4Z1_V

ST_5: tmp_16_cast (261)  [1/1] 0.00ns
:1  %tmp_16_cast = zext i6 %nPH4Z1_V_load_2 to i10

ST_5: sum9 (262)  [1/1] 1.37ns
:2  %sum9 = add i10 %tmp_16_cast, %tmp_38

ST_5: arrayNo9_cast_cast (263)  [1/1] 0.00ns
:3  %arrayNo9_cast_cast = call i4 @_ssdm_op_PartSelect.i4.i10.i32.i32(i10 %sum9, i32 6, i32 9)

ST_5: newIndex18 (264)  [1/1] 1.36ns
:4  %newIndex18 = add i6 %tmp_12, %nPH4Z1_V_load_2

ST_5: StgValue_154 (277)  [1/1] 1.69ns  loc: ../TrackletAlgorithm/VMRouter.hh:91
:17  switch i4 %arrayNo9_cast_cast, label %branch44 [
    i4 0, label %branch36
    i4 1, label %branch37
    i4 2, label %branch38
    i4 3, label %branch39
    i4 4, label %branch40
    i4 5, label %branch41
    i4 6, label %branch42
    i4 7, label %branch43
  ]

ST_5: nPH4Z1_V_load (306)  [1/1] 0.00ns  loc: ../TrackletAlgorithm/VMRouter.hh:92
:0  %nPH4Z1_V_load = load i6* %nPH4Z1_V

ST_5: tmp_17 (307)  [1/1] 1.36ns  loc: ../TrackletAlgorithm/VMRouter.hh:92
:1  %tmp_17 = add i6 %nPH4Z1_V_load, 1

ST_5: StgValue_157 (308)  [1/1] 0.84ns  loc: ../TrackletAlgorithm/VMRouter.hh:92
:2  store i6 %tmp_17, i6* %nPH4Z1_V

ST_5: StgValue_158 (309)  [1/1] 0.00ns  loc: ../TrackletAlgorithm/VMRouter.hh:93
:3  br label %_ZrsILi12ELb0EE11ap_int_baseIXT_EXT0_EXleT_Li64EEERKS1_i.exit._crit_edge

ST_5: nPH3Z1_V_load_2 (311)  [1/1] 0.00ns
:0  %nPH3Z1_V_load_2 = load i6* %nPH3Z1_V

ST_5: tmp_14_cast (312)  [1/1] 0.00ns
:1  %tmp_14_cast = zext i6 %nPH3Z1_V_load_2 to i10

ST_5: sum8 (313)  [1/1] 1.37ns
:2  %sum8 = add i10 %tmp_14_cast, %tmp_37

ST_5: arrayNo8_cast_cast (314)  [1/1] 0.00ns
:3  %arrayNo8_cast_cast = call i4 @_ssdm_op_PartSelect.i4.i10.i32.i32(i10 %sum8, i32 6, i32 9)

ST_5: newIndex16 (315)  [1/1] 1.36ns
:4  %newIndex16 = add i6 %tmp_10, %nPH3Z1_V_load_2

ST_5: StgValue_164 (328)  [1/1] 1.69ns  loc: ../TrackletAlgorithm/VMRouter.hh:87
:17  switch i4 %arrayNo8_cast_cast, label %branch35 [
    i4 0, label %branch27
    i4 1, label %branch28
    i4 2, label %branch29
    i4 3, label %branch30
    i4 4, label %branch31
    i4 5, label %branch32
    i4 6, label %branch33
    i4 7, label %branch34
  ]

ST_5: nPH3Z1_V_load (357)  [1/1] 0.00ns  loc: ../TrackletAlgorithm/VMRouter.hh:88
:0  %nPH3Z1_V_load = load i6* %nPH3Z1_V

ST_5: tmp_15 (358)  [1/1] 1.36ns  loc: ../TrackletAlgorithm/VMRouter.hh:88
:1  %tmp_15 = add i6 %nPH3Z1_V_load, 1

ST_5: StgValue_167 (359)  [1/1] 0.84ns  loc: ../TrackletAlgorithm/VMRouter.hh:88
:2  store i6 %tmp_15, i6* %nPH3Z1_V

ST_5: StgValue_168 (360)  [1/1] 0.00ns  loc: ../TrackletAlgorithm/VMRouter.hh:89
:3  br label %_ZrsILi12ELb0EE11ap_int_baseIXT_EXT0_EXleT_Li64EEERKS1_i.exit._crit_edge

ST_5: nPH2Z1_V_load_2 (362)  [1/1] 0.00ns
:0  %nPH2Z1_V_load_2 = load i6* %nPH2Z1_V

ST_5: tmp_12_cast (363)  [1/1] 0.00ns
:1  %tmp_12_cast = zext i6 %nPH2Z1_V_load_2 to i10

ST_5: sum7 (364)  [1/1] 1.37ns
:2  %sum7 = add i10 %tmp_12_cast, %tmp_36

ST_5: arrayNo7_cast_cast (365)  [1/1] 0.00ns
:3  %arrayNo7_cast_cast = call i4 @_ssdm_op_PartSelect.i4.i10.i32.i32(i10 %sum7, i32 6, i32 9)

ST_5: newIndex14 (366)  [1/1] 1.36ns
:4  %newIndex14 = add i6 %tmp_7, %nPH2Z1_V_load_2

ST_5: StgValue_174 (379)  [1/1] 1.69ns  loc: ../TrackletAlgorithm/VMRouter.hh:83
:17  switch i4 %arrayNo7_cast_cast, label %branch26 [
    i4 0, label %branch18
    i4 1, label %branch19
    i4 2, label %branch20
    i4 3, label %branch21
    i4 4, label %branch22
    i4 5, label %branch23
    i4 6, label %branch24
    i4 7, label %branch25
  ]

ST_5: nPH2Z1_V_load (408)  [1/1] 0.00ns  loc: ../TrackletAlgorithm/VMRouter.hh:84
:0  %nPH2Z1_V_load = load i6* %nPH2Z1_V

ST_5: tmp_13 (409)  [1/1] 1.36ns  loc: ../TrackletAlgorithm/VMRouter.hh:84
:1  %tmp_13 = add i6 %nPH2Z1_V_load, 1

ST_5: StgValue_177 (410)  [1/1] 0.84ns  loc: ../TrackletAlgorithm/VMRouter.hh:84
:2  store i6 %tmp_13, i6* %nPH2Z1_V

ST_5: StgValue_178 (411)  [1/1] 0.00ns  loc: ../TrackletAlgorithm/VMRouter.hh:85
:3  br label %_ZrsILi12ELb0EE11ap_int_baseIXT_EXT0_EXleT_Li64EEERKS1_i.exit._crit_edge

ST_5: nPH1Z1_V_load_2 (413)  [1/1] 0.00ns
:0  %nPH1Z1_V_load_2 = load i6* %nPH1Z1_V

ST_5: tmp_10_cast (414)  [1/1] 0.00ns
:1  %tmp_10_cast = zext i6 %nPH1Z1_V_load_2 to i10

ST_5: sum6 (415)  [1/1] 1.37ns
:2  %sum6 = add i10 %tmp_10_cast, %tmp_35

ST_5: arrayNo6_cast_cast (416)  [1/1] 0.00ns
:3  %arrayNo6_cast_cast = call i4 @_ssdm_op_PartSelect.i4.i10.i32.i32(i10 %sum6, i32 6, i32 9)

ST_5: newIndex12 (417)  [1/1] 1.36ns
:4  %newIndex12 = add i6 %tmp_6, %nPH1Z1_V_load_2

ST_5: StgValue_184 (430)  [1/1] 1.69ns  loc: ../TrackletAlgorithm/VMRouter.hh:79
:17  switch i4 %arrayNo6_cast_cast, label %branch17 [
    i4 0, label %branch9
    i4 1, label %branch10
    i4 2, label %branch11
    i4 3, label %branch12
    i4 4, label %branch13
    i4 5, label %branch14
    i4 6, label %branch15
    i4 7, label %branch16
  ]

ST_5: nPH1Z1_V_load (459)  [1/1] 0.00ns  loc: ../TrackletAlgorithm/VMRouter.hh:80
:0  %nPH1Z1_V_load = load i6* %nPH1Z1_V

ST_5: tmp_11 (460)  [1/1] 1.36ns  loc: ../TrackletAlgorithm/VMRouter.hh:80
:1  %tmp_11 = add i6 %nPH1Z1_V_load, 1

ST_5: StgValue_187 (461)  [1/1] 0.84ns  loc: ../TrackletAlgorithm/VMRouter.hh:80
:2  store i6 %tmp_11, i6* %nPH1Z1_V

ST_5: StgValue_188 (462)  [1/1] 0.00ns  loc: ../TrackletAlgorithm/VMRouter.hh:81
:3  br label %_ZrsILi12ELb0EE11ap_int_baseIXT_EXT0_EXleT_Li64EEERKS1_i.exit._crit_edge

ST_5: StgValue_189 (464)  [1/1] 1.57ns  loc: ../TrackletAlgorithm/VMRouter.hh:97
:0  switch i2 %routePhi_V, label %_ZrsILi12ELb0EE11ap_int_baseIXT_EXT0_EXleT_Li64EEERKS1_i.exit._crit_edge [
    i2 0, label %13
    i2 1, label %15
    i2 -2, label %17
    i2 -1, label %19
  ]

ST_5: nPH4Z2_V_load_2 (466)  [1/1] 0.00ns
:0  %nPH4Z2_V_load_2 = load i6* %nPH4Z2_V

ST_5: tmp_22_cast (467)  [1/1] 0.00ns
:1  %tmp_22_cast = zext i6 %nPH4Z2_V_load_2 to i10

ST_5: sum5 (468)  [1/1] 1.37ns
:2  %sum5 = add i10 %tmp_22_cast, %tmp_34

ST_5: arrayNo5_cast_cast (469)  [1/1] 0.00ns
:3  %arrayNo5_cast_cast = call i4 @_ssdm_op_PartSelect.i4.i10.i32.i32(i10 %sum5, i32 6, i32 9)

ST_5: newIndex10 (470)  [1/1] 1.36ns
:4  %newIndex10 = add i6 %tmp_5, %nPH4Z2_V_load_2

ST_5: StgValue_195 (483)  [1/1] 1.69ns  loc: ../TrackletAlgorithm/VMRouter.hh:112
:17  switch i4 %arrayNo5_cast_cast, label %branch80 [
    i4 0, label %branch72
    i4 1, label %branch73
    i4 2, label %branch74
    i4 3, label %branch75
    i4 4, label %branch76
    i4 5, label %branch77
    i4 6, label %branch78
    i4 7, label %branch79
  ]

ST_5: nPH4Z2_V_load (512)  [1/1] 0.00ns  loc: ../TrackletAlgorithm/VMRouter.hh:113
:0  %nPH4Z2_V_load = load i6* %nPH4Z2_V

ST_5: tmp_24 (513)  [1/1] 1.36ns  loc: ../TrackletAlgorithm/VMRouter.hh:113
:1  %tmp_24 = add i6 %nPH4Z2_V_load, 1

ST_5: StgValue_198 (514)  [1/1] 0.84ns  loc: ../TrackletAlgorithm/VMRouter.hh:113
:2  store i6 %tmp_24, i6* %nPH4Z2_V

ST_5: StgValue_199 (515)  [1/1] 0.00ns  loc: ../TrackletAlgorithm/VMRouter.hh:114
:3  br label %_ZrsILi12ELb0EE11ap_int_baseIXT_EXT0_EXleT_Li64EEERKS1_i.exit._crit_edge

ST_5: nPH3Z2_V_load_2 (517)  [1/1] 0.00ns
:0  %nPH3Z2_V_load_2 = load i6* %nPH3Z2_V

ST_5: tmp_20_cast (518)  [1/1] 0.00ns
:1  %tmp_20_cast = zext i6 %nPH3Z2_V_load_2 to i10

ST_5: sum4 (519)  [1/1] 1.37ns
:2  %sum4 = add i10 %tmp_20_cast, %tmp_33

ST_5: arrayNo4_cast_cast (520)  [1/1] 0.00ns
:3  %arrayNo4_cast_cast = call i4 @_ssdm_op_PartSelect.i4.i10.i32.i32(i10 %sum4, i32 6, i32 9)

ST_5: newIndex8 (521)  [1/1] 1.36ns
:4  %newIndex8 = add i6 %tmp_4, %nPH3Z2_V_load_2

ST_5: StgValue_205 (534)  [1/1] 1.69ns  loc: ../TrackletAlgorithm/VMRouter.hh:108
:17  switch i4 %arrayNo4_cast_cast, label %branch71 [
    i4 0, label %branch63
    i4 1, label %branch64
    i4 2, label %branch65
    i4 3, label %branch66
    i4 4, label %branch67
    i4 5, label %branch68
    i4 6, label %branch69
    i4 7, label %branch70
  ]

ST_5: nPH3Z2_V_load (563)  [1/1] 0.00ns  loc: ../TrackletAlgorithm/VMRouter.hh:109
:0  %nPH3Z2_V_load = load i6* %nPH3Z2_V

ST_5: tmp_23 (564)  [1/1] 1.36ns  loc: ../TrackletAlgorithm/VMRouter.hh:109
:1  %tmp_23 = add i6 %nPH3Z2_V_load, 1

ST_5: StgValue_208 (565)  [1/1] 0.84ns  loc: ../TrackletAlgorithm/VMRouter.hh:109
:2  store i6 %tmp_23, i6* %nPH3Z2_V

ST_5: StgValue_209 (566)  [1/1] 0.00ns  loc: ../TrackletAlgorithm/VMRouter.hh:110
:3  br label %_ZrsILi12ELb0EE11ap_int_baseIXT_EXT0_EXleT_Li64EEERKS1_i.exit._crit_edge

ST_5: nPH2Z2_V_load_2 (568)  [1/1] 0.00ns
:0  %nPH2Z2_V_load_2 = load i6* %nPH2Z2_V

ST_5: tmp_18_cast (569)  [1/1] 0.00ns
:1  %tmp_18_cast = zext i6 %nPH2Z2_V_load_2 to i10

ST_5: sum3 (570)  [1/1] 1.37ns
:2  %sum3 = add i10 %tmp_18_cast, %tmp_32

ST_5: arrayNo3_cast_cast (571)  [1/1] 0.00ns
:3  %arrayNo3_cast_cast = call i4 @_ssdm_op_PartSelect.i4.i10.i32.i32(i10 %sum3, i32 6, i32 9)

ST_5: newIndex6 (572)  [1/1] 1.36ns
:4  %newIndex6 = add i6 %tmp_3, %nPH2Z2_V_load_2

ST_5: StgValue_215 (585)  [1/1] 1.69ns  loc: ../TrackletAlgorithm/VMRouter.hh:104
:17  switch i4 %arrayNo3_cast_cast, label %branch62 [
    i4 0, label %branch54
    i4 1, label %branch55
    i4 2, label %branch56
    i4 3, label %branch57
    i4 4, label %branch58
    i4 5, label %branch59
    i4 6, label %branch60
    i4 7, label %branch61
  ]

ST_5: nPH2Z2_V_load (614)  [1/1] 0.00ns  loc: ../TrackletAlgorithm/VMRouter.hh:105
:0  %nPH2Z2_V_load = load i6* %nPH2Z2_V

ST_5: tmp_21 (615)  [1/1] 1.36ns  loc: ../TrackletAlgorithm/VMRouter.hh:105
:1  %tmp_21 = add i6 %nPH2Z2_V_load, 1

ST_5: StgValue_218 (616)  [1/1] 0.84ns  loc: ../TrackletAlgorithm/VMRouter.hh:105
:2  store i6 %tmp_21, i6* %nPH2Z2_V

ST_5: StgValue_219 (617)  [1/1] 0.00ns  loc: ../TrackletAlgorithm/VMRouter.hh:106
:3  br label %_ZrsILi12ELb0EE11ap_int_baseIXT_EXT0_EXleT_Li64EEERKS1_i.exit._crit_edge

ST_5: nPH1Z2_V_load_2 (619)  [1/1] 0.00ns
:0  %nPH1Z2_V_load_2 = load i6* %nPH1Z2_V

ST_5: tmp_7_cast (620)  [1/1] 0.00ns
:1  %tmp_7_cast = zext i6 %nPH1Z2_V_load_2 to i10

ST_5: sum2 (621)  [1/1] 1.37ns
:2  %sum2 = add i10 %tmp_7_cast, %tmp_31

ST_5: arrayNo2_cast_cast (622)  [1/1] 0.00ns
:3  %arrayNo2_cast_cast = call i4 @_ssdm_op_PartSelect.i4.i10.i32.i32(i10 %sum2, i32 6, i32 9)

ST_5: newIndex4 (623)  [1/1] 1.36ns
:4  %newIndex4 = add i6 %tmp_2, %nPH1Z2_V_load_2

ST_5: StgValue_225 (636)  [1/1] 1.69ns  loc: ../TrackletAlgorithm/VMRouter.hh:100
:17  switch i4 %arrayNo2_cast_cast, label %branch53 [
    i4 0, label %branch45
    i4 1, label %branch46
    i4 2, label %branch47
    i4 3, label %branch48
    i4 4, label %branch49
    i4 5, label %branch50
    i4 6, label %branch51
    i4 7, label %branch52
  ]

ST_5: nPH1Z2_V_load (665)  [1/1] 0.00ns  loc: ../TrackletAlgorithm/VMRouter.hh:101
:0  %nPH1Z2_V_load = load i6* %nPH1Z2_V

ST_5: tmp_19 (666)  [1/1] 1.36ns  loc: ../TrackletAlgorithm/VMRouter.hh:101
:1  %tmp_19 = add i6 %nPH1Z2_V_load, 1

ST_5: StgValue_228 (667)  [1/1] 0.84ns  loc: ../TrackletAlgorithm/VMRouter.hh:101
:2  store i6 %tmp_19, i6* %nPH1Z2_V

ST_5: StgValue_229 (668)  [1/1] 0.00ns  loc: ../TrackletAlgorithm/VMRouter.hh:102
:3  br label %_ZrsILi12ELb0EE11ap_int_baseIXT_EXT0_EXleT_Li64EEERKS1_i.exit._crit_edge


 <State 6>: 3.38ns
ST_6: redZ_V (249)  [1/1] 0.00ns  loc: ../TrackletAlgorithm/VMRouter.hh:52
_ZrsILi12ELb0EE11ap_int_baseIXT_EXT0_EXleT_Li64EEERKS1_i.exit102:0  %redZ_V = call i4 @_ssdm_op_PartSelect.i4.i36.i32.i32(i36 %HLSFullStubLayerPS_d, i32 5, i32 8)

ST_6: phitmp (250)  [1/1] 0.00ns  loc: ../TrackletAlgorithm/VMRouter.hh:56
_ZrsILi12ELb0EE11ap_int_baseIXT_EXT0_EXleT_Li64EEERKS1_i.exit102:1  %phitmp = call i3 @_ssdm_op_PartSelect.i3.i36.i32.i32(i36 %HLSFullStubLayerPS_d, i32 21, i32 23)

ST_6: redPhi_V (251)  [1/1] 1.12ns  loc: ../TrackletAlgorithm/VMRouter.hh:56
_ZrsILi12ELb0EE11ap_int_baseIXT_EXT0_EXleT_Li64EEERKS1_i.exit102:2  %redPhi_V = xor i3 %phitmp, -4

ST_6: newIndex19 (265)  [1/1] 0.00ns
:5  %newIndex19 = zext i6 %newIndex18 to i64

ST_6: vmStubsPH4Z1_0_data_1 (266)  [1/1] 0.00ns  loc: ../TrackletAlgorithm/VMRouter.hh:91
:6  %vmStubsPH4Z1_0_data_1 = getelementptr [64 x i18]* %vmStubsPH4Z1_0_data, i64 0, i64 %newIndex19

ST_6: vmStubsPH4Z1_1_data_1 (267)  [1/1] 0.00ns  loc: ../TrackletAlgorithm/VMRouter.hh:91
:7  %vmStubsPH4Z1_1_data_1 = getelementptr [64 x i18]* %vmStubsPH4Z1_1_data, i64 0, i64 %newIndex19

ST_6: vmStubsPH4Z1_2_data_1 (268)  [1/1] 0.00ns  loc: ../TrackletAlgorithm/VMRouter.hh:91
:8  %vmStubsPH4Z1_2_data_1 = getelementptr [64 x i18]* %vmStubsPH4Z1_2_data, i64 0, i64 %newIndex19

ST_6: vmStubsPH4Z1_3_data_1 (269)  [1/1] 0.00ns  loc: ../TrackletAlgorithm/VMRouter.hh:91
:9  %vmStubsPH4Z1_3_data_1 = getelementptr [64 x i18]* %vmStubsPH4Z1_3_data, i64 0, i64 %newIndex19

ST_6: vmStubsPH4Z1_4_data_1 (270)  [1/1] 0.00ns  loc: ../TrackletAlgorithm/VMRouter.hh:91
:10  %vmStubsPH4Z1_4_data_1 = getelementptr [64 x i18]* %vmStubsPH4Z1_4_data, i64 0, i64 %newIndex19

ST_6: vmStubsPH4Z1_5_data_1 (271)  [1/1] 0.00ns  loc: ../TrackletAlgorithm/VMRouter.hh:91
:11  %vmStubsPH4Z1_5_data_1 = getelementptr [64 x i18]* %vmStubsPH4Z1_5_data, i64 0, i64 %newIndex19

ST_6: vmStubsPH4Z1_6_data_1 (272)  [1/1] 0.00ns  loc: ../TrackletAlgorithm/VMRouter.hh:91
:12  %vmStubsPH4Z1_6_data_1 = getelementptr [64 x i18]* %vmStubsPH4Z1_6_data, i64 0, i64 %newIndex19

ST_6: vmStubsPH4Z1_7_data_1 (273)  [1/1] 0.00ns  loc: ../TrackletAlgorithm/VMRouter.hh:91
:13  %vmStubsPH4Z1_7_data_1 = getelementptr [64 x i18]* %vmStubsPH4Z1_7_data, i64 0, i64 %newIndex19

ST_6: vmStubsPH4Z1_8_data_1 (274)  [1/1] 0.00ns  loc: ../TrackletAlgorithm/VMRouter.hh:91
:14  %vmStubsPH4Z1_8_data_1 = getelementptr [64 x i18]* %vmStubsPH4Z1_8_data, i64 0, i64 %newIndex19

ST_6: tmp_30 (275)  [1/1] 0.00ns  loc: ../TrackletAlgorithm/HLSReducedStubLayer.hh:43->../TrackletAlgorithm/VMRouter.hh:91
:15  %tmp_30 = call i5 @_ssdm_op_PartSelect.i5.i36.i32.i32(i36 %HLSFullStubLayerPS_d, i32 31, i32 35)

ST_6: HLSReducedStubLayer_3 (276)  [1/1] 0.00ns  loc: ../TrackletAlgorithm/HLSReducedStubLayer.hh:43->../TrackletAlgorithm/VMRouter.hh:91
:16  %HLSReducedStubLayer_3 = call i18 @_ssdm_op_BitConcatenate.i18.i6.i5.i3.i4(i6 %p_0, i5 %tmp_30, i3 %redPhi_V, i4 %redZ_V)

ST_6: StgValue_245 (279)  [1/1] 2.27ns  loc: ../TrackletAlgorithm/VMRouter.hh:91
branch43:0  store i18 %HLSReducedStubLayer_3, i18* %vmStubsPH4Z1_7_data_1, align 4

ST_6: StgValue_246 (280)  [1/1] 0.00ns  loc: ../TrackletAlgorithm/VMRouter.hh:91
branch43:1  br label %11

ST_6: StgValue_247 (282)  [1/1] 2.27ns  loc: ../TrackletAlgorithm/VMRouter.hh:91
branch42:0  store i18 %HLSReducedStubLayer_3, i18* %vmStubsPH4Z1_6_data_1, align 4

ST_6: StgValue_248 (283)  [1/1] 0.00ns  loc: ../TrackletAlgorithm/VMRouter.hh:91
branch42:1  br label %11

ST_6: StgValue_249 (285)  [1/1] 2.27ns  loc: ../TrackletAlgorithm/VMRouter.hh:91
branch41:0  store i18 %HLSReducedStubLayer_3, i18* %vmStubsPH4Z1_5_data_1, align 4

ST_6: StgValue_250 (286)  [1/1] 0.00ns  loc: ../TrackletAlgorithm/VMRouter.hh:91
branch41:1  br label %11

ST_6: StgValue_251 (288)  [1/1] 2.27ns  loc: ../TrackletAlgorithm/VMRouter.hh:91
branch40:0  store i18 %HLSReducedStubLayer_3, i18* %vmStubsPH4Z1_4_data_1, align 4

ST_6: StgValue_252 (289)  [1/1] 0.00ns  loc: ../TrackletAlgorithm/VMRouter.hh:91
branch40:1  br label %11

ST_6: StgValue_253 (291)  [1/1] 2.27ns  loc: ../TrackletAlgorithm/VMRouter.hh:91
branch39:0  store i18 %HLSReducedStubLayer_3, i18* %vmStubsPH4Z1_3_data_1, align 4

ST_6: StgValue_254 (292)  [1/1] 0.00ns  loc: ../TrackletAlgorithm/VMRouter.hh:91
branch39:1  br label %11

ST_6: StgValue_255 (294)  [1/1] 2.27ns  loc: ../TrackletAlgorithm/VMRouter.hh:91
branch38:0  store i18 %HLSReducedStubLayer_3, i18* %vmStubsPH4Z1_2_data_1, align 4

ST_6: StgValue_256 (295)  [1/1] 0.00ns  loc: ../TrackletAlgorithm/VMRouter.hh:91
branch38:1  br label %11

ST_6: StgValue_257 (297)  [1/1] 2.27ns  loc: ../TrackletAlgorithm/VMRouter.hh:91
branch37:0  store i18 %HLSReducedStubLayer_3, i18* %vmStubsPH4Z1_1_data_1, align 4

ST_6: StgValue_258 (298)  [1/1] 0.00ns  loc: ../TrackletAlgorithm/VMRouter.hh:91
branch37:1  br label %11

ST_6: StgValue_259 (300)  [1/1] 2.27ns  loc: ../TrackletAlgorithm/VMRouter.hh:91
branch36:0  store i18 %HLSReducedStubLayer_3, i18* %vmStubsPH4Z1_0_data_1, align 4

ST_6: StgValue_260 (301)  [1/1] 0.00ns  loc: ../TrackletAlgorithm/VMRouter.hh:91
branch36:1  br label %11

ST_6: StgValue_261 (303)  [1/1] 2.27ns  loc: ../TrackletAlgorithm/VMRouter.hh:91
branch44:0  store i18 %HLSReducedStubLayer_3, i18* %vmStubsPH4Z1_8_data_1, align 4

ST_6: StgValue_262 (304)  [1/1] 0.00ns  loc: ../TrackletAlgorithm/VMRouter.hh:91
branch44:1  br label %11

ST_6: newIndex17 (316)  [1/1] 0.00ns
:5  %newIndex17 = zext i6 %newIndex16 to i64

ST_6: vmStubsPH3Z1_0_data_1 (317)  [1/1] 0.00ns  loc: ../TrackletAlgorithm/VMRouter.hh:87
:6  %vmStubsPH3Z1_0_data_1 = getelementptr [64 x i18]* %vmStubsPH3Z1_0_data, i64 0, i64 %newIndex17

ST_6: vmStubsPH3Z1_1_data_1 (318)  [1/1] 0.00ns  loc: ../TrackletAlgorithm/VMRouter.hh:87
:7  %vmStubsPH3Z1_1_data_1 = getelementptr [64 x i18]* %vmStubsPH3Z1_1_data, i64 0, i64 %newIndex17

ST_6: vmStubsPH3Z1_2_data_1 (319)  [1/1] 0.00ns  loc: ../TrackletAlgorithm/VMRouter.hh:87
:8  %vmStubsPH3Z1_2_data_1 = getelementptr [64 x i18]* %vmStubsPH3Z1_2_data, i64 0, i64 %newIndex17

ST_6: vmStubsPH3Z1_3_data_1 (320)  [1/1] 0.00ns  loc: ../TrackletAlgorithm/VMRouter.hh:87
:9  %vmStubsPH3Z1_3_data_1 = getelementptr [64 x i18]* %vmStubsPH3Z1_3_data, i64 0, i64 %newIndex17

ST_6: vmStubsPH3Z1_4_data_1 (321)  [1/1] 0.00ns  loc: ../TrackletAlgorithm/VMRouter.hh:87
:10  %vmStubsPH3Z1_4_data_1 = getelementptr [64 x i18]* %vmStubsPH3Z1_4_data, i64 0, i64 %newIndex17

ST_6: vmStubsPH3Z1_5_data_1 (322)  [1/1] 0.00ns  loc: ../TrackletAlgorithm/VMRouter.hh:87
:11  %vmStubsPH3Z1_5_data_1 = getelementptr [64 x i18]* %vmStubsPH3Z1_5_data, i64 0, i64 %newIndex17

ST_6: vmStubsPH3Z1_6_data_1 (323)  [1/1] 0.00ns  loc: ../TrackletAlgorithm/VMRouter.hh:87
:12  %vmStubsPH3Z1_6_data_1 = getelementptr [64 x i18]* %vmStubsPH3Z1_6_data, i64 0, i64 %newIndex17

ST_6: vmStubsPH3Z1_7_data_1 (324)  [1/1] 0.00ns  loc: ../TrackletAlgorithm/VMRouter.hh:87
:13  %vmStubsPH3Z1_7_data_1 = getelementptr [64 x i18]* %vmStubsPH3Z1_7_data, i64 0, i64 %newIndex17

ST_6: vmStubsPH3Z1_8_data_1 (325)  [1/1] 0.00ns  loc: ../TrackletAlgorithm/VMRouter.hh:87
:14  %vmStubsPH3Z1_8_data_1 = getelementptr [64 x i18]* %vmStubsPH3Z1_8_data, i64 0, i64 %newIndex17

ST_6: tmp_29 (326)  [1/1] 0.00ns  loc: ../TrackletAlgorithm/HLSReducedStubLayer.hh:43->../TrackletAlgorithm/VMRouter.hh:87
:15  %tmp_29 = call i5 @_ssdm_op_PartSelect.i5.i36.i32.i32(i36 %HLSFullStubLayerPS_d, i32 31, i32 35)

ST_6: HLSReducedStubLayer_2 (327)  [1/1] 0.00ns  loc: ../TrackletAlgorithm/HLSReducedStubLayer.hh:43->../TrackletAlgorithm/VMRouter.hh:87
:16  %HLSReducedStubLayer_2 = call i18 @_ssdm_op_BitConcatenate.i18.i6.i5.i3.i4(i6 %p_0, i5 %tmp_29, i3 %redPhi_V, i4 %redZ_V)

ST_6: StgValue_275 (330)  [1/1] 2.27ns  loc: ../TrackletAlgorithm/VMRouter.hh:87
branch34:0  store i18 %HLSReducedStubLayer_2, i18* %vmStubsPH3Z1_7_data_1, align 4

ST_6: StgValue_276 (331)  [1/1] 0.00ns  loc: ../TrackletAlgorithm/VMRouter.hh:87
branch34:1  br label %9

ST_6: StgValue_277 (333)  [1/1] 2.27ns  loc: ../TrackletAlgorithm/VMRouter.hh:87
branch33:0  store i18 %HLSReducedStubLayer_2, i18* %vmStubsPH3Z1_6_data_1, align 4

ST_6: StgValue_278 (334)  [1/1] 0.00ns  loc: ../TrackletAlgorithm/VMRouter.hh:87
branch33:1  br label %9

ST_6: StgValue_279 (336)  [1/1] 2.27ns  loc: ../TrackletAlgorithm/VMRouter.hh:87
branch32:0  store i18 %HLSReducedStubLayer_2, i18* %vmStubsPH3Z1_5_data_1, align 4

ST_6: StgValue_280 (337)  [1/1] 0.00ns  loc: ../TrackletAlgorithm/VMRouter.hh:87
branch32:1  br label %9

ST_6: StgValue_281 (339)  [1/1] 2.27ns  loc: ../TrackletAlgorithm/VMRouter.hh:87
branch31:0  store i18 %HLSReducedStubLayer_2, i18* %vmStubsPH3Z1_4_data_1, align 4

ST_6: StgValue_282 (340)  [1/1] 0.00ns  loc: ../TrackletAlgorithm/VMRouter.hh:87
branch31:1  br label %9

ST_6: StgValue_283 (342)  [1/1] 2.27ns  loc: ../TrackletAlgorithm/VMRouter.hh:87
branch30:0  store i18 %HLSReducedStubLayer_2, i18* %vmStubsPH3Z1_3_data_1, align 4

ST_6: StgValue_284 (343)  [1/1] 0.00ns  loc: ../TrackletAlgorithm/VMRouter.hh:87
branch30:1  br label %9

ST_6: StgValue_285 (345)  [1/1] 2.27ns  loc: ../TrackletAlgorithm/VMRouter.hh:87
branch29:0  store i18 %HLSReducedStubLayer_2, i18* %vmStubsPH3Z1_2_data_1, align 4

ST_6: StgValue_286 (346)  [1/1] 0.00ns  loc: ../TrackletAlgorithm/VMRouter.hh:87
branch29:1  br label %9

ST_6: StgValue_287 (348)  [1/1] 2.27ns  loc: ../TrackletAlgorithm/VMRouter.hh:87
branch28:0  store i18 %HLSReducedStubLayer_2, i18* %vmStubsPH3Z1_1_data_1, align 4

ST_6: StgValue_288 (349)  [1/1] 0.00ns  loc: ../TrackletAlgorithm/VMRouter.hh:87
branch28:1  br label %9

ST_6: StgValue_289 (351)  [1/1] 2.27ns  loc: ../TrackletAlgorithm/VMRouter.hh:87
branch27:0  store i18 %HLSReducedStubLayer_2, i18* %vmStubsPH3Z1_0_data_1, align 4

ST_6: StgValue_290 (352)  [1/1] 0.00ns  loc: ../TrackletAlgorithm/VMRouter.hh:87
branch27:1  br label %9

ST_6: StgValue_291 (354)  [1/1] 2.27ns  loc: ../TrackletAlgorithm/VMRouter.hh:87
branch35:0  store i18 %HLSReducedStubLayer_2, i18* %vmStubsPH3Z1_8_data_1, align 4

ST_6: StgValue_292 (355)  [1/1] 0.00ns  loc: ../TrackletAlgorithm/VMRouter.hh:87
branch35:1  br label %9

ST_6: newIndex15 (367)  [1/1] 0.00ns
:5  %newIndex15 = zext i6 %newIndex14 to i64

ST_6: vmStubsPH2Z1_0_data_1 (368)  [1/1] 0.00ns  loc: ../TrackletAlgorithm/VMRouter.hh:83
:6  %vmStubsPH2Z1_0_data_1 = getelementptr [64 x i18]* %vmStubsPH2Z1_0_data, i64 0, i64 %newIndex15

ST_6: vmStubsPH2Z1_1_data_1 (369)  [1/1] 0.00ns  loc: ../TrackletAlgorithm/VMRouter.hh:83
:7  %vmStubsPH2Z1_1_data_1 = getelementptr [64 x i18]* %vmStubsPH2Z1_1_data, i64 0, i64 %newIndex15

ST_6: vmStubsPH2Z1_2_data_1 (370)  [1/1] 0.00ns  loc: ../TrackletAlgorithm/VMRouter.hh:83
:8  %vmStubsPH2Z1_2_data_1 = getelementptr [64 x i18]* %vmStubsPH2Z1_2_data, i64 0, i64 %newIndex15

ST_6: vmStubsPH2Z1_3_data_1 (371)  [1/1] 0.00ns  loc: ../TrackletAlgorithm/VMRouter.hh:83
:9  %vmStubsPH2Z1_3_data_1 = getelementptr [64 x i18]* %vmStubsPH2Z1_3_data, i64 0, i64 %newIndex15

ST_6: vmStubsPH2Z1_4_data_1 (372)  [1/1] 0.00ns  loc: ../TrackletAlgorithm/VMRouter.hh:83
:10  %vmStubsPH2Z1_4_data_1 = getelementptr [64 x i18]* %vmStubsPH2Z1_4_data, i64 0, i64 %newIndex15

ST_6: vmStubsPH2Z1_5_data_1 (373)  [1/1] 0.00ns  loc: ../TrackletAlgorithm/VMRouter.hh:83
:11  %vmStubsPH2Z1_5_data_1 = getelementptr [64 x i18]* %vmStubsPH2Z1_5_data, i64 0, i64 %newIndex15

ST_6: vmStubsPH2Z1_6_data_1 (374)  [1/1] 0.00ns  loc: ../TrackletAlgorithm/VMRouter.hh:83
:12  %vmStubsPH2Z1_6_data_1 = getelementptr [64 x i18]* %vmStubsPH2Z1_6_data, i64 0, i64 %newIndex15

ST_6: vmStubsPH2Z1_7_data_1 (375)  [1/1] 0.00ns  loc: ../TrackletAlgorithm/VMRouter.hh:83
:13  %vmStubsPH2Z1_7_data_1 = getelementptr [64 x i18]* %vmStubsPH2Z1_7_data, i64 0, i64 %newIndex15

ST_6: vmStubsPH2Z1_8_data_1 (376)  [1/1] 0.00ns  loc: ../TrackletAlgorithm/VMRouter.hh:83
:14  %vmStubsPH2Z1_8_data_1 = getelementptr [64 x i18]* %vmStubsPH2Z1_8_data, i64 0, i64 %newIndex15

ST_6: tmp_28 (377)  [1/1] 0.00ns  loc: ../TrackletAlgorithm/HLSReducedStubLayer.hh:43->../TrackletAlgorithm/VMRouter.hh:83
:15  %tmp_28 = call i5 @_ssdm_op_PartSelect.i5.i36.i32.i32(i36 %HLSFullStubLayerPS_d, i32 31, i32 35)

ST_6: HLSReducedStubLayer_1 (378)  [1/1] 0.00ns  loc: ../TrackletAlgorithm/HLSReducedStubLayer.hh:43->../TrackletAlgorithm/VMRouter.hh:83
:16  %HLSReducedStubLayer_1 = call i18 @_ssdm_op_BitConcatenate.i18.i6.i5.i3.i4(i6 %p_0, i5 %tmp_28, i3 %redPhi_V, i4 %redZ_V)

ST_6: StgValue_305 (381)  [1/1] 2.27ns  loc: ../TrackletAlgorithm/VMRouter.hh:83
branch25:0  store i18 %HLSReducedStubLayer_1, i18* %vmStubsPH2Z1_7_data_1, align 4

ST_6: StgValue_306 (382)  [1/1] 0.00ns  loc: ../TrackletAlgorithm/VMRouter.hh:83
branch25:1  br label %7

ST_6: StgValue_307 (384)  [1/1] 2.27ns  loc: ../TrackletAlgorithm/VMRouter.hh:83
branch24:0  store i18 %HLSReducedStubLayer_1, i18* %vmStubsPH2Z1_6_data_1, align 4

ST_6: StgValue_308 (385)  [1/1] 0.00ns  loc: ../TrackletAlgorithm/VMRouter.hh:83
branch24:1  br label %7

ST_6: StgValue_309 (387)  [1/1] 2.27ns  loc: ../TrackletAlgorithm/VMRouter.hh:83
branch23:0  store i18 %HLSReducedStubLayer_1, i18* %vmStubsPH2Z1_5_data_1, align 4

ST_6: StgValue_310 (388)  [1/1] 0.00ns  loc: ../TrackletAlgorithm/VMRouter.hh:83
branch23:1  br label %7

ST_6: StgValue_311 (390)  [1/1] 2.27ns  loc: ../TrackletAlgorithm/VMRouter.hh:83
branch22:0  store i18 %HLSReducedStubLayer_1, i18* %vmStubsPH2Z1_4_data_1, align 4

ST_6: StgValue_312 (391)  [1/1] 0.00ns  loc: ../TrackletAlgorithm/VMRouter.hh:83
branch22:1  br label %7

ST_6: StgValue_313 (393)  [1/1] 2.27ns  loc: ../TrackletAlgorithm/VMRouter.hh:83
branch21:0  store i18 %HLSReducedStubLayer_1, i18* %vmStubsPH2Z1_3_data_1, align 4

ST_6: StgValue_314 (394)  [1/1] 0.00ns  loc: ../TrackletAlgorithm/VMRouter.hh:83
branch21:1  br label %7

ST_6: StgValue_315 (396)  [1/1] 2.27ns  loc: ../TrackletAlgorithm/VMRouter.hh:83
branch20:0  store i18 %HLSReducedStubLayer_1, i18* %vmStubsPH2Z1_2_data_1, align 4

ST_6: StgValue_316 (397)  [1/1] 0.00ns  loc: ../TrackletAlgorithm/VMRouter.hh:83
branch20:1  br label %7

ST_6: StgValue_317 (399)  [1/1] 2.27ns  loc: ../TrackletAlgorithm/VMRouter.hh:83
branch19:0  store i18 %HLSReducedStubLayer_1, i18* %vmStubsPH2Z1_1_data_1, align 4

ST_6: StgValue_318 (400)  [1/1] 0.00ns  loc: ../TrackletAlgorithm/VMRouter.hh:83
branch19:1  br label %7

ST_6: StgValue_319 (402)  [1/1] 2.27ns  loc: ../TrackletAlgorithm/VMRouter.hh:83
branch18:0  store i18 %HLSReducedStubLayer_1, i18* %vmStubsPH2Z1_0_data_1, align 4

ST_6: StgValue_320 (403)  [1/1] 0.00ns  loc: ../TrackletAlgorithm/VMRouter.hh:83
branch18:1  br label %7

ST_6: StgValue_321 (405)  [1/1] 2.27ns  loc: ../TrackletAlgorithm/VMRouter.hh:83
branch26:0  store i18 %HLSReducedStubLayer_1, i18* %vmStubsPH2Z1_8_data_1, align 4

ST_6: StgValue_322 (406)  [1/1] 0.00ns  loc: ../TrackletAlgorithm/VMRouter.hh:83
branch26:1  br label %7

ST_6: newIndex13 (418)  [1/1] 0.00ns
:5  %newIndex13 = zext i6 %newIndex12 to i64

ST_6: vmStubsPH1Z1_0_data_1 (419)  [1/1] 0.00ns  loc: ../TrackletAlgorithm/VMRouter.hh:79
:6  %vmStubsPH1Z1_0_data_1 = getelementptr [64 x i18]* %vmStubsPH1Z1_0_data, i64 0, i64 %newIndex13

ST_6: vmStubsPH1Z1_1_data_1 (420)  [1/1] 0.00ns  loc: ../TrackletAlgorithm/VMRouter.hh:79
:7  %vmStubsPH1Z1_1_data_1 = getelementptr [64 x i18]* %vmStubsPH1Z1_1_data, i64 0, i64 %newIndex13

ST_6: vmStubsPH1Z1_2_data_1 (421)  [1/1] 0.00ns  loc: ../TrackletAlgorithm/VMRouter.hh:79
:8  %vmStubsPH1Z1_2_data_1 = getelementptr [64 x i18]* %vmStubsPH1Z1_2_data, i64 0, i64 %newIndex13

ST_6: vmStubsPH1Z1_3_data_1 (422)  [1/1] 0.00ns  loc: ../TrackletAlgorithm/VMRouter.hh:79
:9  %vmStubsPH1Z1_3_data_1 = getelementptr [64 x i18]* %vmStubsPH1Z1_3_data, i64 0, i64 %newIndex13

ST_6: vmStubsPH1Z1_4_data_1 (423)  [1/1] 0.00ns  loc: ../TrackletAlgorithm/VMRouter.hh:79
:10  %vmStubsPH1Z1_4_data_1 = getelementptr [64 x i18]* %vmStubsPH1Z1_4_data, i64 0, i64 %newIndex13

ST_6: vmStubsPH1Z1_5_data_1 (424)  [1/1] 0.00ns  loc: ../TrackletAlgorithm/VMRouter.hh:79
:11  %vmStubsPH1Z1_5_data_1 = getelementptr [64 x i18]* %vmStubsPH1Z1_5_data, i64 0, i64 %newIndex13

ST_6: vmStubsPH1Z1_6_data_1 (425)  [1/1] 0.00ns  loc: ../TrackletAlgorithm/VMRouter.hh:79
:12  %vmStubsPH1Z1_6_data_1 = getelementptr [64 x i18]* %vmStubsPH1Z1_6_data, i64 0, i64 %newIndex13

ST_6: vmStubsPH1Z1_7_data_1 (426)  [1/1] 0.00ns  loc: ../TrackletAlgorithm/VMRouter.hh:79
:13  %vmStubsPH1Z1_7_data_1 = getelementptr [64 x i18]* %vmStubsPH1Z1_7_data, i64 0, i64 %newIndex13

ST_6: vmStubsPH1Z1_8_data_1 (427)  [1/1] 0.00ns  loc: ../TrackletAlgorithm/VMRouter.hh:79
:14  %vmStubsPH1Z1_8_data_1 = getelementptr [64 x i18]* %vmStubsPH1Z1_8_data, i64 0, i64 %newIndex13

ST_6: tmp_27 (428)  [1/1] 0.00ns  loc: ../TrackletAlgorithm/HLSReducedStubLayer.hh:43->../TrackletAlgorithm/VMRouter.hh:79
:15  %tmp_27 = call i5 @_ssdm_op_PartSelect.i5.i36.i32.i32(i36 %HLSFullStubLayerPS_d, i32 31, i32 35)

ST_6: HLSReducedStubLayer_s (429)  [1/1] 0.00ns  loc: ../TrackletAlgorithm/HLSReducedStubLayer.hh:43->../TrackletAlgorithm/VMRouter.hh:79
:16  %HLSReducedStubLayer_s = call i18 @_ssdm_op_BitConcatenate.i18.i6.i5.i3.i4(i6 %p_0, i5 %tmp_27, i3 %redPhi_V, i4 %redZ_V)

ST_6: StgValue_335 (432)  [1/1] 2.27ns  loc: ../TrackletAlgorithm/VMRouter.hh:79
branch16:0  store i18 %HLSReducedStubLayer_s, i18* %vmStubsPH1Z1_7_data_1, align 4

ST_6: StgValue_336 (433)  [1/1] 0.00ns  loc: ../TrackletAlgorithm/VMRouter.hh:79
branch16:1  br label %5

ST_6: StgValue_337 (435)  [1/1] 2.27ns  loc: ../TrackletAlgorithm/VMRouter.hh:79
branch15:0  store i18 %HLSReducedStubLayer_s, i18* %vmStubsPH1Z1_6_data_1, align 4

ST_6: StgValue_338 (436)  [1/1] 0.00ns  loc: ../TrackletAlgorithm/VMRouter.hh:79
branch15:1  br label %5

ST_6: StgValue_339 (438)  [1/1] 2.27ns  loc: ../TrackletAlgorithm/VMRouter.hh:79
branch14:0  store i18 %HLSReducedStubLayer_s, i18* %vmStubsPH1Z1_5_data_1, align 4

ST_6: StgValue_340 (439)  [1/1] 0.00ns  loc: ../TrackletAlgorithm/VMRouter.hh:79
branch14:1  br label %5

ST_6: StgValue_341 (441)  [1/1] 2.27ns  loc: ../TrackletAlgorithm/VMRouter.hh:79
branch13:0  store i18 %HLSReducedStubLayer_s, i18* %vmStubsPH1Z1_4_data_1, align 4

ST_6: StgValue_342 (442)  [1/1] 0.00ns  loc: ../TrackletAlgorithm/VMRouter.hh:79
branch13:1  br label %5

ST_6: StgValue_343 (444)  [1/1] 2.27ns  loc: ../TrackletAlgorithm/VMRouter.hh:79
branch12:0  store i18 %HLSReducedStubLayer_s, i18* %vmStubsPH1Z1_3_data_1, align 4

ST_6: StgValue_344 (445)  [1/1] 0.00ns  loc: ../TrackletAlgorithm/VMRouter.hh:79
branch12:1  br label %5

ST_6: StgValue_345 (447)  [1/1] 2.27ns  loc: ../TrackletAlgorithm/VMRouter.hh:79
branch11:0  store i18 %HLSReducedStubLayer_s, i18* %vmStubsPH1Z1_2_data_1, align 4

ST_6: StgValue_346 (448)  [1/1] 0.00ns  loc: ../TrackletAlgorithm/VMRouter.hh:79
branch11:1  br label %5

ST_6: StgValue_347 (450)  [1/1] 2.27ns  loc: ../TrackletAlgorithm/VMRouter.hh:79
branch10:0  store i18 %HLSReducedStubLayer_s, i18* %vmStubsPH1Z1_1_data_1, align 4

ST_6: StgValue_348 (451)  [1/1] 0.00ns  loc: ../TrackletAlgorithm/VMRouter.hh:79
branch10:1  br label %5

ST_6: StgValue_349 (453)  [1/1] 2.27ns  loc: ../TrackletAlgorithm/VMRouter.hh:79
branch9:0  store i18 %HLSReducedStubLayer_s, i18* %vmStubsPH1Z1_0_data_1, align 4

ST_6: StgValue_350 (454)  [1/1] 0.00ns  loc: ../TrackletAlgorithm/VMRouter.hh:79
branch9:1  br label %5

ST_6: StgValue_351 (456)  [1/1] 2.27ns  loc: ../TrackletAlgorithm/VMRouter.hh:79
branch17:0  store i18 %HLSReducedStubLayer_s, i18* %vmStubsPH1Z1_8_data_1, align 4

ST_6: StgValue_352 (457)  [1/1] 0.00ns  loc: ../TrackletAlgorithm/VMRouter.hh:79
branch17:1  br label %5

ST_6: newIndex11 (471)  [1/1] 0.00ns
:5  %newIndex11 = zext i6 %newIndex10 to i64

ST_6: vmStubsPH4Z2_0_data_1 (472)  [1/1] 0.00ns  loc: ../TrackletAlgorithm/VMRouter.hh:112
:6  %vmStubsPH4Z2_0_data_1 = getelementptr [64 x i18]* %vmStubsPH4Z2_0_data, i64 0, i64 %newIndex11

ST_6: vmStubsPH4Z2_1_data_1 (473)  [1/1] 0.00ns  loc: ../TrackletAlgorithm/VMRouter.hh:112
:7  %vmStubsPH4Z2_1_data_1 = getelementptr [64 x i18]* %vmStubsPH4Z2_1_data, i64 0, i64 %newIndex11

ST_6: vmStubsPH4Z2_2_data_1 (474)  [1/1] 0.00ns  loc: ../TrackletAlgorithm/VMRouter.hh:112
:8  %vmStubsPH4Z2_2_data_1 = getelementptr [64 x i18]* %vmStubsPH4Z2_2_data, i64 0, i64 %newIndex11

ST_6: vmStubsPH4Z2_3_data_1 (475)  [1/1] 0.00ns  loc: ../TrackletAlgorithm/VMRouter.hh:112
:9  %vmStubsPH4Z2_3_data_1 = getelementptr [64 x i18]* %vmStubsPH4Z2_3_data, i64 0, i64 %newIndex11

ST_6: vmStubsPH4Z2_4_data_1 (476)  [1/1] 0.00ns  loc: ../TrackletAlgorithm/VMRouter.hh:112
:10  %vmStubsPH4Z2_4_data_1 = getelementptr [64 x i18]* %vmStubsPH4Z2_4_data, i64 0, i64 %newIndex11

ST_6: vmStubsPH4Z2_5_data_1 (477)  [1/1] 0.00ns  loc: ../TrackletAlgorithm/VMRouter.hh:112
:11  %vmStubsPH4Z2_5_data_1 = getelementptr [64 x i18]* %vmStubsPH4Z2_5_data, i64 0, i64 %newIndex11

ST_6: vmStubsPH4Z2_6_data_1 (478)  [1/1] 0.00ns  loc: ../TrackletAlgorithm/VMRouter.hh:112
:12  %vmStubsPH4Z2_6_data_1 = getelementptr [64 x i18]* %vmStubsPH4Z2_6_data, i64 0, i64 %newIndex11

ST_6: vmStubsPH4Z2_7_data_1 (479)  [1/1] 0.00ns  loc: ../TrackletAlgorithm/VMRouter.hh:112
:13  %vmStubsPH4Z2_7_data_1 = getelementptr [64 x i18]* %vmStubsPH4Z2_7_data, i64 0, i64 %newIndex11

ST_6: vmStubsPH4Z2_8_data_1 (480)  [1/1] 0.00ns  loc: ../TrackletAlgorithm/VMRouter.hh:112
:14  %vmStubsPH4Z2_8_data_1 = getelementptr [64 x i18]* %vmStubsPH4Z2_8_data, i64 0, i64 %newIndex11

ST_6: tmp_26 (481)  [1/1] 0.00ns  loc: ../TrackletAlgorithm/HLSReducedStubLayer.hh:43->../TrackletAlgorithm/VMRouter.hh:112
:15  %tmp_26 = call i5 @_ssdm_op_PartSelect.i5.i36.i32.i32(i36 %HLSFullStubLayerPS_d, i32 31, i32 35)

ST_6: HLSReducedStubLayer_7 (482)  [1/1] 0.00ns  loc: ../TrackletAlgorithm/HLSReducedStubLayer.hh:43->../TrackletAlgorithm/VMRouter.hh:112
:16  %HLSReducedStubLayer_7 = call i18 @_ssdm_op_BitConcatenate.i18.i6.i5.i3.i4(i6 %p_0, i5 %tmp_26, i3 %redPhi_V, i4 %redZ_V)

ST_6: StgValue_365 (485)  [1/1] 2.27ns  loc: ../TrackletAlgorithm/VMRouter.hh:112
branch79:0  store i18 %HLSReducedStubLayer_7, i18* %vmStubsPH4Z2_7_data_1, align 4

ST_6: StgValue_366 (486)  [1/1] 0.00ns  loc: ../TrackletAlgorithm/VMRouter.hh:112
branch79:1  br label %20

ST_6: StgValue_367 (488)  [1/1] 2.27ns  loc: ../TrackletAlgorithm/VMRouter.hh:112
branch78:0  store i18 %HLSReducedStubLayer_7, i18* %vmStubsPH4Z2_6_data_1, align 4

ST_6: StgValue_368 (489)  [1/1] 0.00ns  loc: ../TrackletAlgorithm/VMRouter.hh:112
branch78:1  br label %20

ST_6: StgValue_369 (491)  [1/1] 2.27ns  loc: ../TrackletAlgorithm/VMRouter.hh:112
branch77:0  store i18 %HLSReducedStubLayer_7, i18* %vmStubsPH4Z2_5_data_1, align 4

ST_6: StgValue_370 (492)  [1/1] 0.00ns  loc: ../TrackletAlgorithm/VMRouter.hh:112
branch77:1  br label %20

ST_6: StgValue_371 (494)  [1/1] 2.27ns  loc: ../TrackletAlgorithm/VMRouter.hh:112
branch76:0  store i18 %HLSReducedStubLayer_7, i18* %vmStubsPH4Z2_4_data_1, align 4

ST_6: StgValue_372 (495)  [1/1] 0.00ns  loc: ../TrackletAlgorithm/VMRouter.hh:112
branch76:1  br label %20

ST_6: StgValue_373 (497)  [1/1] 2.27ns  loc: ../TrackletAlgorithm/VMRouter.hh:112
branch75:0  store i18 %HLSReducedStubLayer_7, i18* %vmStubsPH4Z2_3_data_1, align 4

ST_6: StgValue_374 (498)  [1/1] 0.00ns  loc: ../TrackletAlgorithm/VMRouter.hh:112
branch75:1  br label %20

ST_6: StgValue_375 (500)  [1/1] 2.27ns  loc: ../TrackletAlgorithm/VMRouter.hh:112
branch74:0  store i18 %HLSReducedStubLayer_7, i18* %vmStubsPH4Z2_2_data_1, align 4

ST_6: StgValue_376 (501)  [1/1] 0.00ns  loc: ../TrackletAlgorithm/VMRouter.hh:112
branch74:1  br label %20

ST_6: StgValue_377 (503)  [1/1] 2.27ns  loc: ../TrackletAlgorithm/VMRouter.hh:112
branch73:0  store i18 %HLSReducedStubLayer_7, i18* %vmStubsPH4Z2_1_data_1, align 4

ST_6: StgValue_378 (504)  [1/1] 0.00ns  loc: ../TrackletAlgorithm/VMRouter.hh:112
branch73:1  br label %20

ST_6: StgValue_379 (506)  [1/1] 2.27ns  loc: ../TrackletAlgorithm/VMRouter.hh:112
branch72:0  store i18 %HLSReducedStubLayer_7, i18* %vmStubsPH4Z2_0_data_1, align 4

ST_6: StgValue_380 (507)  [1/1] 0.00ns  loc: ../TrackletAlgorithm/VMRouter.hh:112
branch72:1  br label %20

ST_6: StgValue_381 (509)  [1/1] 2.27ns  loc: ../TrackletAlgorithm/VMRouter.hh:112
branch80:0  store i18 %HLSReducedStubLayer_7, i18* %vmStubsPH4Z2_8_data_1, align 4

ST_6: StgValue_382 (510)  [1/1] 0.00ns  loc: ../TrackletAlgorithm/VMRouter.hh:112
branch80:1  br label %20

ST_6: newIndex9 (522)  [1/1] 0.00ns
:5  %newIndex9 = zext i6 %newIndex8 to i64

ST_6: vmStubsPH3Z2_0_data_1 (523)  [1/1] 0.00ns  loc: ../TrackletAlgorithm/VMRouter.hh:108
:6  %vmStubsPH3Z2_0_data_1 = getelementptr [64 x i18]* %vmStubsPH3Z2_0_data, i64 0, i64 %newIndex9

ST_6: vmStubsPH3Z2_1_data_1 (524)  [1/1] 0.00ns  loc: ../TrackletAlgorithm/VMRouter.hh:108
:7  %vmStubsPH3Z2_1_data_1 = getelementptr [64 x i18]* %vmStubsPH3Z2_1_data, i64 0, i64 %newIndex9

ST_6: vmStubsPH3Z2_2_data_1 (525)  [1/1] 0.00ns  loc: ../TrackletAlgorithm/VMRouter.hh:108
:8  %vmStubsPH3Z2_2_data_1 = getelementptr [64 x i18]* %vmStubsPH3Z2_2_data, i64 0, i64 %newIndex9

ST_6: vmStubsPH3Z2_3_data_1 (526)  [1/1] 0.00ns  loc: ../TrackletAlgorithm/VMRouter.hh:108
:9  %vmStubsPH3Z2_3_data_1 = getelementptr [64 x i18]* %vmStubsPH3Z2_3_data, i64 0, i64 %newIndex9

ST_6: vmStubsPH3Z2_4_data_1 (527)  [1/1] 0.00ns  loc: ../TrackletAlgorithm/VMRouter.hh:108
:10  %vmStubsPH3Z2_4_data_1 = getelementptr [64 x i18]* %vmStubsPH3Z2_4_data, i64 0, i64 %newIndex9

ST_6: vmStubsPH3Z2_5_data_1 (528)  [1/1] 0.00ns  loc: ../TrackletAlgorithm/VMRouter.hh:108
:11  %vmStubsPH3Z2_5_data_1 = getelementptr [64 x i18]* %vmStubsPH3Z2_5_data, i64 0, i64 %newIndex9

ST_6: vmStubsPH3Z2_6_data_1 (529)  [1/1] 0.00ns  loc: ../TrackletAlgorithm/VMRouter.hh:108
:12  %vmStubsPH3Z2_6_data_1 = getelementptr [64 x i18]* %vmStubsPH3Z2_6_data, i64 0, i64 %newIndex9

ST_6: vmStubsPH3Z2_7_data_1 (530)  [1/1] 0.00ns  loc: ../TrackletAlgorithm/VMRouter.hh:108
:13  %vmStubsPH3Z2_7_data_1 = getelementptr [64 x i18]* %vmStubsPH3Z2_7_data, i64 0, i64 %newIndex9

ST_6: vmStubsPH3Z2_8_data_1 (531)  [1/1] 0.00ns  loc: ../TrackletAlgorithm/VMRouter.hh:108
:14  %vmStubsPH3Z2_8_data_1 = getelementptr [64 x i18]* %vmStubsPH3Z2_8_data, i64 0, i64 %newIndex9

ST_6: tmp_22 (532)  [1/1] 0.00ns  loc: ../TrackletAlgorithm/HLSReducedStubLayer.hh:43->../TrackletAlgorithm/VMRouter.hh:108
:15  %tmp_22 = call i5 @_ssdm_op_PartSelect.i5.i36.i32.i32(i36 %HLSFullStubLayerPS_d, i32 31, i32 35)

ST_6: HLSReducedStubLayer_6 (533)  [1/1] 0.00ns  loc: ../TrackletAlgorithm/HLSReducedStubLayer.hh:43->../TrackletAlgorithm/VMRouter.hh:108
:16  %HLSReducedStubLayer_6 = call i18 @_ssdm_op_BitConcatenate.i18.i6.i5.i3.i4(i6 %p_0, i5 %tmp_22, i3 %redPhi_V, i4 %redZ_V)

ST_6: StgValue_395 (536)  [1/1] 2.27ns  loc: ../TrackletAlgorithm/VMRouter.hh:108
branch70:0  store i18 %HLSReducedStubLayer_6, i18* %vmStubsPH3Z2_7_data_1, align 4

ST_6: StgValue_396 (537)  [1/1] 0.00ns  loc: ../TrackletAlgorithm/VMRouter.hh:108
branch70:1  br label %18

ST_6: StgValue_397 (539)  [1/1] 2.27ns  loc: ../TrackletAlgorithm/VMRouter.hh:108
branch69:0  store i18 %HLSReducedStubLayer_6, i18* %vmStubsPH3Z2_6_data_1, align 4

ST_6: StgValue_398 (540)  [1/1] 0.00ns  loc: ../TrackletAlgorithm/VMRouter.hh:108
branch69:1  br label %18

ST_6: StgValue_399 (542)  [1/1] 2.27ns  loc: ../TrackletAlgorithm/VMRouter.hh:108
branch68:0  store i18 %HLSReducedStubLayer_6, i18* %vmStubsPH3Z2_5_data_1, align 4

ST_6: StgValue_400 (543)  [1/1] 0.00ns  loc: ../TrackletAlgorithm/VMRouter.hh:108
branch68:1  br label %18

ST_6: StgValue_401 (545)  [1/1] 2.27ns  loc: ../TrackletAlgorithm/VMRouter.hh:108
branch67:0  store i18 %HLSReducedStubLayer_6, i18* %vmStubsPH3Z2_4_data_1, align 4

ST_6: StgValue_402 (546)  [1/1] 0.00ns  loc: ../TrackletAlgorithm/VMRouter.hh:108
branch67:1  br label %18

ST_6: StgValue_403 (548)  [1/1] 2.27ns  loc: ../TrackletAlgorithm/VMRouter.hh:108
branch66:0  store i18 %HLSReducedStubLayer_6, i18* %vmStubsPH3Z2_3_data_1, align 4

ST_6: StgValue_404 (549)  [1/1] 0.00ns  loc: ../TrackletAlgorithm/VMRouter.hh:108
branch66:1  br label %18

ST_6: StgValue_405 (551)  [1/1] 2.27ns  loc: ../TrackletAlgorithm/VMRouter.hh:108
branch65:0  store i18 %HLSReducedStubLayer_6, i18* %vmStubsPH3Z2_2_data_1, align 4

ST_6: StgValue_406 (552)  [1/1] 0.00ns  loc: ../TrackletAlgorithm/VMRouter.hh:108
branch65:1  br label %18

ST_6: StgValue_407 (554)  [1/1] 2.27ns  loc: ../TrackletAlgorithm/VMRouter.hh:108
branch64:0  store i18 %HLSReducedStubLayer_6, i18* %vmStubsPH3Z2_1_data_1, align 4

ST_6: StgValue_408 (555)  [1/1] 0.00ns  loc: ../TrackletAlgorithm/VMRouter.hh:108
branch64:1  br label %18

ST_6: StgValue_409 (557)  [1/1] 2.27ns  loc: ../TrackletAlgorithm/VMRouter.hh:108
branch63:0  store i18 %HLSReducedStubLayer_6, i18* %vmStubsPH3Z2_0_data_1, align 4

ST_6: StgValue_410 (558)  [1/1] 0.00ns  loc: ../TrackletAlgorithm/VMRouter.hh:108
branch63:1  br label %18

ST_6: StgValue_411 (560)  [1/1] 2.27ns  loc: ../TrackletAlgorithm/VMRouter.hh:108
branch71:0  store i18 %HLSReducedStubLayer_6, i18* %vmStubsPH3Z2_8_data_1, align 4

ST_6: StgValue_412 (561)  [1/1] 0.00ns  loc: ../TrackletAlgorithm/VMRouter.hh:108
branch71:1  br label %18

ST_6: newIndex7 (573)  [1/1] 0.00ns
:5  %newIndex7 = zext i6 %newIndex6 to i64

ST_6: vmStubsPH2Z2_0_data_1 (574)  [1/1] 0.00ns  loc: ../TrackletAlgorithm/VMRouter.hh:104
:6  %vmStubsPH2Z2_0_data_1 = getelementptr [64 x i18]* %vmStubsPH2Z2_0_data, i64 0, i64 %newIndex7

ST_6: vmStubsPH2Z2_1_data_1 (575)  [1/1] 0.00ns  loc: ../TrackletAlgorithm/VMRouter.hh:104
:7  %vmStubsPH2Z2_1_data_1 = getelementptr [64 x i18]* %vmStubsPH2Z2_1_data, i64 0, i64 %newIndex7

ST_6: vmStubsPH2Z2_2_data_1 (576)  [1/1] 0.00ns  loc: ../TrackletAlgorithm/VMRouter.hh:104
:8  %vmStubsPH2Z2_2_data_1 = getelementptr [64 x i18]* %vmStubsPH2Z2_2_data, i64 0, i64 %newIndex7

ST_6: vmStubsPH2Z2_3_data_1 (577)  [1/1] 0.00ns  loc: ../TrackletAlgorithm/VMRouter.hh:104
:9  %vmStubsPH2Z2_3_data_1 = getelementptr [64 x i18]* %vmStubsPH2Z2_3_data, i64 0, i64 %newIndex7

ST_6: vmStubsPH2Z2_4_data_1 (578)  [1/1] 0.00ns  loc: ../TrackletAlgorithm/VMRouter.hh:104
:10  %vmStubsPH2Z2_4_data_1 = getelementptr [64 x i18]* %vmStubsPH2Z2_4_data, i64 0, i64 %newIndex7

ST_6: vmStubsPH2Z2_5_data_1 (579)  [1/1] 0.00ns  loc: ../TrackletAlgorithm/VMRouter.hh:104
:11  %vmStubsPH2Z2_5_data_1 = getelementptr [64 x i18]* %vmStubsPH2Z2_5_data, i64 0, i64 %newIndex7

ST_6: vmStubsPH2Z2_6_data_1 (580)  [1/1] 0.00ns  loc: ../TrackletAlgorithm/VMRouter.hh:104
:12  %vmStubsPH2Z2_6_data_1 = getelementptr [64 x i18]* %vmStubsPH2Z2_6_data, i64 0, i64 %newIndex7

ST_6: vmStubsPH2Z2_7_data_1 (581)  [1/1] 0.00ns  loc: ../TrackletAlgorithm/VMRouter.hh:104
:13  %vmStubsPH2Z2_7_data_1 = getelementptr [64 x i18]* %vmStubsPH2Z2_7_data, i64 0, i64 %newIndex7

ST_6: vmStubsPH2Z2_8_data_1 (582)  [1/1] 0.00ns  loc: ../TrackletAlgorithm/VMRouter.hh:104
:14  %vmStubsPH2Z2_8_data_1 = getelementptr [64 x i18]* %vmStubsPH2Z2_8_data, i64 0, i64 %newIndex7

ST_6: tmp_20 (583)  [1/1] 0.00ns  loc: ../TrackletAlgorithm/HLSReducedStubLayer.hh:43->../TrackletAlgorithm/VMRouter.hh:104
:15  %tmp_20 = call i5 @_ssdm_op_PartSelect.i5.i36.i32.i32(i36 %HLSFullStubLayerPS_d, i32 31, i32 35)

ST_6: HLSReducedStubLayer_5 (584)  [1/1] 0.00ns  loc: ../TrackletAlgorithm/HLSReducedStubLayer.hh:43->../TrackletAlgorithm/VMRouter.hh:104
:16  %HLSReducedStubLayer_5 = call i18 @_ssdm_op_BitConcatenate.i18.i6.i5.i3.i4(i6 %p_0, i5 %tmp_20, i3 %redPhi_V, i4 %redZ_V)

ST_6: StgValue_425 (587)  [1/1] 2.27ns  loc: ../TrackletAlgorithm/VMRouter.hh:104
branch61:0  store i18 %HLSReducedStubLayer_5, i18* %vmStubsPH2Z2_7_data_1, align 4

ST_6: StgValue_426 (588)  [1/1] 0.00ns  loc: ../TrackletAlgorithm/VMRouter.hh:104
branch61:1  br label %16

ST_6: StgValue_427 (590)  [1/1] 2.27ns  loc: ../TrackletAlgorithm/VMRouter.hh:104
branch60:0  store i18 %HLSReducedStubLayer_5, i18* %vmStubsPH2Z2_6_data_1, align 4

ST_6: StgValue_428 (591)  [1/1] 0.00ns  loc: ../TrackletAlgorithm/VMRouter.hh:104
branch60:1  br label %16

ST_6: StgValue_429 (593)  [1/1] 2.27ns  loc: ../TrackletAlgorithm/VMRouter.hh:104
branch59:0  store i18 %HLSReducedStubLayer_5, i18* %vmStubsPH2Z2_5_data_1, align 4

ST_6: StgValue_430 (594)  [1/1] 0.00ns  loc: ../TrackletAlgorithm/VMRouter.hh:104
branch59:1  br label %16

ST_6: StgValue_431 (596)  [1/1] 2.27ns  loc: ../TrackletAlgorithm/VMRouter.hh:104
branch58:0  store i18 %HLSReducedStubLayer_5, i18* %vmStubsPH2Z2_4_data_1, align 4

ST_6: StgValue_432 (597)  [1/1] 0.00ns  loc: ../TrackletAlgorithm/VMRouter.hh:104
branch58:1  br label %16

ST_6: StgValue_433 (599)  [1/1] 2.27ns  loc: ../TrackletAlgorithm/VMRouter.hh:104
branch57:0  store i18 %HLSReducedStubLayer_5, i18* %vmStubsPH2Z2_3_data_1, align 4

ST_6: StgValue_434 (600)  [1/1] 0.00ns  loc: ../TrackletAlgorithm/VMRouter.hh:104
branch57:1  br label %16

ST_6: StgValue_435 (602)  [1/1] 2.27ns  loc: ../TrackletAlgorithm/VMRouter.hh:104
branch56:0  store i18 %HLSReducedStubLayer_5, i18* %vmStubsPH2Z2_2_data_1, align 4

ST_6: StgValue_436 (603)  [1/1] 0.00ns  loc: ../TrackletAlgorithm/VMRouter.hh:104
branch56:1  br label %16

ST_6: StgValue_437 (605)  [1/1] 2.27ns  loc: ../TrackletAlgorithm/VMRouter.hh:104
branch55:0  store i18 %HLSReducedStubLayer_5, i18* %vmStubsPH2Z2_1_data_1, align 4

ST_6: StgValue_438 (606)  [1/1] 0.00ns  loc: ../TrackletAlgorithm/VMRouter.hh:104
branch55:1  br label %16

ST_6: StgValue_439 (608)  [1/1] 2.27ns  loc: ../TrackletAlgorithm/VMRouter.hh:104
branch54:0  store i18 %HLSReducedStubLayer_5, i18* %vmStubsPH2Z2_0_data_1, align 4

ST_6: StgValue_440 (609)  [1/1] 0.00ns  loc: ../TrackletAlgorithm/VMRouter.hh:104
branch54:1  br label %16

ST_6: StgValue_441 (611)  [1/1] 2.27ns  loc: ../TrackletAlgorithm/VMRouter.hh:104
branch62:0  store i18 %HLSReducedStubLayer_5, i18* %vmStubsPH2Z2_8_data_1, align 4

ST_6: StgValue_442 (612)  [1/1] 0.00ns  loc: ../TrackletAlgorithm/VMRouter.hh:104
branch62:1  br label %16

ST_6: newIndex5 (624)  [1/1] 0.00ns
:5  %newIndex5 = zext i6 %newIndex4 to i64

ST_6: vmStubsPH1Z2_0_data_1 (625)  [1/1] 0.00ns  loc: ../TrackletAlgorithm/VMRouter.hh:100
:6  %vmStubsPH1Z2_0_data_1 = getelementptr [64 x i18]* %vmStubsPH1Z2_0_data, i64 0, i64 %newIndex5

ST_6: vmStubsPH1Z2_1_data_1 (626)  [1/1] 0.00ns  loc: ../TrackletAlgorithm/VMRouter.hh:100
:7  %vmStubsPH1Z2_1_data_1 = getelementptr [64 x i18]* %vmStubsPH1Z2_1_data, i64 0, i64 %newIndex5

ST_6: vmStubsPH1Z2_2_data_1 (627)  [1/1] 0.00ns  loc: ../TrackletAlgorithm/VMRouter.hh:100
:8  %vmStubsPH1Z2_2_data_1 = getelementptr [64 x i18]* %vmStubsPH1Z2_2_data, i64 0, i64 %newIndex5

ST_6: vmStubsPH1Z2_3_data_1 (628)  [1/1] 0.00ns  loc: ../TrackletAlgorithm/VMRouter.hh:100
:9  %vmStubsPH1Z2_3_data_1 = getelementptr [64 x i18]* %vmStubsPH1Z2_3_data, i64 0, i64 %newIndex5

ST_6: vmStubsPH1Z2_4_data_1 (629)  [1/1] 0.00ns  loc: ../TrackletAlgorithm/VMRouter.hh:100
:10  %vmStubsPH1Z2_4_data_1 = getelementptr [64 x i18]* %vmStubsPH1Z2_4_data, i64 0, i64 %newIndex5

ST_6: vmStubsPH1Z2_5_data_1 (630)  [1/1] 0.00ns  loc: ../TrackletAlgorithm/VMRouter.hh:100
:11  %vmStubsPH1Z2_5_data_1 = getelementptr [64 x i18]* %vmStubsPH1Z2_5_data, i64 0, i64 %newIndex5

ST_6: vmStubsPH1Z2_6_data_1 (631)  [1/1] 0.00ns  loc: ../TrackletAlgorithm/VMRouter.hh:100
:12  %vmStubsPH1Z2_6_data_1 = getelementptr [64 x i18]* %vmStubsPH1Z2_6_data, i64 0, i64 %newIndex5

ST_6: vmStubsPH1Z2_7_data_1 (632)  [1/1] 0.00ns  loc: ../TrackletAlgorithm/VMRouter.hh:100
:13  %vmStubsPH1Z2_7_data_1 = getelementptr [64 x i18]* %vmStubsPH1Z2_7_data, i64 0, i64 %newIndex5

ST_6: vmStubsPH1Z2_8_data_1 (633)  [1/1] 0.00ns  loc: ../TrackletAlgorithm/VMRouter.hh:100
:14  %vmStubsPH1Z2_8_data_1 = getelementptr [64 x i18]* %vmStubsPH1Z2_8_data, i64 0, i64 %newIndex5

ST_6: tmp_18 (634)  [1/1] 0.00ns  loc: ../TrackletAlgorithm/HLSReducedStubLayer.hh:43->../TrackletAlgorithm/VMRouter.hh:100
:15  %tmp_18 = call i5 @_ssdm_op_PartSelect.i5.i36.i32.i32(i36 %HLSFullStubLayerPS_d, i32 31, i32 35)

ST_6: HLSReducedStubLayer_4 (635)  [1/1] 0.00ns  loc: ../TrackletAlgorithm/HLSReducedStubLayer.hh:43->../TrackletAlgorithm/VMRouter.hh:100
:16  %HLSReducedStubLayer_4 = call i18 @_ssdm_op_BitConcatenate.i18.i6.i5.i3.i4(i6 %p_0, i5 %tmp_18, i3 %redPhi_V, i4 %redZ_V)

ST_6: StgValue_455 (638)  [1/1] 2.27ns  loc: ../TrackletAlgorithm/VMRouter.hh:100
branch52:0  store i18 %HLSReducedStubLayer_4, i18* %vmStubsPH1Z2_7_data_1, align 4

ST_6: StgValue_456 (639)  [1/1] 0.00ns  loc: ../TrackletAlgorithm/VMRouter.hh:100
branch52:1  br label %14

ST_6: StgValue_457 (641)  [1/1] 2.27ns  loc: ../TrackletAlgorithm/VMRouter.hh:100
branch51:0  store i18 %HLSReducedStubLayer_4, i18* %vmStubsPH1Z2_6_data_1, align 4

ST_6: StgValue_458 (642)  [1/1] 0.00ns  loc: ../TrackletAlgorithm/VMRouter.hh:100
branch51:1  br label %14

ST_6: StgValue_459 (644)  [1/1] 2.27ns  loc: ../TrackletAlgorithm/VMRouter.hh:100
branch50:0  store i18 %HLSReducedStubLayer_4, i18* %vmStubsPH1Z2_5_data_1, align 4

ST_6: StgValue_460 (645)  [1/1] 0.00ns  loc: ../TrackletAlgorithm/VMRouter.hh:100
branch50:1  br label %14

ST_6: StgValue_461 (647)  [1/1] 2.27ns  loc: ../TrackletAlgorithm/VMRouter.hh:100
branch49:0  store i18 %HLSReducedStubLayer_4, i18* %vmStubsPH1Z2_4_data_1, align 4

ST_6: StgValue_462 (648)  [1/1] 0.00ns  loc: ../TrackletAlgorithm/VMRouter.hh:100
branch49:1  br label %14

ST_6: StgValue_463 (650)  [1/1] 2.27ns  loc: ../TrackletAlgorithm/VMRouter.hh:100
branch48:0  store i18 %HLSReducedStubLayer_4, i18* %vmStubsPH1Z2_3_data_1, align 4

ST_6: StgValue_464 (651)  [1/1] 0.00ns  loc: ../TrackletAlgorithm/VMRouter.hh:100
branch48:1  br label %14

ST_6: StgValue_465 (653)  [1/1] 2.27ns  loc: ../TrackletAlgorithm/VMRouter.hh:100
branch47:0  store i18 %HLSReducedStubLayer_4, i18* %vmStubsPH1Z2_2_data_1, align 4

ST_6: StgValue_466 (654)  [1/1] 0.00ns  loc: ../TrackletAlgorithm/VMRouter.hh:100
branch47:1  br label %14

ST_6: StgValue_467 (656)  [1/1] 2.27ns  loc: ../TrackletAlgorithm/VMRouter.hh:100
branch46:0  store i18 %HLSReducedStubLayer_4, i18* %vmStubsPH1Z2_1_data_1, align 4

ST_6: StgValue_468 (657)  [1/1] 0.00ns  loc: ../TrackletAlgorithm/VMRouter.hh:100
branch46:1  br label %14

ST_6: StgValue_469 (659)  [1/1] 2.27ns  loc: ../TrackletAlgorithm/VMRouter.hh:100
branch45:0  store i18 %HLSReducedStubLayer_4, i18* %vmStubsPH1Z2_0_data_1, align 4

ST_6: StgValue_470 (660)  [1/1] 0.00ns  loc: ../TrackletAlgorithm/VMRouter.hh:100
branch45:1  br label %14

ST_6: StgValue_471 (662)  [1/1] 2.27ns  loc: ../TrackletAlgorithm/VMRouter.hh:100
branch53:0  store i18 %HLSReducedStubLayer_4, i18* %vmStubsPH1Z2_8_data_1, align 4

ST_6: StgValue_472 (663)  [1/1] 0.00ns  loc: ../TrackletAlgorithm/VMRouter.hh:100
branch53:1  br label %14

ST_6: tmp_25 (670)  [1/1] 2.00ns  loc: ../TrackletAlgorithm/VMRouter.hh:118
_ZrsILi12ELb0EE11ap_int_baseIXT_EXT0_EXleT_Li64EEERKS1_i.exit._crit_edge:0  %tmp_25 = icmp eq i6 %p_0, -1

ST_6: index_V (671)  [1/1] 1.36ns  loc: ../TrackletAlgorithm/VMRouter.hh:118
_ZrsILi12ELb0EE11ap_int_baseIXT_EXT0_EXleT_Li64EEERKS1_i.exit._crit_edge:1  %index_V = add i6 %p_0, -1

ST_6: p_s (672)  [1/1] 0.00ns  loc: ../TrackletAlgorithm/VMRouter.hh:118 (grouped into LUT with out node index_V_1)
_ZrsILi12ELb0EE11ap_int_baseIXT_EXT0_EXleT_Li64EEERKS1_i.exit._crit_edge:2  %p_s = select i1 %tmp_25, i6 %index_V, i6 %p_0

ST_6: index_V_1 (673)  [1/1] 1.36ns  loc: ../TrackletAlgorithm/VMRouter.hh:119 (out node of the LUT)
_ZrsILi12ELb0EE11ap_int_baseIXT_EXT0_EXleT_Li64EEERKS1_i.exit._crit_edge:3  %index_V_1 = add i6 %p_s, 1

ST_6: empty_38 (674)  [1/1] 0.00ns  loc: ../TrackletAlgorithm/VMRouter.hh:124
_ZrsILi12ELb0EE11ap_int_baseIXT_EXT0_EXleT_Li64EEERKS1_i.exit._crit_edge:4  %empty_38 = call i32 (...)* @_ssdm_op_SpecRegionEnd([9 x i8]* @p_str9, i32 %tmp_9)

ST_6: StgValue_478 (675)  [1/1] 0.00ns  loc: ../TrackletAlgorithm/VMRouter.hh:35
_ZrsILi12ELb0EE11ap_int_baseIXT_EXT0_EXleT_Li64EEERKS1_i.exit._crit_edge:5  br label %1


 <State 7>: 0.00ns
ST_7: nPH4Z2_V_load_1 (677)  [1/1] 0.00ns  loc: ../TrackletAlgorithm/VMRouter.hh:125
.loopexit:0  %nPH4Z2_V_load_1 = load i6* %nPH4Z2_V

ST_7: nPH3Z2_V_load_1 (678)  [1/1] 0.00ns  loc: ../TrackletAlgorithm/VMRouter.hh:125
.loopexit:1  %nPH3Z2_V_load_1 = load i6* %nPH3Z2_V

ST_7: nPH2Z2_V_load_1 (679)  [1/1] 0.00ns  loc: ../TrackletAlgorithm/VMRouter.hh:125
.loopexit:2  %nPH2Z2_V_load_1 = load i6* %nPH2Z2_V

ST_7: nPH1Z2_V_load_1 (680)  [1/1] 0.00ns  loc: ../TrackletAlgorithm/VMRouter.hh:125
.loopexit:3  %nPH1Z2_V_load_1 = load i6* %nPH1Z2_V

ST_7: nPH4Z1_V_load_1 (681)  [1/1] 0.00ns  loc: ../TrackletAlgorithm/VMRouter.hh:125
.loopexit:4  %nPH4Z1_V_load_1 = load i6* %nPH4Z1_V

ST_7: nPH3Z1_V_load_1 (682)  [1/1] 0.00ns  loc: ../TrackletAlgorithm/VMRouter.hh:125
.loopexit:5  %nPH3Z1_V_load_1 = load i6* %nPH3Z1_V

ST_7: nPH2Z1_V_load_1 (683)  [1/1] 0.00ns  loc: ../TrackletAlgorithm/VMRouter.hh:125
.loopexit:6  %nPH2Z1_V_load_1 = load i6* %nPH2Z1_V

ST_7: nPH1Z1_V_load_1 (684)  [1/1] 0.00ns  loc: ../TrackletAlgorithm/VMRouter.hh:125
.loopexit:7  %nPH1Z1_V_load_1 = load i6* %nPH1Z1_V

ST_7: mrv (685)  [1/1] 0.00ns  loc: ../TrackletAlgorithm/VMRouter.hh:125
.loopexit:8  %mrv = insertvalue { i6, i6, i6, i6, i6, i6, i6, i6 } undef, i6 %nPH1Z1_V_load_1, 0

ST_7: mrv_1 (686)  [1/1] 0.00ns  loc: ../TrackletAlgorithm/VMRouter.hh:125
.loopexit:9  %mrv_1 = insertvalue { i6, i6, i6, i6, i6, i6, i6, i6 } %mrv, i6 %nPH2Z1_V_load_1, 1

ST_7: mrv_2 (687)  [1/1] 0.00ns  loc: ../TrackletAlgorithm/VMRouter.hh:125
.loopexit:10  %mrv_2 = insertvalue { i6, i6, i6, i6, i6, i6, i6, i6 } %mrv_1, i6 %nPH3Z1_V_load_1, 2

ST_7: mrv_3 (688)  [1/1] 0.00ns  loc: ../TrackletAlgorithm/VMRouter.hh:125
.loopexit:11  %mrv_3 = insertvalue { i6, i6, i6, i6, i6, i6, i6, i6 } %mrv_2, i6 %nPH4Z1_V_load_1, 3

ST_7: mrv_4 (689)  [1/1] 0.00ns  loc: ../TrackletAlgorithm/VMRouter.hh:125
.loopexit:12  %mrv_4 = insertvalue { i6, i6, i6, i6, i6, i6, i6, i6 } %mrv_3, i6 %nPH1Z2_V_load_1, 4

ST_7: mrv_5 (690)  [1/1] 0.00ns  loc: ../TrackletAlgorithm/VMRouter.hh:125
.loopexit:13  %mrv_5 = insertvalue { i6, i6, i6, i6, i6, i6, i6, i6 } %mrv_4, i6 %nPH2Z2_V_load_1, 5

ST_7: mrv_6 (691)  [1/1] 0.00ns  loc: ../TrackletAlgorithm/VMRouter.hh:125
.loopexit:14  %mrv_6 = insertvalue { i6, i6, i6, i6, i6, i6, i6, i6 } %mrv_5, i6 %nPH3Z2_V_load_1, 6

ST_7: mrv_7 (692)  [1/1] 0.00ns  loc: ../TrackletAlgorithm/VMRouter.hh:125
.loopexit:15  %mrv_7 = insertvalue { i6, i6, i6, i6, i6, i6, i6, i6 } %mrv_6, i6 %nPH4Z2_V_load_1, 7

ST_7: StgValue_495 (693)  [1/1] 0.00ns  loc: ../TrackletAlgorithm/VMRouter.hh:125
.loopexit:16  ret { i6, i6, i6, i6, i6, i6, i6, i6 } %mrv_7



============================================================
+ Verbose Summary: Timing violations
============================================================
Target clock period: 4ns, clock uncertainty: 0.5ns.

 <State 1>: 0.844ns
The critical path consists of the following:
	'alloca' operation ('nPH4Z2.V') [110]  (0 ns)
	'store' operation (../TrackletAlgorithm/VMRouter.hh:31) of variable 'nPH4Z2.V' on local variable 'nPH4Z2.V' [164]  (0.844 ns)

 <State 2>: 3.05ns
The critical path consists of the following:
	'phi' operation ('i') with incoming values : ('i', ../TrackletAlgorithm/VMRouter.hh:35) [168]  (0 ns)
	'add' operation ('sum1', ../TrackletAlgorithm/VMRouter.hh:35) [207]  (1.37 ns)

 <State 3>: 2.27ns
The critical path consists of the following:
	'getelementptr' operation ('stubsInLayer_8_data_1', ../TrackletAlgorithm/VMRouter.hh:35) [204]  (0 ns)
	'load' operation ('stubsInLayer_8_data_2', ../TrackletAlgorithm/VMRouter.hh:35) on array 'stubsInLayer_8_data' [205]  (2.27 ns)

 <State 4>: 3.42ns
The critical path consists of the following:
	'load' operation ('stubsInLayer_0_data_2', ../TrackletAlgorithm/VMRouter.hh:35) on array 'stubsInLayer_0_data' [189]  (2.27 ns)
	'mux' operation ('HLSFullStubLayerPS.data_.V', ../TrackletAlgorithm/VMRouter.hh:35) [206]  (1.15 ns)

 <State 5>: 3.05ns
The critical path consists of the following:
	'load' operation ('nPH4Z1_V_load_2') on local variable 'nPH4Z1.V' [260]  (0 ns)
	'add' operation ('sum9') [262]  (1.37 ns)

 <State 6>: 3.38ns
The critical path consists of the following:
	'xor' operation ('redPhi.V', ../TrackletAlgorithm/VMRouter.hh:56) [251]  (1.12 ns)
	'store' operation (../TrackletAlgorithm/VMRouter.hh:91) of variable 'HLSReducedStubLayer.data_.V', ../TrackletAlgorithm/HLSReducedStubLayer.hh:43->../TrackletAlgorithm/VMRouter.hh:91 on array 'vmStubsPH4Z1_3_data' [291]  (2.27 ns)

 <State 7>: 0ns
The critical path consists of the following:


============================================================
+ Verbose Summary: Binding
============================================================
N/A
* FSMD analyzer results:
  - Output states:
 - Input state : 
  - Chain level:
	State 1
	State 2
	State 3
	State 4
	State 5
	State 6
	State 7


============================================================
+ Verbose Summary: Datapath Resource usage 
============================================================
N/A
