

================================================================
== Vivado HLS Report for 'VMRouter'
================================================================
* Date:           Tue Sep 12 10:23:47 2017

* Version:        2017.2 (Build 1909853 on Thu Jun 15 18:55:24 MDT 2017)
* Project:        vmrouter_2
* Solution:       solution2-nodependencies
* Product family: virtex7
* Target device:  xc7vx690tffg1927-2


================================================================
== Performance Estimates
================================================================
+ Timing (ns): 
    * Summary: 
    +--------+-------+----------+------------+
    |  Clock | Target| Estimated| Uncertainty|
    +--------+-------+----------+------------+
    |ap_clk  |   4.00|      3.31|        0.50|
    +--------+-------+----------+------------+

+ Latency (clock cycles): 
    * Summary: 
    +-----+-----+-----+-----+---------+
    |  Latency  |  Interval | Pipeline|
    | min | max | min | max |   Type  |
    +-----+-----+-----+-----+---------+
    |    5|   68|    5|   68|   none  |
    +-----+-----+-----+-----+---------+

    + Detail: 
        * Instance: 
        N/A

        * Loop: 
        +------------+-----+-----+----------+-----------+-----------+--------+----------+
        |            |  Latency  | Iteration|  Initiation Interval  |  Trip  |          |
        |  Loop Name | min | max |  Latency |  achieved |   target  |  Count | Pipelined|
        +------------+-----+-----+----------+-----------+-----------+--------+----------+
        |- STUBLOOP  |    3|   66|         4|          1|          1| 1 ~ 64 |    yes   |
        +------------+-----+-----+----------+-----------+-----------+--------+----------+

============================================================
+ Verbose Summary: Synthesis Manager
============================================================
InlineROM: 1
ExposeGlobal: 0
============================================================
+ Verbose Summary: CDFG Model
============================================================
IsTopModel: 0
ResetActiveHigh: 1
IsCombinational: 0
IsDatapathOnly: 0
HasWiredReturn: 1
HasMFsm: 0
HasVarLatency: 1
IsPipeline: 0
IsRtlPipelined: 0
IsInstanceOverlapped: 0
IsDontTouch: 0
HasImplIP: 0
IsGatedGlobalClock: 0

+ Individual pipeline summary: 
  * Pipeline-0: initiation interval (II) = 1, depth = 4


============================================================
+ Verbose Summary: Schedule
============================================================
* Number of FSM states: 6
* Pipeline: 1
  Pipeline-0: II = 1, D = 4, States = { 2 3 4 5 }
* Dataflow Pipeline: 0

* FSM state transitions: 
1 --> 
	2  / true
2 --> 
	6  / (tmp_48) | (!tmp_48 & !tmp_4)
	3  / (!tmp_48 & tmp_4)
3 --> 
	4  / true
4 --> 
	5  / true
5 --> 
	2  / true
6 --> 
* FSM state operations: 

 <State 1>: 0.84ns
ST_1: nPH4Z2_V (70)  [1/1] 0.00ns
:0  %nPH4Z2_V = alloca i6

ST_1: nPH3Z2_V (71)  [1/1] 0.00ns
:1  %nPH3Z2_V = alloca i6

ST_1: nPH2Z2_V (72)  [1/1] 0.00ns
:2  %nPH2Z2_V = alloca i6

ST_1: nPH1Z2_V (73)  [1/1] 0.00ns
:3  %nPH1Z2_V = alloca i6

ST_1: nPH4Z1_V (74)  [1/1] 0.00ns
:4  %nPH4Z1_V = alloca i6

ST_1: nPH3Z1_V (75)  [1/1] 0.00ns
:5  %nPH3Z1_V = alloca i6

ST_1: nPH2Z1_V (76)  [1/1] 0.00ns
:6  %nPH2Z1_V = alloca i6

ST_1: nPH1Z1_V (77)  [1/1] 0.00ns
:7  %nPH1Z1_V = alloca i6

ST_1: nPH4Z2_V_read_1 (78)  [1/1] 0.00ns
:8  %nPH4Z2_V_read_1 = call i6 @_ssdm_op_Read.ap_auto.i6(i6 %nPH4Z2_V_read)

ST_1: nPH3Z2_V_read_1 (79)  [1/1] 0.00ns
:9  %nPH3Z2_V_read_1 = call i6 @_ssdm_op_Read.ap_auto.i6(i6 %nPH3Z2_V_read)

ST_1: nPH2Z2_V_read_1 (80)  [1/1] 0.00ns
:10  %nPH2Z2_V_read_1 = call i6 @_ssdm_op_Read.ap_auto.i6(i6 %nPH2Z2_V_read)

ST_1: nPH1Z2_V_read_1 (81)  [1/1] 0.00ns
:11  %nPH1Z2_V_read_1 = call i6 @_ssdm_op_Read.ap_auto.i6(i6 %nPH1Z2_V_read)

ST_1: nPH4Z1_V_read_1 (82)  [1/1] 0.00ns
:12  %nPH4Z1_V_read_1 = call i6 @_ssdm_op_Read.ap_auto.i6(i6 %nPH4Z1_V_read)

ST_1: nPH3Z1_V_read_1 (83)  [1/1] 0.00ns
:13  %nPH3Z1_V_read_1 = call i6 @_ssdm_op_Read.ap_auto.i6(i6 %nPH3Z1_V_read)

ST_1: nPH2Z1_V_read_1 (84)  [1/1] 0.00ns
:14  %nPH2Z1_V_read_1 = call i6 @_ssdm_op_Read.ap_auto.i6(i6 %nPH2Z1_V_read)

ST_1: nPH1Z1_V_read_1 (85)  [1/1] 0.00ns
:15  %nPH1Z1_V_read_1 = call i6 @_ssdm_op_Read.ap_auto.i6(i6 %nPH1Z1_V_read)

ST_1: nStubs_read (86)  [1/1] 0.00ns
:16  %nStubs_read = call i32 @_ssdm_op_Read.ap_auto.i32(i32 %nStubs)

ST_1: tmp_19_read (87)  [1/1] 0.00ns
:17  %tmp_19_read = call i10 @_ssdm_op_Read.ap_auto.i10(i10 %tmp_19)

ST_1: tmp_18_read (88)  [1/1] 0.00ns
:18  %tmp_18_read = call i10 @_ssdm_op_Read.ap_auto.i10(i10 %tmp_18)

ST_1: tmp_17_read (89)  [1/1] 0.00ns
:19  %tmp_17_read = call i10 @_ssdm_op_Read.ap_auto.i10(i10 %tmp_17)

ST_1: tmp_16_read (90)  [1/1] 0.00ns
:20  %tmp_16_read = call i10 @_ssdm_op_Read.ap_auto.i10(i10 %tmp_16)

ST_1: tmp_15_read (91)  [1/1] 0.00ns
:21  %tmp_15_read = call i10 @_ssdm_op_Read.ap_auto.i10(i10 %tmp_15)

ST_1: tmp_14_read (92)  [1/1] 0.00ns
:22  %tmp_14_read = call i10 @_ssdm_op_Read.ap_auto.i10(i10 %tmp_14)

ST_1: tmp_13_read (93)  [1/1] 0.00ns
:23  %tmp_13_read = call i10 @_ssdm_op_Read.ap_auto.i10(i10 %tmp_13)

ST_1: tmp_12_read (94)  [1/1] 0.00ns
:24  %tmp_12_read = call i10 @_ssdm_op_Read.ap_auto.i10(i10 %tmp_12)

ST_1: tmp_11_read (95)  [1/1] 0.00ns
:25  %tmp_11_read = call i10 @_ssdm_op_Read.ap_auto.i10(i10 %tmp_11)

ST_1: tmp_1_read (96)  [1/1] 0.00ns
:26  %tmp_1_read = call i10 @_ssdm_op_Read.ap_auto.i10(i10 %tmp_1)

ST_1: tmp (97)  [1/1] 0.00ns
:27  %tmp = trunc i10 %tmp_1_read to i6

ST_1: tmp_2 (98)  [1/1] 0.00ns
:28  %tmp_2 = trunc i10 %tmp_11_read to i6

ST_1: tmp_3 (99)  [1/1] 0.00ns
:29  %tmp_3 = trunc i10 %tmp_16_read to i6

ST_1: tmp_5 (100)  [1/1] 0.00ns
:30  %tmp_5 = trunc i10 %tmp_17_read to i6

ST_1: tmp_6 (101)  [1/1] 0.00ns
:31  %tmp_6 = trunc i10 %tmp_18_read to i6

ST_1: tmp_7 (102)  [1/1] 0.00ns
:32  %tmp_7 = trunc i10 %tmp_19_read to i6

ST_1: tmp_8 (103)  [1/1] 0.00ns
:33  %tmp_8 = trunc i10 %tmp_12_read to i6

ST_1: tmp_9 (104)  [1/1] 0.00ns
:34  %tmp_9 = trunc i10 %tmp_13_read to i6

ST_1: tmp_10 (105)  [1/1] 0.00ns
:35  %tmp_10 = trunc i10 %tmp_14_read to i6

ST_1: tmp_20 (106)  [1/1] 0.00ns
:36  %tmp_20 = trunc i10 %tmp_15_read to i6

ST_1: tmp_24 (107)  [1/1] 0.00ns
:37  %tmp_24 = trunc i10 %tmp_1_read to i9

ST_1: tmp_39 (108)  [1/1] 0.00ns
:38  %tmp_39 = trunc i10 %tmp_11_read to i9

ST_1: tmp_40 (109)  [1/1] 0.00ns
:39  %tmp_40 = trunc i10 %tmp_16_read to i9

ST_1: tmp_41 (110)  [1/1] 0.00ns
:40  %tmp_41 = trunc i10 %tmp_17_read to i9

ST_1: tmp_42 (111)  [1/1] 0.00ns
:41  %tmp_42 = trunc i10 %tmp_18_read to i9

ST_1: tmp_43 (112)  [1/1] 0.00ns
:42  %tmp_43 = trunc i10 %tmp_19_read to i9

ST_1: tmp_44 (113)  [1/1] 0.00ns
:43  %tmp_44 = trunc i10 %tmp_12_read to i9

ST_1: tmp_45 (114)  [1/1] 0.00ns
:44  %tmp_45 = trunc i10 %tmp_13_read to i9

ST_1: tmp_46 (115)  [1/1] 0.00ns
:45  %tmp_46 = trunc i10 %tmp_14_read to i9

ST_1: tmp_47 (116)  [1/1] 0.00ns
:46  %tmp_47 = trunc i10 %tmp_15_read to i9

ST_1: StgValue_54 (117)  [1/1] 0.84ns  loc: ../TrackletAlgorithm/VMRouter.cpp:27
:47  store i6 %nPH1Z1_V_read_1, i6* %nPH1Z1_V

ST_1: StgValue_55 (118)  [1/1] 0.84ns  loc: ../TrackletAlgorithm/VMRouter.cpp:27
:48  store i6 %nPH2Z1_V_read_1, i6* %nPH2Z1_V

ST_1: StgValue_56 (119)  [1/1] 0.84ns  loc: ../TrackletAlgorithm/VMRouter.cpp:28
:49  store i6 %nPH3Z1_V_read_1, i6* %nPH3Z1_V

ST_1: StgValue_57 (120)  [1/1] 0.84ns  loc: ../TrackletAlgorithm/VMRouter.cpp:28
:50  store i6 %nPH4Z1_V_read_1, i6* %nPH4Z1_V

ST_1: StgValue_58 (121)  [1/1] 0.84ns  loc: ../TrackletAlgorithm/VMRouter.cpp:29
:51  store i6 %nPH1Z2_V_read_1, i6* %nPH1Z2_V

ST_1: StgValue_59 (122)  [1/1] 0.84ns  loc: ../TrackletAlgorithm/VMRouter.cpp:29
:52  store i6 %nPH2Z2_V_read_1, i6* %nPH2Z2_V

ST_1: StgValue_60 (123)  [1/1] 0.84ns  loc: ../TrackletAlgorithm/VMRouter.cpp:30
:53  store i6 %nPH3Z2_V_read_1, i6* %nPH3Z2_V

ST_1: StgValue_61 (124)  [1/1] 0.84ns  loc: ../TrackletAlgorithm/VMRouter.cpp:30
:54  store i6 %nPH4Z2_V_read_1, i6* %nPH4Z2_V

ST_1: StgValue_62 (125)  [1/1] 0.84ns  loc: ../TrackletAlgorithm/VMRouter.cpp:34
:55  br label %1


 <State 2>: 2.93ns
ST_2: p_0 (127)  [1/1] 0.00ns
:0  %p_0 = phi i6 [ 0, %0 ], [ %index_V, %_ZrsILi12ELb0EE11ap_int_baseIXT_EXT0_EXleT_Li64EEERKS1_i.exit._crit_edge ]

ST_2: i (128)  [1/1] 0.00ns
:1  %i = phi i7 [ 0, %0 ], [ %i_1, %_ZrsILi12ELb0EE11ap_int_baseIXT_EXT0_EXleT_Li64EEERKS1_i.exit._crit_edge ]

ST_2: tmp_48 (129)  [1/1] 0.00ns  loc: ../TrackletAlgorithm/VMRouter.cpp:34
:2  %tmp_48 = call i1 @_ssdm_op_BitSelect.i1.i7.i32(i7 %i, i32 6)

ST_2: index_V (130)  [1/1] 1.36ns  loc: ../TrackletAlgorithm/VMRouter.cpp:104
:3  %index_V = add i6 %p_0, 1

ST_2: StgValue_67 (131)  [1/1] 0.00ns  loc: ../TrackletAlgorithm/VMRouter.cpp:34
:4  br i1 %tmp_48, label %.loopexit, label %2

ST_2: i_cast4 (133)  [1/1] 0.00ns  loc: ../TrackletAlgorithm/VMRouter.cpp:34
:0  %i_cast4 = zext i7 %i to i32

ST_2: empty (134)  [1/1] 0.00ns
:1  %empty = call i32 (...)* @_ssdm_op_SpecLoopTripCount(i64 1, i64 64, i64 32)

ST_2: StgValue_70 (135)  [1/1] 0.00ns  loc: ../TrackletAlgorithm/VMRouter.cpp:35
:2  call void (...)* @_ssdm_op_SpecLoopName([9 x i8]* @p_str) nounwind

ST_2: tmp_s (136)  [1/1] 0.00ns  loc: ../TrackletAlgorithm/VMRouter.cpp:35
:3  %tmp_s = call i32 (...)* @_ssdm_op_SpecRegionBegin([9 x i8]* @p_str)

ST_2: StgValue_72 (137)  [1/1] 0.00ns  loc: ../TrackletAlgorithm/VMRouter.cpp:36
:4  call void (...)* @_ssdm_op_SpecPipeline(i32 1, i32 1, i32 1, i32 0, [1 x i8]* @p_str1) nounwind

ST_2: tmp_4 (138)  [1/1] 1.69ns  loc: ../TrackletAlgorithm/VMRouter.cpp:37
:5  %tmp_4 = icmp slt i32 %i_cast4, %nStubs_read

ST_2: StgValue_74 (139)  [1/1] 0.00ns  loc: ../TrackletAlgorithm/VMRouter.cpp:37
:6  br i1 %tmp_4, label %_ZrsILi12ELb0EE11ap_int_baseIXT_EXT0_EXleT_Li64EEERKS1_i.exit, label %.loopexit

ST_2: tmp_5_cast (141)  [1/1] 0.00ns  loc: ../TrackletAlgorithm/VMRouter.cpp:34
_ZrsILi12ELb0EE11ap_int_baseIXT_EXT0_EXleT_Li64EEERKS1_i.exit:0  %tmp_5_cast = zext i7 %i to i9

ST_2: tmp_49 (142)  [1/1] 0.00ns  loc: ../TrackletAlgorithm/VMRouter.cpp:34
_ZrsILi12ELb0EE11ap_int_baseIXT_EXT0_EXleT_Li64EEERKS1_i.exit:1  %tmp_49 = trunc i7 %i to i6

ST_2: sum (143)  [1/1] 1.36ns  loc: ../TrackletAlgorithm/VMRouter.cpp:34
_ZrsILi12ELb0EE11ap_int_baseIXT_EXT0_EXleT_Li64EEERKS1_i.exit:2  %sum = add i9 %tmp_24, %tmp_5_cast

ST_2: arrayNo (144)  [1/1] 0.00ns  loc: ../TrackletAlgorithm/VMRouter.cpp:34
_ZrsILi12ELb0EE11ap_int_baseIXT_EXT0_EXleT_Li64EEERKS1_i.exit:3  %arrayNo = call i3 @_ssdm_op_PartSelect.i3.i9.i32.i32(i9 %sum, i32 6, i32 8)

ST_2: newIndex (146)  [1/1] 1.36ns  loc: ../TrackletAlgorithm/VMRouter.cpp:34
_ZrsILi12ELb0EE11ap_int_baseIXT_EXT0_EXleT_Li64EEERKS1_i.exit:5  %newIndex = add i6 %tmp, %tmp_49

ST_2: sum1 (159)  [1/1] 1.36ns  loc: ../TrackletAlgorithm/VMRouter.cpp:34
_ZrsILi12ELb0EE11ap_int_baseIXT_EXT0_EXleT_Li64EEERKS1_i.exit:18  %sum1 = add i9 %tmp_39, %tmp_5_cast

ST_2: arrayNo1_cast_cast (160)  [1/1] 0.00ns  loc: ../TrackletAlgorithm/VMRouter.cpp:34
_ZrsILi12ELb0EE11ap_int_baseIXT_EXT0_EXleT_Li64EEERKS1_i.exit:19  %arrayNo1_cast_cast = call i3 @_ssdm_op_PartSelect.i3.i9.i32.i32(i9 %sum1, i32 6, i32 8)

ST_2: newIndex2 (161)  [1/1] 1.36ns  loc: ../TrackletAlgorithm/VMRouter.cpp:34
_ZrsILi12ELb0EE11ap_int_baseIXT_EXT0_EXleT_Li64EEERKS1_i.exit:20  %newIndex2 = add i6 %tmp_2, %tmp_49

ST_2: StgValue_83 (168)  [1/1] 1.57ns  loc: ../TrackletAlgorithm/VMRouter.cpp:46
_ZrsILi12ELb0EE11ap_int_baseIXT_EXT0_EXleT_Li64EEERKS1_i.exit:27  switch i3 %arrayNo1_cast_cast, label %branch4 [
    i3 0, label %branch0
    i3 1, label %branch1
    i3 2, label %branch2
    i3 3, label %branch3
  ]

ST_2: empty_29 (475)  [1/1] 0.00ns  loc: ../TrackletAlgorithm/VMRouter.cpp:109
_ZrsILi12ELb0EE11ap_int_baseIXT_EXT0_EXleT_Li64EEERKS1_i.exit._crit_edge:0  %empty_29 = call i32 (...)* @_ssdm_op_SpecRegionEnd([9 x i8]* @p_str, i32 %tmp_s)

ST_2: i_1 (476)  [1/1] 1.36ns  loc: ../TrackletAlgorithm/VMRouter.cpp:34
_ZrsILi12ELb0EE11ap_int_baseIXT_EXT0_EXleT_Li64EEERKS1_i.exit._crit_edge:1  %i_1 = add i7 %i, 1

ST_2: StgValue_86 (477)  [1/1] 0.00ns  loc: ../TrackletAlgorithm/VMRouter.cpp:34
_ZrsILi12ELb0EE11ap_int_baseIXT_EXT0_EXleT_Li64EEERKS1_i.exit._crit_edge:2  br label %1


 <State 3>: 2.27ns
ST_3: newIndex1 (147)  [1/1] 0.00ns  loc: ../TrackletAlgorithm/VMRouter.cpp:34
_ZrsILi12ELb0EE11ap_int_baseIXT_EXT0_EXleT_Li64EEERKS1_i.exit:6  %newIndex1 = zext i6 %newIndex to i64

ST_3: stubsInLayer_0_data_1 (148)  [1/1] 0.00ns  loc: ../TrackletAlgorithm/VMRouter.cpp:34
_ZrsILi12ELb0EE11ap_int_baseIXT_EXT0_EXleT_Li64EEERKS1_i.exit:7  %stubsInLayer_0_data_1 = getelementptr [64 x i36]* %stubsInLayer_0_data, i64 0, i64 %newIndex1

ST_3: stubsInLayer_0_data_2 (149)  [2/2] 2.27ns  loc: ../TrackletAlgorithm/VMRouter.cpp:34
_ZrsILi12ELb0EE11ap_int_baseIXT_EXT0_EXleT_Li64EEERKS1_i.exit:8  %stubsInLayer_0_data_2 = load i36* %stubsInLayer_0_data_1, align 8

ST_3: stubsInLayer_1_data_1 (150)  [1/1] 0.00ns  loc: ../TrackletAlgorithm/VMRouter.cpp:34
_ZrsILi12ELb0EE11ap_int_baseIXT_EXT0_EXleT_Li64EEERKS1_i.exit:9  %stubsInLayer_1_data_1 = getelementptr [64 x i36]* %stubsInLayer_1_data, i64 0, i64 %newIndex1

ST_3: stubsInLayer_1_data_2 (151)  [2/2] 2.27ns  loc: ../TrackletAlgorithm/VMRouter.cpp:34
_ZrsILi12ELb0EE11ap_int_baseIXT_EXT0_EXleT_Li64EEERKS1_i.exit:10  %stubsInLayer_1_data_2 = load i36* %stubsInLayer_1_data_1, align 8

ST_3: stubsInLayer_2_data_1 (152)  [1/1] 0.00ns  loc: ../TrackletAlgorithm/VMRouter.cpp:34
_ZrsILi12ELb0EE11ap_int_baseIXT_EXT0_EXleT_Li64EEERKS1_i.exit:11  %stubsInLayer_2_data_1 = getelementptr [64 x i36]* %stubsInLayer_2_data, i64 0, i64 %newIndex1

ST_3: stubsInLayer_2_data_2 (153)  [2/2] 2.27ns  loc: ../TrackletAlgorithm/VMRouter.cpp:34
_ZrsILi12ELb0EE11ap_int_baseIXT_EXT0_EXleT_Li64EEERKS1_i.exit:12  %stubsInLayer_2_data_2 = load i36* %stubsInLayer_2_data_1, align 8

ST_3: stubsInLayer_3_data_1 (154)  [1/1] 0.00ns  loc: ../TrackletAlgorithm/VMRouter.cpp:34
_ZrsILi12ELb0EE11ap_int_baseIXT_EXT0_EXleT_Li64EEERKS1_i.exit:13  %stubsInLayer_3_data_1 = getelementptr [64 x i36]* %stubsInLayer_3_data, i64 0, i64 %newIndex1

ST_3: stubsInLayer_3_data_2 (155)  [2/2] 2.27ns  loc: ../TrackletAlgorithm/VMRouter.cpp:34
_ZrsILi12ELb0EE11ap_int_baseIXT_EXT0_EXleT_Li64EEERKS1_i.exit:14  %stubsInLayer_3_data_2 = load i36* %stubsInLayer_3_data_1, align 8

ST_3: stubsInLayer_4_data_1 (156)  [1/1] 0.00ns  loc: ../TrackletAlgorithm/VMRouter.cpp:34
_ZrsILi12ELb0EE11ap_int_baseIXT_EXT0_EXleT_Li64EEERKS1_i.exit:15  %stubsInLayer_4_data_1 = getelementptr [64 x i36]* %stubsInLayer_4_data, i64 0, i64 %newIndex1

ST_3: stubsInLayer_4_data_2 (157)  [2/2] 2.27ns  loc: ../TrackletAlgorithm/VMRouter.cpp:34
_ZrsILi12ELb0EE11ap_int_baseIXT_EXT0_EXleT_Li64EEERKS1_i.exit:16  %stubsInLayer_4_data_2 = load i36* %stubsInLayer_4_data_1, align 8


 <State 4>: 3.31ns
ST_4: arrayNo_cast (145)  [1/1] 0.00ns  loc: ../TrackletAlgorithm/VMRouter.cpp:34
_ZrsILi12ELb0EE11ap_int_baseIXT_EXT0_EXleT_Li64EEERKS1_i.exit:4  %arrayNo_cast = zext i3 %arrayNo to i64

ST_4: stubsInLayer_0_data_2 (149)  [1/2] 2.27ns  loc: ../TrackletAlgorithm/VMRouter.cpp:34
_ZrsILi12ELb0EE11ap_int_baseIXT_EXT0_EXleT_Li64EEERKS1_i.exit:8  %stubsInLayer_0_data_2 = load i36* %stubsInLayer_0_data_1, align 8

ST_4: stubsInLayer_1_data_2 (151)  [1/2] 2.27ns  loc: ../TrackletAlgorithm/VMRouter.cpp:34
_ZrsILi12ELb0EE11ap_int_baseIXT_EXT0_EXleT_Li64EEERKS1_i.exit:10  %stubsInLayer_1_data_2 = load i36* %stubsInLayer_1_data_1, align 8

ST_4: stubsInLayer_2_data_2 (153)  [1/2] 2.27ns  loc: ../TrackletAlgorithm/VMRouter.cpp:34
_ZrsILi12ELb0EE11ap_int_baseIXT_EXT0_EXleT_Li64EEERKS1_i.exit:12  %stubsInLayer_2_data_2 = load i36* %stubsInLayer_2_data_1, align 8

ST_4: stubsInLayer_3_data_2 (155)  [1/2] 2.27ns  loc: ../TrackletAlgorithm/VMRouter.cpp:34
_ZrsILi12ELb0EE11ap_int_baseIXT_EXT0_EXleT_Li64EEERKS1_i.exit:14  %stubsInLayer_3_data_2 = load i36* %stubsInLayer_3_data_1, align 8

ST_4: stubsInLayer_4_data_2 (157)  [1/2] 2.27ns  loc: ../TrackletAlgorithm/VMRouter.cpp:34
_ZrsILi12ELb0EE11ap_int_baseIXT_EXT0_EXleT_Li64EEERKS1_i.exit:16  %stubsInLayer_4_data_2 = load i36* %stubsInLayer_4_data_1, align 8

ST_4: HLSFullStubLayerPS_d (158)  [1/1] 1.04ns  loc: ../TrackletAlgorithm/VMRouter.cpp:34
_ZrsILi12ELb0EE11ap_int_baseIXT_EXT0_EXleT_Li64EEERKS1_i.exit:17  %HLSFullStubLayerPS_d = call i36 @_ssdm_op_Mux.ap_auto.5i36.i64(i36 %stubsInLayer_0_data_2, i36 %stubsInLayer_1_data_2, i36 %stubsInLayer_2_data_2, i36 %stubsInLayer_3_data_2, i36 %stubsInLayer_4_data_2, i64 %arrayNo_cast)

ST_4: routePhi_V (187)  [1/1] 0.00ns  loc: ../TrackletAlgorithm/VMRouter.cpp:55
_ZrsILi12ELb0EE11ap_int_baseIXT_EXT0_EXleT_Li64EEERKS1_i.exit54:2  %routePhi_V = call i2 @_ssdm_op_PartSelect.i2.i36.i32.i32(i36 %HLSFullStubLayerPS_d, i32 24, i32 25)

ST_4: routeZ_V (188)  [1/1] 0.00ns  loc: ../TrackletAlgorithm/VMRouter.cpp:56
_ZrsILi12ELb0EE11ap_int_baseIXT_EXT0_EXleT_Li64EEERKS1_i.exit54:3  %routeZ_V = call i1 @_ssdm_op_BitSelect.i1.i36.i32(i36 %HLSFullStubLayerPS_d, i32 9)

ST_4: StgValue_107 (189)  [1/1] 0.00ns  loc: ../TrackletAlgorithm/VMRouter.cpp:59
_ZrsILi12ELb0EE11ap_int_baseIXT_EXT0_EXleT_Li64EEERKS1_i.exit54:4  br i1 %routeZ_V, label %12, label %3

ST_4: nPH4Z1_V_load_2 (193)  [1/1] 0.00ns
:0  %nPH4Z1_V_load_2 = load i6* %nPH4Z1_V

ST_4: tmp_43_cast (194)  [1/1] 0.00ns
:1  %tmp_43_cast = zext i6 %nPH4Z1_V_load_2 to i9

ST_4: sum9 (195)  [1/1] 1.36ns
:2  %sum9 = add i9 %tmp_43_cast, %tmp_47

ST_4: arrayNo9_cast_cast (196)  [1/1] 0.00ns
:3  %arrayNo9_cast_cast = call i3 @_ssdm_op_PartSelect.i3.i9.i32.i32(i9 %sum9, i32 6, i32 8)

ST_4: newIndex18 (197)  [1/1] 1.36ns
:4  %newIndex18 = add i6 %tmp_20, %nPH4Z1_V_load_2

ST_4: StgValue_113 (206)  [1/1] 1.57ns  loc: ../TrackletAlgorithm/VMRouter.cpp:77
:13  switch i3 %arrayNo9_cast_cast, label %branch24 [
    i3 0, label %branch20
    i3 1, label %branch21
    i3 2, label %branch22
    i3 3, label %branch23
  ]

ST_4: nPH4Z1_V_load (223)  [1/1] 0.00ns  loc: ../TrackletAlgorithm/VMRouter.cpp:78
:0  %nPH4Z1_V_load = load i6* %nPH4Z1_V

ST_4: tmp_35 (224)  [1/1] 1.36ns  loc: ../TrackletAlgorithm/VMRouter.cpp:78
:1  %tmp_35 = add i6 %nPH4Z1_V_load, 1

ST_4: StgValue_116 (225)  [1/1] 0.84ns  loc: ../TrackletAlgorithm/VMRouter.cpp:78
:2  store i6 %tmp_35, i6* %nPH4Z1_V

ST_4: StgValue_117 (226)  [1/1] 0.00ns  loc: ../TrackletAlgorithm/VMRouter.cpp:79
:3  br label %_ZrsILi12ELb0EE11ap_int_baseIXT_EXT0_EXleT_Li64EEERKS1_i.exit._crit_edge

ST_4: nPH3Z1_V_load_2 (228)  [1/1] 0.00ns
:0  %nPH3Z1_V_load_2 = load i6* %nPH3Z1_V

ST_4: tmp_41_cast (229)  [1/1] 0.00ns
:1  %tmp_41_cast = zext i6 %nPH3Z1_V_load_2 to i9

ST_4: sum8 (230)  [1/1] 1.36ns
:2  %sum8 = add i9 %tmp_41_cast, %tmp_46

ST_4: arrayNo8_cast_cast (231)  [1/1] 0.00ns
:3  %arrayNo8_cast_cast = call i3 @_ssdm_op_PartSelect.i3.i9.i32.i32(i9 %sum8, i32 6, i32 8)

ST_4: newIndex16 (232)  [1/1] 1.36ns
:4  %newIndex16 = add i6 %tmp_10, %nPH3Z1_V_load_2

ST_4: StgValue_123 (241)  [1/1] 1.57ns  loc: ../TrackletAlgorithm/VMRouter.cpp:73
:13  switch i3 %arrayNo8_cast_cast, label %branch19 [
    i3 0, label %branch15
    i3 1, label %branch16
    i3 2, label %branch17
    i3 3, label %branch18
  ]

ST_4: nPH3Z1_V_load (258)  [1/1] 0.00ns  loc: ../TrackletAlgorithm/VMRouter.cpp:74
:0  %nPH3Z1_V_load = load i6* %nPH3Z1_V

ST_4: tmp_34 (259)  [1/1] 1.36ns  loc: ../TrackletAlgorithm/VMRouter.cpp:74
:1  %tmp_34 = add i6 %nPH3Z1_V_load, 1

ST_4: StgValue_126 (260)  [1/1] 0.84ns  loc: ../TrackletAlgorithm/VMRouter.cpp:74
:2  store i6 %tmp_34, i6* %nPH3Z1_V

ST_4: StgValue_127 (261)  [1/1] 0.00ns  loc: ../TrackletAlgorithm/VMRouter.cpp:75
:3  br label %_ZrsILi12ELb0EE11ap_int_baseIXT_EXT0_EXleT_Li64EEERKS1_i.exit._crit_edge

ST_4: nPH2Z1_V_load_2 (263)  [1/1] 0.00ns
:0  %nPH2Z1_V_load_2 = load i6* %nPH2Z1_V

ST_4: tmp_24_cast (264)  [1/1] 0.00ns
:1  %tmp_24_cast = zext i6 %nPH2Z1_V_load_2 to i9

ST_4: sum7 (265)  [1/1] 1.36ns
:2  %sum7 = add i9 %tmp_24_cast, %tmp_45

ST_4: arrayNo7_cast_cast (266)  [1/1] 0.00ns
:3  %arrayNo7_cast_cast = call i3 @_ssdm_op_PartSelect.i3.i9.i32.i32(i9 %sum7, i32 6, i32 8)

ST_4: newIndex14 (267)  [1/1] 1.36ns
:4  %newIndex14 = add i6 %tmp_9, %nPH2Z1_V_load_2

ST_4: StgValue_133 (276)  [1/1] 1.57ns  loc: ../TrackletAlgorithm/VMRouter.cpp:69
:13  switch i3 %arrayNo7_cast_cast, label %branch14 [
    i3 0, label %branch10
    i3 1, label %branch11
    i3 2, label %branch12
    i3 3, label %branch13
  ]

ST_4: nPH2Z1_V_load (293)  [1/1] 0.00ns  loc: ../TrackletAlgorithm/VMRouter.cpp:70
:0  %nPH2Z1_V_load = load i6* %nPH2Z1_V

ST_4: tmp_33 (294)  [1/1] 1.36ns  loc: ../TrackletAlgorithm/VMRouter.cpp:70
:1  %tmp_33 = add i6 %nPH2Z1_V_load, 1

ST_4: StgValue_136 (295)  [1/1] 0.84ns  loc: ../TrackletAlgorithm/VMRouter.cpp:70
:2  store i6 %tmp_33, i6* %nPH2Z1_V

ST_4: StgValue_137 (296)  [1/1] 0.00ns  loc: ../TrackletAlgorithm/VMRouter.cpp:71
:3  br label %_ZrsILi12ELb0EE11ap_int_baseIXT_EXT0_EXleT_Li64EEERKS1_i.exit._crit_edge

ST_4: nPH1Z1_V_load_2 (298)  [1/1] 0.00ns
:0  %nPH1Z1_V_load_2 = load i6* %nPH1Z1_V

ST_4: tmp_10_cast (299)  [1/1] 0.00ns
:1  %tmp_10_cast = zext i6 %nPH1Z1_V_load_2 to i9

ST_4: sum6 (300)  [1/1] 1.36ns
:2  %sum6 = add i9 %tmp_10_cast, %tmp_44

ST_4: arrayNo6_cast_cast (301)  [1/1] 0.00ns
:3  %arrayNo6_cast_cast = call i3 @_ssdm_op_PartSelect.i3.i9.i32.i32(i9 %sum6, i32 6, i32 8)

ST_4: newIndex12 (302)  [1/1] 1.36ns
:4  %newIndex12 = add i6 %tmp_8, %nPH1Z1_V_load_2

ST_4: StgValue_143 (311)  [1/1] 1.57ns  loc: ../TrackletAlgorithm/VMRouter.cpp:65
:13  switch i3 %arrayNo6_cast_cast, label %branch9 [
    i3 0, label %branch5
    i3 1, label %branch6
    i3 2, label %branch7
    i3 3, label %branch8
  ]

ST_4: nPH1Z1_V_load (328)  [1/1] 0.00ns  loc: ../TrackletAlgorithm/VMRouter.cpp:66
:0  %nPH1Z1_V_load = load i6* %nPH1Z1_V

ST_4: tmp_32 (329)  [1/1] 1.36ns  loc: ../TrackletAlgorithm/VMRouter.cpp:66
:1  %tmp_32 = add i6 %nPH1Z1_V_load, 1

ST_4: StgValue_146 (330)  [1/1] 0.84ns  loc: ../TrackletAlgorithm/VMRouter.cpp:66
:2  store i6 %tmp_32, i6* %nPH1Z1_V

ST_4: StgValue_147 (331)  [1/1] 0.00ns  loc: ../TrackletAlgorithm/VMRouter.cpp:67
:3  br label %_ZrsILi12ELb0EE11ap_int_baseIXT_EXT0_EXleT_Li64EEERKS1_i.exit._crit_edge

ST_4: nPH4Z2_V_load_2 (335)  [1/1] 0.00ns
:0  %nPH4Z2_V_load_2 = load i6* %nPH4Z2_V

ST_4: tmp_22_cast (336)  [1/1] 0.00ns
:1  %tmp_22_cast = zext i6 %nPH4Z2_V_load_2 to i9

ST_4: sum5 (337)  [1/1] 1.36ns
:2  %sum5 = add i9 %tmp_22_cast, %tmp_43

ST_4: arrayNo5_cast_cast (338)  [1/1] 0.00ns
:3  %arrayNo5_cast_cast = call i3 @_ssdm_op_PartSelect.i3.i9.i32.i32(i9 %sum5, i32 6, i32 8)

ST_4: newIndex10 (339)  [1/1] 1.36ns
:4  %newIndex10 = add i6 %tmp_7, %nPH4Z2_V_load_2

ST_4: StgValue_153 (348)  [1/1] 1.57ns  loc: ../TrackletAlgorithm/VMRouter.cpp:98
:13  switch i3 %arrayNo5_cast_cast, label %branch44 [
    i3 0, label %branch40
    i3 1, label %branch41
    i3 2, label %branch42
    i3 3, label %branch43
  ]

ST_4: nPH4Z2_V_load (365)  [1/1] 0.00ns  loc: ../TrackletAlgorithm/VMRouter.cpp:99
:0  %nPH4Z2_V_load = load i6* %nPH4Z2_V

ST_4: tmp_25 (366)  [1/1] 1.36ns  loc: ../TrackletAlgorithm/VMRouter.cpp:99
:1  %tmp_25 = add i6 %nPH4Z2_V_load, 1

ST_4: StgValue_156 (367)  [1/1] 0.84ns  loc: ../TrackletAlgorithm/VMRouter.cpp:99
:2  store i6 %tmp_25, i6* %nPH4Z2_V

ST_4: StgValue_157 (368)  [1/1] 0.00ns  loc: ../TrackletAlgorithm/VMRouter.cpp:100
:3  br label %_ZrsILi12ELb0EE11ap_int_baseIXT_EXT0_EXleT_Li64EEERKS1_i.exit._crit_edge

ST_4: nPH3Z2_V_load_2 (370)  [1/1] 0.00ns
:0  %nPH3Z2_V_load_2 = load i6* %nPH3Z2_V

ST_4: tmp_20_cast (371)  [1/1] 0.00ns
:1  %tmp_20_cast = zext i6 %nPH3Z2_V_load_2 to i9

ST_4: sum4 (372)  [1/1] 1.36ns
:2  %sum4 = add i9 %tmp_20_cast, %tmp_42

ST_4: arrayNo4_cast_cast (373)  [1/1] 0.00ns
:3  %arrayNo4_cast_cast = call i3 @_ssdm_op_PartSelect.i3.i9.i32.i32(i9 %sum4, i32 6, i32 8)

ST_4: newIndex8 (374)  [1/1] 1.36ns
:4  %newIndex8 = add i6 %tmp_6, %nPH3Z2_V_load_2

ST_4: StgValue_163 (383)  [1/1] 1.57ns  loc: ../TrackletAlgorithm/VMRouter.cpp:94
:13  switch i3 %arrayNo4_cast_cast, label %branch39 [
    i3 0, label %branch35
    i3 1, label %branch36
    i3 2, label %branch37
    i3 3, label %branch38
  ]

ST_4: nPH3Z2_V_load (400)  [1/1] 0.00ns  loc: ../TrackletAlgorithm/VMRouter.cpp:95
:0  %nPH3Z2_V_load = load i6* %nPH3Z2_V

ST_4: tmp_23 (401)  [1/1] 1.36ns  loc: ../TrackletAlgorithm/VMRouter.cpp:95
:1  %tmp_23 = add i6 %nPH3Z2_V_load, 1

ST_4: StgValue_166 (402)  [1/1] 0.84ns  loc: ../TrackletAlgorithm/VMRouter.cpp:95
:2  store i6 %tmp_23, i6* %nPH3Z2_V

ST_4: StgValue_167 (403)  [1/1] 0.00ns  loc: ../TrackletAlgorithm/VMRouter.cpp:96
:3  br label %_ZrsILi12ELb0EE11ap_int_baseIXT_EXT0_EXleT_Li64EEERKS1_i.exit._crit_edge

ST_4: nPH2Z2_V_load_2 (405)  [1/1] 0.00ns
:0  %nPH2Z2_V_load_2 = load i6* %nPH2Z2_V

ST_4: tmp_3_cast (406)  [1/1] 0.00ns
:1  %tmp_3_cast = zext i6 %nPH2Z2_V_load_2 to i9

ST_4: sum3 (407)  [1/1] 1.36ns
:2  %sum3 = add i9 %tmp_3_cast, %tmp_41

ST_4: arrayNo3_cast_cast (408)  [1/1] 0.00ns
:3  %arrayNo3_cast_cast = call i3 @_ssdm_op_PartSelect.i3.i9.i32.i32(i9 %sum3, i32 6, i32 8)

ST_4: newIndex6 (409)  [1/1] 1.36ns
:4  %newIndex6 = add i6 %tmp_5, %nPH2Z2_V_load_2

ST_4: StgValue_173 (418)  [1/1] 1.57ns  loc: ../TrackletAlgorithm/VMRouter.cpp:90
:13  switch i3 %arrayNo3_cast_cast, label %branch34 [
    i3 0, label %branch30
    i3 1, label %branch31
    i3 2, label %branch32
    i3 3, label %branch33
  ]

ST_4: nPH2Z2_V_load (435)  [1/1] 0.00ns  loc: ../TrackletAlgorithm/VMRouter.cpp:91
:0  %nPH2Z2_V_load = load i6* %nPH2Z2_V

ST_4: tmp_21 (436)  [1/1] 1.36ns  loc: ../TrackletAlgorithm/VMRouter.cpp:91
:1  %tmp_21 = add i6 %nPH2Z2_V_load, 1

ST_4: StgValue_176 (437)  [1/1] 0.84ns  loc: ../TrackletAlgorithm/VMRouter.cpp:91
:2  store i6 %tmp_21, i6* %nPH2Z2_V

ST_4: StgValue_177 (438)  [1/1] 0.00ns  loc: ../TrackletAlgorithm/VMRouter.cpp:92
:3  br label %_ZrsILi12ELb0EE11ap_int_baseIXT_EXT0_EXleT_Li64EEERKS1_i.exit._crit_edge

ST_4: nPH1Z2_V_load_2 (440)  [1/1] 0.00ns
:0  %nPH1Z2_V_load_2 = load i6* %nPH1Z2_V

ST_4: tmp_2_cast (441)  [1/1] 0.00ns
:1  %tmp_2_cast = zext i6 %nPH1Z2_V_load_2 to i9

ST_4: sum2 (442)  [1/1] 1.36ns
:2  %sum2 = add i9 %tmp_2_cast, %tmp_40

ST_4: arrayNo2_cast_cast (443)  [1/1] 0.00ns
:3  %arrayNo2_cast_cast = call i3 @_ssdm_op_PartSelect.i3.i9.i32.i32(i9 %sum2, i32 6, i32 8)

ST_4: newIndex4 (444)  [1/1] 1.36ns
:4  %newIndex4 = add i6 %tmp_3, %nPH1Z2_V_load_2

ST_4: StgValue_183 (453)  [1/1] 1.57ns  loc: ../TrackletAlgorithm/VMRouter.cpp:86
:13  switch i3 %arrayNo2_cast_cast, label %branch29 [
    i3 0, label %branch25
    i3 1, label %branch26
    i3 2, label %branch27
    i3 3, label %branch28
  ]

ST_4: nPH1Z2_V_load (470)  [1/1] 0.00ns  loc: ../TrackletAlgorithm/VMRouter.cpp:87
:0  %nPH1Z2_V_load = load i6* %nPH1Z2_V

ST_4: tmp_31 (471)  [1/1] 1.36ns  loc: ../TrackletAlgorithm/VMRouter.cpp:87
:1  %tmp_31 = add i6 %nPH1Z2_V_load, 1

ST_4: StgValue_186 (472)  [1/1] 0.84ns  loc: ../TrackletAlgorithm/VMRouter.cpp:87
:2  store i6 %tmp_31, i6* %nPH1Z2_V

ST_4: StgValue_187 (473)  [1/1] 0.00ns  loc: ../TrackletAlgorithm/VMRouter.cpp:88
:3  br label %_ZrsILi12ELb0EE11ap_int_baseIXT_EXT0_EXleT_Li64EEERKS1_i.exit._crit_edge


 <State 5>: 2.27ns
ST_5: newIndex3 (162)  [1/1] 0.00ns  loc: ../TrackletAlgorithm/VMRouter.cpp:34
_ZrsILi12ELb0EE11ap_int_baseIXT_EXT0_EXleT_Li64EEERKS1_i.exit:21  %newIndex3 = zext i6 %newIndex2 to i64

ST_5: allStubs_0_data_V_s (163)  [1/1] 0.00ns  loc: ../TrackletAlgorithm/VMRouter.cpp:46
_ZrsILi12ELb0EE11ap_int_baseIXT_EXT0_EXleT_Li64EEERKS1_i.exit:22  %allStubs_0_data_V_s = getelementptr [64 x i36]* %allStubs_0_data_V, i64 0, i64 %newIndex3

ST_5: allStubs_1_data_V_s (164)  [1/1] 0.00ns  loc: ../TrackletAlgorithm/VMRouter.cpp:46
_ZrsILi12ELb0EE11ap_int_baseIXT_EXT0_EXleT_Li64EEERKS1_i.exit:23  %allStubs_1_data_V_s = getelementptr [64 x i36]* %allStubs_1_data_V, i64 0, i64 %newIndex3

ST_5: allStubs_2_data_V_s (165)  [1/1] 0.00ns  loc: ../TrackletAlgorithm/VMRouter.cpp:46
_ZrsILi12ELb0EE11ap_int_baseIXT_EXT0_EXleT_Li64EEERKS1_i.exit:24  %allStubs_2_data_V_s = getelementptr [64 x i36]* %allStubs_2_data_V, i64 0, i64 %newIndex3

ST_5: allStubs_3_data_V_s (166)  [1/1] 0.00ns  loc: ../TrackletAlgorithm/VMRouter.cpp:46
_ZrsILi12ELb0EE11ap_int_baseIXT_EXT0_EXleT_Li64EEERKS1_i.exit:25  %allStubs_3_data_V_s = getelementptr [64 x i36]* %allStubs_3_data_V, i64 0, i64 %newIndex3

ST_5: allStubs_4_data_V_s (167)  [1/1] 0.00ns  loc: ../TrackletAlgorithm/VMRouter.cpp:46
_ZrsILi12ELb0EE11ap_int_baseIXT_EXT0_EXleT_Li64EEERKS1_i.exit:26  %allStubs_4_data_V_s = getelementptr [64 x i36]* %allStubs_4_data_V, i64 0, i64 %newIndex3

ST_5: StgValue_194 (170)  [1/1] 2.27ns  loc: ../TrackletAlgorithm/VMRouter.cpp:46
branch3:0  store i36 %HLSFullStubLayerPS_d, i36* %allStubs_3_data_V_s, align 8

ST_5: StgValue_195 (171)  [1/1] 0.00ns  loc: ../TrackletAlgorithm/VMRouter.cpp:46
branch3:1  br label %_ZrsILi12ELb0EE11ap_int_baseIXT_EXT0_EXleT_Li64EEERKS1_i.exit54

ST_5: StgValue_196 (173)  [1/1] 2.27ns  loc: ../TrackletAlgorithm/VMRouter.cpp:46
branch2:0  store i36 %HLSFullStubLayerPS_d, i36* %allStubs_2_data_V_s, align 8

ST_5: StgValue_197 (174)  [1/1] 0.00ns  loc: ../TrackletAlgorithm/VMRouter.cpp:46
branch2:1  br label %_ZrsILi12ELb0EE11ap_int_baseIXT_EXT0_EXleT_Li64EEERKS1_i.exit54

ST_5: StgValue_198 (176)  [1/1] 2.27ns  loc: ../TrackletAlgorithm/VMRouter.cpp:46
branch1:0  store i36 %HLSFullStubLayerPS_d, i36* %allStubs_1_data_V_s, align 8

ST_5: StgValue_199 (177)  [1/1] 0.00ns  loc: ../TrackletAlgorithm/VMRouter.cpp:46
branch1:1  br label %_ZrsILi12ELb0EE11ap_int_baseIXT_EXT0_EXleT_Li64EEERKS1_i.exit54

ST_5: StgValue_200 (179)  [1/1] 2.27ns  loc: ../TrackletAlgorithm/VMRouter.cpp:46
branch0:0  store i36 %HLSFullStubLayerPS_d, i36* %allStubs_0_data_V_s, align 8

ST_5: StgValue_201 (180)  [1/1] 0.00ns  loc: ../TrackletAlgorithm/VMRouter.cpp:46
branch0:1  br label %_ZrsILi12ELb0EE11ap_int_baseIXT_EXT0_EXleT_Li64EEERKS1_i.exit54

ST_5: StgValue_202 (182)  [1/1] 2.27ns  loc: ../TrackletAlgorithm/VMRouter.cpp:46
branch4:0  store i36 %HLSFullStubLayerPS_d, i36* %allStubs_4_data_V_s, align 8

ST_5: StgValue_203 (183)  [1/1] 0.00ns  loc: ../TrackletAlgorithm/VMRouter.cpp:46
branch4:1  br label %_ZrsILi12ELb0EE11ap_int_baseIXT_EXT0_EXleT_Li64EEERKS1_i.exit54

ST_5: redZ_V (185)  [1/1] 0.00ns  loc: ../TrackletAlgorithm/VMRouter.cpp:49
_ZrsILi12ELb0EE11ap_int_baseIXT_EXT0_EXleT_Li64EEERKS1_i.exit54:0  %redZ_V = call i4 @_ssdm_op_PartSelect.i4.i36.i32.i32(i36 %HLSFullStubLayerPS_d, i32 5, i32 8)

ST_5: redPhi_V (186)  [1/1] 0.00ns  loc: ../TrackletAlgorithm/VMRouter.cpp:50
_ZrsILi12ELb0EE11ap_int_baseIXT_EXT0_EXleT_Li64EEERKS1_i.exit54:1  %redPhi_V = call i3 @_ssdm_op_PartSelect.i3.i36.i32.i32(i36 %HLSFullStubLayerPS_d, i32 21, i32 23)

ST_5: StgValue_206 (191)  [1/1] 1.57ns  loc: ../TrackletAlgorithm/VMRouter.cpp:62
:0  switch i2 %routePhi_V, label %_ZrsILi12ELb0EE11ap_int_baseIXT_EXT0_EXleT_Li64EEERKS1_i.exit._crit_edge [
    i2 0, label %4
    i2 1, label %6
    i2 -2, label %8
    i2 -1, label %10
  ]

ST_5: newIndex19 (198)  [1/1] 0.00ns
:5  %newIndex19 = zext i6 %newIndex18 to i64

ST_5: vmStubsPH4Z1_0_data_1 (199)  [1/1] 0.00ns  loc: ../TrackletAlgorithm/VMRouter.cpp:77
:6  %vmStubsPH4Z1_0_data_1 = getelementptr [64 x i18]* %vmStubsPH4Z1_0_data, i64 0, i64 %newIndex19

ST_5: vmStubsPH4Z1_1_data_1 (200)  [1/1] 0.00ns  loc: ../TrackletAlgorithm/VMRouter.cpp:77
:7  %vmStubsPH4Z1_1_data_1 = getelementptr [64 x i18]* %vmStubsPH4Z1_1_data, i64 0, i64 %newIndex19

ST_5: vmStubsPH4Z1_2_data_1 (201)  [1/1] 0.00ns  loc: ../TrackletAlgorithm/VMRouter.cpp:77
:8  %vmStubsPH4Z1_2_data_1 = getelementptr [64 x i18]* %vmStubsPH4Z1_2_data, i64 0, i64 %newIndex19

ST_5: vmStubsPH4Z1_3_data_1 (202)  [1/1] 0.00ns  loc: ../TrackletAlgorithm/VMRouter.cpp:77
:9  %vmStubsPH4Z1_3_data_1 = getelementptr [64 x i18]* %vmStubsPH4Z1_3_data, i64 0, i64 %newIndex19

ST_5: vmStubsPH4Z1_4_data_1 (203)  [1/1] 0.00ns  loc: ../TrackletAlgorithm/VMRouter.cpp:77
:10  %vmStubsPH4Z1_4_data_1 = getelementptr [64 x i18]* %vmStubsPH4Z1_4_data, i64 0, i64 %newIndex19

ST_5: tmp_37 (204)  [1/1] 0.00ns  loc: ../TrackletAlgorithm/HLSReducedStubLayer.hh:43->../TrackletAlgorithm/VMRouter.cpp:77
:11  %tmp_37 = call i5 @_ssdm_op_PartSelect.i5.i36.i32.i32(i36 %HLSFullStubLayerPS_d, i32 31, i32 35)

ST_5: HLSReducedStubLayer_3 (205)  [1/1] 0.00ns  loc: ../TrackletAlgorithm/HLSReducedStubLayer.hh:43->../TrackletAlgorithm/VMRouter.cpp:77
:12  %HLSReducedStubLayer_3 = call i18 @_ssdm_op_BitConcatenate.i18.i6.i5.i3.i4(i6 %p_0, i5 %tmp_37, i3 %redPhi_V, i4 %redZ_V)

ST_5: StgValue_215 (208)  [1/1] 2.27ns  loc: ../TrackletAlgorithm/VMRouter.cpp:77
branch23:0  store i18 %HLSReducedStubLayer_3, i18* %vmStubsPH4Z1_3_data_1, align 4

ST_5: StgValue_216 (209)  [1/1] 0.00ns  loc: ../TrackletAlgorithm/VMRouter.cpp:77
branch23:1  br label %11

ST_5: StgValue_217 (211)  [1/1] 2.27ns  loc: ../TrackletAlgorithm/VMRouter.cpp:77
branch22:0  store i18 %HLSReducedStubLayer_3, i18* %vmStubsPH4Z1_2_data_1, align 4

ST_5: StgValue_218 (212)  [1/1] 0.00ns  loc: ../TrackletAlgorithm/VMRouter.cpp:77
branch22:1  br label %11

ST_5: StgValue_219 (214)  [1/1] 2.27ns  loc: ../TrackletAlgorithm/VMRouter.cpp:77
branch21:0  store i18 %HLSReducedStubLayer_3, i18* %vmStubsPH4Z1_1_data_1, align 4

ST_5: StgValue_220 (215)  [1/1] 0.00ns  loc: ../TrackletAlgorithm/VMRouter.cpp:77
branch21:1  br label %11

ST_5: StgValue_221 (217)  [1/1] 2.27ns  loc: ../TrackletAlgorithm/VMRouter.cpp:77
branch20:0  store i18 %HLSReducedStubLayer_3, i18* %vmStubsPH4Z1_0_data_1, align 4

ST_5: StgValue_222 (218)  [1/1] 0.00ns  loc: ../TrackletAlgorithm/VMRouter.cpp:77
branch20:1  br label %11

ST_5: StgValue_223 (220)  [1/1] 2.27ns  loc: ../TrackletAlgorithm/VMRouter.cpp:77
branch24:0  store i18 %HLSReducedStubLayer_3, i18* %vmStubsPH4Z1_4_data_1, align 4

ST_5: StgValue_224 (221)  [1/1] 0.00ns  loc: ../TrackletAlgorithm/VMRouter.cpp:77
branch24:1  br label %11

ST_5: newIndex17 (233)  [1/1] 0.00ns
:5  %newIndex17 = zext i6 %newIndex16 to i64

ST_5: vmStubsPH3Z1_0_data_1 (234)  [1/1] 0.00ns  loc: ../TrackletAlgorithm/VMRouter.cpp:73
:6  %vmStubsPH3Z1_0_data_1 = getelementptr [64 x i18]* %vmStubsPH3Z1_0_data, i64 0, i64 %newIndex17

ST_5: vmStubsPH3Z1_1_data_1 (235)  [1/1] 0.00ns  loc: ../TrackletAlgorithm/VMRouter.cpp:73
:7  %vmStubsPH3Z1_1_data_1 = getelementptr [64 x i18]* %vmStubsPH3Z1_1_data, i64 0, i64 %newIndex17

ST_5: vmStubsPH3Z1_2_data_1 (236)  [1/1] 0.00ns  loc: ../TrackletAlgorithm/VMRouter.cpp:73
:8  %vmStubsPH3Z1_2_data_1 = getelementptr [64 x i18]* %vmStubsPH3Z1_2_data, i64 0, i64 %newIndex17

ST_5: vmStubsPH3Z1_3_data_1 (237)  [1/1] 0.00ns  loc: ../TrackletAlgorithm/VMRouter.cpp:73
:9  %vmStubsPH3Z1_3_data_1 = getelementptr [64 x i18]* %vmStubsPH3Z1_3_data, i64 0, i64 %newIndex17

ST_5: vmStubsPH3Z1_4_data_1 (238)  [1/1] 0.00ns  loc: ../TrackletAlgorithm/VMRouter.cpp:73
:10  %vmStubsPH3Z1_4_data_1 = getelementptr [64 x i18]* %vmStubsPH3Z1_4_data, i64 0, i64 %newIndex17

ST_5: tmp_36 (239)  [1/1] 0.00ns  loc: ../TrackletAlgorithm/HLSReducedStubLayer.hh:43->../TrackletAlgorithm/VMRouter.cpp:73
:11  %tmp_36 = call i5 @_ssdm_op_PartSelect.i5.i36.i32.i32(i36 %HLSFullStubLayerPS_d, i32 31, i32 35)

ST_5: HLSReducedStubLayer_2 (240)  [1/1] 0.00ns  loc: ../TrackletAlgorithm/HLSReducedStubLayer.hh:43->../TrackletAlgorithm/VMRouter.cpp:73
:12  %HLSReducedStubLayer_2 = call i18 @_ssdm_op_BitConcatenate.i18.i6.i5.i3.i4(i6 %p_0, i5 %tmp_36, i3 %redPhi_V, i4 %redZ_V)

ST_5: StgValue_233 (243)  [1/1] 2.27ns  loc: ../TrackletAlgorithm/VMRouter.cpp:73
branch18:0  store i18 %HLSReducedStubLayer_2, i18* %vmStubsPH3Z1_3_data_1, align 4

ST_5: StgValue_234 (244)  [1/1] 0.00ns  loc: ../TrackletAlgorithm/VMRouter.cpp:73
branch18:1  br label %9

ST_5: StgValue_235 (246)  [1/1] 2.27ns  loc: ../TrackletAlgorithm/VMRouter.cpp:73
branch17:0  store i18 %HLSReducedStubLayer_2, i18* %vmStubsPH3Z1_2_data_1, align 4

ST_5: StgValue_236 (247)  [1/1] 0.00ns  loc: ../TrackletAlgorithm/VMRouter.cpp:73
branch17:1  br label %9

ST_5: StgValue_237 (249)  [1/1] 2.27ns  loc: ../TrackletAlgorithm/VMRouter.cpp:73
branch16:0  store i18 %HLSReducedStubLayer_2, i18* %vmStubsPH3Z1_1_data_1, align 4

ST_5: StgValue_238 (250)  [1/1] 0.00ns  loc: ../TrackletAlgorithm/VMRouter.cpp:73
branch16:1  br label %9

ST_5: StgValue_239 (252)  [1/1] 2.27ns  loc: ../TrackletAlgorithm/VMRouter.cpp:73
branch15:0  store i18 %HLSReducedStubLayer_2, i18* %vmStubsPH3Z1_0_data_1, align 4

ST_5: StgValue_240 (253)  [1/1] 0.00ns  loc: ../TrackletAlgorithm/VMRouter.cpp:73
branch15:1  br label %9

ST_5: StgValue_241 (255)  [1/1] 2.27ns  loc: ../TrackletAlgorithm/VMRouter.cpp:73
branch19:0  store i18 %HLSReducedStubLayer_2, i18* %vmStubsPH3Z1_4_data_1, align 4

ST_5: StgValue_242 (256)  [1/1] 0.00ns  loc: ../TrackletAlgorithm/VMRouter.cpp:73
branch19:1  br label %9

ST_5: newIndex15 (268)  [1/1] 0.00ns
:5  %newIndex15 = zext i6 %newIndex14 to i64

ST_5: vmStubsPH2Z1_0_data_1 (269)  [1/1] 0.00ns  loc: ../TrackletAlgorithm/VMRouter.cpp:69
:6  %vmStubsPH2Z1_0_data_1 = getelementptr [64 x i18]* %vmStubsPH2Z1_0_data, i64 0, i64 %newIndex15

ST_5: vmStubsPH2Z1_1_data_1 (270)  [1/1] 0.00ns  loc: ../TrackletAlgorithm/VMRouter.cpp:69
:7  %vmStubsPH2Z1_1_data_1 = getelementptr [64 x i18]* %vmStubsPH2Z1_1_data, i64 0, i64 %newIndex15

ST_5: vmStubsPH2Z1_2_data_1 (271)  [1/1] 0.00ns  loc: ../TrackletAlgorithm/VMRouter.cpp:69
:8  %vmStubsPH2Z1_2_data_1 = getelementptr [64 x i18]* %vmStubsPH2Z1_2_data, i64 0, i64 %newIndex15

ST_5: vmStubsPH2Z1_3_data_1 (272)  [1/1] 0.00ns  loc: ../TrackletAlgorithm/VMRouter.cpp:69
:9  %vmStubsPH2Z1_3_data_1 = getelementptr [64 x i18]* %vmStubsPH2Z1_3_data, i64 0, i64 %newIndex15

ST_5: vmStubsPH2Z1_4_data_1 (273)  [1/1] 0.00ns  loc: ../TrackletAlgorithm/VMRouter.cpp:69
:10  %vmStubsPH2Z1_4_data_1 = getelementptr [64 x i18]* %vmStubsPH2Z1_4_data, i64 0, i64 %newIndex15

ST_5: tmp_30 (274)  [1/1] 0.00ns  loc: ../TrackletAlgorithm/HLSReducedStubLayer.hh:43->../TrackletAlgorithm/VMRouter.cpp:69
:11  %tmp_30 = call i5 @_ssdm_op_PartSelect.i5.i36.i32.i32(i36 %HLSFullStubLayerPS_d, i32 31, i32 35)

ST_5: HLSReducedStubLayer_1 (275)  [1/1] 0.00ns  loc: ../TrackletAlgorithm/HLSReducedStubLayer.hh:43->../TrackletAlgorithm/VMRouter.cpp:69
:12  %HLSReducedStubLayer_1 = call i18 @_ssdm_op_BitConcatenate.i18.i6.i5.i3.i4(i6 %p_0, i5 %tmp_30, i3 %redPhi_V, i4 %redZ_V)

ST_5: StgValue_251 (278)  [1/1] 2.27ns  loc: ../TrackletAlgorithm/VMRouter.cpp:69
branch13:0  store i18 %HLSReducedStubLayer_1, i18* %vmStubsPH2Z1_3_data_1, align 4

ST_5: StgValue_252 (279)  [1/1] 0.00ns  loc: ../TrackletAlgorithm/VMRouter.cpp:69
branch13:1  br label %7

ST_5: StgValue_253 (281)  [1/1] 2.27ns  loc: ../TrackletAlgorithm/VMRouter.cpp:69
branch12:0  store i18 %HLSReducedStubLayer_1, i18* %vmStubsPH2Z1_2_data_1, align 4

ST_5: StgValue_254 (282)  [1/1] 0.00ns  loc: ../TrackletAlgorithm/VMRouter.cpp:69
branch12:1  br label %7

ST_5: StgValue_255 (284)  [1/1] 2.27ns  loc: ../TrackletAlgorithm/VMRouter.cpp:69
branch11:0  store i18 %HLSReducedStubLayer_1, i18* %vmStubsPH2Z1_1_data_1, align 4

ST_5: StgValue_256 (285)  [1/1] 0.00ns  loc: ../TrackletAlgorithm/VMRouter.cpp:69
branch11:1  br label %7

ST_5: StgValue_257 (287)  [1/1] 2.27ns  loc: ../TrackletAlgorithm/VMRouter.cpp:69
branch10:0  store i18 %HLSReducedStubLayer_1, i18* %vmStubsPH2Z1_0_data_1, align 4

ST_5: StgValue_258 (288)  [1/1] 0.00ns  loc: ../TrackletAlgorithm/VMRouter.cpp:69
branch10:1  br label %7

ST_5: StgValue_259 (290)  [1/1] 2.27ns  loc: ../TrackletAlgorithm/VMRouter.cpp:69
branch14:0  store i18 %HLSReducedStubLayer_1, i18* %vmStubsPH2Z1_4_data_1, align 4

ST_5: StgValue_260 (291)  [1/1] 0.00ns  loc: ../TrackletAlgorithm/VMRouter.cpp:69
branch14:1  br label %7

ST_5: newIndex13 (303)  [1/1] 0.00ns
:5  %newIndex13 = zext i6 %newIndex12 to i64

ST_5: vmStubsPH1Z1_0_data_1 (304)  [1/1] 0.00ns  loc: ../TrackletAlgorithm/VMRouter.cpp:65
:6  %vmStubsPH1Z1_0_data_1 = getelementptr [64 x i18]* %vmStubsPH1Z1_0_data, i64 0, i64 %newIndex13

ST_5: vmStubsPH1Z1_1_data_1 (305)  [1/1] 0.00ns  loc: ../TrackletAlgorithm/VMRouter.cpp:65
:7  %vmStubsPH1Z1_1_data_1 = getelementptr [64 x i18]* %vmStubsPH1Z1_1_data, i64 0, i64 %newIndex13

ST_5: vmStubsPH1Z1_2_data_1 (306)  [1/1] 0.00ns  loc: ../TrackletAlgorithm/VMRouter.cpp:65
:8  %vmStubsPH1Z1_2_data_1 = getelementptr [64 x i18]* %vmStubsPH1Z1_2_data, i64 0, i64 %newIndex13

ST_5: vmStubsPH1Z1_3_data_1 (307)  [1/1] 0.00ns  loc: ../TrackletAlgorithm/VMRouter.cpp:65
:9  %vmStubsPH1Z1_3_data_1 = getelementptr [64 x i18]* %vmStubsPH1Z1_3_data, i64 0, i64 %newIndex13

ST_5: vmStubsPH1Z1_4_data_1 (308)  [1/1] 0.00ns  loc: ../TrackletAlgorithm/VMRouter.cpp:65
:10  %vmStubsPH1Z1_4_data_1 = getelementptr [64 x i18]* %vmStubsPH1Z1_4_data, i64 0, i64 %newIndex13

ST_5: tmp_29 (309)  [1/1] 0.00ns  loc: ../TrackletAlgorithm/HLSReducedStubLayer.hh:43->../TrackletAlgorithm/VMRouter.cpp:65
:11  %tmp_29 = call i5 @_ssdm_op_PartSelect.i5.i36.i32.i32(i36 %HLSFullStubLayerPS_d, i32 31, i32 35)

ST_5: HLSReducedStubLayer_s (310)  [1/1] 0.00ns  loc: ../TrackletAlgorithm/HLSReducedStubLayer.hh:43->../TrackletAlgorithm/VMRouter.cpp:65
:12  %HLSReducedStubLayer_s = call i18 @_ssdm_op_BitConcatenate.i18.i6.i5.i3.i4(i6 %p_0, i5 %tmp_29, i3 %redPhi_V, i4 %redZ_V)

ST_5: StgValue_269 (313)  [1/1] 2.27ns  loc: ../TrackletAlgorithm/VMRouter.cpp:65
branch8:0  store i18 %HLSReducedStubLayer_s, i18* %vmStubsPH1Z1_3_data_1, align 4

ST_5: StgValue_270 (314)  [1/1] 0.00ns  loc: ../TrackletAlgorithm/VMRouter.cpp:65
branch8:1  br label %5

ST_5: StgValue_271 (316)  [1/1] 2.27ns  loc: ../TrackletAlgorithm/VMRouter.cpp:65
branch7:0  store i18 %HLSReducedStubLayer_s, i18* %vmStubsPH1Z1_2_data_1, align 4

ST_5: StgValue_272 (317)  [1/1] 0.00ns  loc: ../TrackletAlgorithm/VMRouter.cpp:65
branch7:1  br label %5

ST_5: StgValue_273 (319)  [1/1] 2.27ns  loc: ../TrackletAlgorithm/VMRouter.cpp:65
branch6:0  store i18 %HLSReducedStubLayer_s, i18* %vmStubsPH1Z1_1_data_1, align 4

ST_5: StgValue_274 (320)  [1/1] 0.00ns  loc: ../TrackletAlgorithm/VMRouter.cpp:65
branch6:1  br label %5

ST_5: StgValue_275 (322)  [1/1] 2.27ns  loc: ../TrackletAlgorithm/VMRouter.cpp:65
branch5:0  store i18 %HLSReducedStubLayer_s, i18* %vmStubsPH1Z1_0_data_1, align 4

ST_5: StgValue_276 (323)  [1/1] 0.00ns  loc: ../TrackletAlgorithm/VMRouter.cpp:65
branch5:1  br label %5

ST_5: StgValue_277 (325)  [1/1] 2.27ns  loc: ../TrackletAlgorithm/VMRouter.cpp:65
branch9:0  store i18 %HLSReducedStubLayer_s, i18* %vmStubsPH1Z1_4_data_1, align 4

ST_5: StgValue_278 (326)  [1/1] 0.00ns  loc: ../TrackletAlgorithm/VMRouter.cpp:65
branch9:1  br label %5

ST_5: StgValue_279 (333)  [1/1] 1.57ns  loc: ../TrackletAlgorithm/VMRouter.cpp:83
:0  switch i2 %routePhi_V, label %_ZrsILi12ELb0EE11ap_int_baseIXT_EXT0_EXleT_Li64EEERKS1_i.exit._crit_edge [
    i2 0, label %13
    i2 1, label %15
    i2 -2, label %17
    i2 -1, label %19
  ]

ST_5: newIndex11 (340)  [1/1] 0.00ns
:5  %newIndex11 = zext i6 %newIndex10 to i64

ST_5: vmStubsPH4Z2_0_data_1 (341)  [1/1] 0.00ns  loc: ../TrackletAlgorithm/VMRouter.cpp:98
:6  %vmStubsPH4Z2_0_data_1 = getelementptr [64 x i18]* %vmStubsPH4Z2_0_data, i64 0, i64 %newIndex11

ST_5: vmStubsPH4Z2_1_data_1 (342)  [1/1] 0.00ns  loc: ../TrackletAlgorithm/VMRouter.cpp:98
:7  %vmStubsPH4Z2_1_data_1 = getelementptr [64 x i18]* %vmStubsPH4Z2_1_data, i64 0, i64 %newIndex11

ST_5: vmStubsPH4Z2_2_data_1 (343)  [1/1] 0.00ns  loc: ../TrackletAlgorithm/VMRouter.cpp:98
:8  %vmStubsPH4Z2_2_data_1 = getelementptr [64 x i18]* %vmStubsPH4Z2_2_data, i64 0, i64 %newIndex11

ST_5: vmStubsPH4Z2_3_data_1 (344)  [1/1] 0.00ns  loc: ../TrackletAlgorithm/VMRouter.cpp:98
:9  %vmStubsPH4Z2_3_data_1 = getelementptr [64 x i18]* %vmStubsPH4Z2_3_data, i64 0, i64 %newIndex11

ST_5: vmStubsPH4Z2_4_data_1 (345)  [1/1] 0.00ns  loc: ../TrackletAlgorithm/VMRouter.cpp:98
:10  %vmStubsPH4Z2_4_data_1 = getelementptr [64 x i18]* %vmStubsPH4Z2_4_data, i64 0, i64 %newIndex11

ST_5: tmp_28 (346)  [1/1] 0.00ns  loc: ../TrackletAlgorithm/HLSReducedStubLayer.hh:43->../TrackletAlgorithm/VMRouter.cpp:98
:11  %tmp_28 = call i5 @_ssdm_op_PartSelect.i5.i36.i32.i32(i36 %HLSFullStubLayerPS_d, i32 31, i32 35)

ST_5: HLSReducedStubLayer_7 (347)  [1/1] 0.00ns  loc: ../TrackletAlgorithm/HLSReducedStubLayer.hh:43->../TrackletAlgorithm/VMRouter.cpp:98
:12  %HLSReducedStubLayer_7 = call i18 @_ssdm_op_BitConcatenate.i18.i6.i5.i3.i4(i6 %p_0, i5 %tmp_28, i3 %redPhi_V, i4 %redZ_V)

ST_5: StgValue_288 (350)  [1/1] 2.27ns  loc: ../TrackletAlgorithm/VMRouter.cpp:98
branch43:0  store i18 %HLSReducedStubLayer_7, i18* %vmStubsPH4Z2_3_data_1, align 4

ST_5: StgValue_289 (351)  [1/1] 0.00ns  loc: ../TrackletAlgorithm/VMRouter.cpp:98
branch43:1  br label %20

ST_5: StgValue_290 (353)  [1/1] 2.27ns  loc: ../TrackletAlgorithm/VMRouter.cpp:98
branch42:0  store i18 %HLSReducedStubLayer_7, i18* %vmStubsPH4Z2_2_data_1, align 4

ST_5: StgValue_291 (354)  [1/1] 0.00ns  loc: ../TrackletAlgorithm/VMRouter.cpp:98
branch42:1  br label %20

ST_5: StgValue_292 (356)  [1/1] 2.27ns  loc: ../TrackletAlgorithm/VMRouter.cpp:98
branch41:0  store i18 %HLSReducedStubLayer_7, i18* %vmStubsPH4Z2_1_data_1, align 4

ST_5: StgValue_293 (357)  [1/1] 0.00ns  loc: ../TrackletAlgorithm/VMRouter.cpp:98
branch41:1  br label %20

ST_5: StgValue_294 (359)  [1/1] 2.27ns  loc: ../TrackletAlgorithm/VMRouter.cpp:98
branch40:0  store i18 %HLSReducedStubLayer_7, i18* %vmStubsPH4Z2_0_data_1, align 4

ST_5: StgValue_295 (360)  [1/1] 0.00ns  loc: ../TrackletAlgorithm/VMRouter.cpp:98
branch40:1  br label %20

ST_5: StgValue_296 (362)  [1/1] 2.27ns  loc: ../TrackletAlgorithm/VMRouter.cpp:98
branch44:0  store i18 %HLSReducedStubLayer_7, i18* %vmStubsPH4Z2_4_data_1, align 4

ST_5: StgValue_297 (363)  [1/1] 0.00ns  loc: ../TrackletAlgorithm/VMRouter.cpp:98
branch44:1  br label %20

ST_5: newIndex9 (375)  [1/1] 0.00ns
:5  %newIndex9 = zext i6 %newIndex8 to i64

ST_5: vmStubsPH3Z2_0_data_1 (376)  [1/1] 0.00ns  loc: ../TrackletAlgorithm/VMRouter.cpp:94
:6  %vmStubsPH3Z2_0_data_1 = getelementptr [64 x i18]* %vmStubsPH3Z2_0_data, i64 0, i64 %newIndex9

ST_5: vmStubsPH3Z2_1_data_1 (377)  [1/1] 0.00ns  loc: ../TrackletAlgorithm/VMRouter.cpp:94
:7  %vmStubsPH3Z2_1_data_1 = getelementptr [64 x i18]* %vmStubsPH3Z2_1_data, i64 0, i64 %newIndex9

ST_5: vmStubsPH3Z2_2_data_1 (378)  [1/1] 0.00ns  loc: ../TrackletAlgorithm/VMRouter.cpp:94
:8  %vmStubsPH3Z2_2_data_1 = getelementptr [64 x i18]* %vmStubsPH3Z2_2_data, i64 0, i64 %newIndex9

ST_5: vmStubsPH3Z2_3_data_1 (379)  [1/1] 0.00ns  loc: ../TrackletAlgorithm/VMRouter.cpp:94
:9  %vmStubsPH3Z2_3_data_1 = getelementptr [64 x i18]* %vmStubsPH3Z2_3_data, i64 0, i64 %newIndex9

ST_5: vmStubsPH3Z2_4_data_1 (380)  [1/1] 0.00ns  loc: ../TrackletAlgorithm/VMRouter.cpp:94
:10  %vmStubsPH3Z2_4_data_1 = getelementptr [64 x i18]* %vmStubsPH3Z2_4_data, i64 0, i64 %newIndex9

ST_5: tmp_27 (381)  [1/1] 0.00ns  loc: ../TrackletAlgorithm/HLSReducedStubLayer.hh:43->../TrackletAlgorithm/VMRouter.cpp:94
:11  %tmp_27 = call i5 @_ssdm_op_PartSelect.i5.i36.i32.i32(i36 %HLSFullStubLayerPS_d, i32 31, i32 35)

ST_5: HLSReducedStubLayer_6 (382)  [1/1] 0.00ns  loc: ../TrackletAlgorithm/HLSReducedStubLayer.hh:43->../TrackletAlgorithm/VMRouter.cpp:94
:12  %HLSReducedStubLayer_6 = call i18 @_ssdm_op_BitConcatenate.i18.i6.i5.i3.i4(i6 %p_0, i5 %tmp_27, i3 %redPhi_V, i4 %redZ_V)

ST_5: StgValue_306 (385)  [1/1] 2.27ns  loc: ../TrackletAlgorithm/VMRouter.cpp:94
branch38:0  store i18 %HLSReducedStubLayer_6, i18* %vmStubsPH3Z2_3_data_1, align 4

ST_5: StgValue_307 (386)  [1/1] 0.00ns  loc: ../TrackletAlgorithm/VMRouter.cpp:94
branch38:1  br label %18

ST_5: StgValue_308 (388)  [1/1] 2.27ns  loc: ../TrackletAlgorithm/VMRouter.cpp:94
branch37:0  store i18 %HLSReducedStubLayer_6, i18* %vmStubsPH3Z2_2_data_1, align 4

ST_5: StgValue_309 (389)  [1/1] 0.00ns  loc: ../TrackletAlgorithm/VMRouter.cpp:94
branch37:1  br label %18

ST_5: StgValue_310 (391)  [1/1] 2.27ns  loc: ../TrackletAlgorithm/VMRouter.cpp:94
branch36:0  store i18 %HLSReducedStubLayer_6, i18* %vmStubsPH3Z2_1_data_1, align 4

ST_5: StgValue_311 (392)  [1/1] 0.00ns  loc: ../TrackletAlgorithm/VMRouter.cpp:94
branch36:1  br label %18

ST_5: StgValue_312 (394)  [1/1] 2.27ns  loc: ../TrackletAlgorithm/VMRouter.cpp:94
branch35:0  store i18 %HLSReducedStubLayer_6, i18* %vmStubsPH3Z2_0_data_1, align 4

ST_5: StgValue_313 (395)  [1/1] 0.00ns  loc: ../TrackletAlgorithm/VMRouter.cpp:94
branch35:1  br label %18

ST_5: StgValue_314 (397)  [1/1] 2.27ns  loc: ../TrackletAlgorithm/VMRouter.cpp:94
branch39:0  store i18 %HLSReducedStubLayer_6, i18* %vmStubsPH3Z2_4_data_1, align 4

ST_5: StgValue_315 (398)  [1/1] 0.00ns  loc: ../TrackletAlgorithm/VMRouter.cpp:94
branch39:1  br label %18

ST_5: newIndex7 (410)  [1/1] 0.00ns
:5  %newIndex7 = zext i6 %newIndex6 to i64

ST_5: vmStubsPH2Z2_0_data_1 (411)  [1/1] 0.00ns  loc: ../TrackletAlgorithm/VMRouter.cpp:90
:6  %vmStubsPH2Z2_0_data_1 = getelementptr [64 x i18]* %vmStubsPH2Z2_0_data, i64 0, i64 %newIndex7

ST_5: vmStubsPH2Z2_1_data_1 (412)  [1/1] 0.00ns  loc: ../TrackletAlgorithm/VMRouter.cpp:90
:7  %vmStubsPH2Z2_1_data_1 = getelementptr [64 x i18]* %vmStubsPH2Z2_1_data, i64 0, i64 %newIndex7

ST_5: vmStubsPH2Z2_2_data_1 (413)  [1/1] 0.00ns  loc: ../TrackletAlgorithm/VMRouter.cpp:90
:8  %vmStubsPH2Z2_2_data_1 = getelementptr [64 x i18]* %vmStubsPH2Z2_2_data, i64 0, i64 %newIndex7

ST_5: vmStubsPH2Z2_3_data_1 (414)  [1/1] 0.00ns  loc: ../TrackletAlgorithm/VMRouter.cpp:90
:9  %vmStubsPH2Z2_3_data_1 = getelementptr [64 x i18]* %vmStubsPH2Z2_3_data, i64 0, i64 %newIndex7

ST_5: vmStubsPH2Z2_4_data_1 (415)  [1/1] 0.00ns  loc: ../TrackletAlgorithm/VMRouter.cpp:90
:10  %vmStubsPH2Z2_4_data_1 = getelementptr [64 x i18]* %vmStubsPH2Z2_4_data, i64 0, i64 %newIndex7

ST_5: tmp_26 (416)  [1/1] 0.00ns  loc: ../TrackletAlgorithm/HLSReducedStubLayer.hh:43->../TrackletAlgorithm/VMRouter.cpp:90
:11  %tmp_26 = call i5 @_ssdm_op_PartSelect.i5.i36.i32.i32(i36 %HLSFullStubLayerPS_d, i32 31, i32 35)

ST_5: HLSReducedStubLayer_5 (417)  [1/1] 0.00ns  loc: ../TrackletAlgorithm/HLSReducedStubLayer.hh:43->../TrackletAlgorithm/VMRouter.cpp:90
:12  %HLSReducedStubLayer_5 = call i18 @_ssdm_op_BitConcatenate.i18.i6.i5.i3.i4(i6 %p_0, i5 %tmp_26, i3 %redPhi_V, i4 %redZ_V)

ST_5: StgValue_324 (420)  [1/1] 2.27ns  loc: ../TrackletAlgorithm/VMRouter.cpp:90
branch33:0  store i18 %HLSReducedStubLayer_5, i18* %vmStubsPH2Z2_3_data_1, align 4

ST_5: StgValue_325 (421)  [1/1] 0.00ns  loc: ../TrackletAlgorithm/VMRouter.cpp:90
branch33:1  br label %16

ST_5: StgValue_326 (423)  [1/1] 2.27ns  loc: ../TrackletAlgorithm/VMRouter.cpp:90
branch32:0  store i18 %HLSReducedStubLayer_5, i18* %vmStubsPH2Z2_2_data_1, align 4

ST_5: StgValue_327 (424)  [1/1] 0.00ns  loc: ../TrackletAlgorithm/VMRouter.cpp:90
branch32:1  br label %16

ST_5: StgValue_328 (426)  [1/1] 2.27ns  loc: ../TrackletAlgorithm/VMRouter.cpp:90
branch31:0  store i18 %HLSReducedStubLayer_5, i18* %vmStubsPH2Z2_1_data_1, align 4

ST_5: StgValue_329 (427)  [1/1] 0.00ns  loc: ../TrackletAlgorithm/VMRouter.cpp:90
branch31:1  br label %16

ST_5: StgValue_330 (429)  [1/1] 2.27ns  loc: ../TrackletAlgorithm/VMRouter.cpp:90
branch30:0  store i18 %HLSReducedStubLayer_5, i18* %vmStubsPH2Z2_0_data_1, align 4

ST_5: StgValue_331 (430)  [1/1] 0.00ns  loc: ../TrackletAlgorithm/VMRouter.cpp:90
branch30:1  br label %16

ST_5: StgValue_332 (432)  [1/1] 2.27ns  loc: ../TrackletAlgorithm/VMRouter.cpp:90
branch34:0  store i18 %HLSReducedStubLayer_5, i18* %vmStubsPH2Z2_4_data_1, align 4

ST_5: StgValue_333 (433)  [1/1] 0.00ns  loc: ../TrackletAlgorithm/VMRouter.cpp:90
branch34:1  br label %16

ST_5: newIndex5 (445)  [1/1] 0.00ns
:5  %newIndex5 = zext i6 %newIndex4 to i64

ST_5: vmStubsPH1Z2_0_data_1 (446)  [1/1] 0.00ns  loc: ../TrackletAlgorithm/VMRouter.cpp:86
:6  %vmStubsPH1Z2_0_data_1 = getelementptr [64 x i18]* %vmStubsPH1Z2_0_data, i64 0, i64 %newIndex5

ST_5: vmStubsPH1Z2_1_data_1 (447)  [1/1] 0.00ns  loc: ../TrackletAlgorithm/VMRouter.cpp:86
:7  %vmStubsPH1Z2_1_data_1 = getelementptr [64 x i18]* %vmStubsPH1Z2_1_data, i64 0, i64 %newIndex5

ST_5: vmStubsPH1Z2_2_data_1 (448)  [1/1] 0.00ns  loc: ../TrackletAlgorithm/VMRouter.cpp:86
:8  %vmStubsPH1Z2_2_data_1 = getelementptr [64 x i18]* %vmStubsPH1Z2_2_data, i64 0, i64 %newIndex5

ST_5: vmStubsPH1Z2_3_data_1 (449)  [1/1] 0.00ns  loc: ../TrackletAlgorithm/VMRouter.cpp:86
:9  %vmStubsPH1Z2_3_data_1 = getelementptr [64 x i18]* %vmStubsPH1Z2_3_data, i64 0, i64 %newIndex5

ST_5: vmStubsPH1Z2_4_data_1 (450)  [1/1] 0.00ns  loc: ../TrackletAlgorithm/VMRouter.cpp:86
:10  %vmStubsPH1Z2_4_data_1 = getelementptr [64 x i18]* %vmStubsPH1Z2_4_data, i64 0, i64 %newIndex5

ST_5: tmp_22 (451)  [1/1] 0.00ns  loc: ../TrackletAlgorithm/HLSReducedStubLayer.hh:43->../TrackletAlgorithm/VMRouter.cpp:86
:11  %tmp_22 = call i5 @_ssdm_op_PartSelect.i5.i36.i32.i32(i36 %HLSFullStubLayerPS_d, i32 31, i32 35)

ST_5: HLSReducedStubLayer_4 (452)  [1/1] 0.00ns  loc: ../TrackletAlgorithm/HLSReducedStubLayer.hh:43->../TrackletAlgorithm/VMRouter.cpp:86
:12  %HLSReducedStubLayer_4 = call i18 @_ssdm_op_BitConcatenate.i18.i6.i5.i3.i4(i6 %p_0, i5 %tmp_22, i3 %redPhi_V, i4 %redZ_V)

ST_5: StgValue_342 (455)  [1/1] 2.27ns  loc: ../TrackletAlgorithm/VMRouter.cpp:86
branch28:0  store i18 %HLSReducedStubLayer_4, i18* %vmStubsPH1Z2_3_data_1, align 4

ST_5: StgValue_343 (456)  [1/1] 0.00ns  loc: ../TrackletAlgorithm/VMRouter.cpp:86
branch28:1  br label %14

ST_5: StgValue_344 (458)  [1/1] 2.27ns  loc: ../TrackletAlgorithm/VMRouter.cpp:86
branch27:0  store i18 %HLSReducedStubLayer_4, i18* %vmStubsPH1Z2_2_data_1, align 4

ST_5: StgValue_345 (459)  [1/1] 0.00ns  loc: ../TrackletAlgorithm/VMRouter.cpp:86
branch27:1  br label %14

ST_5: StgValue_346 (461)  [1/1] 2.27ns  loc: ../TrackletAlgorithm/VMRouter.cpp:86
branch26:0  store i18 %HLSReducedStubLayer_4, i18* %vmStubsPH1Z2_1_data_1, align 4

ST_5: StgValue_347 (462)  [1/1] 0.00ns  loc: ../TrackletAlgorithm/VMRouter.cpp:86
branch26:1  br label %14

ST_5: StgValue_348 (464)  [1/1] 2.27ns  loc: ../TrackletAlgorithm/VMRouter.cpp:86
branch25:0  store i18 %HLSReducedStubLayer_4, i18* %vmStubsPH1Z2_0_data_1, align 4

ST_5: StgValue_349 (465)  [1/1] 0.00ns  loc: ../TrackletAlgorithm/VMRouter.cpp:86
branch25:1  br label %14

ST_5: StgValue_350 (467)  [1/1] 2.27ns  loc: ../TrackletAlgorithm/VMRouter.cpp:86
branch29:0  store i18 %HLSReducedStubLayer_4, i18* %vmStubsPH1Z2_4_data_1, align 4

ST_5: StgValue_351 (468)  [1/1] 0.00ns  loc: ../TrackletAlgorithm/VMRouter.cpp:86
branch29:1  br label %14


 <State 6>: 0.00ns
ST_6: nPH4Z2_V_load_1 (479)  [1/1] 0.00ns  loc: ../TrackletAlgorithm/VMRouter.cpp:110
.loopexit:0  %nPH4Z2_V_load_1 = load i6* %nPH4Z2_V

ST_6: nPH3Z2_V_load_1 (480)  [1/1] 0.00ns  loc: ../TrackletAlgorithm/VMRouter.cpp:110
.loopexit:1  %nPH3Z2_V_load_1 = load i6* %nPH3Z2_V

ST_6: nPH2Z2_V_load_1 (481)  [1/1] 0.00ns  loc: ../TrackletAlgorithm/VMRouter.cpp:110
.loopexit:2  %nPH2Z2_V_load_1 = load i6* %nPH2Z2_V

ST_6: nPH1Z2_V_load_1 (482)  [1/1] 0.00ns  loc: ../TrackletAlgorithm/VMRouter.cpp:110
.loopexit:3  %nPH1Z2_V_load_1 = load i6* %nPH1Z2_V

ST_6: nPH4Z1_V_load_1 (483)  [1/1] 0.00ns  loc: ../TrackletAlgorithm/VMRouter.cpp:110
.loopexit:4  %nPH4Z1_V_load_1 = load i6* %nPH4Z1_V

ST_6: nPH3Z1_V_load_1 (484)  [1/1] 0.00ns  loc: ../TrackletAlgorithm/VMRouter.cpp:110
.loopexit:5  %nPH3Z1_V_load_1 = load i6* %nPH3Z1_V

ST_6: nPH2Z1_V_load_1 (485)  [1/1] 0.00ns  loc: ../TrackletAlgorithm/VMRouter.cpp:110
.loopexit:6  %nPH2Z1_V_load_1 = load i6* %nPH2Z1_V

ST_6: nPH1Z1_V_load_1 (486)  [1/1] 0.00ns  loc: ../TrackletAlgorithm/VMRouter.cpp:110
.loopexit:7  %nPH1Z1_V_load_1 = load i6* %nPH1Z1_V

ST_6: mrv (487)  [1/1] 0.00ns  loc: ../TrackletAlgorithm/VMRouter.cpp:110
.loopexit:8  %mrv = insertvalue { i6, i6, i6, i6, i6, i6, i6, i6 } undef, i6 %nPH1Z1_V_load_1, 0

ST_6: mrv_1 (488)  [1/1] 0.00ns  loc: ../TrackletAlgorithm/VMRouter.cpp:110
.loopexit:9  %mrv_1 = insertvalue { i6, i6, i6, i6, i6, i6, i6, i6 } %mrv, i6 %nPH2Z1_V_load_1, 1

ST_6: mrv_2 (489)  [1/1] 0.00ns  loc: ../TrackletAlgorithm/VMRouter.cpp:110
.loopexit:10  %mrv_2 = insertvalue { i6, i6, i6, i6, i6, i6, i6, i6 } %mrv_1, i6 %nPH3Z1_V_load_1, 2

ST_6: mrv_3 (490)  [1/1] 0.00ns  loc: ../TrackletAlgorithm/VMRouter.cpp:110
.loopexit:11  %mrv_3 = insertvalue { i6, i6, i6, i6, i6, i6, i6, i6 } %mrv_2, i6 %nPH4Z1_V_load_1, 3

ST_6: mrv_4 (491)  [1/1] 0.00ns  loc: ../TrackletAlgorithm/VMRouter.cpp:110
.loopexit:12  %mrv_4 = insertvalue { i6, i6, i6, i6, i6, i6, i6, i6 } %mrv_3, i6 %nPH1Z2_V_load_1, 4

ST_6: mrv_5 (492)  [1/1] 0.00ns  loc: ../TrackletAlgorithm/VMRouter.cpp:110
.loopexit:13  %mrv_5 = insertvalue { i6, i6, i6, i6, i6, i6, i6, i6 } %mrv_4, i6 %nPH2Z2_V_load_1, 5

ST_6: mrv_6 (493)  [1/1] 0.00ns  loc: ../TrackletAlgorithm/VMRouter.cpp:110
.loopexit:14  %mrv_6 = insertvalue { i6, i6, i6, i6, i6, i6, i6, i6 } %mrv_5, i6 %nPH3Z2_V_load_1, 6

ST_6: mrv_7 (494)  [1/1] 0.00ns  loc: ../TrackletAlgorithm/VMRouter.cpp:110
.loopexit:15  %mrv_7 = insertvalue { i6, i6, i6, i6, i6, i6, i6, i6 } %mrv_6, i6 %nPH4Z2_V_load_1, 7

ST_6: StgValue_368 (495)  [1/1] 0.00ns  loc: ../TrackletAlgorithm/VMRouter.cpp:110
.loopexit:16  ret { i6, i6, i6, i6, i6, i6, i6, i6 } %mrv_7



============================================================
+ Verbose Summary: Timing violations
============================================================
Target clock period: 4ns, clock uncertainty: 0.5ns.

 <State 1>: 0.844ns
The critical path consists of the following:
	'alloca' operation ('nPH4Z2.V') [70]  (0 ns)
	'store' operation (../TrackletAlgorithm/VMRouter.cpp:30) of variable 'nPH4Z2.V' on local variable 'nPH4Z2.V' [124]  (0.844 ns)

 <State 2>: 2.93ns
The critical path consists of the following:
	'phi' operation ('i') with incoming values : ('i', ../TrackletAlgorithm/VMRouter.cpp:34) [128]  (0 ns)
	'add' operation ('sum1', ../TrackletAlgorithm/VMRouter.cpp:34) [159]  (1.36 ns)

 <State 3>: 2.27ns
The critical path consists of the following:
	'getelementptr' operation ('stubsInLayer_3_data_1', ../TrackletAlgorithm/VMRouter.cpp:34) [154]  (0 ns)
	'load' operation ('stubsInLayer_3_data_2', ../TrackletAlgorithm/VMRouter.cpp:34) on array 'stubsInLayer_3_data' [155]  (2.27 ns)

 <State 4>: 3.31ns
The critical path consists of the following:
	'load' operation ('stubsInLayer_0_data_2', ../TrackletAlgorithm/VMRouter.cpp:34) on array 'stubsInLayer_0_data' [149]  (2.27 ns)
	'mux' operation ('HLSFullStubLayerPS.data_.V', ../TrackletAlgorithm/VMRouter.cpp:34) [158]  (1.04 ns)

 <State 5>: 2.27ns
The critical path consists of the following:
	'getelementptr' operation ('allStubs_3_data_V_s', ../TrackletAlgorithm/VMRouter.cpp:46) [166]  (0 ns)
	'store' operation (../TrackletAlgorithm/VMRouter.cpp:46) of variable 'HLSFullStubLayerPS.data_.V', ../TrackletAlgorithm/VMRouter.cpp:34 on array 'allStubs_3_data_V' [170]  (2.27 ns)

 <State 6>: 0ns
The critical path consists of the following:


============================================================
+ Verbose Summary: Binding
============================================================
N/A
* FSMD analyzer results:
  - Output states:
 - Input state : 
  - Chain level:
	State 1
	State 2
	State 3
	State 4
	State 5
	State 6


============================================================
+ Verbose Summary: Datapath Resource usage 
============================================================
N/A
