

================================================================
== Vivado HLS Report for 'VMRouter_3_s'
================================================================
* Date:           Mon Sep 18 17:38:56 2017

* Version:        2017.2 (Build 1909853 on Thu Jun 15 18:55:24 MDT 2017)
* Project:        vmrouter_2
* Solution:       solution2-nodependencies
* Product family: virtex7
* Target device:  xc7vx690tffg1927-2


================================================================
== Performance Estimates
================================================================
+ Timing (ns): 
    * Summary: 
    +--------+-------+----------+------------+
    |  Clock | Target| Estimated| Uncertainty|
    +--------+-------+----------+------------+
    |ap_clk  |   4.00|      3.42|        0.50|
    +--------+-------+----------+------------+

+ Latency (clock cycles): 
    * Summary: 
    +-----+-----+-----+-----+---------+
    |  Latency  |  Interval | Pipeline|
    | min | max | min | max |   Type  |
    +-----+-----+-----+-----+---------+
    |    6|   69|    6|   69|   none  |
    +-----+-----+-----+-----+---------+

    + Detail: 
        * Instance: 
        N/A

        * Loop: 
        +------------+-----+-----+----------+-----------+-----------+--------+----------+
        |            |  Latency  | Iteration|  Initiation Interval  |  Trip  |          |
        |  Loop Name | min | max |  Latency |  achieved |   target  |  Count | Pipelined|
        +------------+-----+-----+----------+-----------+-----------+--------+----------+
        |- STUBLOOP  |    4|   67|         5|          1|          1| 1 ~ 64 |    yes   |
        +------------+-----+-----+----------+-----------+-----------+--------+----------+



================================================================
== Utilization Estimates
================================================================
* Summary: 
+-----------------+---------+-------+--------+--------+
|       Name      | BRAM_18K| DSP48E|   FF   |   LUT  |
+-----------------+---------+-------+--------+--------+
|DSP              |        -|      -|       -|       -|
|Expression       |        -|      -|     850|     426|
|FIFO             |        -|      -|       -|       -|
|Instance         |        -|      -|     166|      44|
|Memory           |        -|      -|       -|       -|
|Multiplexer      |        -|      -|       -|     125|
|Register         |        -|      -|     666|     128|
+-----------------+---------+-------+--------+--------+
|Total            |        0|      0|    1682|     723|
+-----------------+---------+-------+--------+--------+
|Available        |     2940|   3600|  866400|  433200|
+-----------------+---------+-------+--------+--------+
|Utilization (%)  |        0|      0|   ~0   |   ~0   |
+-----------------+---------+-------+--------+--------+

+ Detail: 
    * Instance: 
    +-----------------------------+----------------------+---------+-------+-----+----+
    |           Instance          |        Module        | BRAM_18K| DSP48E|  FF | LUT|
    +-----------------------------+----------------------+---------+-------+-----+----+
    |VMRouterDispatchebkb_x_U185  |VMRouterDispatchebkb  |        0|      0|  166|  44|
    +-----------------------------+----------------------+---------+-------+-----+----+
    |Total                        |                      |        0|      0|  166|  44|
    +-----------------------------+----------------------+---------+-------+-----+----+

    * DSP48: 
    N/A

    * Memory: 
    N/A

    * FIFO: 
    N/A

    * Expression: 
    +------------------------------+----------+-------+----+----+------------+------------+
    |         Variable Name        | Operation| DSP48E| FF | LUT| Bitwidth P0| Bitwidth P1|
    +------------------------------+----------+-------+----+----+------------+------------+
    |i_1_fu_1738_p2                |     +    |      0|  26|  12|           7|           1|
    |index_V_1_fu_2496_p2          |     +    |      0|  23|  11|           6|           1|
    |index_V_fu_2482_p2            |     +    |      0|  23|  11|           6|           2|
    |newIndex10_fu_2055_p2         |     +    |      0|  23|  11|           6|           6|
    |newIndex12_fu_2017_p2         |     +    |      0|  23|  11|           6|           6|
    |newIndex14_fu_1979_p2         |     +    |      0|  23|  11|           6|           6|
    |newIndex16_fu_1941_p2         |     +    |      0|  23|  11|           6|           6|
    |newIndex18_fu_1903_p2         |     +    |      0|  23|  11|           6|           6|
    |newIndex2_fu_1796_p2          |     +    |      0|  23|  11|           6|           6|
    |newIndex4_fu_2169_p2          |     +    |      0|  23|  11|           6|           6|
    |newIndex6_fu_2131_p2          |     +    |      0|  23|  11|           6|           6|
    |newIndex8_fu_2093_p2          |     +    |      0|  23|  11|           6|           6|
    |newIndex_fu_1776_p2           |     +    |      0|  23|  11|           6|           6|
    |r_V_fu_1861_p2                |     +    |      0|  14|   9|           3|           2|
    |sum1_fu_1781_p2               |     +    |      0|  35|  15|          10|          10|
    |sum2_fu_2154_p2               |     +    |      0|  35|  15|          10|          10|
    |sum3_fu_2116_p2               |     +    |      0|  35|  15|          10|          10|
    |sum4_fu_2078_p2               |     +    |      0|  35|  15|          10|          10|
    |sum5_fu_2040_p2               |     +    |      0|  35|  15|          10|          10|
    |sum6_fu_2002_p2               |     +    |      0|  35|  15|          10|          10|
    |sum7_fu_1964_p2               |     +    |      0|  35|  15|          10|          10|
    |sum8_fu_1926_p2               |     +    |      0|  35|  15|          10|          10|
    |sum9_fu_1888_p2               |     +    |      0|  35|  15|          10|          10|
    |sum_fu_1761_p2                |     +    |      0|  35|  15|          10|          10|
    |tmp_11_fu_2025_p2             |     +    |      0|  23|  11|           6|           1|
    |tmp_13_fu_1987_p2             |     +    |      0|  23|  11|           6|           1|
    |tmp_15_fu_1949_p2             |     +    |      0|  23|  11|           6|           1|
    |tmp_17_fu_1911_p2             |     +    |      0|  23|  11|           6|           1|
    |tmp_19_fu_2177_p2             |     +    |      0|  23|  11|           6|           1|
    |tmp_21_fu_2139_p2             |     +    |      0|  23|  11|           6|           1|
    |tmp_23_fu_2101_p2             |     +    |      0|  23|  11|           6|           1|
    |tmp_24_fu_2063_p2             |     +    |      0|  23|  11|           6|           1|
    |tmp_25_fu_2476_p2             |   icmp   |      0|   0|   3|           6|           2|
    |tmp_s_fu_1748_p2              |   icmp   |      0|   0|  16|          32|          32|
    |ap_predicate_tran2to7_state2  |    or    |      0|   0|   2|           1|           1|
    |p_s_fu_2488_p3                |  select  |      0|   0|   6|           1|           6|
    |ap_enable_pp0                 |    xor   |      0|   0|   2|           1|           2|
    |ap_enable_reg_pp0_iter1       |    xor   |      0|   0|   2|           1|           2|
    |redPhi_V_fu_2206_p2           |    xor   |      0|   0|   4|           3|           4|
    +------------------------------+----------+-------+----+----+------------+------------+
    |Total                         |          |      0| 850| 426|         275|         223|
    +------------------------------+----------+-------+----+----+------------+------------+

    * Multiplexer: 
    +-------------------------+----+-----------+-----+-----------+
    |           Name          | LUT| Input Size| Bits| Total Bits|
    +-------------------------+----+-----------+-----+-----------+
    |ap_NS_fsm                |  17|          4|    1|          4|
    |ap_enable_reg_pp0_iter1  |   9|          2|    1|          2|
    |ap_enable_reg_pp0_iter4  |   9|          2|    1|          2|
    |i_reg_1566               |   9|          2|    7|         14|
    |nPH1Z1_V_fu_356          |   9|          2|    6|         12|
    |nPH1Z2_V_fu_340          |   9|          2|    6|         12|
    |nPH2Z1_V_fu_352          |   9|          2|    6|         12|
    |nPH2Z2_V_fu_336          |   9|          2|    6|         12|
    |nPH3Z1_V_fu_348          |   9|          2|    6|         12|
    |nPH3Z2_V_fu_332          |   9|          2|    6|         12|
    |nPH4Z1_V_fu_344          |   9|          2|    6|         12|
    |nPH4Z2_V_fu_328          |   9|          2|    6|         12|
    |p_0_reg_1554             |   9|          2|    6|         12|
    +-------------------------+----+-----------+-----+-----------+
    |Total                    | 125|         28|   64|        130|
    +-------------------------+----+-----------+-----+-----------+

    * Register: 
    +------------------------------------------------+----+----+-----+-----------+
    |                      Name                      | FF | LUT| Bits| Const Bits|
    +------------------------------------------------+----+----+-----+-----------+
    |HLSFullStubLayerPS_d_reg_2796                   |  36|   0|   36|          0|
    |ap_CS_fsm                                       |   3|   0|    3|          0|
    |ap_enable_reg_pp0_iter0                         |   1|   0|    1|          0|
    |ap_enable_reg_pp0_iter1                         |   1|   0|    1|          0|
    |ap_enable_reg_pp0_iter2                         |   1|   0|    1|          0|
    |ap_enable_reg_pp0_iter3                         |   1|   0|    1|          0|
    |ap_enable_reg_pp0_iter4                         |   1|   0|    1|          0|
    |ap_reg_pp0_iter1_arrayNo_reg_2732               |   4|   0|    4|          0|
    |ap_reg_pp0_iter3_HLSFullStubLayerPS_d_reg_2796  |  36|   0|   36|          0|
    |arrayNo1_cast_cast_reg_2742                     |   4|   0|    4|          0|
    |arrayNo2_cast_cast_reg_2885                     |   4|   0|    4|          0|
    |arrayNo3_cast_cast_reg_2876                     |   4|   0|    4|          0|
    |arrayNo4_cast_cast_reg_2867                     |   4|   0|    4|          0|
    |arrayNo5_cast_cast_reg_2858                     |   4|   0|    4|          0|
    |arrayNo6_cast_cast_reg_2849                     |   4|   0|    4|          0|
    |arrayNo7_cast_cast_reg_2840                     |   4|   0|    4|          0|
    |arrayNo8_cast_cast_reg_2831                     |   4|   0|    4|          0|
    |arrayNo9_cast_cast_reg_2822                     |   4|   0|    4|          0|
    |arrayNo_reg_2732                                |   4|   0|    4|          0|
    |i_reg_1566                                      |   7|   0|    7|          0|
    |nPH1Z1_V_fu_356                                 |   6|   0|    6|          0|
    |nPH1Z2_V_fu_340                                 |   6|   0|    6|          0|
    |nPH2Z1_V_fu_352                                 |   6|   0|    6|          0|
    |nPH2Z2_V_fu_336                                 |   6|   0|    6|          0|
    |nPH3Z1_V_fu_348                                 |   6|   0|    6|          0|
    |nPH3Z2_V_fu_332                                 |   6|   0|    6|          0|
    |nPH4Z1_V_fu_344                                 |   6|   0|    6|          0|
    |nPH4Z2_V_fu_328                                 |   6|   0|    6|          0|
    |newIndex10_reg_2862                             |   6|   0|    6|          0|
    |newIndex12_reg_2853                             |   6|   0|    6|          0|
    |newIndex14_reg_2844                             |   6|   0|    6|          0|
    |newIndex16_reg_2835                             |   6|   0|    6|          0|
    |newIndex18_reg_2826                             |   6|   0|    6|          0|
    |newIndex2_reg_2746                              |   6|   0|    6|          0|
    |newIndex4_reg_2889                              |   6|   0|    6|          0|
    |newIndex6_reg_2880                              |   6|   0|    6|          0|
    |newIndex8_reg_2871                              |   6|   0|    6|          0|
    |newIndex_reg_2737                               |   6|   0|    6|          0|
    |p_0_reg_1554                                    |   6|   0|    6|          0|
    |routePhi_V_reg_2814                             |   2|   0|    2|          0|
    |routeZ_V_reg_2818                               |   1|   0|    1|          0|
    |tmp_10_reg_2659                                 |   6|   0|    6|          0|
    |tmp_12_reg_2664                                 |   6|   0|    6|          0|
    |tmp_14_reg_2669                                 |  10|   0|   10|          0|
    |tmp_16_reg_2674                                 |  10|   0|   10|          0|
    |tmp_1_reg_2624                                  |   6|   0|    6|          0|
    |tmp_2_reg_2629                                  |   6|   0|    6|          0|
    |tmp_31_reg_2679                                 |  10|   0|   10|          0|
    |tmp_32_reg_2684                                 |  10|   0|   10|          0|
    |tmp_33_reg_2689                                 |  10|   0|   10|          0|
    |tmp_34_reg_2694                                 |  10|   0|   10|          0|
    |tmp_35_reg_2699                                 |  10|   0|   10|          0|
    |tmp_36_reg_2704                                 |  10|   0|   10|          0|
    |tmp_37_reg_2709                                 |  10|   0|   10|          0|
    |tmp_38_reg_2714                                 |  10|   0|   10|          0|
    |tmp_39_reg_2719                                 |   1|   0|    1|          0|
    |tmp_3_reg_2634                                  |   6|   0|    6|          0|
    |tmp_4_reg_2639                                  |   6|   0|    6|          0|
    |tmp_5_reg_2644                                  |   6|   0|    6|          0|
    |tmp_6_reg_2649                                  |   6|   0|    6|          0|
    |tmp_7_reg_2654                                  |   6|   0|    6|          0|
    |tmp_reg_2619                                    |   6|   0|    6|          0|
    |tmp_s_reg_2728                                  |   1|   0|    1|          0|
    |arrayNo1_cast_cast_reg_2742                     |  64|  32|    4|          0|
    |newIndex2_reg_2746                              |  64|  32|    6|          0|
    |tmp_39_reg_2719                                 |  64|  32|    1|          0|
    |tmp_s_reg_2728                                  |  64|  32|    1|          0|
    +------------------------------------------------+----+----+-----+-----------+
    |Total                                           | 666| 128|  422|          0|
    +------------------------------------------------+----+----+-----+-----------+



================================================================
== Interface
================================================================
* Summary: 
+------------------------------+-----+-----+------------+---------------------+--------------+
|           RTL Ports          | Dir | Bits|  Protocol  |    Source Object    |    C Type    |
+------------------------------+-----+-----+------------+---------------------+--------------+
|ap_clk                        |  in |    1| ap_ctrl_hs |     VMRouter<3>     | return value |
|ap_rst                        |  in |    1| ap_ctrl_hs |     VMRouter<3>     | return value |
|ap_start                      |  in |    1| ap_ctrl_hs |     VMRouter<3>     | return value |
|ap_done                       | out |    1| ap_ctrl_hs |     VMRouter<3>     | return value |
|ap_idle                       | out |    1| ap_ctrl_hs |     VMRouter<3>     | return value |
|ap_ready                      | out |    1| ap_ctrl_hs |     VMRouter<3>     | return value |
|ap_return_0                   | out |    6| ap_ctrl_hs |     VMRouter<3>     | return value |
|ap_return_1                   | out |    6| ap_ctrl_hs |     VMRouter<3>     | return value |
|ap_return_2                   | out |    6| ap_ctrl_hs |     VMRouter<3>     | return value |
|ap_return_3                   | out |    6| ap_ctrl_hs |     VMRouter<3>     | return value |
|ap_return_4                   | out |    6| ap_ctrl_hs |     VMRouter<3>     | return value |
|ap_return_5                   | out |    6| ap_ctrl_hs |     VMRouter<3>     | return value |
|ap_return_6                   | out |    6| ap_ctrl_hs |     VMRouter<3>     | return value |
|ap_return_7                   | out |    6| ap_ctrl_hs |     VMRouter<3>     | return value |
|stubsInLayer_0_data_address0  | out |    6|  ap_memory | stubsInLayer_0_data |     array    |
|stubsInLayer_0_data_ce0       | out |    1|  ap_memory | stubsInLayer_0_data |     array    |
|stubsInLayer_0_data_q0        |  in |   36|  ap_memory | stubsInLayer_0_data |     array    |
|stubsInLayer_1_data_address0  | out |    6|  ap_memory | stubsInLayer_1_data |     array    |
|stubsInLayer_1_data_ce0       | out |    1|  ap_memory | stubsInLayer_1_data |     array    |
|stubsInLayer_1_data_q0        |  in |   36|  ap_memory | stubsInLayer_1_data |     array    |
|stubsInLayer_2_data_address0  | out |    6|  ap_memory | stubsInLayer_2_data |     array    |
|stubsInLayer_2_data_ce0       | out |    1|  ap_memory | stubsInLayer_2_data |     array    |
|stubsInLayer_2_data_q0        |  in |   36|  ap_memory | stubsInLayer_2_data |     array    |
|stubsInLayer_3_data_address0  | out |    6|  ap_memory | stubsInLayer_3_data |     array    |
|stubsInLayer_3_data_ce0       | out |    1|  ap_memory | stubsInLayer_3_data |     array    |
|stubsInLayer_3_data_q0        |  in |   36|  ap_memory | stubsInLayer_3_data |     array    |
|stubsInLayer_4_data_address0  | out |    6|  ap_memory | stubsInLayer_4_data |     array    |
|stubsInLayer_4_data_ce0       | out |    1|  ap_memory | stubsInLayer_4_data |     array    |
|stubsInLayer_4_data_q0        |  in |   36|  ap_memory | stubsInLayer_4_data |     array    |
|stubsInLayer_5_data_address0  | out |    6|  ap_memory | stubsInLayer_5_data |     array    |
|stubsInLayer_5_data_ce0       | out |    1|  ap_memory | stubsInLayer_5_data |     array    |
|stubsInLayer_5_data_q0        |  in |   36|  ap_memory | stubsInLayer_5_data |     array    |
|stubsInLayer_6_data_address0  | out |    6|  ap_memory | stubsInLayer_6_data |     array    |
|stubsInLayer_6_data_ce0       | out |    1|  ap_memory | stubsInLayer_6_data |     array    |
|stubsInLayer_6_data_q0        |  in |   36|  ap_memory | stubsInLayer_6_data |     array    |
|stubsInLayer_7_data_address0  | out |    6|  ap_memory | stubsInLayer_7_data |     array    |
|stubsInLayer_7_data_ce0       | out |    1|  ap_memory | stubsInLayer_7_data |     array    |
|stubsInLayer_7_data_q0        |  in |   36|  ap_memory | stubsInLayer_7_data |     array    |
|stubsInLayer_8_data_address0  | out |    6|  ap_memory | stubsInLayer_8_data |     array    |
|stubsInLayer_8_data_ce0       | out |    1|  ap_memory | stubsInLayer_8_data |     array    |
|stubsInLayer_8_data_q0        |  in |   36|  ap_memory | stubsInLayer_8_data |     array    |
|tmp_8                         |  in |   11|   ap_none  |        tmp_8        |    scalar    |
|allStubs_0_data_V_address0    | out |    6|  ap_memory |  allStubs_0_data_V  |     array    |
|allStubs_0_data_V_ce0         | out |    1|  ap_memory |  allStubs_0_data_V  |     array    |
|allStubs_0_data_V_we0         | out |    1|  ap_memory |  allStubs_0_data_V  |     array    |
|allStubs_0_data_V_d0          | out |   36|  ap_memory |  allStubs_0_data_V  |     array    |
|allStubs_1_data_V_address0    | out |    6|  ap_memory |  allStubs_1_data_V  |     array    |
|allStubs_1_data_V_ce0         | out |    1|  ap_memory |  allStubs_1_data_V  |     array    |
|allStubs_1_data_V_we0         | out |    1|  ap_memory |  allStubs_1_data_V  |     array    |
|allStubs_1_data_V_d0          | out |   36|  ap_memory |  allStubs_1_data_V  |     array    |
|allStubs_2_data_V_address0    | out |    6|  ap_memory |  allStubs_2_data_V  |     array    |
|allStubs_2_data_V_ce0         | out |    1|  ap_memory |  allStubs_2_data_V  |     array    |
|allStubs_2_data_V_we0         | out |    1|  ap_memory |  allStubs_2_data_V  |     array    |
|allStubs_2_data_V_d0          | out |   36|  ap_memory |  allStubs_2_data_V  |     array    |
|allStubs_3_data_V_address0    | out |    6|  ap_memory |  allStubs_3_data_V  |     array    |
|allStubs_3_data_V_ce0         | out |    1|  ap_memory |  allStubs_3_data_V  |     array    |
|allStubs_3_data_V_we0         | out |    1|  ap_memory |  allStubs_3_data_V  |     array    |
|allStubs_3_data_V_d0          | out |   36|  ap_memory |  allStubs_3_data_V  |     array    |
|allStubs_4_data_V_address0    | out |    6|  ap_memory |  allStubs_4_data_V  |     array    |
|allStubs_4_data_V_ce0         | out |    1|  ap_memory |  allStubs_4_data_V  |     array    |
|allStubs_4_data_V_we0         | out |    1|  ap_memory |  allStubs_4_data_V  |     array    |
|allStubs_4_data_V_d0          | out |   36|  ap_memory |  allStubs_4_data_V  |     array    |
|allStubs_5_data_V_address0    | out |    6|  ap_memory |  allStubs_5_data_V  |     array    |
|allStubs_5_data_V_ce0         | out |    1|  ap_memory |  allStubs_5_data_V  |     array    |
|allStubs_5_data_V_we0         | out |    1|  ap_memory |  allStubs_5_data_V  |     array    |
|allStubs_5_data_V_d0          | out |   36|  ap_memory |  allStubs_5_data_V  |     array    |
|allStubs_6_data_V_address0    | out |    6|  ap_memory |  allStubs_6_data_V  |     array    |
|allStubs_6_data_V_ce0         | out |    1|  ap_memory |  allStubs_6_data_V  |     array    |
|allStubs_6_data_V_we0         | out |    1|  ap_memory |  allStubs_6_data_V  |     array    |
|allStubs_6_data_V_d0          | out |   36|  ap_memory |  allStubs_6_data_V  |     array    |
|allStubs_7_data_V_address0    | out |    6|  ap_memory |  allStubs_7_data_V  |     array    |
|allStubs_7_data_V_ce0         | out |    1|  ap_memory |  allStubs_7_data_V  |     array    |
|allStubs_7_data_V_we0         | out |    1|  ap_memory |  allStubs_7_data_V  |     array    |
|allStubs_7_data_V_d0          | out |   36|  ap_memory |  allStubs_7_data_V  |     array    |
|allStubs_8_data_V_address0    | out |    6|  ap_memory |  allStubs_8_data_V  |     array    |
|allStubs_8_data_V_ce0         | out |    1|  ap_memory |  allStubs_8_data_V  |     array    |
|allStubs_8_data_V_we0         | out |    1|  ap_memory |  allStubs_8_data_V  |     array    |
|allStubs_8_data_V_d0          | out |   36|  ap_memory |  allStubs_8_data_V  |     array    |
|tmp_81                        |  in |   11|   ap_none  |        tmp_81       |    scalar    |
|vmStubsPH1Z1_0_data_address0  | out |    6|  ap_memory | vmStubsPH1Z1_0_data |     array    |
|vmStubsPH1Z1_0_data_ce0       | out |    1|  ap_memory | vmStubsPH1Z1_0_data |     array    |
|vmStubsPH1Z1_0_data_we0       | out |    1|  ap_memory | vmStubsPH1Z1_0_data |     array    |
|vmStubsPH1Z1_0_data_d0        | out |   18|  ap_memory | vmStubsPH1Z1_0_data |     array    |
|vmStubsPH1Z1_1_data_address0  | out |    6|  ap_memory | vmStubsPH1Z1_1_data |     array    |
|vmStubsPH1Z1_1_data_ce0       | out |    1|  ap_memory | vmStubsPH1Z1_1_data |     array    |
|vmStubsPH1Z1_1_data_we0       | out |    1|  ap_memory | vmStubsPH1Z1_1_data |     array    |
|vmStubsPH1Z1_1_data_d0        | out |   18|  ap_memory | vmStubsPH1Z1_1_data |     array    |
|vmStubsPH1Z1_2_data_address0  | out |    6|  ap_memory | vmStubsPH1Z1_2_data |     array    |
|vmStubsPH1Z1_2_data_ce0       | out |    1|  ap_memory | vmStubsPH1Z1_2_data |     array    |
|vmStubsPH1Z1_2_data_we0       | out |    1|  ap_memory | vmStubsPH1Z1_2_data |     array    |
|vmStubsPH1Z1_2_data_d0        | out |   18|  ap_memory | vmStubsPH1Z1_2_data |     array    |
|vmStubsPH1Z1_3_data_address0  | out |    6|  ap_memory | vmStubsPH1Z1_3_data |     array    |
|vmStubsPH1Z1_3_data_ce0       | out |    1|  ap_memory | vmStubsPH1Z1_3_data |     array    |
|vmStubsPH1Z1_3_data_we0       | out |    1|  ap_memory | vmStubsPH1Z1_3_data |     array    |
|vmStubsPH1Z1_3_data_d0        | out |   18|  ap_memory | vmStubsPH1Z1_3_data |     array    |
|vmStubsPH1Z1_4_data_address0  | out |    6|  ap_memory | vmStubsPH1Z1_4_data |     array    |
|vmStubsPH1Z1_4_data_ce0       | out |    1|  ap_memory | vmStubsPH1Z1_4_data |     array    |
|vmStubsPH1Z1_4_data_we0       | out |    1|  ap_memory | vmStubsPH1Z1_4_data |     array    |
|vmStubsPH1Z1_4_data_d0        | out |   18|  ap_memory | vmStubsPH1Z1_4_data |     array    |
|vmStubsPH1Z1_5_data_address0  | out |    6|  ap_memory | vmStubsPH1Z1_5_data |     array    |
|vmStubsPH1Z1_5_data_ce0       | out |    1|  ap_memory | vmStubsPH1Z1_5_data |     array    |
|vmStubsPH1Z1_5_data_we0       | out |    1|  ap_memory | vmStubsPH1Z1_5_data |     array    |
|vmStubsPH1Z1_5_data_d0        | out |   18|  ap_memory | vmStubsPH1Z1_5_data |     array    |
|vmStubsPH1Z1_6_data_address0  | out |    6|  ap_memory | vmStubsPH1Z1_6_data |     array    |
|vmStubsPH1Z1_6_data_ce0       | out |    1|  ap_memory | vmStubsPH1Z1_6_data |     array    |
|vmStubsPH1Z1_6_data_we0       | out |    1|  ap_memory | vmStubsPH1Z1_6_data |     array    |
|vmStubsPH1Z1_6_data_d0        | out |   18|  ap_memory | vmStubsPH1Z1_6_data |     array    |
|vmStubsPH1Z1_7_data_address0  | out |    6|  ap_memory | vmStubsPH1Z1_7_data |     array    |
|vmStubsPH1Z1_7_data_ce0       | out |    1|  ap_memory | vmStubsPH1Z1_7_data |     array    |
|vmStubsPH1Z1_7_data_we0       | out |    1|  ap_memory | vmStubsPH1Z1_7_data |     array    |
|vmStubsPH1Z1_7_data_d0        | out |   18|  ap_memory | vmStubsPH1Z1_7_data |     array    |
|vmStubsPH1Z1_8_data_address0  | out |    6|  ap_memory | vmStubsPH1Z1_8_data |     array    |
|vmStubsPH1Z1_8_data_ce0       | out |    1|  ap_memory | vmStubsPH1Z1_8_data |     array    |
|vmStubsPH1Z1_8_data_we0       | out |    1|  ap_memory | vmStubsPH1Z1_8_data |     array    |
|vmStubsPH1Z1_8_data_d0        | out |   18|  ap_memory | vmStubsPH1Z1_8_data |     array    |
|tmp_82                        |  in |   11|   ap_none  |        tmp_82       |    scalar    |
|vmStubsPH2Z1_0_data_address0  | out |    6|  ap_memory | vmStubsPH2Z1_0_data |     array    |
|vmStubsPH2Z1_0_data_ce0       | out |    1|  ap_memory | vmStubsPH2Z1_0_data |     array    |
|vmStubsPH2Z1_0_data_we0       | out |    1|  ap_memory | vmStubsPH2Z1_0_data |     array    |
|vmStubsPH2Z1_0_data_d0        | out |   18|  ap_memory | vmStubsPH2Z1_0_data |     array    |
|vmStubsPH2Z1_1_data_address0  | out |    6|  ap_memory | vmStubsPH2Z1_1_data |     array    |
|vmStubsPH2Z1_1_data_ce0       | out |    1|  ap_memory | vmStubsPH2Z1_1_data |     array    |
|vmStubsPH2Z1_1_data_we0       | out |    1|  ap_memory | vmStubsPH2Z1_1_data |     array    |
|vmStubsPH2Z1_1_data_d0        | out |   18|  ap_memory | vmStubsPH2Z1_1_data |     array    |
|vmStubsPH2Z1_2_data_address0  | out |    6|  ap_memory | vmStubsPH2Z1_2_data |     array    |
|vmStubsPH2Z1_2_data_ce0       | out |    1|  ap_memory | vmStubsPH2Z1_2_data |     array    |
|vmStubsPH2Z1_2_data_we0       | out |    1|  ap_memory | vmStubsPH2Z1_2_data |     array    |
|vmStubsPH2Z1_2_data_d0        | out |   18|  ap_memory | vmStubsPH2Z1_2_data |     array    |
|vmStubsPH2Z1_3_data_address0  | out |    6|  ap_memory | vmStubsPH2Z1_3_data |     array    |
|vmStubsPH2Z1_3_data_ce0       | out |    1|  ap_memory | vmStubsPH2Z1_3_data |     array    |
|vmStubsPH2Z1_3_data_we0       | out |    1|  ap_memory | vmStubsPH2Z1_3_data |     array    |
|vmStubsPH2Z1_3_data_d0        | out |   18|  ap_memory | vmStubsPH2Z1_3_data |     array    |
|vmStubsPH2Z1_4_data_address0  | out |    6|  ap_memory | vmStubsPH2Z1_4_data |     array    |
|vmStubsPH2Z1_4_data_ce0       | out |    1|  ap_memory | vmStubsPH2Z1_4_data |     array    |
|vmStubsPH2Z1_4_data_we0       | out |    1|  ap_memory | vmStubsPH2Z1_4_data |     array    |
|vmStubsPH2Z1_4_data_d0        | out |   18|  ap_memory | vmStubsPH2Z1_4_data |     array    |
|vmStubsPH2Z1_5_data_address0  | out |    6|  ap_memory | vmStubsPH2Z1_5_data |     array    |
|vmStubsPH2Z1_5_data_ce0       | out |    1|  ap_memory | vmStubsPH2Z1_5_data |     array    |
|vmStubsPH2Z1_5_data_we0       | out |    1|  ap_memory | vmStubsPH2Z1_5_data |     array    |
|vmStubsPH2Z1_5_data_d0        | out |   18|  ap_memory | vmStubsPH2Z1_5_data |     array    |
|vmStubsPH2Z1_6_data_address0  | out |    6|  ap_memory | vmStubsPH2Z1_6_data |     array    |
|vmStubsPH2Z1_6_data_ce0       | out |    1|  ap_memory | vmStubsPH2Z1_6_data |     array    |
|vmStubsPH2Z1_6_data_we0       | out |    1|  ap_memory | vmStubsPH2Z1_6_data |     array    |
|vmStubsPH2Z1_6_data_d0        | out |   18|  ap_memory | vmStubsPH2Z1_6_data |     array    |
|vmStubsPH2Z1_7_data_address0  | out |    6|  ap_memory | vmStubsPH2Z1_7_data |     array    |
|vmStubsPH2Z1_7_data_ce0       | out |    1|  ap_memory | vmStubsPH2Z1_7_data |     array    |
|vmStubsPH2Z1_7_data_we0       | out |    1|  ap_memory | vmStubsPH2Z1_7_data |     array    |
|vmStubsPH2Z1_7_data_d0        | out |   18|  ap_memory | vmStubsPH2Z1_7_data |     array    |
|vmStubsPH2Z1_8_data_address0  | out |    6|  ap_memory | vmStubsPH2Z1_8_data |     array    |
|vmStubsPH2Z1_8_data_ce0       | out |    1|  ap_memory | vmStubsPH2Z1_8_data |     array    |
|vmStubsPH2Z1_8_data_we0       | out |    1|  ap_memory | vmStubsPH2Z1_8_data |     array    |
|vmStubsPH2Z1_8_data_d0        | out |   18|  ap_memory | vmStubsPH2Z1_8_data |     array    |
|tmp_83                        |  in |   11|   ap_none  |        tmp_83       |    scalar    |
|vmStubsPH3Z1_0_data_address0  | out |    6|  ap_memory | vmStubsPH3Z1_0_data |     array    |
|vmStubsPH3Z1_0_data_ce0       | out |    1|  ap_memory | vmStubsPH3Z1_0_data |     array    |
|vmStubsPH3Z1_0_data_we0       | out |    1|  ap_memory | vmStubsPH3Z1_0_data |     array    |
|vmStubsPH3Z1_0_data_d0        | out |   18|  ap_memory | vmStubsPH3Z1_0_data |     array    |
|vmStubsPH3Z1_1_data_address0  | out |    6|  ap_memory | vmStubsPH3Z1_1_data |     array    |
|vmStubsPH3Z1_1_data_ce0       | out |    1|  ap_memory | vmStubsPH3Z1_1_data |     array    |
|vmStubsPH3Z1_1_data_we0       | out |    1|  ap_memory | vmStubsPH3Z1_1_data |     array    |
|vmStubsPH3Z1_1_data_d0        | out |   18|  ap_memory | vmStubsPH3Z1_1_data |     array    |
|vmStubsPH3Z1_2_data_address0  | out |    6|  ap_memory | vmStubsPH3Z1_2_data |     array    |
|vmStubsPH3Z1_2_data_ce0       | out |    1|  ap_memory | vmStubsPH3Z1_2_data |     array    |
|vmStubsPH3Z1_2_data_we0       | out |    1|  ap_memory | vmStubsPH3Z1_2_data |     array    |
|vmStubsPH3Z1_2_data_d0        | out |   18|  ap_memory | vmStubsPH3Z1_2_data |     array    |
|vmStubsPH3Z1_3_data_address0  | out |    6|  ap_memory | vmStubsPH3Z1_3_data |     array    |
|vmStubsPH3Z1_3_data_ce0       | out |    1|  ap_memory | vmStubsPH3Z1_3_data |     array    |
|vmStubsPH3Z1_3_data_we0       | out |    1|  ap_memory | vmStubsPH3Z1_3_data |     array    |
|vmStubsPH3Z1_3_data_d0        | out |   18|  ap_memory | vmStubsPH3Z1_3_data |     array    |
|vmStubsPH3Z1_4_data_address0  | out |    6|  ap_memory | vmStubsPH3Z1_4_data |     array    |
|vmStubsPH3Z1_4_data_ce0       | out |    1|  ap_memory | vmStubsPH3Z1_4_data |     array    |
|vmStubsPH3Z1_4_data_we0       | out |    1|  ap_memory | vmStubsPH3Z1_4_data |     array    |
|vmStubsPH3Z1_4_data_d0        | out |   18|  ap_memory | vmStubsPH3Z1_4_data |     array    |
|vmStubsPH3Z1_5_data_address0  | out |    6|  ap_memory | vmStubsPH3Z1_5_data |     array    |
|vmStubsPH3Z1_5_data_ce0       | out |    1|  ap_memory | vmStubsPH3Z1_5_data |     array    |
|vmStubsPH3Z1_5_data_we0       | out |    1|  ap_memory | vmStubsPH3Z1_5_data |     array    |
|vmStubsPH3Z1_5_data_d0        | out |   18|  ap_memory | vmStubsPH3Z1_5_data |     array    |
|vmStubsPH3Z1_6_data_address0  | out |    6|  ap_memory | vmStubsPH3Z1_6_data |     array    |
|vmStubsPH3Z1_6_data_ce0       | out |    1|  ap_memory | vmStubsPH3Z1_6_data |     array    |
|vmStubsPH3Z1_6_data_we0       | out |    1|  ap_memory | vmStubsPH3Z1_6_data |     array    |
|vmStubsPH3Z1_6_data_d0        | out |   18|  ap_memory | vmStubsPH3Z1_6_data |     array    |
|vmStubsPH3Z1_7_data_address0  | out |    6|  ap_memory | vmStubsPH3Z1_7_data |     array    |
|vmStubsPH3Z1_7_data_ce0       | out |    1|  ap_memory | vmStubsPH3Z1_7_data |     array    |
|vmStubsPH3Z1_7_data_we0       | out |    1|  ap_memory | vmStubsPH3Z1_7_data |     array    |
|vmStubsPH3Z1_7_data_d0        | out |   18|  ap_memory | vmStubsPH3Z1_7_data |     array    |
|vmStubsPH3Z1_8_data_address0  | out |    6|  ap_memory | vmStubsPH3Z1_8_data |     array    |
|vmStubsPH3Z1_8_data_ce0       | out |    1|  ap_memory | vmStubsPH3Z1_8_data |     array    |
|vmStubsPH3Z1_8_data_we0       | out |    1|  ap_memory | vmStubsPH3Z1_8_data |     array    |
|vmStubsPH3Z1_8_data_d0        | out |   18|  ap_memory | vmStubsPH3Z1_8_data |     array    |
|tmp_84                        |  in |   11|   ap_none  |        tmp_84       |    scalar    |
|vmStubsPH4Z1_0_data_address0  | out |    6|  ap_memory | vmStubsPH4Z1_0_data |     array    |
|vmStubsPH4Z1_0_data_ce0       | out |    1|  ap_memory | vmStubsPH4Z1_0_data |     array    |
|vmStubsPH4Z1_0_data_we0       | out |    1|  ap_memory | vmStubsPH4Z1_0_data |     array    |
|vmStubsPH4Z1_0_data_d0        | out |   18|  ap_memory | vmStubsPH4Z1_0_data |     array    |
|vmStubsPH4Z1_1_data_address0  | out |    6|  ap_memory | vmStubsPH4Z1_1_data |     array    |
|vmStubsPH4Z1_1_data_ce0       | out |    1|  ap_memory | vmStubsPH4Z1_1_data |     array    |
|vmStubsPH4Z1_1_data_we0       | out |    1|  ap_memory | vmStubsPH4Z1_1_data |     array    |
|vmStubsPH4Z1_1_data_d0        | out |   18|  ap_memory | vmStubsPH4Z1_1_data |     array    |
|vmStubsPH4Z1_2_data_address0  | out |    6|  ap_memory | vmStubsPH4Z1_2_data |     array    |
|vmStubsPH4Z1_2_data_ce0       | out |    1|  ap_memory | vmStubsPH4Z1_2_data |     array    |
|vmStubsPH4Z1_2_data_we0       | out |    1|  ap_memory | vmStubsPH4Z1_2_data |     array    |
|vmStubsPH4Z1_2_data_d0        | out |   18|  ap_memory | vmStubsPH4Z1_2_data |     array    |
|vmStubsPH4Z1_3_data_address0  | out |    6|  ap_memory | vmStubsPH4Z1_3_data |     array    |
|vmStubsPH4Z1_3_data_ce0       | out |    1|  ap_memory | vmStubsPH4Z1_3_data |     array    |
|vmStubsPH4Z1_3_data_we0       | out |    1|  ap_memory | vmStubsPH4Z1_3_data |     array    |
|vmStubsPH4Z1_3_data_d0        | out |   18|  ap_memory | vmStubsPH4Z1_3_data |     array    |
|vmStubsPH4Z1_4_data_address0  | out |    6|  ap_memory | vmStubsPH4Z1_4_data |     array    |
|vmStubsPH4Z1_4_data_ce0       | out |    1|  ap_memory | vmStubsPH4Z1_4_data |     array    |
|vmStubsPH4Z1_4_data_we0       | out |    1|  ap_memory | vmStubsPH4Z1_4_data |     array    |
|vmStubsPH4Z1_4_data_d0        | out |   18|  ap_memory | vmStubsPH4Z1_4_data |     array    |
|vmStubsPH4Z1_5_data_address0  | out |    6|  ap_memory | vmStubsPH4Z1_5_data |     array    |
|vmStubsPH4Z1_5_data_ce0       | out |    1|  ap_memory | vmStubsPH4Z1_5_data |     array    |
|vmStubsPH4Z1_5_data_we0       | out |    1|  ap_memory | vmStubsPH4Z1_5_data |     array    |
|vmStubsPH4Z1_5_data_d0        | out |   18|  ap_memory | vmStubsPH4Z1_5_data |     array    |
|vmStubsPH4Z1_6_data_address0  | out |    6|  ap_memory | vmStubsPH4Z1_6_data |     array    |
|vmStubsPH4Z1_6_data_ce0       | out |    1|  ap_memory | vmStubsPH4Z1_6_data |     array    |
|vmStubsPH4Z1_6_data_we0       | out |    1|  ap_memory | vmStubsPH4Z1_6_data |     array    |
|vmStubsPH4Z1_6_data_d0        | out |   18|  ap_memory | vmStubsPH4Z1_6_data |     array    |
|vmStubsPH4Z1_7_data_address0  | out |    6|  ap_memory | vmStubsPH4Z1_7_data |     array    |
|vmStubsPH4Z1_7_data_ce0       | out |    1|  ap_memory | vmStubsPH4Z1_7_data |     array    |
|vmStubsPH4Z1_7_data_we0       | out |    1|  ap_memory | vmStubsPH4Z1_7_data |     array    |
|vmStubsPH4Z1_7_data_d0        | out |   18|  ap_memory | vmStubsPH4Z1_7_data |     array    |
|vmStubsPH4Z1_8_data_address0  | out |    6|  ap_memory | vmStubsPH4Z1_8_data |     array    |
|vmStubsPH4Z1_8_data_ce0       | out |    1|  ap_memory | vmStubsPH4Z1_8_data |     array    |
|vmStubsPH4Z1_8_data_we0       | out |    1|  ap_memory | vmStubsPH4Z1_8_data |     array    |
|vmStubsPH4Z1_8_data_d0        | out |   18|  ap_memory | vmStubsPH4Z1_8_data |     array    |
|tmp_85                        |  in |   11|   ap_none  |        tmp_85       |    scalar    |
|vmStubsPH1Z2_0_data_address0  | out |    6|  ap_memory | vmStubsPH1Z2_0_data |     array    |
|vmStubsPH1Z2_0_data_ce0       | out |    1|  ap_memory | vmStubsPH1Z2_0_data |     array    |
|vmStubsPH1Z2_0_data_we0       | out |    1|  ap_memory | vmStubsPH1Z2_0_data |     array    |
|vmStubsPH1Z2_0_data_d0        | out |   18|  ap_memory | vmStubsPH1Z2_0_data |     array    |
|vmStubsPH1Z2_1_data_address0  | out |    6|  ap_memory | vmStubsPH1Z2_1_data |     array    |
|vmStubsPH1Z2_1_data_ce0       | out |    1|  ap_memory | vmStubsPH1Z2_1_data |     array    |
|vmStubsPH1Z2_1_data_we0       | out |    1|  ap_memory | vmStubsPH1Z2_1_data |     array    |
|vmStubsPH1Z2_1_data_d0        | out |   18|  ap_memory | vmStubsPH1Z2_1_data |     array    |
|vmStubsPH1Z2_2_data_address0  | out |    6|  ap_memory | vmStubsPH1Z2_2_data |     array    |
|vmStubsPH1Z2_2_data_ce0       | out |    1|  ap_memory | vmStubsPH1Z2_2_data |     array    |
|vmStubsPH1Z2_2_data_we0       | out |    1|  ap_memory | vmStubsPH1Z2_2_data |     array    |
|vmStubsPH1Z2_2_data_d0        | out |   18|  ap_memory | vmStubsPH1Z2_2_data |     array    |
|vmStubsPH1Z2_3_data_address0  | out |    6|  ap_memory | vmStubsPH1Z2_3_data |     array    |
|vmStubsPH1Z2_3_data_ce0       | out |    1|  ap_memory | vmStubsPH1Z2_3_data |     array    |
|vmStubsPH1Z2_3_data_we0       | out |    1|  ap_memory | vmStubsPH1Z2_3_data |     array    |
|vmStubsPH1Z2_3_data_d0        | out |   18|  ap_memory | vmStubsPH1Z2_3_data |     array    |
|vmStubsPH1Z2_4_data_address0  | out |    6|  ap_memory | vmStubsPH1Z2_4_data |     array    |
|vmStubsPH1Z2_4_data_ce0       | out |    1|  ap_memory | vmStubsPH1Z2_4_data |     array    |
|vmStubsPH1Z2_4_data_we0       | out |    1|  ap_memory | vmStubsPH1Z2_4_data |     array    |
|vmStubsPH1Z2_4_data_d0        | out |   18|  ap_memory | vmStubsPH1Z2_4_data |     array    |
|vmStubsPH1Z2_5_data_address0  | out |    6|  ap_memory | vmStubsPH1Z2_5_data |     array    |
|vmStubsPH1Z2_5_data_ce0       | out |    1|  ap_memory | vmStubsPH1Z2_5_data |     array    |
|vmStubsPH1Z2_5_data_we0       | out |    1|  ap_memory | vmStubsPH1Z2_5_data |     array    |
|vmStubsPH1Z2_5_data_d0        | out |   18|  ap_memory | vmStubsPH1Z2_5_data |     array    |
|vmStubsPH1Z2_6_data_address0  | out |    6|  ap_memory | vmStubsPH1Z2_6_data |     array    |
|vmStubsPH1Z2_6_data_ce0       | out |    1|  ap_memory | vmStubsPH1Z2_6_data |     array    |
|vmStubsPH1Z2_6_data_we0       | out |    1|  ap_memory | vmStubsPH1Z2_6_data |     array    |
|vmStubsPH1Z2_6_data_d0        | out |   18|  ap_memory | vmStubsPH1Z2_6_data |     array    |
|vmStubsPH1Z2_7_data_address0  | out |    6|  ap_memory | vmStubsPH1Z2_7_data |     array    |
|vmStubsPH1Z2_7_data_ce0       | out |    1|  ap_memory | vmStubsPH1Z2_7_data |     array    |
|vmStubsPH1Z2_7_data_we0       | out |    1|  ap_memory | vmStubsPH1Z2_7_data |     array    |
|vmStubsPH1Z2_7_data_d0        | out |   18|  ap_memory | vmStubsPH1Z2_7_data |     array    |
|vmStubsPH1Z2_8_data_address0  | out |    6|  ap_memory | vmStubsPH1Z2_8_data |     array    |
|vmStubsPH1Z2_8_data_ce0       | out |    1|  ap_memory | vmStubsPH1Z2_8_data |     array    |
|vmStubsPH1Z2_8_data_we0       | out |    1|  ap_memory | vmStubsPH1Z2_8_data |     array    |
|vmStubsPH1Z2_8_data_d0        | out |   18|  ap_memory | vmStubsPH1Z2_8_data |     array    |
|tmp_86                        |  in |   11|   ap_none  |        tmp_86       |    scalar    |
|vmStubsPH2Z2_0_data_address0  | out |    6|  ap_memory | vmStubsPH2Z2_0_data |     array    |
|vmStubsPH2Z2_0_data_ce0       | out |    1|  ap_memory | vmStubsPH2Z2_0_data |     array    |
|vmStubsPH2Z2_0_data_we0       | out |    1|  ap_memory | vmStubsPH2Z2_0_data |     array    |
|vmStubsPH2Z2_0_data_d0        | out |   18|  ap_memory | vmStubsPH2Z2_0_data |     array    |
|vmStubsPH2Z2_1_data_address0  | out |    6|  ap_memory | vmStubsPH2Z2_1_data |     array    |
|vmStubsPH2Z2_1_data_ce0       | out |    1|  ap_memory | vmStubsPH2Z2_1_data |     array    |
|vmStubsPH2Z2_1_data_we0       | out |    1|  ap_memory | vmStubsPH2Z2_1_data |     array    |
|vmStubsPH2Z2_1_data_d0        | out |   18|  ap_memory | vmStubsPH2Z2_1_data |     array    |
|vmStubsPH2Z2_2_data_address0  | out |    6|  ap_memory | vmStubsPH2Z2_2_data |     array    |
|vmStubsPH2Z2_2_data_ce0       | out |    1|  ap_memory | vmStubsPH2Z2_2_data |     array    |
|vmStubsPH2Z2_2_data_we0       | out |    1|  ap_memory | vmStubsPH2Z2_2_data |     array    |
|vmStubsPH2Z2_2_data_d0        | out |   18|  ap_memory | vmStubsPH2Z2_2_data |     array    |
|vmStubsPH2Z2_3_data_address0  | out |    6|  ap_memory | vmStubsPH2Z2_3_data |     array    |
|vmStubsPH2Z2_3_data_ce0       | out |    1|  ap_memory | vmStubsPH2Z2_3_data |     array    |
|vmStubsPH2Z2_3_data_we0       | out |    1|  ap_memory | vmStubsPH2Z2_3_data |     array    |
|vmStubsPH2Z2_3_data_d0        | out |   18|  ap_memory | vmStubsPH2Z2_3_data |     array    |
|vmStubsPH2Z2_4_data_address0  | out |    6|  ap_memory | vmStubsPH2Z2_4_data |     array    |
|vmStubsPH2Z2_4_data_ce0       | out |    1|  ap_memory | vmStubsPH2Z2_4_data |     array    |
|vmStubsPH2Z2_4_data_we0       | out |    1|  ap_memory | vmStubsPH2Z2_4_data |     array    |
|vmStubsPH2Z2_4_data_d0        | out |   18|  ap_memory | vmStubsPH2Z2_4_data |     array    |
|vmStubsPH2Z2_5_data_address0  | out |    6|  ap_memory | vmStubsPH2Z2_5_data |     array    |
|vmStubsPH2Z2_5_data_ce0       | out |    1|  ap_memory | vmStubsPH2Z2_5_data |     array    |
|vmStubsPH2Z2_5_data_we0       | out |    1|  ap_memory | vmStubsPH2Z2_5_data |     array    |
|vmStubsPH2Z2_5_data_d0        | out |   18|  ap_memory | vmStubsPH2Z2_5_data |     array    |
|vmStubsPH2Z2_6_data_address0  | out |    6|  ap_memory | vmStubsPH2Z2_6_data |     array    |
|vmStubsPH2Z2_6_data_ce0       | out |    1|  ap_memory | vmStubsPH2Z2_6_data |     array    |
|vmStubsPH2Z2_6_data_we0       | out |    1|  ap_memory | vmStubsPH2Z2_6_data |     array    |
|vmStubsPH2Z2_6_data_d0        | out |   18|  ap_memory | vmStubsPH2Z2_6_data |     array    |
|vmStubsPH2Z2_7_data_address0  | out |    6|  ap_memory | vmStubsPH2Z2_7_data |     array    |
|vmStubsPH2Z2_7_data_ce0       | out |    1|  ap_memory | vmStubsPH2Z2_7_data |     array    |
|vmStubsPH2Z2_7_data_we0       | out |    1|  ap_memory | vmStubsPH2Z2_7_data |     array    |
|vmStubsPH2Z2_7_data_d0        | out |   18|  ap_memory | vmStubsPH2Z2_7_data |     array    |
|vmStubsPH2Z2_8_data_address0  | out |    6|  ap_memory | vmStubsPH2Z2_8_data |     array    |
|vmStubsPH2Z2_8_data_ce0       | out |    1|  ap_memory | vmStubsPH2Z2_8_data |     array    |
|vmStubsPH2Z2_8_data_we0       | out |    1|  ap_memory | vmStubsPH2Z2_8_data |     array    |
|vmStubsPH2Z2_8_data_d0        | out |   18|  ap_memory | vmStubsPH2Z2_8_data |     array    |
|tmp_87                        |  in |   11|   ap_none  |        tmp_87       |    scalar    |
|vmStubsPH3Z2_0_data_address0  | out |    6|  ap_memory | vmStubsPH3Z2_0_data |     array    |
|vmStubsPH3Z2_0_data_ce0       | out |    1|  ap_memory | vmStubsPH3Z2_0_data |     array    |
|vmStubsPH3Z2_0_data_we0       | out |    1|  ap_memory | vmStubsPH3Z2_0_data |     array    |
|vmStubsPH3Z2_0_data_d0        | out |   18|  ap_memory | vmStubsPH3Z2_0_data |     array    |
|vmStubsPH3Z2_1_data_address0  | out |    6|  ap_memory | vmStubsPH3Z2_1_data |     array    |
|vmStubsPH3Z2_1_data_ce0       | out |    1|  ap_memory | vmStubsPH3Z2_1_data |     array    |
|vmStubsPH3Z2_1_data_we0       | out |    1|  ap_memory | vmStubsPH3Z2_1_data |     array    |
|vmStubsPH3Z2_1_data_d0        | out |   18|  ap_memory | vmStubsPH3Z2_1_data |     array    |
|vmStubsPH3Z2_2_data_address0  | out |    6|  ap_memory | vmStubsPH3Z2_2_data |     array    |
|vmStubsPH3Z2_2_data_ce0       | out |    1|  ap_memory | vmStubsPH3Z2_2_data |     array    |
|vmStubsPH3Z2_2_data_we0       | out |    1|  ap_memory | vmStubsPH3Z2_2_data |     array    |
|vmStubsPH3Z2_2_data_d0        | out |   18|  ap_memory | vmStubsPH3Z2_2_data |     array    |
|vmStubsPH3Z2_3_data_address0  | out |    6|  ap_memory | vmStubsPH3Z2_3_data |     array    |
|vmStubsPH3Z2_3_data_ce0       | out |    1|  ap_memory | vmStubsPH3Z2_3_data |     array    |
|vmStubsPH3Z2_3_data_we0       | out |    1|  ap_memory | vmStubsPH3Z2_3_data |     array    |
|vmStubsPH3Z2_3_data_d0        | out |   18|  ap_memory | vmStubsPH3Z2_3_data |     array    |
|vmStubsPH3Z2_4_data_address0  | out |    6|  ap_memory | vmStubsPH3Z2_4_data |     array    |
|vmStubsPH3Z2_4_data_ce0       | out |    1|  ap_memory | vmStubsPH3Z2_4_data |     array    |
|vmStubsPH3Z2_4_data_we0       | out |    1|  ap_memory | vmStubsPH3Z2_4_data |     array    |
|vmStubsPH3Z2_4_data_d0        | out |   18|  ap_memory | vmStubsPH3Z2_4_data |     array    |
|vmStubsPH3Z2_5_data_address0  | out |    6|  ap_memory | vmStubsPH3Z2_5_data |     array    |
|vmStubsPH3Z2_5_data_ce0       | out |    1|  ap_memory | vmStubsPH3Z2_5_data |     array    |
|vmStubsPH3Z2_5_data_we0       | out |    1|  ap_memory | vmStubsPH3Z2_5_data |     array    |
|vmStubsPH3Z2_5_data_d0        | out |   18|  ap_memory | vmStubsPH3Z2_5_data |     array    |
|vmStubsPH3Z2_6_data_address0  | out |    6|  ap_memory | vmStubsPH3Z2_6_data |     array    |
|vmStubsPH3Z2_6_data_ce0       | out |    1|  ap_memory | vmStubsPH3Z2_6_data |     array    |
|vmStubsPH3Z2_6_data_we0       | out |    1|  ap_memory | vmStubsPH3Z2_6_data |     array    |
|vmStubsPH3Z2_6_data_d0        | out |   18|  ap_memory | vmStubsPH3Z2_6_data |     array    |
|vmStubsPH3Z2_7_data_address0  | out |    6|  ap_memory | vmStubsPH3Z2_7_data |     array    |
|vmStubsPH3Z2_7_data_ce0       | out |    1|  ap_memory | vmStubsPH3Z2_7_data |     array    |
|vmStubsPH3Z2_7_data_we0       | out |    1|  ap_memory | vmStubsPH3Z2_7_data |     array    |
|vmStubsPH3Z2_7_data_d0        | out |   18|  ap_memory | vmStubsPH3Z2_7_data |     array    |
|vmStubsPH3Z2_8_data_address0  | out |    6|  ap_memory | vmStubsPH3Z2_8_data |     array    |
|vmStubsPH3Z2_8_data_ce0       | out |    1|  ap_memory | vmStubsPH3Z2_8_data |     array    |
|vmStubsPH3Z2_8_data_we0       | out |    1|  ap_memory | vmStubsPH3Z2_8_data |     array    |
|vmStubsPH3Z2_8_data_d0        | out |   18|  ap_memory | vmStubsPH3Z2_8_data |     array    |
|tmp_88                        |  in |   11|   ap_none  |        tmp_88       |    scalar    |
|vmStubsPH4Z2_0_data_address0  | out |    6|  ap_memory | vmStubsPH4Z2_0_data |     array    |
|vmStubsPH4Z2_0_data_ce0       | out |    1|  ap_memory | vmStubsPH4Z2_0_data |     array    |
|vmStubsPH4Z2_0_data_we0       | out |    1|  ap_memory | vmStubsPH4Z2_0_data |     array    |
|vmStubsPH4Z2_0_data_d0        | out |   18|  ap_memory | vmStubsPH4Z2_0_data |     array    |
|vmStubsPH4Z2_1_data_address0  | out |    6|  ap_memory | vmStubsPH4Z2_1_data |     array    |
|vmStubsPH4Z2_1_data_ce0       | out |    1|  ap_memory | vmStubsPH4Z2_1_data |     array    |
|vmStubsPH4Z2_1_data_we0       | out |    1|  ap_memory | vmStubsPH4Z2_1_data |     array    |
|vmStubsPH4Z2_1_data_d0        | out |   18|  ap_memory | vmStubsPH4Z2_1_data |     array    |
|vmStubsPH4Z2_2_data_address0  | out |    6|  ap_memory | vmStubsPH4Z2_2_data |     array    |
|vmStubsPH4Z2_2_data_ce0       | out |    1|  ap_memory | vmStubsPH4Z2_2_data |     array    |
|vmStubsPH4Z2_2_data_we0       | out |    1|  ap_memory | vmStubsPH4Z2_2_data |     array    |
|vmStubsPH4Z2_2_data_d0        | out |   18|  ap_memory | vmStubsPH4Z2_2_data |     array    |
|vmStubsPH4Z2_3_data_address0  | out |    6|  ap_memory | vmStubsPH4Z2_3_data |     array    |
|vmStubsPH4Z2_3_data_ce0       | out |    1|  ap_memory | vmStubsPH4Z2_3_data |     array    |
|vmStubsPH4Z2_3_data_we0       | out |    1|  ap_memory | vmStubsPH4Z2_3_data |     array    |
|vmStubsPH4Z2_3_data_d0        | out |   18|  ap_memory | vmStubsPH4Z2_3_data |     array    |
|vmStubsPH4Z2_4_data_address0  | out |    6|  ap_memory | vmStubsPH4Z2_4_data |     array    |
|vmStubsPH4Z2_4_data_ce0       | out |    1|  ap_memory | vmStubsPH4Z2_4_data |     array    |
|vmStubsPH4Z2_4_data_we0       | out |    1|  ap_memory | vmStubsPH4Z2_4_data |     array    |
|vmStubsPH4Z2_4_data_d0        | out |   18|  ap_memory | vmStubsPH4Z2_4_data |     array    |
|vmStubsPH4Z2_5_data_address0  | out |    6|  ap_memory | vmStubsPH4Z2_5_data |     array    |
|vmStubsPH4Z2_5_data_ce0       | out |    1|  ap_memory | vmStubsPH4Z2_5_data |     array    |
|vmStubsPH4Z2_5_data_we0       | out |    1|  ap_memory | vmStubsPH4Z2_5_data |     array    |
|vmStubsPH4Z2_5_data_d0        | out |   18|  ap_memory | vmStubsPH4Z2_5_data |     array    |
|vmStubsPH4Z2_6_data_address0  | out |    6|  ap_memory | vmStubsPH4Z2_6_data |     array    |
|vmStubsPH4Z2_6_data_ce0       | out |    1|  ap_memory | vmStubsPH4Z2_6_data |     array    |
|vmStubsPH4Z2_6_data_we0       | out |    1|  ap_memory | vmStubsPH4Z2_6_data |     array    |
|vmStubsPH4Z2_6_data_d0        | out |   18|  ap_memory | vmStubsPH4Z2_6_data |     array    |
|vmStubsPH4Z2_7_data_address0  | out |    6|  ap_memory | vmStubsPH4Z2_7_data |     array    |
|vmStubsPH4Z2_7_data_ce0       | out |    1|  ap_memory | vmStubsPH4Z2_7_data |     array    |
|vmStubsPH4Z2_7_data_we0       | out |    1|  ap_memory | vmStubsPH4Z2_7_data |     array    |
|vmStubsPH4Z2_7_data_d0        | out |   18|  ap_memory | vmStubsPH4Z2_7_data |     array    |
|vmStubsPH4Z2_8_data_address0  | out |    6|  ap_memory | vmStubsPH4Z2_8_data |     array    |
|vmStubsPH4Z2_8_data_ce0       | out |    1|  ap_memory | vmStubsPH4Z2_8_data |     array    |
|vmStubsPH4Z2_8_data_we0       | out |    1|  ap_memory | vmStubsPH4Z2_8_data |     array    |
|vmStubsPH4Z2_8_data_d0        | out |   18|  ap_memory | vmStubsPH4Z2_8_data |     array    |
|tmp_89                        |  in |   11|   ap_none  |        tmp_89       |    scalar    |
|nStubs                        |  in |   32|   ap_none  |        nStubs       |    scalar    |
|nPH1Z1_V_read                 |  in |    6|   ap_none  |    nPH1Z1_V_read    |    scalar    |
|nPH2Z1_V_read                 |  in |    6|   ap_none  |    nPH2Z1_V_read    |    scalar    |
|nPH3Z1_V_read                 |  in |    6|   ap_none  |    nPH3Z1_V_read    |    scalar    |
|nPH4Z1_V_read                 |  in |    6|   ap_none  |    nPH4Z1_V_read    |    scalar    |
|nPH1Z2_V_read                 |  in |    6|   ap_none  |    nPH1Z2_V_read    |    scalar    |
|nPH2Z2_V_read                 |  in |    6|   ap_none  |    nPH2Z2_V_read    |    scalar    |
|nPH3Z2_V_read                 |  in |    6|   ap_none  |    nPH3Z2_V_read    |    scalar    |
|nPH4Z2_V_read                 |  in |    6|   ap_none  |    nPH4Z2_V_read    |    scalar    |
+------------------------------+-----+-----+------------+---------------------+--------------+

