

================================================================
== Vivado HLS Report for 'VMRouter'
================================================================
* Date:           Tue Sep 12 10:23:48 2017

* Version:        2017.2 (Build 1909853 on Thu Jun 15 18:55:24 MDT 2017)
* Project:        vmrouter_2
* Solution:       solution2-nodependencies
* Product family: virtex7
* Target device:  xc7vx690tffg1927-2


================================================================
== Performance Estimates
================================================================
+ Timing (ns): 
    * Summary: 
    +--------+-------+----------+------------+
    |  Clock | Target| Estimated| Uncertainty|
    +--------+-------+----------+------------+
    |ap_clk  |   4.00|      3.31|        0.50|
    +--------+-------+----------+------------+

+ Latency (clock cycles): 
    * Summary: 
    +-----+-----+-----+-----+---------+
    |  Latency  |  Interval | Pipeline|
    | min | max | min | max |   Type  |
    +-----+-----+-----+-----+---------+
    |    5|   68|    5|   68|   none  |
    +-----+-----+-----+-----+---------+

    + Detail: 
        * Instance: 
        N/A

        * Loop: 
        +------------+-----+-----+----------+-----------+-----------+--------+----------+
        |            |  Latency  | Iteration|  Initiation Interval  |  Trip  |          |
        |  Loop Name | min | max |  Latency |  achieved |   target  |  Count | Pipelined|
        +------------+-----+-----+----------+-----------+-----------+--------+----------+
        |- STUBLOOP  |    3|   66|         4|          1|          1| 1 ~ 64 |    yes   |
        +------------+-----+-----+----------+-----------+-----------+--------+----------+



================================================================
== Utilization Estimates
================================================================
* Summary: 
+-----------------+---------+-------+--------+--------+
|       Name      | BRAM_18K| DSP48E|   FF   |   LUT  |
+-----------------+---------+-------+--------+--------+
|DSP              |        -|      -|       -|       -|
|Expression       |        -|      -|     783|     383|
|FIFO             |        -|      -|       -|       -|
|Instance         |        -|      -|     101|      25|
|Memory           |        -|      -|       -|       -|
|Multiplexer      |        -|      -|       -|     134|
|Register         |        -|      -|     614|     128|
+-----------------+---------+-------+--------+--------+
|Total            |        0|      0|    1498|     670|
+-----------------+---------+-------+--------+--------+
|Available        |     2940|   3600|  866400|  433200|
+-----------------+---------+-------+--------+--------+
|Utilization (%)  |        0|      0|   ~0   |   ~0   |
+-----------------+---------+-------+--------+--------+

+ Detail: 
    * Instance: 
    +-------------------------+----------------------+---------+-------+-----+----+
    |         Instance        |        Module        | BRAM_18K| DSP48E|  FF | LUT|
    +-------------------------+----------------------+---------+-------+-----+----+
    |VMRouterDispatchebkb_U1  |VMRouterDispatchebkb  |        0|      0|  101|  25|
    +-------------------------+----------------------+---------+-------+-----+----+
    |Total                    |                      |        0|      0|  101|  25|
    +-------------------------+----------------------+---------+-------+-----+----+

    * DSP48: 
    N/A

    * Memory: 
    N/A

    * FIFO: 
    N/A

    * Expression: 
    +------------------------------+----------+-------+----+----+------------+------------+
    |         Variable Name        | Operation| DSP48E| FF | LUT| Bitwidth P0| Bitwidth P1|
    +------------------------------+----------+-------+----+----+------------+------------+
    |i_1_fu_1227_p2                |     +    |      0|  26|  12|           7|           1|
    |index_V_fu_1164_p2            |     +    |      0|  23|  11|           6|           1|
    |newIndex10_fu_1449_p2         |     +    |      0|  23|  11|           6|           6|
    |newIndex12_fu_1411_p2         |     +    |      0|  23|  11|           6|           6|
    |newIndex14_fu_1373_p2         |     +    |      0|  23|  11|           6|           6|
    |newIndex16_fu_1335_p2         |     +    |      0|  23|  11|           6|           6|
    |newIndex18_fu_1297_p2         |     +    |      0|  23|  11|           6|           6|
    |newIndex2_fu_1222_p2          |     +    |      0|  23|  11|           6|           6|
    |newIndex4_fu_1563_p2          |     +    |      0|  23|  11|           6|           6|
    |newIndex6_fu_1525_p2          |     +    |      0|  23|  11|           6|           6|
    |newIndex8_fu_1487_p2          |     +    |      0|  23|  11|           6|           6|
    |newIndex_fu_1202_p2           |     +    |      0|  23|  11|           6|           6|
    |sum1_fu_1207_p2               |     +    |      0|  32|  14|           9|           9|
    |sum2_fu_1548_p2               |     +    |      0|  32|  14|           9|           9|
    |sum3_fu_1510_p2               |     +    |      0|  32|  14|           9|           9|
    |sum4_fu_1472_p2               |     +    |      0|  32|  14|           9|           9|
    |sum5_fu_1434_p2               |     +    |      0|  32|  14|           9|           9|
    |sum6_fu_1396_p2               |     +    |      0|  32|  14|           9|           9|
    |sum7_fu_1358_p2               |     +    |      0|  32|  14|           9|           9|
    |sum8_fu_1320_p2               |     +    |      0|  32|  14|           9|           9|
    |sum9_fu_1282_p2               |     +    |      0|  32|  14|           9|           9|
    |sum_fu_1187_p2                |     +    |      0|  32|  14|           9|           9|
    |tmp_21_fu_1533_p2             |     +    |      0|  23|  11|           6|           1|
    |tmp_23_fu_1495_p2             |     +    |      0|  23|  11|           6|           1|
    |tmp_25_fu_1457_p2             |     +    |      0|  23|  11|           6|           1|
    |tmp_31_fu_1571_p2             |     +    |      0|  23|  11|           6|           1|
    |tmp_32_fu_1419_p2             |     +    |      0|  23|  11|           6|           1|
    |tmp_33_fu_1381_p2             |     +    |      0|  23|  11|           6|           1|
    |tmp_34_fu_1343_p2             |     +    |      0|  23|  11|           6|           1|
    |tmp_35_fu_1305_p2             |     +    |      0|  23|  11|           6|           1|
    |tmp_4_fu_1174_p2              |   icmp   |      0|   0|  16|          32|          32|
    |ap_predicate_tran2to6_state2  |    or    |      0|   0|   2|           1|           1|
    |ap_enable_pp0                 |    xor   |      0|   0|   2|           1|           2|
    |ap_enable_reg_pp0_iter1       |    xor   |      0|   0|   2|           1|           2|
    +------------------------------+----------+-------+----+----+------------+------------+
    |Total                         |          |      0| 783| 383|         246|         197|
    +------------------------------+----------+-------+----+----+------------+------------+

    * Multiplexer: 
    +-------------------------+----+-----------+-----+-----------+
    |           Name          | LUT| Input Size| Bits| Total Bits|
    +-------------------------+----+-----------+-----+-----------+
    |ap_NS_fsm                |  17|          4|    1|          4|
    |ap_enable_reg_pp0_iter1  |   9|          2|    1|          2|
    |ap_enable_reg_pp0_iter3  |   9|          2|    1|          2|
    |i_reg_992                |   9|          2|    7|         14|
    |nPH1Z1_V_fu_262          |   9|          2|    6|         12|
    |nPH1Z2_V_fu_246          |   9|          2|    6|         12|
    |nPH2Z1_V_fu_258          |   9|          2|    6|         12|
    |nPH2Z2_V_fu_242          |   9|          2|    6|         12|
    |nPH3Z1_V_fu_254          |   9|          2|    6|         12|
    |nPH3Z2_V_fu_238          |   9|          2|    6|         12|
    |nPH4Z1_V_fu_250          |   9|          2|    6|         12|
    |nPH4Z2_V_fu_234          |   9|          2|    6|         12|
    |p_0_phi_fu_984_p4        |   9|          2|    6|         12|
    |p_0_reg_980              |   9|          2|    6|         12|
    +-------------------------+----+-----------+-----+-----------+
    |Total                    | 134|         30|   70|        142|
    +-------------------------+----+-----------+-----+-----------+

    * Register: 
    +-----------------------------------+----+----+-----+-----------+
    |                Name               | FF | LUT| Bits| Const Bits|
    +-----------------------------------+----+----+-----+-----------+
    |HLSFullStubLayerPS_d_reg_2087      |  36|   0|   36|          0|
    |ap_CS_fsm                          |   3|   0|    3|          0|
    |ap_enable_reg_pp0_iter0            |   1|   0|    1|          0|
    |ap_enable_reg_pp0_iter1            |   1|   0|    1|          0|
    |ap_enable_reg_pp0_iter2            |   1|   0|    1|          0|
    |ap_enable_reg_pp0_iter3            |   1|   0|    1|          0|
    |ap_reg_pp0_iter1_arrayNo_reg_2038  |   3|   0|    3|          0|
    |arrayNo1_cast_cast_reg_2048        |   3|   0|    3|          0|
    |arrayNo2_cast_cast_reg_2170        |   3|   0|    3|          0|
    |arrayNo3_cast_cast_reg_2161        |   3|   0|    3|          0|
    |arrayNo4_cast_cast_reg_2152        |   3|   0|    3|          0|
    |arrayNo5_cast_cast_reg_2143        |   3|   0|    3|          0|
    |arrayNo6_cast_cast_reg_2134        |   3|   0|    3|          0|
    |arrayNo7_cast_cast_reg_2125        |   3|   0|    3|          0|
    |arrayNo8_cast_cast_reg_2116        |   3|   0|    3|          0|
    |arrayNo9_cast_cast_reg_2107        |   3|   0|    3|          0|
    |arrayNo_reg_2038                   |   3|   0|    3|          0|
    |i_reg_992                          |   7|   0|    7|          0|
    |index_V_reg_2029                   |   6|   0|    6|          0|
    |nPH1Z1_V_fu_262                    |   6|   0|    6|          0|
    |nPH1Z2_V_fu_246                    |   6|   0|    6|          0|
    |nPH2Z1_V_fu_258                    |   6|   0|    6|          0|
    |nPH2Z2_V_fu_242                    |   6|   0|    6|          0|
    |nPH3Z1_V_fu_254                    |   6|   0|    6|          0|
    |nPH3Z2_V_fu_238                    |   6|   0|    6|          0|
    |nPH4Z1_V_fu_250                    |   6|   0|    6|          0|
    |nPH4Z2_V_fu_234                    |   6|   0|    6|          0|
    |newIndex10_reg_2147                |   6|   0|    6|          0|
    |newIndex12_reg_2138                |   6|   0|    6|          0|
    |newIndex14_reg_2129                |   6|   0|    6|          0|
    |newIndex16_reg_2120                |   6|   0|    6|          0|
    |newIndex18_reg_2111                |   6|   0|    6|          0|
    |newIndex2_reg_2052                 |   6|   0|    6|          0|
    |newIndex4_reg_2174                 |   6|   0|    6|          0|
    |newIndex6_reg_2165                 |   6|   0|    6|          0|
    |newIndex8_reg_2156                 |   6|   0|    6|          0|
    |newIndex_reg_2043                  |   6|   0|    6|          0|
    |p_0_reg_980                        |   6|   0|    6|          0|
    |routePhi_V_reg_2099                |   2|   0|    2|          0|
    |routeZ_V_reg_2103                  |   1|   0|    1|          0|
    |tmp_10_reg_1965                    |   6|   0|    6|          0|
    |tmp_20_reg_1970                    |   6|   0|    6|          0|
    |tmp_24_reg_1975                    |   9|   0|    9|          0|
    |tmp_2_reg_1930                     |   6|   0|    6|          0|
    |tmp_39_reg_1980                    |   9|   0|    9|          0|
    |tmp_3_reg_1935                     |   6|   0|    6|          0|
    |tmp_40_reg_1985                    |   9|   0|    9|          0|
    |tmp_41_reg_1990                    |   9|   0|    9|          0|
    |tmp_42_reg_1995                    |   9|   0|    9|          0|
    |tmp_43_reg_2000                    |   9|   0|    9|          0|
    |tmp_44_reg_2005                    |   9|   0|    9|          0|
    |tmp_45_reg_2010                    |   9|   0|    9|          0|
    |tmp_46_reg_2015                    |   9|   0|    9|          0|
    |tmp_47_reg_2020                    |   9|   0|    9|          0|
    |tmp_48_reg_2025                    |   1|   0|    1|          0|
    |tmp_4_reg_2034                     |   1|   0|    1|          0|
    |tmp_5_reg_1940                     |   6|   0|    6|          0|
    |tmp_6_reg_1945                     |   6|   0|    6|          0|
    |tmp_7_reg_1950                     |   6|   0|    6|          0|
    |tmp_8_reg_1955                     |   6|   0|    6|          0|
    |tmp_9_reg_1960                     |   6|   0|    6|          0|
    |tmp_reg_1925                       |   6|   0|    6|          0|
    |arrayNo1_cast_cast_reg_2048        |  64|  32|    3|          0|
    |newIndex2_reg_2052                 |  64|  32|    6|          0|
    |p_0_reg_980                        |  64|  32|    6|          0|
    |tmp_4_reg_2034                     |  64|  32|    1|          0|
    +-----------------------------------+----+----+-----+-----------+
    |Total                              | 614| 128|  374|          0|
    +-----------------------------------+----+----+-----+-----------+



================================================================
== Interface
================================================================
* Summary: 
+------------------------------+-----+-----+------------+---------------------+--------------+
|           RTL Ports          | Dir | Bits|  Protocol  |    Source Object    |    C Type    |
+------------------------------+-----+-----+------------+---------------------+--------------+
|ap_clk                        |  in |    1| ap_ctrl_hs |       VMRouter      | return value |
|ap_rst                        |  in |    1| ap_ctrl_hs |       VMRouter      | return value |
|ap_start                      |  in |    1| ap_ctrl_hs |       VMRouter      | return value |
|ap_done                       | out |    1| ap_ctrl_hs |       VMRouter      | return value |
|ap_idle                       | out |    1| ap_ctrl_hs |       VMRouter      | return value |
|ap_ready                      | out |    1| ap_ctrl_hs |       VMRouter      | return value |
|ap_return_0                   | out |    6| ap_ctrl_hs |       VMRouter      | return value |
|ap_return_1                   | out |    6| ap_ctrl_hs |       VMRouter      | return value |
|ap_return_2                   | out |    6| ap_ctrl_hs |       VMRouter      | return value |
|ap_return_3                   | out |    6| ap_ctrl_hs |       VMRouter      | return value |
|ap_return_4                   | out |    6| ap_ctrl_hs |       VMRouter      | return value |
|ap_return_5                   | out |    6| ap_ctrl_hs |       VMRouter      | return value |
|ap_return_6                   | out |    6| ap_ctrl_hs |       VMRouter      | return value |
|ap_return_7                   | out |    6| ap_ctrl_hs |       VMRouter      | return value |
|stubsInLayer_0_data_address0  | out |    6|  ap_memory | stubsInLayer_0_data |     array    |
|stubsInLayer_0_data_ce0       | out |    1|  ap_memory | stubsInLayer_0_data |     array    |
|stubsInLayer_0_data_q0        |  in |   36|  ap_memory | stubsInLayer_0_data |     array    |
|stubsInLayer_1_data_address0  | out |    6|  ap_memory | stubsInLayer_1_data |     array    |
|stubsInLayer_1_data_ce0       | out |    1|  ap_memory | stubsInLayer_1_data |     array    |
|stubsInLayer_1_data_q0        |  in |   36|  ap_memory | stubsInLayer_1_data |     array    |
|stubsInLayer_2_data_address0  | out |    6|  ap_memory | stubsInLayer_2_data |     array    |
|stubsInLayer_2_data_ce0       | out |    1|  ap_memory | stubsInLayer_2_data |     array    |
|stubsInLayer_2_data_q0        |  in |   36|  ap_memory | stubsInLayer_2_data |     array    |
|stubsInLayer_3_data_address0  | out |    6|  ap_memory | stubsInLayer_3_data |     array    |
|stubsInLayer_3_data_ce0       | out |    1|  ap_memory | stubsInLayer_3_data |     array    |
|stubsInLayer_3_data_q0        |  in |   36|  ap_memory | stubsInLayer_3_data |     array    |
|stubsInLayer_4_data_address0  | out |    6|  ap_memory | stubsInLayer_4_data |     array    |
|stubsInLayer_4_data_ce0       | out |    1|  ap_memory | stubsInLayer_4_data |     array    |
|stubsInLayer_4_data_q0        |  in |   36|  ap_memory | stubsInLayer_4_data |     array    |
|tmp_1                         |  in |   10|   ap_none  |        tmp_1        |    scalar    |
|allStubs_0_data_V_address0    | out |    6|  ap_memory |  allStubs_0_data_V  |     array    |
|allStubs_0_data_V_ce0         | out |    1|  ap_memory |  allStubs_0_data_V  |     array    |
|allStubs_0_data_V_we0         | out |    1|  ap_memory |  allStubs_0_data_V  |     array    |
|allStubs_0_data_V_d0          | out |   36|  ap_memory |  allStubs_0_data_V  |     array    |
|allStubs_1_data_V_address0    | out |    6|  ap_memory |  allStubs_1_data_V  |     array    |
|allStubs_1_data_V_ce0         | out |    1|  ap_memory |  allStubs_1_data_V  |     array    |
|allStubs_1_data_V_we0         | out |    1|  ap_memory |  allStubs_1_data_V  |     array    |
|allStubs_1_data_V_d0          | out |   36|  ap_memory |  allStubs_1_data_V  |     array    |
|allStubs_2_data_V_address0    | out |    6|  ap_memory |  allStubs_2_data_V  |     array    |
|allStubs_2_data_V_ce0         | out |    1|  ap_memory |  allStubs_2_data_V  |     array    |
|allStubs_2_data_V_we0         | out |    1|  ap_memory |  allStubs_2_data_V  |     array    |
|allStubs_2_data_V_d0          | out |   36|  ap_memory |  allStubs_2_data_V  |     array    |
|allStubs_3_data_V_address0    | out |    6|  ap_memory |  allStubs_3_data_V  |     array    |
|allStubs_3_data_V_ce0         | out |    1|  ap_memory |  allStubs_3_data_V  |     array    |
|allStubs_3_data_V_we0         | out |    1|  ap_memory |  allStubs_3_data_V  |     array    |
|allStubs_3_data_V_d0          | out |   36|  ap_memory |  allStubs_3_data_V  |     array    |
|allStubs_4_data_V_address0    | out |    6|  ap_memory |  allStubs_4_data_V  |     array    |
|allStubs_4_data_V_ce0         | out |    1|  ap_memory |  allStubs_4_data_V  |     array    |
|allStubs_4_data_V_we0         | out |    1|  ap_memory |  allStubs_4_data_V  |     array    |
|allStubs_4_data_V_d0          | out |   36|  ap_memory |  allStubs_4_data_V  |     array    |
|tmp_11                        |  in |   10|   ap_none  |        tmp_11       |    scalar    |
|vmStubsPH1Z1_0_data_address0  | out |    6|  ap_memory | vmStubsPH1Z1_0_data |     array    |
|vmStubsPH1Z1_0_data_ce0       | out |    1|  ap_memory | vmStubsPH1Z1_0_data |     array    |
|vmStubsPH1Z1_0_data_we0       | out |    1|  ap_memory | vmStubsPH1Z1_0_data |     array    |
|vmStubsPH1Z1_0_data_d0        | out |   18|  ap_memory | vmStubsPH1Z1_0_data |     array    |
|vmStubsPH1Z1_1_data_address0  | out |    6|  ap_memory | vmStubsPH1Z1_1_data |     array    |
|vmStubsPH1Z1_1_data_ce0       | out |    1|  ap_memory | vmStubsPH1Z1_1_data |     array    |
|vmStubsPH1Z1_1_data_we0       | out |    1|  ap_memory | vmStubsPH1Z1_1_data |     array    |
|vmStubsPH1Z1_1_data_d0        | out |   18|  ap_memory | vmStubsPH1Z1_1_data |     array    |
|vmStubsPH1Z1_2_data_address0  | out |    6|  ap_memory | vmStubsPH1Z1_2_data |     array    |
|vmStubsPH1Z1_2_data_ce0       | out |    1|  ap_memory | vmStubsPH1Z1_2_data |     array    |
|vmStubsPH1Z1_2_data_we0       | out |    1|  ap_memory | vmStubsPH1Z1_2_data |     array    |
|vmStubsPH1Z1_2_data_d0        | out |   18|  ap_memory | vmStubsPH1Z1_2_data |     array    |
|vmStubsPH1Z1_3_data_address0  | out |    6|  ap_memory | vmStubsPH1Z1_3_data |     array    |
|vmStubsPH1Z1_3_data_ce0       | out |    1|  ap_memory | vmStubsPH1Z1_3_data |     array    |
|vmStubsPH1Z1_3_data_we0       | out |    1|  ap_memory | vmStubsPH1Z1_3_data |     array    |
|vmStubsPH1Z1_3_data_d0        | out |   18|  ap_memory | vmStubsPH1Z1_3_data |     array    |
|vmStubsPH1Z1_4_data_address0  | out |    6|  ap_memory | vmStubsPH1Z1_4_data |     array    |
|vmStubsPH1Z1_4_data_ce0       | out |    1|  ap_memory | vmStubsPH1Z1_4_data |     array    |
|vmStubsPH1Z1_4_data_we0       | out |    1|  ap_memory | vmStubsPH1Z1_4_data |     array    |
|vmStubsPH1Z1_4_data_d0        | out |   18|  ap_memory | vmStubsPH1Z1_4_data |     array    |
|tmp_12                        |  in |   10|   ap_none  |        tmp_12       |    scalar    |
|vmStubsPH2Z1_0_data_address0  | out |    6|  ap_memory | vmStubsPH2Z1_0_data |     array    |
|vmStubsPH2Z1_0_data_ce0       | out |    1|  ap_memory | vmStubsPH2Z1_0_data |     array    |
|vmStubsPH2Z1_0_data_we0       | out |    1|  ap_memory | vmStubsPH2Z1_0_data |     array    |
|vmStubsPH2Z1_0_data_d0        | out |   18|  ap_memory | vmStubsPH2Z1_0_data |     array    |
|vmStubsPH2Z1_1_data_address0  | out |    6|  ap_memory | vmStubsPH2Z1_1_data |     array    |
|vmStubsPH2Z1_1_data_ce0       | out |    1|  ap_memory | vmStubsPH2Z1_1_data |     array    |
|vmStubsPH2Z1_1_data_we0       | out |    1|  ap_memory | vmStubsPH2Z1_1_data |     array    |
|vmStubsPH2Z1_1_data_d0        | out |   18|  ap_memory | vmStubsPH2Z1_1_data |     array    |
|vmStubsPH2Z1_2_data_address0  | out |    6|  ap_memory | vmStubsPH2Z1_2_data |     array    |
|vmStubsPH2Z1_2_data_ce0       | out |    1|  ap_memory | vmStubsPH2Z1_2_data |     array    |
|vmStubsPH2Z1_2_data_we0       | out |    1|  ap_memory | vmStubsPH2Z1_2_data |     array    |
|vmStubsPH2Z1_2_data_d0        | out |   18|  ap_memory | vmStubsPH2Z1_2_data |     array    |
|vmStubsPH2Z1_3_data_address0  | out |    6|  ap_memory | vmStubsPH2Z1_3_data |     array    |
|vmStubsPH2Z1_3_data_ce0       | out |    1|  ap_memory | vmStubsPH2Z1_3_data |     array    |
|vmStubsPH2Z1_3_data_we0       | out |    1|  ap_memory | vmStubsPH2Z1_3_data |     array    |
|vmStubsPH2Z1_3_data_d0        | out |   18|  ap_memory | vmStubsPH2Z1_3_data |     array    |
|vmStubsPH2Z1_4_data_address0  | out |    6|  ap_memory | vmStubsPH2Z1_4_data |     array    |
|vmStubsPH2Z1_4_data_ce0       | out |    1|  ap_memory | vmStubsPH2Z1_4_data |     array    |
|vmStubsPH2Z1_4_data_we0       | out |    1|  ap_memory | vmStubsPH2Z1_4_data |     array    |
|vmStubsPH2Z1_4_data_d0        | out |   18|  ap_memory | vmStubsPH2Z1_4_data |     array    |
|tmp_13                        |  in |   10|   ap_none  |        tmp_13       |    scalar    |
|vmStubsPH3Z1_0_data_address0  | out |    6|  ap_memory | vmStubsPH3Z1_0_data |     array    |
|vmStubsPH3Z1_0_data_ce0       | out |    1|  ap_memory | vmStubsPH3Z1_0_data |     array    |
|vmStubsPH3Z1_0_data_we0       | out |    1|  ap_memory | vmStubsPH3Z1_0_data |     array    |
|vmStubsPH3Z1_0_data_d0        | out |   18|  ap_memory | vmStubsPH3Z1_0_data |     array    |
|vmStubsPH3Z1_1_data_address0  | out |    6|  ap_memory | vmStubsPH3Z1_1_data |     array    |
|vmStubsPH3Z1_1_data_ce0       | out |    1|  ap_memory | vmStubsPH3Z1_1_data |     array    |
|vmStubsPH3Z1_1_data_we0       | out |    1|  ap_memory | vmStubsPH3Z1_1_data |     array    |
|vmStubsPH3Z1_1_data_d0        | out |   18|  ap_memory | vmStubsPH3Z1_1_data |     array    |
|vmStubsPH3Z1_2_data_address0  | out |    6|  ap_memory | vmStubsPH3Z1_2_data |     array    |
|vmStubsPH3Z1_2_data_ce0       | out |    1|  ap_memory | vmStubsPH3Z1_2_data |     array    |
|vmStubsPH3Z1_2_data_we0       | out |    1|  ap_memory | vmStubsPH3Z1_2_data |     array    |
|vmStubsPH3Z1_2_data_d0        | out |   18|  ap_memory | vmStubsPH3Z1_2_data |     array    |
|vmStubsPH3Z1_3_data_address0  | out |    6|  ap_memory | vmStubsPH3Z1_3_data |     array    |
|vmStubsPH3Z1_3_data_ce0       | out |    1|  ap_memory | vmStubsPH3Z1_3_data |     array    |
|vmStubsPH3Z1_3_data_we0       | out |    1|  ap_memory | vmStubsPH3Z1_3_data |     array    |
|vmStubsPH3Z1_3_data_d0        | out |   18|  ap_memory | vmStubsPH3Z1_3_data |     array    |
|vmStubsPH3Z1_4_data_address0  | out |    6|  ap_memory | vmStubsPH3Z1_4_data |     array    |
|vmStubsPH3Z1_4_data_ce0       | out |    1|  ap_memory | vmStubsPH3Z1_4_data |     array    |
|vmStubsPH3Z1_4_data_we0       | out |    1|  ap_memory | vmStubsPH3Z1_4_data |     array    |
|vmStubsPH3Z1_4_data_d0        | out |   18|  ap_memory | vmStubsPH3Z1_4_data |     array    |
|tmp_14                        |  in |   10|   ap_none  |        tmp_14       |    scalar    |
|vmStubsPH4Z1_0_data_address0  | out |    6|  ap_memory | vmStubsPH4Z1_0_data |     array    |
|vmStubsPH4Z1_0_data_ce0       | out |    1|  ap_memory | vmStubsPH4Z1_0_data |     array    |
|vmStubsPH4Z1_0_data_we0       | out |    1|  ap_memory | vmStubsPH4Z1_0_data |     array    |
|vmStubsPH4Z1_0_data_d0        | out |   18|  ap_memory | vmStubsPH4Z1_0_data |     array    |
|vmStubsPH4Z1_1_data_address0  | out |    6|  ap_memory | vmStubsPH4Z1_1_data |     array    |
|vmStubsPH4Z1_1_data_ce0       | out |    1|  ap_memory | vmStubsPH4Z1_1_data |     array    |
|vmStubsPH4Z1_1_data_we0       | out |    1|  ap_memory | vmStubsPH4Z1_1_data |     array    |
|vmStubsPH4Z1_1_data_d0        | out |   18|  ap_memory | vmStubsPH4Z1_1_data |     array    |
|vmStubsPH4Z1_2_data_address0  | out |    6|  ap_memory | vmStubsPH4Z1_2_data |     array    |
|vmStubsPH4Z1_2_data_ce0       | out |    1|  ap_memory | vmStubsPH4Z1_2_data |     array    |
|vmStubsPH4Z1_2_data_we0       | out |    1|  ap_memory | vmStubsPH4Z1_2_data |     array    |
|vmStubsPH4Z1_2_data_d0        | out |   18|  ap_memory | vmStubsPH4Z1_2_data |     array    |
|vmStubsPH4Z1_3_data_address0  | out |    6|  ap_memory | vmStubsPH4Z1_3_data |     array    |
|vmStubsPH4Z1_3_data_ce0       | out |    1|  ap_memory | vmStubsPH4Z1_3_data |     array    |
|vmStubsPH4Z1_3_data_we0       | out |    1|  ap_memory | vmStubsPH4Z1_3_data |     array    |
|vmStubsPH4Z1_3_data_d0        | out |   18|  ap_memory | vmStubsPH4Z1_3_data |     array    |
|vmStubsPH4Z1_4_data_address0  | out |    6|  ap_memory | vmStubsPH4Z1_4_data |     array    |
|vmStubsPH4Z1_4_data_ce0       | out |    1|  ap_memory | vmStubsPH4Z1_4_data |     array    |
|vmStubsPH4Z1_4_data_we0       | out |    1|  ap_memory | vmStubsPH4Z1_4_data |     array    |
|vmStubsPH4Z1_4_data_d0        | out |   18|  ap_memory | vmStubsPH4Z1_4_data |     array    |
|tmp_15                        |  in |   10|   ap_none  |        tmp_15       |    scalar    |
|vmStubsPH1Z2_0_data_address0  | out |    6|  ap_memory | vmStubsPH1Z2_0_data |     array    |
|vmStubsPH1Z2_0_data_ce0       | out |    1|  ap_memory | vmStubsPH1Z2_0_data |     array    |
|vmStubsPH1Z2_0_data_we0       | out |    1|  ap_memory | vmStubsPH1Z2_0_data |     array    |
|vmStubsPH1Z2_0_data_d0        | out |   18|  ap_memory | vmStubsPH1Z2_0_data |     array    |
|vmStubsPH1Z2_1_data_address0  | out |    6|  ap_memory | vmStubsPH1Z2_1_data |     array    |
|vmStubsPH1Z2_1_data_ce0       | out |    1|  ap_memory | vmStubsPH1Z2_1_data |     array    |
|vmStubsPH1Z2_1_data_we0       | out |    1|  ap_memory | vmStubsPH1Z2_1_data |     array    |
|vmStubsPH1Z2_1_data_d0        | out |   18|  ap_memory | vmStubsPH1Z2_1_data |     array    |
|vmStubsPH1Z2_2_data_address0  | out |    6|  ap_memory | vmStubsPH1Z2_2_data |     array    |
|vmStubsPH1Z2_2_data_ce0       | out |    1|  ap_memory | vmStubsPH1Z2_2_data |     array    |
|vmStubsPH1Z2_2_data_we0       | out |    1|  ap_memory | vmStubsPH1Z2_2_data |     array    |
|vmStubsPH1Z2_2_data_d0        | out |   18|  ap_memory | vmStubsPH1Z2_2_data |     array    |
|vmStubsPH1Z2_3_data_address0  | out |    6|  ap_memory | vmStubsPH1Z2_3_data |     array    |
|vmStubsPH1Z2_3_data_ce0       | out |    1|  ap_memory | vmStubsPH1Z2_3_data |     array    |
|vmStubsPH1Z2_3_data_we0       | out |    1|  ap_memory | vmStubsPH1Z2_3_data |     array    |
|vmStubsPH1Z2_3_data_d0        | out |   18|  ap_memory | vmStubsPH1Z2_3_data |     array    |
|vmStubsPH1Z2_4_data_address0  | out |    6|  ap_memory | vmStubsPH1Z2_4_data |     array    |
|vmStubsPH1Z2_4_data_ce0       | out |    1|  ap_memory | vmStubsPH1Z2_4_data |     array    |
|vmStubsPH1Z2_4_data_we0       | out |    1|  ap_memory | vmStubsPH1Z2_4_data |     array    |
|vmStubsPH1Z2_4_data_d0        | out |   18|  ap_memory | vmStubsPH1Z2_4_data |     array    |
|tmp_16                        |  in |   10|   ap_none  |        tmp_16       |    scalar    |
|vmStubsPH2Z2_0_data_address0  | out |    6|  ap_memory | vmStubsPH2Z2_0_data |     array    |
|vmStubsPH2Z2_0_data_ce0       | out |    1|  ap_memory | vmStubsPH2Z2_0_data |     array    |
|vmStubsPH2Z2_0_data_we0       | out |    1|  ap_memory | vmStubsPH2Z2_0_data |     array    |
|vmStubsPH2Z2_0_data_d0        | out |   18|  ap_memory | vmStubsPH2Z2_0_data |     array    |
|vmStubsPH2Z2_1_data_address0  | out |    6|  ap_memory | vmStubsPH2Z2_1_data |     array    |
|vmStubsPH2Z2_1_data_ce0       | out |    1|  ap_memory | vmStubsPH2Z2_1_data |     array    |
|vmStubsPH2Z2_1_data_we0       | out |    1|  ap_memory | vmStubsPH2Z2_1_data |     array    |
|vmStubsPH2Z2_1_data_d0        | out |   18|  ap_memory | vmStubsPH2Z2_1_data |     array    |
|vmStubsPH2Z2_2_data_address0  | out |    6|  ap_memory | vmStubsPH2Z2_2_data |     array    |
|vmStubsPH2Z2_2_data_ce0       | out |    1|  ap_memory | vmStubsPH2Z2_2_data |     array    |
|vmStubsPH2Z2_2_data_we0       | out |    1|  ap_memory | vmStubsPH2Z2_2_data |     array    |
|vmStubsPH2Z2_2_data_d0        | out |   18|  ap_memory | vmStubsPH2Z2_2_data |     array    |
|vmStubsPH2Z2_3_data_address0  | out |    6|  ap_memory | vmStubsPH2Z2_3_data |     array    |
|vmStubsPH2Z2_3_data_ce0       | out |    1|  ap_memory | vmStubsPH2Z2_3_data |     array    |
|vmStubsPH2Z2_3_data_we0       | out |    1|  ap_memory | vmStubsPH2Z2_3_data |     array    |
|vmStubsPH2Z2_3_data_d0        | out |   18|  ap_memory | vmStubsPH2Z2_3_data |     array    |
|vmStubsPH2Z2_4_data_address0  | out |    6|  ap_memory | vmStubsPH2Z2_4_data |     array    |
|vmStubsPH2Z2_4_data_ce0       | out |    1|  ap_memory | vmStubsPH2Z2_4_data |     array    |
|vmStubsPH2Z2_4_data_we0       | out |    1|  ap_memory | vmStubsPH2Z2_4_data |     array    |
|vmStubsPH2Z2_4_data_d0        | out |   18|  ap_memory | vmStubsPH2Z2_4_data |     array    |
|tmp_17                        |  in |   10|   ap_none  |        tmp_17       |    scalar    |
|vmStubsPH3Z2_0_data_address0  | out |    6|  ap_memory | vmStubsPH3Z2_0_data |     array    |
|vmStubsPH3Z2_0_data_ce0       | out |    1|  ap_memory | vmStubsPH3Z2_0_data |     array    |
|vmStubsPH3Z2_0_data_we0       | out |    1|  ap_memory | vmStubsPH3Z2_0_data |     array    |
|vmStubsPH3Z2_0_data_d0        | out |   18|  ap_memory | vmStubsPH3Z2_0_data |     array    |
|vmStubsPH3Z2_1_data_address0  | out |    6|  ap_memory | vmStubsPH3Z2_1_data |     array    |
|vmStubsPH3Z2_1_data_ce0       | out |    1|  ap_memory | vmStubsPH3Z2_1_data |     array    |
|vmStubsPH3Z2_1_data_we0       | out |    1|  ap_memory | vmStubsPH3Z2_1_data |     array    |
|vmStubsPH3Z2_1_data_d0        | out |   18|  ap_memory | vmStubsPH3Z2_1_data |     array    |
|vmStubsPH3Z2_2_data_address0  | out |    6|  ap_memory | vmStubsPH3Z2_2_data |     array    |
|vmStubsPH3Z2_2_data_ce0       | out |    1|  ap_memory | vmStubsPH3Z2_2_data |     array    |
|vmStubsPH3Z2_2_data_we0       | out |    1|  ap_memory | vmStubsPH3Z2_2_data |     array    |
|vmStubsPH3Z2_2_data_d0        | out |   18|  ap_memory | vmStubsPH3Z2_2_data |     array    |
|vmStubsPH3Z2_3_data_address0  | out |    6|  ap_memory | vmStubsPH3Z2_3_data |     array    |
|vmStubsPH3Z2_3_data_ce0       | out |    1|  ap_memory | vmStubsPH3Z2_3_data |     array    |
|vmStubsPH3Z2_3_data_we0       | out |    1|  ap_memory | vmStubsPH3Z2_3_data |     array    |
|vmStubsPH3Z2_3_data_d0        | out |   18|  ap_memory | vmStubsPH3Z2_3_data |     array    |
|vmStubsPH3Z2_4_data_address0  | out |    6|  ap_memory | vmStubsPH3Z2_4_data |     array    |
|vmStubsPH3Z2_4_data_ce0       | out |    1|  ap_memory | vmStubsPH3Z2_4_data |     array    |
|vmStubsPH3Z2_4_data_we0       | out |    1|  ap_memory | vmStubsPH3Z2_4_data |     array    |
|vmStubsPH3Z2_4_data_d0        | out |   18|  ap_memory | vmStubsPH3Z2_4_data |     array    |
|tmp_18                        |  in |   10|   ap_none  |        tmp_18       |    scalar    |
|vmStubsPH4Z2_0_data_address0  | out |    6|  ap_memory | vmStubsPH4Z2_0_data |     array    |
|vmStubsPH4Z2_0_data_ce0       | out |    1|  ap_memory | vmStubsPH4Z2_0_data |     array    |
|vmStubsPH4Z2_0_data_we0       | out |    1|  ap_memory | vmStubsPH4Z2_0_data |     array    |
|vmStubsPH4Z2_0_data_d0        | out |   18|  ap_memory | vmStubsPH4Z2_0_data |     array    |
|vmStubsPH4Z2_1_data_address0  | out |    6|  ap_memory | vmStubsPH4Z2_1_data |     array    |
|vmStubsPH4Z2_1_data_ce0       | out |    1|  ap_memory | vmStubsPH4Z2_1_data |     array    |
|vmStubsPH4Z2_1_data_we0       | out |    1|  ap_memory | vmStubsPH4Z2_1_data |     array    |
|vmStubsPH4Z2_1_data_d0        | out |   18|  ap_memory | vmStubsPH4Z2_1_data |     array    |
|vmStubsPH4Z2_2_data_address0  | out |    6|  ap_memory | vmStubsPH4Z2_2_data |     array    |
|vmStubsPH4Z2_2_data_ce0       | out |    1|  ap_memory | vmStubsPH4Z2_2_data |     array    |
|vmStubsPH4Z2_2_data_we0       | out |    1|  ap_memory | vmStubsPH4Z2_2_data |     array    |
|vmStubsPH4Z2_2_data_d0        | out |   18|  ap_memory | vmStubsPH4Z2_2_data |     array    |
|vmStubsPH4Z2_3_data_address0  | out |    6|  ap_memory | vmStubsPH4Z2_3_data |     array    |
|vmStubsPH4Z2_3_data_ce0       | out |    1|  ap_memory | vmStubsPH4Z2_3_data |     array    |
|vmStubsPH4Z2_3_data_we0       | out |    1|  ap_memory | vmStubsPH4Z2_3_data |     array    |
|vmStubsPH4Z2_3_data_d0        | out |   18|  ap_memory | vmStubsPH4Z2_3_data |     array    |
|vmStubsPH4Z2_4_data_address0  | out |    6|  ap_memory | vmStubsPH4Z2_4_data |     array    |
|vmStubsPH4Z2_4_data_ce0       | out |    1|  ap_memory | vmStubsPH4Z2_4_data |     array    |
|vmStubsPH4Z2_4_data_we0       | out |    1|  ap_memory | vmStubsPH4Z2_4_data |     array    |
|vmStubsPH4Z2_4_data_d0        | out |   18|  ap_memory | vmStubsPH4Z2_4_data |     array    |
|tmp_19                        |  in |   10|   ap_none  |        tmp_19       |    scalar    |
|nStubs                        |  in |   32|   ap_none  |        nStubs       |    scalar    |
|nPH1Z1_V_read                 |  in |    6|   ap_none  |    nPH1Z1_V_read    |    scalar    |
|nPH2Z1_V_read                 |  in |    6|   ap_none  |    nPH2Z1_V_read    |    scalar    |
|nPH3Z1_V_read                 |  in |    6|   ap_none  |    nPH3Z1_V_read    |    scalar    |
|nPH4Z1_V_read                 |  in |    6|   ap_none  |    nPH4Z1_V_read    |    scalar    |
|nPH1Z2_V_read                 |  in |    6|   ap_none  |    nPH1Z2_V_read    |    scalar    |
|nPH2Z2_V_read                 |  in |    6|   ap_none  |    nPH2Z2_V_read    |    scalar    |
|nPH3Z2_V_read                 |  in |    6|   ap_none  |    nPH3Z2_V_read    |    scalar    |
|nPH4Z2_V_read                 |  in |    6|   ap_none  |    nPH4Z2_V_read    |    scalar    |
+------------------------------+-----+-----+------------+---------------------+--------------+

